Log file open, 01/11/23 10:28:25
LogWindows: Failed to load 'aqProf.dll' (GetLastError=126)
LogWindows: File 'aqProf.dll' does not exist
LogWindows: Failed to load 'VSPerf140.dll' (GetLastError=126)
LogWindows: File 'VSPerf140.dll' does not exist
LogWindows: Failed to load 'VtuneApi.dll' (GetLastError=126)
LogWindows: File 'VtuneApi.dll' does not exist
LogWindows: Failed to load 'VtuneApi32e.dll' (GetLastError=126)
LogWindows: File 'VtuneApi32e.dll' does not exist
LogInit: Display: Running engine for game: MyProject2
LogPlatformFile: Not using cached read wrapper
LogInit: Display: RandInit(229132106) SRandInit(229132106).
LogTaskGraph: Started task graph with 5 named threads and 20 total threads with 3 sets of task threads.
LogStats: Stats thread started at 0.567419
LogD3D11RHI: Aftermath initialized
LogPluginManager: Mounting plugin Paper2D
LogPluginManager: Mounting plugin LightPropagationVolume
LogPluginManager: Mounting plugin CodeLiteSourceCodeAccess
LogPluginManager: Mounting plugin GitSourceControl
LogPluginManager: Mounting plugin KDevelopSourceCodeAccess
LogPluginManager: Mounting plugin NullSourceCodeAccess
LogPluginManager: Mounting plugin PerforceSourceControl
LogPluginManager: Mounting plugin SubversionSourceControl
LogPluginManager: Mounting plugin UObjectPlugin
LogPluginManager: Mounting plugin VisualStudioSourceCodeAccess
LogPluginManager: Mounting plugin XCodeSourceCodeAccess
LogPluginManager: Mounting plugin AssetManagerEditor
LogPluginManager: Mounting plugin AudioCapture
LogPluginManager: Mounting plugin FacialAnimation
LogPluginManager: Mounting plugin GameplayTagsEditor
LogPluginManager: Mounting plugin MobileLauncherProfileWizard
LogPluginManager: Mounting plugin PluginBrowser
LogPluginManager: Mounting plugin SpeedTreeImporter
LogPluginManager: Mounting plugin AlembicImporter
LogPluginManager: Mounting plugin CharacterAI
LogPluginManager: Mounting plugin HTML5Networking
LogPluginManager: Mounting plugin AndroidMedia
LogPluginManager: Mounting plugin AvfMedia
LogPluginManager: Mounting plugin MediaPlayerEditor
LogPluginManager: Mounting plugin WmfMedia
LogPluginManager: Mounting plugin TcpMessaging
LogPluginManager: Mounting plugin UdpMessaging
LogPluginManager: Mounting plugin LevelSequenceEditor
LogPluginManager: Mounting plugin MatineeToLevelSequence
LogPluginManager: Mounting plugin OnlineSubsystemGooglePlay
LogPluginManager: Mounting plugin OnlineSubsystemIOS
LogPluginManager: Mounting plugin OnlineSubsystem
LogPluginManager: Mounting plugin OnlineSubsystemNull
LogPluginManager: Mounting plugin OnlineSubsystemUtils
LogPluginManager: Mounting plugin AndroidDeviceProfileSelector
LogPluginManager: Mounting plugin AndroidMoviePlayer
LogPluginManager: Mounting plugin AndroidPermission
LogPluginManager: Mounting plugin AppleMoviePlayer
LogPluginManager: Mounting plugin ArchVisCharacter
LogPluginManager: Mounting plugin CableComponent
LogPluginManager: Mounting plugin CustomMeshComponent
LogPluginManager: Mounting plugin ExampleDeviceProfileSelector
LogPluginManager: Mounting plugin GoogleCloudMessaging
LogPluginManager: Mounting plugin ImmediatePhysics
LogPluginManager: Mounting plugin IOSDeviceProfileSelector
LogPluginManager: Mounting plugin LinuxDeviceProfileSelector
LogPluginManager: Mounting plugin LocationServicesBPLibrary
LogPluginManager: Mounting plugin MobilePatchingUtils
LogPluginManager: Mounting plugin OculusVR
LogPluginManager: Mounting plugin PhysXVehicles
LogPluginManager: Mounting plugin ProceduralMeshComponent
LogPluginManager: Mounting plugin RuntimePhysXCooking
LogPluginManager: Mounting plugin SteamVR
LogPluginManager: Mounting plugin WindowsMoviePlayer
LogInit: Using libcurl 7.47.1
LogInit:  - built for x86_64-pc-win32
LogInit:  - supports SSL with OpenSSL/1.0.2g
LogInit:  - supports HTTP deflate (compression) using libz 1.2.8
LogInit:  - other features:
LogInit:      CURL_VERSION_SSL
LogInit:      CURL_VERSION_LIBZ
LogInit:      CURL_VERSION_IPV6
LogInit:      CURL_VERSION_ASYNCHDNS
LogInit:      CURL_VERSION_LARGEFILE
LogInit:      CURL_VERSION_IDN
LogInit:  CurlRequestOptions (configurable via config and command line):
LogInit:  - bVerifyPeer = false  - Libcurl will NOT verify peer certificate
LogInit:  - bUseHttpProxy = false  - Libcurl will NOT use HTTP proxy
LogInit:  - bDontReuseConnections = false  - Libcurl will reuse connections
LogInit:  - CertBundlePath = nullptr  - Libcurl will use whatever was configured at build time.
LogInit: Build: ++UE4+Release-4.17-CL-3658906
LogInit: Engine Version: 4.17.2-3658906+++UE4+Release-4.17
LogInit: Compatible Engine Version: 4.17.0-3573198+++UE4+Release-4.17
LogInit: Net CL: 3573198
LogDevObjectVersion: Number of dev versions registered: 16
LogDevObjectVersion:   Dev-Blueprints (B0D832E4-1F89-4F0D-ACCF-7EB736FD4AA2): 10
LogDevObjectVersion:   Dev-Build (E1C64328-A22C-4D53-A36C-8E866417BD8C): 0
LogDevObjectVersion:   Dev-Core (375EC13C-06E4-48FB-B500-84F0262A717E): 2
LogDevObjectVersion:   Dev-Editor (E4B068ED-F494-42E9-A231-DA0B2E46BB41): 20
LogDevObjectVersion:   Dev-Framework (CFFC743F-43B0-4480-9391-14DF171D2073): 28
LogDevObjectVersion:   Dev-Mobile (B02B49B5-BB20-44E9-A304-32B752E40360): 0
LogDevObjectVersion:   Dev-Networking (A4E4105C-59A1-49B5-A7C5-40C4547EDFEE): 0
LogDevObjectVersion:   Dev-Online (39C831C9-5AE6-47DC-9A44-9C173E1C8E7C): 0
LogDevObjectVersion:   Dev-Physics (78F01B33-EBEA-4F98-B9B4-84EACCB95AA2): 0
LogDevObjectVersion:   Dev-Platform (6631380F-2D4D-43E0-8009-CF276956A95A): 0
LogDevObjectVersion:   Dev-Rendering (12F88B9F-8875-4AFC-A67C-D90C383ABD29): 19
LogDevObjectVersion:   Dev-Sequencer (7B5AE74C-D270-4C10-A958-57980B212A5A): 4
LogDevObjectVersion:   Dev-VR (D7296918-1DD6-4BDD-9DE2-64A83CC13884): 0
LogDevObjectVersion:   Dev-LoadTimes (C2A15278-BFE7-4AFE-6C17-90FF531DF755): 1
LogDevObjectVersion:   Private-Geometry (6EACA3D4-40EC-4CC1-B786-8BED09428FC5): 1
LogDevObjectVersion:   Dev-AnimPhys (29E575DD-E0A3-4627-9D10-D276232CDCEA): 7
LogInit: Compiled (64-bit): Sep 22 2017 13:47:16
LogInit: Compiled with Visual C++: 19.00.24215.01
LogInit: Build Configuration: Development
LogInit: Branch Name: ++UE4+Release-4.17
LogInit: Command line:  
LogInit: Base directory: D:/school/Unreal/UE_4.17/Engine/Binaries/Win64/
LogInit: Installed Engine Build: 1
LogInit: Presizing for max 8388607 objects, including 0 objects not considered by GC, pre-allocating 0 bytes for permanent pool.
LogInit: Object subsystem initialized
[2023.01.11-01.28.26:460][  0]LogInit: Selected Device Profile: [Windows]
[2023.01.11-01.28.26:460][  0]LogInit: Applying CVar settings loaded from the selected device profile: [Windows]
[2023.01.11-01.28.26:471][  0]LogInit: Computer: KBC12006040
[2023.01.11-01.28.26:471][  0]LogInit: User: kbc12006040
[2023.01.11-01.28.26:471][  0]LogInit: CPU Page size=4096, Cores=6
[2023.01.11-01.28.26:471][  0]LogInit: High frequency timer resolution =10.000000 MHz
[2023.01.11-01.28.26:472][  0]LogMemory: Memory total: Physical=15.8GB (16GB approx)
[2023.01.11-01.28.26:472][  0]LogMemory: Platform Memory Stats for Windows
[2023.01.11-01.28.26:472][  0]LogMemory: Process Physical Memory: 280.77 MB used, 280.77 MB peak
[2023.01.11-01.28.26:472][  0]LogMemory: Process Virtual Memory: 282.78 MB used, 282.78 MB peak
[2023.01.11-01.28.26:472][  0]LogMemory: Physical Memory: 9574.09 MB used,  6655.82 MB free, 16229.91 MB total
[2023.01.11-01.28.26:472][  0]LogMemory: Virtual Memory: 4801.86 MB used,  6655.82 MB free, 134217728.00 MB total
[2023.01.11-01.28.27:314][  0]LogInit: Using OS detected language (ja-JP).
[2023.01.11-01.28.27:314][  0]LogInit: Using OS detected locale (ja-JP).
[2023.01.11-01.28.27:912][  0]LogTextLocalizationManager: No specific localization for 'ja-JP' exists, so the 'ja' localization will be used.
[2023.01.11-01.28.31:366][  0]LogD3D11RHI: D3D11 adapters:
[2023.01.11-01.28.32:362][  0]LogD3D11RHI:    0. 'NVIDIA GeForce GTX 1650 with Max-Q Design' (Feature Level 11_0)
[2023.01.11-01.28.32:362][  0]LogD3D11RHI:       3949/0/8114 MB DedicatedVideo/DedicatedSystem/SharedSystem, Outputs:1, VendorId:0x10de
[2023.01.11-01.28.32:412][  0]LogD3D11RHI:    1. 'Intel(R) UHD Graphics 630' (Feature Level 11_0)
[2023.01.11-01.28.32:412][  0]LogD3D11RHI:       128/0/8114 MB DedicatedVideo/DedicatedSystem/SharedSystem, Outputs:0, VendorId:0x8086
[2023.01.11-01.28.32:414][  0]LogD3D11RHI:    2. 'Microsoft Basic Render Driver' (Feature Level 11_0)
[2023.01.11-01.28.32:414][  0]LogD3D11RHI:       0/0/8114 MB DedicatedVideo/DedicatedSystem/SharedSystem, Outputs:0, VendorId:0x1414
[2023.01.11-01.28.32:414][  0]LogD3D11RHI: Chosen D3D11 Adapter: 0
[2023.01.11-01.28.32:421][  0]LogD3D11RHI: Creating new Direct3DDevice
[2023.01.11-01.28.32:422][  0]LogD3D11RHI:     GPU DeviceId: 0x1f91 (for the marketing name, search the web for "GPU Device Id")
[2023.01.11-01.28.32:422][  0]LogWindows: EnumDisplayDevices:
[2023.01.11-01.28.32:422][  0]LogWindows:    0. 'Intel(R) UHD Graphics 630' (P:1 D:1)
[2023.01.11-01.28.32:422][  0]LogWindows:    1. 'Intel(R) UHD Graphics 630' (P:0 D:0)
[2023.01.11-01.28.32:422][  0]LogWindows:    2. 'Intel(R) UHD Graphics 630' (P:0 D:0)
[2023.01.11-01.28.32:422][  0]LogWindows: DebugString: GetVideoDriverDetailsInvalid PrimaryIsNotTheChoosenAdapter GetVideoDriverDetailsInvalid PrimaryIsNotTheChoosenAdapter GetVideoDriverDetailsInvalid PrimaryIsNotTheChoosenAdapter FoundDriverCount:0 
[2023.01.11-01.28.32:422][  0]LogD3D11RHI:     Adapter Name: NVIDIA GeForce GTX 1650 with Max-Q Design
[2023.01.11-01.28.32:422][  0]LogD3D11RHI:   Driver Version: Unknown (internal:Unknown, unified:Unknown)
[2023.01.11-01.28.32:422][  0]LogD3D11RHI:      Driver Date: Unknown
[2023.01.11-01.28.32:422][  0]LogRHI: Texture pool is 1361 MB (70% of 1945 MB)
[2023.01.11-01.28.32:490][  0]LogD3D11RHI: Async texture creation enabled
[2023.01.11-01.28.32:504][  0]LogD3D11RHI: GPU Timing Frequency: 1000.000000 (Debug: 2 1)
[2023.01.11-01.28.32:505][  0]LogShaderCompilers: Guid format shader working directory is 18 characters bigger than the processId version (../../../../Team_Unreal/MyProject2/Intermediate/Shaders/WorkingDirectory/6832/).
[2023.01.11-01.28.32:505][  0]LogShaderCompilers: Cleaned the shader compiler working directory 'C:/Users/kbc12006040/AppData/Local/Temp/UnrealShaderWorkingDir/D568B94442A76791F61F2D8AA75B15ED/'.
[2023.01.11-01.28.32:505][  0]LogShaderCompilers: Display: Using Local Shader Compiler.
[2023.01.11-01.28.35:146][  0]LogTemp: Display: Loaded TP AllDesktopTargetPlatform
[2023.01.11-01.28.35:192][  0]LogTemp: Display: Loaded TP MacClientTargetPlatform
[2023.01.11-01.28.35:238][  0]LogTemp: Display: Loaded TP MacNoEditorTargetPlatform
[2023.01.11-01.28.35:285][  0]LogTemp: Display: Loaded TP MacServerTargetPlatform
[2023.01.11-01.28.35:433][  0]LogTemp: Display: Loaded TP MacTargetPlatform
[2023.01.11-01.28.35:487][  0]LogTemp: Display: Loaded TP WindowsClientTargetPlatform
[2023.01.11-01.28.35:533][  0]LogTemp: Display: Loaded TP WindowsNoEditorTargetPlatform
[2023.01.11-01.28.35:579][  0]LogTemp: Display: Loaded TP WindowsServerTargetPlatform
[2023.01.11-01.28.35:618][  0]LogTemp: Display: Loaded TP WindowsTargetPlatform
[2023.01.11-01.28.35:690][  0]LogTemp: Display: Loaded TP AndroidTargetPlatform
[2023.01.11-01.28.35:743][  0]LogTemp: Display: Loaded TP Android_ASTCTargetPlatform
[2023.01.11-01.28.35:791][  0]LogTemp: Display: Loaded TP Android_ATCTargetPlatform
[2023.01.11-01.28.35:839][  0]LogTemp: Display: Loaded TP Android_DXTTargetPlatform
[2023.01.11-01.28.35:884][  0]LogTemp: Display: Loaded TP Android_ETC1TargetPlatform
[2023.01.11-01.28.35:930][  0]LogTemp: Display: Loaded TP Android_ETC2TargetPlatform
[2023.01.11-01.28.36:023][  0]LogTemp: Display: Loaded TP Android_MultiTargetPlatform
[2023.01.11-01.28.36:023][  0]LogTemp: Display: Loaded TP Android_PVRTCTargetPlatform
[2023.01.11-01.28.36:060][  0]LogTemp: Display: Loaded TP HTML5TargetPlatform
[2023.01.11-01.28.36:165][  0]LogTemp: Display: Loaded TP IOSTargetPlatform
[2023.01.11-01.28.36:189][  0]LogTemp: Display: Loaded TP TVOSTargetPlatform
[2023.01.11-01.28.36:233][  0]LogTemp: Display: Loaded TP LinuxClientTargetPlatform
[2023.01.11-01.28.36:278][  0]LogTemp: Display: Loaded TP LinuxNoEditorTargetPlatform
[2023.01.11-01.28.36:323][  0]LogTemp: Display: Loaded TP LinuxServerTargetPlatform
[2023.01.11-01.28.36:402][  0]LogTemp: Display: Loaded TP LinuxTargetPlatform
[2023.01.11-01.28.36:402][  0]LogTargetPlatformManager: Display: Building Assets For Windows
[2023.01.11-01.28.37:924][  0]LogDerivedDataCache: Display: Max Cache Size: 512 MB
[2023.01.11-01.28.38:097][  0]LogDerivedDataCache: Loaded boot cache 0.17s 93MB C:/Users/kbc12006040/AppData/Local/UnrealEngine/4.17/DerivedDataCache/Boot.ddc.
[2023.01.11-01.28.38:098][  0]LogDerivedDataCache: Display: Loaded Boot cache: C:/Users/kbc12006040/AppData/Local/UnrealEngine/4.17/DerivedDataCache/Boot.ddc
[2023.01.11-01.28.38:098][  0]LogDerivedDataCache: FDerivedDataBackendGraph:  Pak pak cache file ../../../../Team_Unreal/MyProject2/DerivedDataCache/DDC.ddp not found, will not use a pak cache.
[2023.01.11-01.28.38:098][  0]LogDerivedDataCache: Unable to find inner node Pak for hierarchical cache Hierarchy.
[2023.01.11-01.28.38:098][  0]LogDerivedDataCache: FDerivedDataBackendGraph:  CompressedPak pak cache file ../../../../Team_Unreal/MyProject2/DerivedDataCache/Compressed.ddp not found, will not use a pak cache.
[2023.01.11-01.28.38:098][  0]LogDerivedDataCache: Unable to find inner node CompressedPak for hierarchical cache Hierarchy.
[2023.01.11-01.28.38:499][  0]LogDerivedDataCache: Display: Pak cache opened for reading ../../../Engine/DerivedDataCache/Compressed.ddp.
[2023.01.11-01.28.38:514][  0]LogDerivedDataCache: Using Local data cache path C:/Users/kbc12006040/AppData/Local/UnrealEngine/Common/DerivedDataCache: Writable
[2023.01.11-01.28.38:521][  0]LogMaterial: Verifying Global Shaders for PCD3D_SM5
[2023.01.11-01.28.38:522][  0]LogSlate: Using Freetype 2.6.0
[2023.01.11-01.28.38:589][  0]LogSlate: SlateFontCache - WITH_FREETYPE: 1, WITH_HARFBUZZ: 1
[2023.01.11-01.28.38:589][  0]LogSlate: SlateFontCache - WITH_FREETYPE: 1, WITH_HARFBUZZ: 1
[2023.01.11-01.28.41:584][  0]LogAssetRegistry: FAssetRegistry took 0.0253 seconds to start up
[2023.01.11-01.28.41:959][  0]LogInit: Selected Device Profile: [Windows]
[2023.01.11-01.28.44:218][  0]LogSimplygon: Simplygon DLL not present - disabling.
[2023.01.11-01.28.44:254][  0]LogMeshReduction: Using SimplygonSwarm for distributed automatic mesh merging
[2023.01.11-01.28.44:255][  0]LogMeshReduction: Using QuadricMeshReduction for automatic static mesh reduction
[2023.01.11-01.28.44:255][  0]LogMeshReduction: No automatic skeletal mesh reduction module available
[2023.01.11-01.28.44:255][  0]LogMeshReduction: No automatic mesh merging module available
[2023.01.11-01.28.44:255][  0]LogMeshMerging: No automatic mesh merging module available
[2023.01.11-01.28.44:265][  0]LogContentStreaming: Texture pool size is 0.00 MB
[2023.01.11-01.28.45:985][  0]LogNetVersion: MyProject2 , NetCL: 3573198, EngineNetVer: 2, GameNetVer: 0 (Checksum: 237949846)
[2023.01.11-01.28.46:462][  0]LogPackageLocalizationCache: Processed 5 localized package path(s) for 2 prioritized culture(s) in 0.036557 seconds
[2023.01.11-01.28.46:466][  0]LogUObjectArray: 35825 objects as part of root set at end of initial load.
[2023.01.11-01.28.46:466][  0]LogUObjectAllocator: 7529112 out of 0 bytes used by permanent object pool.
[2023.01.11-01.28.46:466][  0]LogUObjectArray: CloseDisregardForGC: 0/0 objects in disregard for GC pool
[2023.01.11-01.28.46:515][  0]LogInit: WinSock: version 1.1 (2.2), MaxSocks=32767, MaxUdp=65467
[2023.01.11-01.28.55:050][  0]LogTcpMessaging: Initializing TcpMessaging bridge
[2023.01.11-01.28.55:088][  0]LogUdpMessaging: Initializing bridge on interface 0.0.0.0:0 to multicast group 230.0.0.1:6666.
[2023.01.11-01.28.56:111][  0]LogMaterial: Uniform references updated for custom material expression Custom.
[2023.01.11-01.28.56:615][  0]SourceControl: ソースコントロールは無効です
[2023.01.11-01.28.56:615][  0]SourceControl: ソースコントロールは無効です
[2023.01.11-01.28.56:661][  0]SourceControl: ソースコントロールは無効です
[2023.01.11-01.28.56:707][  0]SourceControl: ソースコントロールは無効です
[2023.01.11-01.28.57:721][  0]LogAndroidPermission: UAndroidPermissionCallbackProxy::GetInstance
[2023.01.11-01.28.57:954][  0]LogOcInput: OculusInput pre-init called
[2023.01.11-01.28.58:287][  0]LogEngine: Initializing Engine...
[2023.01.11-01.28.58:289][  0]LogHMD: Failed to initialize OpenVR with code 110
[2023.01.11-01.28.58:958][  0]LogStats: UGameplayTagsManager::ConstructGameplayTagTree: Construct from data asset -  0.000 s
[2023.01.11-01.28.58:958][  0]LogStats: UGameplayTagsManager::ConstructGameplayTagTree: GameplayTagTreeChangedEvent.Broadcast -  0.000 s
[2023.01.11-01.28.59:075][  0]LogAIModule: Creating AISystem for world Untitled
[2023.01.11-01.28.59:145][  0]LogInit: XAudio2 using 'スピーカー (Realtek(R) Audio)' : 2 channels at 48 kHz using 32 bits per sample (channel mask 0x3)
[2023.01.11-01.28.59:244][  0]LogInit: FAudioDevice initialized.
[2023.01.11-01.28.59:283][  0]LogDerivedDataCache: Saved boot cache 0.04s 93MB C:/Users/kbc12006040/AppData/Local/UnrealEngine/4.17/DerivedDataCache/Boot.ddc.
[2023.01.11-01.28.59:291][  0]LogInit: Texture streaming: Enabled
[2023.01.11-01.28.59:384][  0]LogEngineSessionManager: EngineSessionManager initialized
[2023.01.11-01.29.00:247][  0]LogInit: Transaction tracking system initialized
[2023.01.11-01.29.00:538][  0]BlueprintLog: New page: エディタの読み込み
[2023.01.11-01.29.01:372][  0]LocalizationService: ローカライズのサービスが無効になりました
[2023.01.11-01.29.02:161][  0]LogConsoleResponse: Display: 
[2023.01.11-01.29.04:820][  0]LogCook: Display: Max memory allowance for cook 16384mb min free memory 0mb
[2023.01.11-01.29.04:820][  0]LogCook: Display: Mobile HDR setting 1
[2023.01.11-01.29.04:820][  0]LogGameplayTags: Display: UGameplayTagsManager::DoneAddingNativeTags. DelegateIsBound: 0
[2023.01.11-01.29.05:805][  0]LogFileCache: Scanning file cache for directory 'D:/school/Unreal/Team_Unreal/MyProject2/Content/' took 0.02s
[2023.01.11-01.29.07:207][  0]SourceControl: ソースコントロールは無効です
[2023.01.11-01.29.07:207][  0]Cmd: MAP LOAD FILE="../../../Engine/Content/Maps/Templates/Template_Default.umap" TEMPLATE=1 SHOWPROGRESS=1 FEATURELEVEL=3
[2023.01.11-01.29.07:248][  0]LightingResults: New page: ライティングのビルド
[2023.01.11-01.29.07:287][  0]MapCheck: New page: マップをチェック
[2023.01.11-01.29.07:287][  0]LightingResults: New page: <何も選択されていません>
[2023.01.11-01.29.08:826][  0]LogAIModule: Creating AISystem for world Untitled_1
[2023.01.11-01.29.08:875][  0]LogEditorServer: Finished looking for orphan Actors (0.000 secs)
[2023.01.11-01.29.08:888][  0]Cmd: MAP CHECKDEP NOCLEARLOG
[2023.01.11-01.29.08:942][  0]MapCheck: マップチェックが完了: 0 エラー、 0 警告、完了に 54.16ミリ秒かかりました。
[2023.01.11-01.29.08:942][  0]LogFileHelpers: Loading map 'Template_Default' took 1.735
[2023.01.11-01.29.09:016][  0]LogWindowsTextInputMethodSystem: Display: IME system now activated using TSF (Microsoft IME).
[2023.01.11-01.29.09:429][  0]LogCollectionManager: Loaded 0 collections in 0.000863 seconds
[2023.01.11-01.29.09:507][  0]LogFileCache: Scanning file cache for directory 'D:/school/Unreal/Team_Unreal/MyProject2/Saved/Collections/' took 0.01s
[2023.01.11-01.29.09:507][  0]LogFileCache: Scanning file cache for directory 'D:/school/Unreal/Team_Unreal/MyProject2/Content/Developers/kbc12006040/Collections/' took 0.01s
[2023.01.11-01.29.09:507][  0]LogFileCache: Scanning file cache for directory 'D:/school/Unreal/Team_Unreal/MyProject2/Content/Collections/' took 0.01s
[2023.01.11-01.29.09:507][  0]LogCollectionManager: Rebuilt the GUID cache for 0 collections in 0.000000 seconds
[2023.01.11-01.29.09:513][  0]LogContentBrowser: Native class hierarchy populated in 0.0069 seconds. Added 2386 classes and 500 folders.
[2023.01.11-01.29.09:574][  0]LogContentBrowser: Native class hierarchy updated for 'WidgetCarousel' in 0.0007 seconds. Added 0 classes and 0 folders.
[2023.01.11-01.29.12:346][  0]LogContentBrowser: Native class hierarchy updated for 'AddContentDialog' in 0.0011 seconds. Added 0 classes and 0 folders.
[2023.01.11-01.29.13:334][  0]LogContentBrowser: Native class hierarchy updated for 'SceneOutliner' in 0.0006 seconds. Added 1 classes and 2 folders.
[2023.01.11-01.29.14:090][  0]LogSlate: Took 0.352030 seconds to synchronously load lazily loaded font '../../../Engine/Content/Slate/Fonts/Roboto-Regular.ttf' (155K)
[2023.01.11-01.29.14:337][  0]LogSlate: Took 0.246260 seconds to synchronously load lazily loaded font '../../../Engine/Content/Slate/Fonts/DroidSansFallback.ttf' (3848K)
[2023.01.11-01.29.14:357][  0]LogSlate: Took 0.019779 seconds to synchronously load lazily loaded font '../../../Engine/Content/Slate/Fonts/Roboto-Bold.ttf' (160K)
[2023.01.11-01.29.14:401][  0]LogSlate: Took 0.040992 seconds to synchronously load lazily loaded font '../../../Engine/Content/Editor/Slate/Fonts/FontAwesome.ttf' (139K)
[2023.01.11-01.29.14:817][  0]LogRenderer: Reallocating scene render targets to support 736x348 Format 10 NumSamples 1 (Frame:1).
[2023.01.11-01.29.15:006][  0]LogContentBrowser: Native class hierarchy updated for 'HierarchicalLODOutliner' in 0.0007 seconds. Added 1 classes and 2 folders.
[2023.01.11-01.29.15:006][  0]LogLoad: (Engine Initialization) Total time: 56.77 seconds
[2023.01.11-01.29.15:006][  0]LogLoad: (Engine Initialization) Total Blueprint compile time: 0.00 seconds
[2023.01.11-01.29.15:006][  0]LogExternalProfiler: No external profilers were discovered.  External profiling features will not be available.
[2023.01.11-01.29.15:044][  0]LogContentStreaming: Texture pool size now 1000 MB
[2023.01.11-01.29.15:184][  1]LogAssetRegistry: Asset discovery search completed in 33.6224 seconds
[2023.01.11-01.29.15:187][  1]LogCollectionManager: Rebuilt the object cache for 0 collections in 0.000000 seconds (found 0 objects)
[2023.01.11-01.29.15:187][  1]LogCollectionManager: Fixed up redirectors for 0 collections in 0.000074 seconds (updated 0 objects)
[2023.01.11-01.29.23:083][464]LogSlate: Took 0.033590 seconds to synchronously load lazily loaded font '../../../Engine/Content/Slate/Fonts/Roboto-Light.ttf' (159K)
[2023.01.11-01.29.24:114][464]LogSlate: Took 0.000318 seconds to synchronously load lazily loaded font '../../../Engine/Content/Slate/Fonts/Roboto-Regular.ttf' (155K)
[2023.01.11-01.29.28:791][464]LogAIModule: Creating AISystem for world NewMap
[2023.01.11-01.29.28:824][464]Cmd: MAP LOAD FILE="../../../../Team_Unreal/MyProject2/Content/Maps/NewMap.umap" TEMPLATE=0 SHOWPROGRESS=1 FEATURELEVEL=3
[2023.01.11-01.29.28:824][464]LightingResults: New page: ライティングのビルド
[2023.01.11-01.29.28:825][464]LoadErrors: New page: マップをロード中: NewMap.umap
[2023.01.11-01.29.28:825][464]MapCheck: New page: マップをチェック
[2023.01.11-01.29.28:825][464]LightingResults: New page: <何も選択されていません>
[2023.01.11-01.29.28:929][464]LogEditorServer: Finished looking for orphan Actors (0.000 secs)
[2023.01.11-01.29.28:960][464]Cmd: MAP CHECKDEP NOCLEARLOG
[2023.01.11-01.29.29:027][464]MapCheck: マップチェックが完了: 0 エラー、 0 警告、完了に 67.28ミリ秒かかりました。
[2023.01.11-01.29.29:029][464]LogFileHelpers: Loading map 'NewMap' took 0.206
[2023.01.11-01.34.37:591][901]LogEditorViewport: Clicking on Actor (LMB): StaticMeshActor (SM_Plains_Tree11)
[2023.01.11-01.35.46:925][936]LogTemp: Repeating last play command: 選択ビューポート
[2023.01.11-01.35.48:230][936]LogPackageName: Warning: String asset reference "S_ClothTarps_03.SM.Mesh.S_ClothTarps_03" is in short form, which is unsupported and -- even if valid -- resolving it will be really slow.
[2023.01.11-01.35.48:230][936]LogPackageName: Warning: Please consider resaving package in order to speed-up loading.
[2023.01.11-01.35.48:328][936]LogPackageName: SearchForPackageOnDisk took   0.097s, but failed to resolve S_ClothTarps_03.
[2023.01.11-01.35.48:328][936]LogPackageName: Warning: String asset reference "S_ClothTarps_03.SM.Mesh.S_ClothTarps_03" could not be resolved.
[2023.01.11-01.35.53:335][936]LogPlayLevel: PlayLevel: No blueprints needed recompiling
[2023.01.11-01.35.53:336][936]PIE: New page: PIEセッション: NewMap (2023/01/11 19:35:53)
[2023.01.11-01.35.53:336][936]LogPlayLevel: Creating play world package: /Game/Maps/UEDPIE_0_NewMap
[2023.01.11-01.35.53:354][936]LogPlayLevel: PIE: StaticDuplicateObject took: (0.018296s)
[2023.01.11-01.35.53:355][936]LogAIModule: Creating AISystem for world NewMap
[2023.01.11-01.35.53:356][936]LogPlayLevel: PIE: World Init took: (0.001592s)
[2023.01.11-01.35.53:356][936]LogPlayLevel: PIE: Created PIE world by copying editor world from /Game/Maps/NewMap.NewMap to /Game/Maps/UEDPIE_0_NewMap.NewMap (0.020475s)
[2023.01.11-01.35.53:377][936]LogInit: XAudio2 using 'スピーカー (Realtek(R) Audio)' : 2 channels at 48 kHz using 32 bits per sample (channel mask 0x3)
[2023.01.11-01.35.53:385][936]LogInit: FAudioDevice initialized.
[2023.01.11-01.35.53:428][936]LogLoad: Game class is 'MyGameMode_C'
[2023.01.11-01.35.53:438][936]LogWorld: Bringing World /Game/Maps/UEDPIE_0_NewMap.NewMap up for play (max tick rate 60) at 2023.01.11-10.35.53
[2023.01.11-01.35.53:439][936]LogWorld: Bringing up level for play took: 0.008688
[2023.01.11-01.35.53:478][936]LogContentBrowser: Native class hierarchy updated for 'MovieSceneCapture' in 0.0007 seconds. Added 11 classes and 0 folders.
[2023.01.11-01.35.53:481][936]PIE: /Game/Maps/UEDPIE_0_NewMap -0.763のプレイ イン エディタの開始時間
[2023.01.11-01.36.02:669][472]LogTemp: Repeating last play command: 選択ビューポート
[2023.01.11-01.36.02:681][472]LogPlayLevel: PlayLevel: No blueprints needed recompiling
[2023.01.11-01.36.02:681][472]PIE: New page: PIEセッション: NewMap (2023/01/11 19:36:02)
[2023.01.11-01.36.02:681][472]LogPlayLevel: Creating play world package: /Game/Maps/UEDPIE_0_NewMap
[2023.01.11-01.36.02:697][472]LogPlayLevel: PIE: StaticDuplicateObject took: (0.016339s)
[2023.01.11-01.36.02:698][472]LogAIModule: Creating AISystem for world NewMap
[2023.01.11-01.36.02:698][472]LogPlayLevel: PIE: World Init took: (0.000661s)
[2023.01.11-01.36.02:699][472]LogPlayLevel: PIE: Created PIE world by copying editor world from /Game/Maps/NewMap.NewMap to /Game/Maps/UEDPIE_0_NewMap.NewMap (0.017655s)
[2023.01.11-01.36.02:719][472]LogInit: XAudio2 using 'スピーカー (Realtek(R) Audio)' : 2 channels at 48 kHz using 32 bits per sample (channel mask 0x3)
[2023.01.11-01.36.02:726][472]LogInit: FAudioDevice initialized.
[2023.01.11-01.36.02:756][472]LogLoad: Game class is 'MyGameMode_C'
[2023.01.11-01.36.02:765][472]LogWorld: Bringing World /Game/Maps/UEDPIE_0_NewMap.NewMap up for play (max tick rate 60) at 2023.01.11-10.36.02
[2023.01.11-01.36.02:765][472]LogWorld: Bringing up level for play took: 0.008402
[2023.01.11-01.36.02:767][472]PIE: /Game/Maps/UEDPIE_0_NewMap 0.523のプレイ イン エディタの開始時間
[2023.01.11-01.36.09:480][868]LogTemp: Repeating last play command: 選択ビューポート
[2023.01.11-01.36.09:491][868]LogPlayLevel: PlayLevel: No blueprints needed recompiling
[2023.01.11-01.36.09:491][868]PIE: New page: PIEセッション: NewMap (2023/01/11 19:36:09)
[2023.01.11-01.36.09:492][868]LogPlayLevel: Creating play world package: /Game/Maps/UEDPIE_0_NewMap
[2023.01.11-01.36.09:509][868]LogPlayLevel: PIE: StaticDuplicateObject took: (0.016971s)
[2023.01.11-01.36.09:509][868]LogAIModule: Creating AISystem for world NewMap
[2023.01.11-01.36.09:509][868]LogPlayLevel: PIE: World Init took: (0.000797s)
[2023.01.11-01.36.09:510][868]LogPlayLevel: PIE: Created PIE world by copying editor world from /Game/Maps/NewMap.NewMap to /Game/Maps/UEDPIE_0_NewMap.NewMap (0.018097s)
[2023.01.11-01.36.09:530][868]LogInit: XAudio2 using 'スピーカー (Realtek(R) Audio)' : 2 channels at 48 kHz using 32 bits per sample (channel mask 0x3)
[2023.01.11-01.36.09:537][868]LogInit: FAudioDevice initialized.
[2023.01.11-01.36.09:565][868]LogLoad: Game class is 'MyGameMode_C'
[2023.01.11-01.36.09:574][868]LogWorld: Bringing World /Game/Maps/UEDPIE_0_NewMap.NewMap up for play (max tick rate 60) at 2023.01.11-10.36.09
[2023.01.11-01.36.09:574][868]LogWorld: Bringing up level for play took: 0.007928
[2023.01.11-01.36.09:576][868]PIE: /Game/Maps/UEDPIE_0_NewMap -0.669のプレイ イン エディタの開始時間
[2023.01.11-01.57.44:806][667]LogContentBrowser: Native class hierarchy updated for 'BlueprintGraph' in 0.0009 seconds. Added 113 classes and 0 folders.
[2023.01.11-01.57.51:094][950]LogSlate: Took 0.020624 seconds to synchronously load lazily loaded font '../../../Engine/Content/Editor/Slate/Fonts/Roboto-BoldCondensed.ttf' (158K)
[2023.01.11-01.57.58:859][412]LogRenderer: Reallocating scene render targets to support 912x540 Format 10 NumSamples 1 (Frame:1).
[2023.01.11-01.58.01:639][577]LogSlate: Took 0.024913 seconds to synchronously load lazily loaded font '../../../Engine/Content/Editor/Slate/Fonts/Roboto-Italic.ttf' (157K)
[2023.01.11-02.04.09:970][588]LogSlate: Took 0.000247 seconds to synchronously load lazily loaded font '../../../Engine/Content/Slate/Fonts/Roboto-Light.ttf' (159K)
[2023.01.11-02.04.19:011][128]LogFileHelpers: Editor autosave (incl. sublevels) for '/Game/Maps/NewMap' took 0.024
[2023.01.11-02.04.19:014][128]OBJ SavePackage: Generating thumbnails for [1] asset(s) in package [/Game/ThirdPersonBP/Blueprints/ThirdPersonCharacter] ([1] browsable assets)...
[2023.01.11-02.04.19:033][128]OBJ SavePackage:     Rendered thumbnail for [Blueprint /Game/ThirdPersonBP/Blueprints/ThirdPersonCharacter.ThirdPersonCharacter]
[2023.01.11-02.04.19:033][128]OBJ SavePackage: Finished generating thumbnails for package [/Game/ThirdPersonBP/Blueprints/ThirdPersonCharacter]
[2023.01.11-02.04.19:256][128]LogSavePackage: Save=64.50ms
[2023.01.11-02.04.19:256][128]LogSavePackage: Moving '../../../../Team_Unreal/MyProject2/Saved/ThirdPersonCharacter_Auto18C2A9A694A0AB7000D58849AEE6F183F.tmp' to '../../../../Team_Unreal/MyProject2/Saved/Autosaves/Game/ThirdPersonBP/Blueprints/ThirdPersonCharacter_Auto1.uasset'
[2023.01.11-02.04.19:257][128]LogSavePackage: Display: Finished SavePackage ../../../../Team_Unreal/MyProject2/Saved/Autosaves/Game/ThirdPersonBP/Blueprints/ThirdPersonCharacter_Auto1.uasset
[2023.01.11-02.04.19:257][128]LogFileHelpers: Auto-saving content packages took 0.245
[2023.01.11-02.14.19:409][243]LogFileHelpers: Editor autosave (incl. sublevels) for '/Game/Maps/NewMap' took 0.018
[2023.01.11-02.14.19:411][243]OBJ SavePackage: Generating thumbnails for [1] asset(s) in package [/Game/ThirdPersonBP/Blueprints/ThirdPersonCharacter] ([1] browsable assets)...
[2023.01.11-02.14.19:436][243]OBJ SavePackage:     Rendered thumbnail for [Blueprint /Game/ThirdPersonBP/Blueprints/ThirdPersonCharacter.ThirdPersonCharacter]
[2023.01.11-02.14.19:436][243]OBJ SavePackage: Finished generating thumbnails for package [/Game/ThirdPersonBP/Blueprints/ThirdPersonCharacter]
[2023.01.11-02.14.19:497][243]LogSavePackage: Save=56.41ms
[2023.01.11-02.14.19:497][243]LogSavePackage: Moving '../../../../Team_Unreal/MyProject2/Saved/ThirdPersonCharacter_Auto2CFDC38FF4713711E8FCD1CB141958E8A.tmp' to '../../../../Team_Unreal/MyProject2/Saved/Autosaves/Game/ThirdPersonBP/Blueprints/ThirdPersonCharacter_Auto2.uasset'
[2023.01.11-02.14.19:854][243]LogSavePackage: Display: Finished SavePackage ../../../../Team_Unreal/MyProject2/Saved/Autosaves/Game/ThirdPersonBP/Blueprints/ThirdPersonCharacter_Auto2.uasset
[2023.01.11-02.14.19:854][243]LogFileHelpers: Auto-saving content packages took 0.443
[2023.01.11-02.26.09:531][213]LogFileHelpers: Editor autosave (incl. sublevels) for '/Game/Maps/NewMap' took 0.020
[2023.01.11-02.26.09:534][213]OBJ SavePackage: Generating thumbnails for [1] asset(s) in package [/Game/ThirdPersonBP/Blueprints/ThirdPersonCharacter] ([1] browsable assets)...
[2023.01.11-02.26.09:558][213]OBJ SavePackage:     Rendered thumbnail for [Blueprint /Game/ThirdPersonBP/Blueprints/ThirdPersonCharacter.ThirdPersonCharacter]
[2023.01.11-02.26.09:558][213]OBJ SavePackage: Finished generating thumbnails for package [/Game/ThirdPersonBP/Blueprints/ThirdPersonCharacter]
[2023.01.11-02.26.09:621][213]LogSavePackage: Save=58.19ms
[2023.01.11-02.26.09:621][213]LogSavePackage: Moving '../../../../Team_Unreal/MyProject2/Saved/ThirdPersonCharacter_Auto334BC5C194812842AF2162DACC8ED78DC.tmp' to '../../../../Team_Unreal/MyProject2/Saved/Autosaves/Game/ThirdPersonBP/Blueprints/ThirdPersonCharacter_Auto3.uasset'
[2023.01.11-02.26.09:623][213]LogSavePackage: Display: Finished SavePackage ../../../../Team_Unreal/MyProject2/Saved/Autosaves/Game/ThirdPersonBP/Blueprints/ThirdPersonCharacter_Auto3.uasset
[2023.01.11-02.26.09:623][213]LogFileHelpers: Auto-saving content packages took 0.091
[2023.01.11-02.26.29:617][667]LogSlate: Took 0.007151 seconds to synchronously load lazily loaded font '../../../Engine/Content/Editor/Slate/Fonts/Roboto-BoldCondensedItalic.ttf' (160K)
[2023.01.11-02.32.48:907][275]BlueprintLog: New page: ThirdPersonCharacter をコンパイル
[2023.01.11-02.32.48:925][275]LogBlueprint: Error: [Compiler ThirdPersonCharacter] スポーンノード  スポーンアクタ NONE  に  Class  を指定しなくてはいけません。
[2023.01.11-02.32.49:148][275]LogBlueprint: Warning: [Compiler ThirdPersonCharacter] [3870.91] Compile of ThirdPersonCharacter failed. 1 Fatal Issue(s) 0 Warning(s) [in 240 ms] (/Game/ThirdPersonBP/Blueprints/ThirdPersonCharacter.ThirdPersonCharacter)
[2023.01.11-02.33.13:773][627]BlueprintLog: New page: ThirdPersonCharacter をコンパイル
[2023.01.11-02.33.19:055][928]LogTemp: Repeating last play command: 選択ビューポート
[2023.01.11-02.33.19:069][928]LogPlayLevel: PlayLevel: No blueprints needed recompiling
[2023.01.11-02.33.19:069][928]PIE: New page: PIEセッション: NewMap (2023/01/11 20:33:19)
[2023.01.11-02.33.19:069][928]LogPlayLevel: Creating play world package: /Game/Maps/UEDPIE_0_NewMap
[2023.01.11-02.33.19:086][928]LogPlayLevel: PIE: StaticDuplicateObject took: (0.017123s)
[2023.01.11-02.33.19:087][928]LogAIModule: Creating AISystem for world NewMap
[2023.01.11-02.33.19:088][928]LogPlayLevel: PIE: World Init took: (0.001227s)
[2023.01.11-02.33.19:088][928]LogPlayLevel: PIE: Created PIE world by copying editor world from /Game/Maps/NewMap.NewMap to /Game/Maps/UEDPIE_0_NewMap.NewMap (0.018714s)
[2023.01.11-02.33.19:118][928]LogInit: XAudio2 using 'スピーカー (Realtek(R) Audio)' : 2 channels at 48 kHz using 32 bits per sample (channel mask 0x3)
[2023.01.11-02.33.19:127][928]LogInit: FAudioDevice initialized.
[2023.01.11-02.33.19:157][928]LogLoad: Game class is 'MyGameMode_C'
[2023.01.11-02.33.19:166][928]LogWorld: Bringing World /Game/Maps/UEDPIE_0_NewMap.NewMap up for play (max tick rate 60) at 2023.01.11-11.33.19
[2023.01.11-02.33.19:166][928]LogWorld: Bringing up level for play took: 0.008311
[2023.01.11-02.33.19:168][928]PIE: /Game/Maps/UEDPIE_0_NewMap 0.924のプレイ イン エディタの開始時間
[2023.01.11-02.34.49:286][943]Cmd: OBJ SAVEPACKAGE PACKAGE="/Game/ThirdPersonBP/Blueprints/ThirdPersonCharacter" FILE="../../../../Team_Unreal/MyProject2/Content/ThirdPersonBP/Blueprints/ThirdPersonCharacter.uasset" SILENT=true
[2023.01.11-02.34.49:362][943]LogSavePackage: Save=70.99ms
[2023.01.11-02.34.49:363][943]LogSavePackage: Moving '../../../../Team_Unreal/MyProject2/Saved/ThirdPersonCharacter1870866646D44E47692B67B994776C22.tmp' to '../../../../Team_Unreal/MyProject2/Content/ThirdPersonBP/Blueprints/ThirdPersonCharacter.uasset'
[2023.01.11-02.34.49:366][943]LogSavePackage: Display: Finished SavePackage ../../../../Team_Unreal/MyProject2/Content/ThirdPersonBP/Blueprints/ThirdPersonCharacter.uasset
[2023.01.11-02.34.49:368][943]Cmd: MAP LOAD FILE="../../../../Team_Unreal/MyProject2/Content/Maps/NewMap.umap" TEMPLATE=0 SHOWPROGRESS=1 FEATURELEVEL=3
[2023.01.11-02.34.49:368][943]LightingResults: New page: ライティングのビルド
[2023.01.11-02.34.49:369][943]LoadErrors: New page: マップをロード中: NewMap.umap
[2023.01.11-02.34.49:373][943]MapCheck: New page: マップをチェック
[2023.01.11-02.34.49:373][943]LightingResults: New page: <何も選択されていません>
[2023.01.11-02.34.49:489][943]LogAIModule: Creating AISystem for world NewMap
[2023.01.11-02.34.49:604][943]LogEditorServer: Finished looking for orphan Actors (0.000 secs)
[2023.01.11-02.34.49:643][943]Cmd: MAP CHECKDEP NOCLEARLOG
[2023.01.11-02.34.49:718][943]MapCheck: マップチェックが完了: 0 エラー、 0 警告、完了に 74.876ミリ秒かかりました。
[2023.01.11-02.34.49:718][943]LogFileHelpers: Loading map 'NewMap' took 0.351
[2023.01.11-02.35.21:957][872]LogTemp: Repeating last play command: 選択ビューポート
[2023.01.11-02.35.21:971][872]LogPlayLevel: PlayLevel: No blueprints needed recompiling
[2023.01.11-02.35.21:971][872]PIE: New page: PIEセッション: NewMap (2023/01/11 20:35:21)
[2023.01.11-02.35.21:971][872]LogPlayLevel: Creating play world package: /Game/Maps/UEDPIE_0_NewMap
[2023.01.11-02.35.21:988][872]LogPlayLevel: PIE: StaticDuplicateObject took: (0.016934s)
[2023.01.11-02.35.21:989][872]LogAIModule: Creating AISystem for world NewMap
[2023.01.11-02.35.21:989][872]LogPlayLevel: PIE: World Init took: (0.001076s)
[2023.01.11-02.35.21:990][872]LogPlayLevel: PIE: Created PIE world by copying editor world from /Game/Maps/NewMap.NewMap to /Game/Maps/UEDPIE_0_NewMap.NewMap (0.018725s)
[2023.01.11-02.35.22:018][872]LogInit: XAudio2 using 'スピーカー (Realtek(R) Audio)' : 2 channels at 48 kHz using 32 bits per sample (channel mask 0x3)
[2023.01.11-02.35.22:026][872]LogInit: FAudioDevice initialized.
[2023.01.11-02.35.22:060][872]LogLoad: Game class is 'MyGameMode_C'
[2023.01.11-02.35.22:069][872]LogWorld: Bringing World /Game/Maps/UEDPIE_0_NewMap.NewMap up for play (max tick rate 60) at 2023.01.11-11.35.22
[2023.01.11-02.35.22:069][872]LogWorld: Bringing up level for play took: 0.008065
[2023.01.11-02.35.22:071][872]PIE: /Game/Maps/UEDPIE_0_NewMap -0.174のプレイ イン エディタの開始時間
[2023.01.11-02.35.33:365][543]LogTemp: Repeating last play command: 選択ビューポート
[2023.01.11-02.35.33:378][543]LogPlayLevel: PlayLevel: No blueprints needed recompiling
[2023.01.11-02.35.33:378][543]PIE: New page: PIEセッション: NewMap (2023/01/11 20:35:33)
[2023.01.11-02.35.33:378][543]LogPlayLevel: Creating play world package: /Game/Maps/UEDPIE_0_NewMap
[2023.01.11-02.35.33:394][543]LogPlayLevel: PIE: StaticDuplicateObject took: (0.016138s)
[2023.01.11-02.35.33:395][543]LogAIModule: Creating AISystem for world NewMap
[2023.01.11-02.35.33:396][543]LogPlayLevel: PIE: World Init took: (0.001139s)
[2023.01.11-02.35.33:396][543]LogPlayLevel: PIE: Created PIE world by copying editor world from /Game/Maps/NewMap.NewMap to /Game/Maps/UEDPIE_0_NewMap.NewMap (0.017935s)
[2023.01.11-02.35.33:422][543]LogInit: XAudio2 using 'スピーカー (Realtek(R) Audio)' : 2 channels at 48 kHz using 32 bits per sample (channel mask 0x3)
[2023.01.11-02.35.33:430][543]LogInit: FAudioDevice initialized.
[2023.01.11-02.35.33:459][543]LogLoad: Game class is 'MyGameMode_C'
[2023.01.11-02.35.33:467][543]LogWorld: Bringing World /Game/Maps/UEDPIE_0_NewMap.NewMap up for play (max tick rate 60) at 2023.01.11-11.35.33
[2023.01.11-02.35.33:468][543]LogWorld: Bringing up level for play took: 0.007854
[2023.01.11-02.35.33:470][543]PIE: /Game/Maps/UEDPIE_0_NewMap -0.774のプレイ イン エディタの開始時間
[2023.01.11-02.36.24:493][721]LogTemp: Repeating last play command: 選択ビューポート
[2023.01.11-02.36.24:506][721]LogPlayLevel: PlayLevel: No blueprints needed recompiling
[2023.01.11-02.36.24:506][721]PIE: New page: PIEセッション: NewMap (2023/01/11 20:36:24)
[2023.01.11-02.36.24:506][721]LogPlayLevel: Creating play world package: /Game/Maps/UEDPIE_0_NewMap
[2023.01.11-02.36.24:523][721]LogPlayLevel: PIE: StaticDuplicateObject took: (0.016516s)
[2023.01.11-02.36.24:524][721]LogAIModule: Creating AISystem for world NewMap
[2023.01.11-02.36.24:524][721]LogPlayLevel: PIE: World Init took: (0.001473s)
[2023.01.11-02.36.24:525][721]LogPlayLevel: PIE: Created PIE world by copying editor world from /Game/Maps/NewMap.NewMap to /Game/Maps/UEDPIE_0_NewMap.NewMap (0.018566s)
[2023.01.11-02.36.24:553][721]LogInit: XAudio2 using 'スピーカー (Realtek(R) Audio)' : 2 channels at 48 kHz using 32 bits per sample (channel mask 0x3)
[2023.01.11-02.36.24:560][721]LogInit: FAudioDevice initialized.
[2023.01.11-02.36.24:589][721]LogLoad: Game class is 'MyGameMode_C'
[2023.01.11-02.36.24:597][721]LogWorld: Bringing World /Game/Maps/UEDPIE_0_NewMap.NewMap up for play (max tick rate 60) at 2023.01.11-11.36.24
[2023.01.11-02.36.24:598][721]LogWorld: Bringing up level for play took: 0.007985
[2023.01.11-02.36.24:600][721]PIE: /Game/Maps/UEDPIE_0_NewMap 0.356のプレイ イン エディタの開始時間
[2023.01.11-02.36.41:825][748]LogActorFactory: Actor Factory created Cube
[2023.01.11-02.36.42:684][794]LogActorFactory: Actor Factory created Cube
[2023.01.11-02.37.28:959][569]LogEditorActor: Deleted Actor: StaticMeshActor
[2023.01.11-02.37.28:978][569]LogEditorActor: Deleted 1 Actors (0.019 secs)
[2023.01.11-02.37.38:811][159]LogTemp: Repeating last play command: 選択ビューポート
[2023.01.11-02.37.38:824][159]LogPlayLevel: PlayLevel: No blueprints needed recompiling
[2023.01.11-02.37.38:824][159]PIE: New page: PIEセッション: NewMap (2023/01/11 20:37:38)
[2023.01.11-02.37.38:824][159]LogPlayLevel: Creating play world package: /Game/Maps/UEDPIE_0_NewMap
[2023.01.11-02.37.38:841][159]LogPlayLevel: PIE: StaticDuplicateObject took: (0.016276s)
[2023.01.11-02.37.38:842][159]LogAIModule: Creating AISystem for world NewMap
[2023.01.11-02.37.38:842][159]LogPlayLevel: PIE: World Init took: (0.001090s)
[2023.01.11-02.37.38:842][159]LogPlayLevel: PIE: Created PIE world by copying editor world from /Game/Maps/NewMap.NewMap to /Game/Maps/UEDPIE_0_NewMap.NewMap (0.017665s)
[2023.01.11-02.37.38:867][159]LogInit: XAudio2 using 'スピーカー (Realtek(R) Audio)' : 2 channels at 48 kHz using 32 bits per sample (channel mask 0x3)
[2023.01.11-02.37.38:874][159]LogInit: FAudioDevice initialized.
[2023.01.11-02.37.38:903][159]LogLoad: Game class is 'MyGameMode_C'
[2023.01.11-02.37.38:912][159]LogWorld: Bringing World /Game/Maps/UEDPIE_0_NewMap.NewMap up for play (max tick rate 60) at 2023.01.11-11.37.38
[2023.01.11-02.37.38:912][159]LogWorld: Bringing up level for play took: 0.008046
[2023.01.11-02.37.38:914][159]PIE: /Game/Maps/UEDPIE_0_NewMap 0.67のプレイ イン エディタの開始時間
[2023.01.11-02.38.58:885][935]BlueprintLog: New page: ThirdPersonCharacter をコンパイル
[2023.01.11-02.39.00:741][ 33]LogTemp: Repeating last play command: 選択ビューポート
[2023.01.11-02.39.00:758][ 33]LogPlayLevel: PlayLevel: No blueprints needed recompiling
[2023.01.11-02.39.00:758][ 33]PIE: New page: PIEセッション: NewMap (2023/01/11 20:39:00)
[2023.01.11-02.39.00:758][ 33]LogPlayLevel: Creating play world package: /Game/Maps/UEDPIE_0_NewMap
[2023.01.11-02.39.00:775][ 33]LogPlayLevel: PIE: StaticDuplicateObject took: (0.016232s)
[2023.01.11-02.39.00:775][ 33]LogAIModule: Creating AISystem for world NewMap
[2023.01.11-02.39.00:776][ 33]LogPlayLevel: PIE: World Init took: (0.000923s)
[2023.01.11-02.39.00:776][ 33]LogPlayLevel: PIE: Created PIE world by copying editor world from /Game/Maps/NewMap.NewMap to /Game/Maps/UEDPIE_0_NewMap.NewMap (0.017754s)
[2023.01.11-02.39.00:804][ 33]LogInit: XAudio2 using 'スピーカー (Realtek(R) Audio)' : 2 channels at 48 kHz using 32 bits per sample (channel mask 0x3)
[2023.01.11-02.39.00:811][ 33]LogInit: FAudioDevice initialized.
[2023.01.11-02.39.00:858][ 33]LogLoad: Game class is 'MyGameMode_C'
[2023.01.11-02.39.00:867][ 33]LogWorld: Bringing World /Game/Maps/UEDPIE_0_NewMap.NewMap up for play (max tick rate 60) at 2023.01.11-11.39.00
[2023.01.11-02.39.00:867][ 33]LogWorld: Bringing up level for play took: 0.007919
[2023.01.11-02.39.00:872][ 33]PIE: /Game/Maps/UEDPIE_0_NewMap 0.627のプレイ イン エディタの開始時間
[2023.01.11-02.39.00:943][ 33]LogRenderer: Reallocating scene render targets to support 1292x756 Format 10 NumSamples 1 (Frame:1).
[2023.01.11-02.39.17:599][ 18]Cmd: OBJ SAVEPACKAGE PACKAGE="/Game/Maps/NewMap" FILE="../../../../Team_Unreal/MyProject2/Content/Maps/NewMap.umap" SILENT=true AUTOSAVING=false KEEPDIRTY=false
[2023.01.11-02.39.18:116][ 18]LogSavePackage: Save=461.12ms
[2023.01.11-02.39.18:116][ 18]LogSavePackage: Moving '../../../../Team_Unreal/MyProject2/Saved/NewMap144302074D6970252D6C7884BFDC549C.tmp' to '../../../../Team_Unreal/MyProject2/Content/Maps/NewMap.umap'
[2023.01.11-02.39.18:153][ 18]LogSavePackage: Display: Finished SavePackage ../../../../Team_Unreal/MyProject2/Content/Maps/NewMap.umap
[2023.01.11-02.39.18:170][ 18]Cmd: OBJ SAVEPACKAGE PACKAGE="/Game/Maps/NewMap_BuiltData" FILE="../../../../Team_Unreal/MyProject2/Content/Maps/NewMap_BuiltData.uasset" SILENT=true
[2023.01.11-02.39.18:455][ 18]LogSavePackage: Save=230.60ms
[2023.01.11-02.39.18:455][ 18]LogSavePackage: Moving '../../../../Team_Unreal/MyProject2/Saved/NewMap_BuiltDataF972E6E04D361726637FC398F817869A.tmp' to '../../../../Team_Unreal/MyProject2/Content/Maps/NewMap_BuiltData.uasset'
[2023.01.11-02.39.18:458][ 18]LogSavePackage: Display: Finished SavePackage ../../../../Team_Unreal/MyProject2/Content/Maps/NewMap_BuiltData.uasset
[2023.01.11-02.39.33:972][823]Cmd: OBJ SAVEPACKAGE PACKAGE="/Game/ThirdPersonBP/Blueprints/ThirdPersonCharacter" FILE="../../../../Team_Unreal/MyProject2/Content/ThirdPersonBP/Blueprints/ThirdPersonCharacter.uasset" SILENT=true
[2023.01.11-02.39.34:046][823]LogSavePackage: Save=69.01ms
[2023.01.11-02.39.34:046][823]LogSavePackage: Moving '../../../../Team_Unreal/MyProject2/Saved/ThirdPersonCharacterD86D5BA549387EBF6382F0A1AECB4C1C.tmp' to '../../../../Team_Unreal/MyProject2/Content/ThirdPersonBP/Blueprints/ThirdPersonCharacter.uasset'
[2023.01.11-02.39.34:049][823]LogSavePackage: Display: Finished SavePackage ../../../../Team_Unreal/MyProject2/Content/ThirdPersonBP/Blueprints/ThirdPersonCharacter.uasset
[2023.01.11-02.39.34:351][824]Cmd: QUIT_EDITOR
[2023.01.11-02.39.34:900][824]LogWindowsTextInputMethodSystem: Display: IME system now activated using TSF (Microsoft IME).
[2023.01.11-02.39.34:912][824]LogExit: Preparing to exit.
[2023.01.11-02.39.35:336][824]LogDirectoryWatcher: A directory notification for 'D:/school/Unreal/Team_Unreal/MyProject2/Content/' was aborted.
[2023.01.11-02.39.35:403][824]LogExit: Editor shut down
[2023.01.11-02.39.35:418][824]LogExit: Transaction tracking system shut down
[2023.01.11-02.39.35:654][824]LogDirectoryWatcher: A directory notification for '../../../Engine/Content/' was aborted.
[2023.01.11-02.39.35:654][824]LogDirectoryWatcher: A directory notification for '../../../../Team_Unreal/MyProject2/Content/' was aborted.
[2023.01.11-02.39.35:654][824]LogDirectoryWatcher: A directory notification for '../../../Engine/Plugins/2D/Paper2D/Content/' was aborted.
[2023.01.11-02.39.35:654][824]LogDirectoryWatcher: A directory notification for '../../../Engine/Plugins/Runtime/Oculus/OculusVR/Content/' was aborted.
[2023.01.11-02.39.35:654][824]LogDirectoryWatcher: A directory notification for '../../../Engine/Plugins/Runtime/Steam/SteamVR/Content/' was aborted.
[2023.01.11-02.39.35:741][824]LogExit: Object subsystem successfully closed.
[2023.01.11-02.39.35:769][824]LogD3D11RHI: Shutdown
[2023.01.11-02.39.35:769][824]LogD3D11RHI: CleanupD3DDevice
[2023.01.11-02.39.35:893][824]LogD3D11RHI: ~FD3D11DynamicRHI
[2023.01.11-02.39.35:903][824]LogModuleManager: Shutting down and abandoning module BlueprintGraph (536)
[2023.01.11-02.39.35:903][824]LogModuleManager: Shutting down and abandoning module BlueprintProfiler (534)
[2023.01.11-02.39.35:903][824]LogModuleManager: Shutting down and abandoning module MovieSceneCapture (532)
[2023.01.11-02.39.35:903][824]LogModuleManager: Shutting down and abandoning module HierarchicalLODOutliner (530)
[2023.01.11-02.39.35:903][824]LogModuleManager: Shutting down and abandoning module SceneOutliner (528)
[2023.01.11-02.39.35:903][824]LogModuleManager: Shutting down and abandoning module AddContentDialog (526)
[2023.01.11-02.39.35:903][824]LogDirectoryWatcher: A directory notification for 'D:/school/Unreal/UE_4.17/FeaturePacks/' was aborted.
[2023.01.11-02.39.35:907][824]LogModuleManager: Shutting down and abandoning module WidgetCarousel (525)
[2023.01.11-02.39.35:907][824]LogModuleManager: Shutting down and abandoning module EditorWidgets (522)
[2023.01.11-02.39.35:907][824]LogModuleManager: Shutting down and abandoning module CollectionManager (520)
[2023.01.11-02.39.35:907][824]LogDirectoryWatcher: A directory notification for 'D:/school/Unreal/Team_Unreal/MyProject2/Content/Collections/' was aborted.
[2023.01.11-02.39.35:907][824]LogDirectoryWatcher: A directory notification for 'D:/school/Unreal/Team_Unreal/MyProject2/Content/Developers/kbc12006040/Collections/' was aborted.
[2023.01.11-02.39.35:907][824]LogDirectoryWatcher: A directory notification for 'D:/school/Unreal/Team_Unreal/MyProject2/Saved/Collections/' was aborted.
[2023.01.11-02.39.35:907][824]LogModuleManager: Shutting down and abandoning module StatsViewer (518)
[2023.01.11-02.39.35:907][824]LogModuleManager: Shutting down and abandoning module FoliageEdit (516)
[2023.01.11-02.39.35:907][824]LogModuleManager: Shutting down and abandoning module LandscapeEditor (514)
[2023.01.11-02.39.35:907][824]LogModuleManager: Shutting down and abandoning module MeshPaintMode (512)
[2023.01.11-02.39.35:907][824]LogModuleManager: Shutting down and abandoning module SceneDepthPickerMode (510)
[2023.01.11-02.39.35:907][824]LogModuleManager: Shutting down and abandoning module ActorPickerMode (508)
[2023.01.11-02.39.35:907][824]LogModuleManager: Shutting down and abandoning module GeometryMode (506)
[2023.01.11-02.39.35:907][824]LogModuleManager: Shutting down and abandoning module TextureAlignMode (504)
[2023.01.11-02.39.35:907][824]LogModuleManager: Shutting down and abandoning module BspMode (502)
[2023.01.11-02.39.35:907][824]LogModuleManager: Shutting down and abandoning module PIEPreviewDeviceProfileSelector (500)
[2023.01.11-02.39.35:907][824]LogModuleManager: Shutting down and abandoning module HardwareSurvey (498)
[2023.01.11-02.39.35:907][824]LogModuleManager: Shutting down and abandoning module SequenceRecorderSections (496)
[2023.01.11-02.39.35:907][824]LogModuleManager: Shutting down and abandoning module AutomationWorker (494)
[2023.01.11-02.39.35:907][824]LogModuleManager: Shutting down and abandoning module MatineeToLevelSequence (492)
[2023.01.11-02.39.35:908][824]LogModuleManager: Shutting down and abandoning module LevelSequenceEditor (490)
[2023.01.11-02.39.35:908][824]LogModuleManager: Shutting down and abandoning module PlacementMode (489)
[2023.01.11-02.39.35:908][824]LogModuleManager: Shutting down and abandoning module WmfMediaFactory (486)
[2023.01.11-02.39.35:908][824]LogModuleManager: Shutting down and abandoning module WmfMediaEditor (484)
[2023.01.11-02.39.35:908][824]LogModuleManager: Shutting down and abandoning module AvfMediaFactory (482)
[2023.01.11-02.39.35:908][824]LogModuleManager: Shutting down and abandoning module AvfMediaEditor (480)
[2023.01.11-02.39.35:908][824]LogModuleManager: Shutting down and abandoning module AndroidMediaFactory (478)
[2023.01.11-02.39.35:908][824]LogModuleManager: Shutting down and abandoning module Media (477)
[2023.01.11-02.39.35:908][824]LogModuleManager: Shutting down and abandoning module AndroidMediaEditor (474)
[2023.01.11-02.39.35:908][824]LogModuleManager: Shutting down and abandoning module CharacterAI (472)
[2023.01.11-02.39.35:908][824]LogModuleManager: Shutting down and abandoning module AudioCapture (470)
[2023.01.11-02.39.35:908][824]LogModuleManager: Shutting down and abandoning module SequenceRecorder (469)
[2023.01.11-02.39.35:908][824]LogModuleManager: Shutting down and abandoning module SmartSnapping (466)
[2023.01.11-02.39.35:908][824]LogModuleManager: Shutting down and abandoning module SessionServices (464)
[2023.01.11-02.39.35:908][824]LogModuleManager: Shutting down and abandoning module ViewportSnapping (462)
[2023.01.11-02.39.35:908][824]LogModuleManager: Shutting down and abandoning module ViewportInteraction (460)
[2023.01.11-02.39.35:908][824]LogModuleManager: Shutting down and abandoning module ClothPainter (458)
[2023.01.11-02.39.35:908][824]LogModuleManager: Shutting down and abandoning module LogVisualizer (456)
[2023.01.11-02.39.35:908][824]LogModuleManager: Shutting down and abandoning module IntroTutorials (454)
[2023.01.11-02.39.35:908][824]LogModuleManager: Shutting down and abandoning module GameProjectGeneration (453)
[2023.01.11-02.39.35:908][824]LogModuleManager: Shutting down and abandoning module IOSPlatformEditor (450)
[2023.01.11-02.39.35:908][824]LogModuleManager: Shutting down and abandoning module HTML5PlatformEditor (448)
[2023.01.11-02.39.35:908][824]LogModuleManager: Shutting down and abandoning module AndroidPlatformEditor (446)
[2023.01.11-02.39.35:908][824]LogModuleManager: Shutting down and abandoning module AndroidDeviceDetection (445)
[2023.01.11-02.39.35:971][824]LogModuleManager: Shutting down and abandoning module WindowsPlatformEditor (442)
[2023.01.11-02.39.35:971][824]LogModuleManager: Shutting down and abandoning module IOSRuntimeSettings (440)
[2023.01.11-02.39.35:971][824]LogModuleManager: Shutting down and abandoning module AndroidRuntimeSettings (438)
[2023.01.11-02.39.35:971][824]LogModuleManager: Shutting down and abandoning module InputBindingEditor (436)
[2023.01.11-02.39.35:971][824]LogModuleManager: Shutting down and abandoning module MergeActors (434)
[2023.01.11-02.39.35:971][824]LogModuleManager: Shutting down and abandoning module SizeMap (432)
[2023.01.11-02.39.35:971][824]LogModuleManager: Shutting down and abandoning module TreeMap (430)
[2023.01.11-02.39.35:971][824]LogModuleManager: Shutting down and abandoning module ReferenceViewer (428)
[2023.01.11-02.39.35:971][824]LogModuleManager: Shutting down and abandoning module LocalizationDashboard (426)
[2023.01.11-02.39.35:971][824]LogModuleManager: Shutting down and abandoning module LocalizationService (425)
[2023.01.11-02.39.35:971][824]LogModuleManager: Shutting down and abandoning module HardwareTargeting (422)
[2023.01.11-02.39.35:971][824]LogModuleManager: Shutting down and abandoning module DeviceProfileEditor (420)
[2023.01.11-02.39.35:971][824]LogModuleManager: Shutting down and abandoning module UndoHistory (418)
[2023.01.11-02.39.35:971][824]LogModuleManager: Shutting down and abandoning module XmlParser (416)
[2023.01.11-02.39.35:971][824]LogModuleManager: Shutting down and abandoning module Blutility (414)
[2023.01.11-02.39.35:971][824]LogModuleManager: Shutting down and abandoning module ProjectSettingsViewer (412)
[2023.01.11-02.39.35:972][824]LogModuleManager: Shutting down and abandoning module ProjectTargetPlatformEditor (411)
[2023.01.11-02.39.35:972][824]LogModuleManager: Shutting down and abandoning module EditorSettingsViewer (408)
[2023.01.11-02.39.35:972][824]LogModuleManager: Shutting down and abandoning module SettingsEditor (406)
[2023.01.11-02.39.35:972][824]LogModuleManager: Shutting down and abandoning module ProjectLauncher (404)
[2023.01.11-02.39.35:972][824]LogModuleManager: Shutting down and abandoning module SessionFrontend (402)
[2023.01.11-02.39.35:972][824]LogModuleManager: Shutting down and abandoning module ProfilerClient (400)
[2023.01.11-02.39.35:972][824]LogModuleManager: Shutting down and abandoning module DeviceManager (398)
[2023.01.11-02.39.35:972][824]LogModuleManager: Shutting down and abandoning module TargetDeviceServices (397)
[2023.01.11-02.39.36:037][824]LogModuleManager: Shutting down and abandoning module AutomationController (394)
[2023.01.11-02.39.36:037][824]LogModuleManager: Shutting down and abandoning module AutomationWindow (392)
[2023.01.11-02.39.36:037][824]LogModuleManager: Shutting down and abandoning module Layers (390)
[2023.01.11-02.39.36:037][824]LogModuleManager: Shutting down and abandoning module ComponentVisualizers (388)
[2023.01.11-02.39.36:037][824]LogModuleManager: Shutting down and abandoning module DetailCustomizations (386)
[2023.01.11-02.39.36:037][824]LogModuleManager: Shutting down and abandoning module PackagesDialog (384)
[2023.01.11-02.39.36:037][824]LogModuleManager: Shutting down and abandoning module Persona (382)
[2023.01.11-02.39.36:037][824]LogModuleManager: Shutting down and abandoning module AdvancedPreviewScene (381)
[2023.01.11-02.39.36:037][824]LogModuleManager: Shutting down and abandoning module AnimGraph (379)
[2023.01.11-02.39.36:037][824]LogModuleManager: Shutting down and abandoning module Kismet (376)
[2023.01.11-02.39.36:042][824]LogModuleManager: Shutting down and abandoning module ClassViewer (374)
[2023.01.11-02.39.36:043][824]LogModuleManager: Shutting down and abandoning module Toolbox (372)
[2023.01.11-02.39.36:043][824]LogModuleManager: Shutting down and abandoning module ModuleUI (370)
[2023.01.11-02.39.36:043][824]LogModuleManager: Shutting down and abandoning module MovieSceneTools (368)
[2023.01.11-02.39.36:043][824]LogModuleManager: Shutting down and abandoning module OutputLog (366)
[2023.01.11-02.39.36:043][824]LogModuleManager: Shutting down and abandoning module GammaUI (364)
[2023.01.11-02.39.36:043][824]LogModuleManager: Shutting down and abandoning module Documentation (362)
[2023.01.11-02.39.36:043][824]LogModuleManager: Shutting down and abandoning module MovieSceneTracks (360)
[2023.01.11-02.39.36:043][824]LogModuleManager: Shutting down and abandoning module MovieScene (358)
[2023.01.11-02.39.36:043][824]LogModuleManager: Shutting down and abandoning module Niagara (356)
[2023.01.11-02.39.36:043][824]LogModuleManager: Shutting down and abandoning module NiagaraEditor (355)
[2023.01.11-02.39.36:043][824]LogModuleManager: Shutting down and abandoning module StreamingPauseRendering (352)
[2023.01.11-02.39.36:043][824]LogModuleManager: Shutting down and abandoning module LauncherPlatform (350)
[2023.01.11-02.39.36:043][824]LogModuleManager: Shutting down and abandoning module AnalyticsET (348)
[2023.01.11-02.39.36:043][824]LogModuleManager: Shutting down and abandoning module PortalServices (346)
[2023.01.11-02.39.36:043][824]LogModuleManager: Shutting down and abandoning module PortalRpc (344)
[2023.01.11-02.39.36:043][824]LogModuleManager: Shutting down and abandoning module MessagingRpc (342)
[2023.01.11-02.39.36:043][824]LogModuleManager: Shutting down and abandoning module AIModule (340)
[2023.01.11-02.39.36:043][824]LogModuleManager: Shutting down and abandoning module GameplayDebugger (339)
[2023.01.11-02.39.36:043][824]LogModuleManager: Shutting down and abandoning module AITestSuite (337)
[2023.01.11-02.39.36:043][824]LogModuleManager: Shutting down and abandoning module ProfilerService (334)
[2023.01.11-02.39.36:231][824]LogModuleManager: Shutting down and abandoning module TaskGraph (332)
[2023.01.11-02.39.36:231][824]LogModuleManager: Shutting down and abandoning module SteamVRController (330)
[2023.01.11-02.39.36:231][824]LogModuleManager: Shutting down and abandoning module ProceduralMeshComponentEditor (328)
[2023.01.11-02.39.36:231][824]LogModuleManager: Shutting down and abandoning module ProceduralMeshComponent (326)
[2023.01.11-02.39.36:231][824]LogModuleManager: Shutting down and abandoning module OculusInput (324)
[2023.01.11-02.39.36:231][824]LogModuleManager: Shutting down and abandoning module MobilePatchingUtils (322)
[2023.01.11-02.39.36:231][824]LogModuleManager: Shutting down and abandoning module CustomMeshComponent (320)
[2023.01.11-02.39.36:231][824]LogModuleManager: Shutting down and abandoning module CableComponent (318)
[2023.01.11-02.39.36:231][824]LogModuleManager: Shutting down and abandoning module ArchVisCharacter (316)
[2023.01.11-02.39.36:231][824]LogModuleManager: Shutting down and abandoning module AndroidPermission (314)
[2023.01.11-02.39.36:231][824]LogModuleManager: Shutting down and abandoning module MediaPlayerEditor (310)
[2023.01.11-02.39.36:232][824]LogModuleManager: Shutting down and abandoning module HTML5Networking (308)
[2023.01.11-02.39.36:232][824]LogModuleManager: Shutting down and abandoning module AlembicImporter (306)
[2023.01.11-02.39.36:232][824]LogModuleManager: Shutting down and abandoning module AlembicLibrary (305)
[2023.01.11-02.39.36:232][824]LogModuleManager: Shutting down and abandoning module GeometryCache (304)
[2023.01.11-02.39.36:232][824]LogModuleManager: Shutting down and abandoning module GeometryCacheEd (303)
[2023.01.11-02.39.36:232][824]LogModuleManager: Shutting down and abandoning module SpeedTreeImporter (298)
[2023.01.11-02.39.36:232][824]LogModuleManager: Shutting down and abandoning module PluginBrowser (296)
[2023.01.11-02.39.36:232][824]LogModuleManager: Shutting down and abandoning module MobileLauncherProfileWizard (294)
[2023.01.11-02.39.36:232][824]LogModuleManager: Shutting down and abandoning module VisualStudioSourceCodeAccess (292)
[2023.01.11-02.39.36:232][824]LogModuleManager: Shutting down and abandoning module DesktopPlatform (291)
[2023.01.11-02.39.36:232][824]LogModuleManager: Shutting down and abandoning module UObjectPlugin (288)
[2023.01.11-02.39.36:232][824]LogModuleManager: Shutting down and abandoning module SubversionSourceControl (286)
[2023.01.11-02.39.36:232][824]LogModuleManager: Shutting down and abandoning module PerforceSourceControl (284)
[2023.01.11-02.39.36:232][824]LogModuleManager: Shutting down and abandoning module GitSourceControl (282)
[2023.01.11-02.39.36:232][824]LogModuleManager: Shutting down and abandoning module SourceControl (281)
[2023.01.11-02.39.36:232][824]LogModuleManager: Shutting down and abandoning module LightPropagationVolumeEditor (278)
[2023.01.11-02.39.36:232][824]LogModuleManager: Shutting down and abandoning module PaperTiledImporter (276)
[2023.01.11-02.39.36:232][824]LogModuleManager: Shutting down and abandoning module PaperSpriteSheetImporter (274)
[2023.01.11-02.39.36:232][824]LogModuleManager: Shutting down and abandoning module Paper2DEditor (272)
[2023.01.11-02.39.36:232][824]LogModuleManager: Shutting down and abandoning module MeshPaint (271)
[2023.01.11-02.39.36:232][824]LogModuleManager: Shutting down and abandoning module LevelEditor (269)
[2023.01.11-02.39.36:233][824]LogModuleManager: Shutting down and abandoning module PixelInspectorModule (268)
[2023.01.11-02.39.36:233][824]LogModuleManager: Shutting down and abandoning module MainFrame (266)
[2023.01.11-02.39.36:233][824]LogModuleManager: Shutting down and abandoning module HotReload (265)
[2023.01.11-02.39.36:234][824]LogModuleManager: Shutting down and abandoning module RuntimePhysXCooking (260)
[2023.01.11-02.39.36:234][824]LogModuleManager: Shutting down and abandoning module PhysXVehiclesEditor (258)
[2023.01.11-02.39.36:234][824]LogModuleManager: Shutting down and abandoning module PhysXVehicles (256)
[2023.01.11-02.39.36:234][824]LogModuleManager: Shutting down and abandoning module OculusEditor (254)
[2023.01.11-02.39.36:234][824]LogModuleManager: Shutting down and abandoning module LocationServicesBPLibrary (252)
[2023.01.11-02.39.36:234][824]LogModuleManager: Shutting down and abandoning module ImmediatePhysicsEditor (250)
[2023.01.11-02.39.36:234][824]LogModuleManager: Shutting down and abandoning module ImmediatePhysics (248)
[2023.01.11-02.39.36:234][824]LogModuleManager: Shutting down and abandoning module UdpMessaging (246)
[2023.01.11-02.39.36:334][824]LogModuleManager: Shutting down and abandoning module TcpMessaging (244)
[2023.01.11-02.39.36:435][824]LogModuleManager: Shutting down and abandoning module GameplayTagsEditor (242)
[2023.01.11-02.39.36:435][824]LogModuleManager: Shutting down and abandoning module FacialAnimationEditor (240)
[2023.01.11-02.39.36:435][824]LogModuleManager: Shutting down and abandoning module FacialAnimation (238)
[2023.01.11-02.39.36:435][824]LogModuleManager: Shutting down and abandoning module AssetManagerEditor (236)
[2023.01.11-02.39.36:435][824]LogModuleManager: Shutting down and abandoning module GraphEditor (235)
[2023.01.11-02.39.36:435][824]LogModuleManager: Shutting down and abandoning module ContentBrowser (233)
[2023.01.11-02.39.36:438][824]LogModuleManager: Shutting down and abandoning module LightPropagationVolumeRuntime (230)
[2023.01.11-02.39.36:438][824]LogModuleManager: Shutting down and abandoning module Paper2D (228)
[2023.01.11-02.39.36:438][824]LogModuleManager: Shutting down and abandoning module WindowsMoviePlayer (226)
[2023.01.11-02.39.36:438][824]LogModuleManager: Shutting down and abandoning module WmfMedia (224)
[2023.01.11-02.39.36:440][824]LogModuleManager: Shutting down and abandoning module PacketHandler (222)
[2023.01.11-02.39.36:440][824]LogModuleManager: Shutting down and abandoning module ClothingSystemEditor (220)
[2023.01.11-02.39.36:440][824]LogModuleManager: Shutting down and abandoning module ClothingSystemRuntime (218)
[2023.01.11-02.39.36:440][824]LogModuleManager: Shutting down and abandoning module Overlay (216)
[2023.01.11-02.39.36:440][824]LogModuleManager: Shutting down and abandoning module OverlayEditor (215)
[2023.01.11-02.39.36:440][824]LogModuleManager: Shutting down and abandoning module MediaAssets (212)
[2023.01.11-02.39.36:440][824]LogModuleManager: Shutting down and abandoning module VREditor (210)
[2023.01.11-02.39.36:440][824]LogModuleManager: Shutting down and abandoning module StringTableEditor (208)
[2023.01.11-02.39.36:440][824]LogModuleManager: Shutting down and abandoning module GameplayTasksEditor (206)
[2023.01.11-02.39.36:440][824]LogModuleManager: Shutting down and abandoning module BehaviorTreeEditor (204)
[2023.01.11-02.39.36:440][824]LogModuleManager: Shutting down and abandoning module FunctionalTesting (202)
[2023.01.11-02.39.36:440][824]LogModuleManager: Shutting down and abandoning module CollisionAnalyzer (200)
[2023.01.11-02.39.36:440][824]LogModuleManager: Shutting down and abandoning module WorkspaceMenuStructure (199)
[2023.01.11-02.39.36:440][824]LogModuleManager: Shutting down and abandoning module UMG (196)
[2023.01.11-02.39.36:440][824]LogModuleManager: Shutting down and abandoning module UMGEditor (195)
[2023.01.11-02.39.36:440][824]LogModuleManager: Shutting down and abandoning module Sequencer (194)
[2023.01.11-02.39.36:441][824]LogModuleManager: Shutting down and abandoning module MessageLog (191)
[2023.01.11-02.39.36:441][824]LogModuleManager: Shutting down and abandoning module SlateReflector (186)
[2023.01.11-02.39.36:441][824]LogModuleManager: Shutting down and abandoning module Slate (184)
[2023.01.11-02.39.36:441][824]LogModuleManager: Shutting down and abandoning module EditorStyle (182)
[2023.01.11-02.39.36:443][824]LogModuleManager: Shutting down and abandoning module MRMesh (180)
[2023.01.11-02.39.36:443][824]LogModuleManager: Shutting down and abandoning module SourceCodeAccess (178)
[2023.01.11-02.39.36:443][824]LogModuleManager: Shutting down and abandoning module HeadMountedDisplay (176)
[2023.01.11-02.39.36:443][824]LogModuleManager: Shutting down and abandoning module XAudio2 (174)
[2023.01.11-02.39.36:443][824]LogModuleManager: Shutting down and abandoning module Networking (172)
[2023.01.11-02.39.36:443][824]LogModuleManager: Shutting down and abandoning module Core (168)
[2023.01.11-02.39.36:443][824]LogModuleManager: Shutting down and abandoning module KismetCompiler (164)
[2023.01.11-02.39.36:443][824]LogModuleManager: Shutting down and abandoning module LevelSequence (162)
[2023.01.11-02.39.36:443][824]LogModuleManager: Shutting down and abandoning module MeshUtilities (160)
[2023.01.11-02.39.36:443][824]LogModuleManager: Shutting down and abandoning module MeshMergeUtilities (159)
[2023.01.11-02.39.36:443][824]LogModuleManager: Shutting down and abandoning module MeshReductionInterface (158)
[2023.01.11-02.39.36:443][824]LogModuleManager: Shutting down and abandoning module SimplygonSwarm (157)
[2023.01.11-02.39.36:443][824]LogModuleManager: Shutting down and abandoning module SimplygonMeshReduction (155)
[2023.01.11-02.39.36:443][824]LogModuleManager: Shutting down and abandoning module QuadricMeshReduction (153)
[2023.01.11-02.39.36:443][824]LogModuleManager: Shutting down and abandoning module MaterialBaking (149)
[2023.01.11-02.39.36:444][824]LogModuleManager: Shutting down and abandoning module DirectoryWatcher (146)
[2023.01.11-02.39.36:446][824]LogModuleManager: Shutting down and abandoning module DerivedDataCache (144)
[2023.01.11-02.39.36:542][824]LogDerivedDataCache: Shutdown
[2023.01.11-02.39.36:542][824]LogModuleManager: Shutting down and abandoning module TargetPlatform (142)
[2023.01.11-02.39.36:542][824]LogModuleManager: Shutting down and abandoning module VulkanShaderFormat (141)
[2023.01.11-02.39.36:542][824]LogModuleManager: Shutting down and abandoning module ShaderFormatVectorVM (139)
[2023.01.11-02.39.36:542][824]LogModuleManager: Shutting down and abandoning module ShaderFormatOpenGL (137)
[2023.01.11-02.39.36:542][824]LogModuleManager: Shutting down and abandoning module ShaderFormatD3D (135)
[2023.01.11-02.39.36:542][824]LogModuleManager: Shutting down and abandoning module MetalShaderFormat (133)
[2023.01.11-02.39.36:542][824]LogModuleManager: Shutting down and abandoning module TextureFormatUncompressed (131)
[2023.01.11-02.39.36:542][824]LogModuleManager: Shutting down and abandoning module TextureFormatPVR (129)
[2023.01.11-02.39.36:543][824]LogModuleManager: Shutting down and abandoning module TextureFormatDXT (127)
[2023.01.11-02.39.36:543][824]LogModuleManager: Shutting down and abandoning module TextureFormatIntelISPCTexComp (125)
[2023.01.11-02.39.36:543][824]LogModuleManager: Shutting down and abandoning module TextureFormatASTC (123)
[2023.01.11-02.39.36:543][824]LogModuleManager: Shutting down and abandoning module ImageWrapper (122)
[2023.01.11-02.39.36:543][824]LogModuleManager: Shutting down and abandoning module TextureFormatAndroid (119)
[2023.01.11-02.39.36:543][824]LogModuleManager: Shutting down and abandoning module AudioFormatOpus (117)
[2023.01.11-02.39.36:543][824]LogModuleManager: Shutting down and abandoning module AudioFormatOgg (115)
[2023.01.11-02.39.36:543][824]LogModuleManager: Shutting down and abandoning module AudioFormatADPCM (113)
[2023.01.11-02.39.36:543][824]LogModuleManager: Shutting down and abandoning module LinuxTargetPlatform (111)
[2023.01.11-02.39.36:543][824]LogModuleManager: Shutting down and abandoning module LinuxServerTargetPlatform (109)
[2023.01.11-02.39.36:543][824]LogModuleManager: Shutting down and abandoning module LinuxNoEditorTargetPlatform (107)
[2023.01.11-02.39.36:543][824]LogModuleManager: Shutting down and abandoning module LinuxClientTargetPlatform (105)
[2023.01.11-02.39.36:543][824]LogModuleManager: Shutting down and abandoning module TVOSTargetPlatform (103)
[2023.01.11-02.39.36:543][824]LogModuleManager: Shutting down and abandoning module Messaging (101)
[2023.01.11-02.39.36:543][824]LogModuleManager: Shutting down and abandoning module IOSTargetPlatform (99)
[2023.01.11-02.39.36:543][824]LogModuleManager: Shutting down and abandoning module HTML5TargetPlatform (97)
[2023.01.11-02.39.36:543][824]LogModuleManager: Shutting down and abandoning module Android_PVRTCTargetPlatform (95)
[2023.01.11-02.39.36:543][824]LogModuleManager: Shutting down and abandoning module Android_MultiTargetPlatform (93)
[2023.01.11-02.39.36:543][824]LogModuleManager: Shutting down and abandoning module Android_ETC2TargetPlatform (91)
[2023.01.11-02.39.36:543][824]LogModuleManager: Shutting down and abandoning module Android_ETC1TargetPlatform (89)
[2023.01.11-02.39.36:543][824]LogModuleManager: Shutting down and abandoning module Android_DXTTargetPlatform (87)
[2023.01.11-02.39.36:543][824]LogModuleManager: Shutting down and abandoning module Android_ATCTargetPlatform (85)
[2023.01.11-02.39.36:543][824]LogModuleManager: Shutting down and abandoning module Android_ASTCTargetPlatform (83)
[2023.01.11-02.39.36:543][824]LogModuleManager: Shutting down and abandoning module AndroidTargetPlatform (81)
[2023.01.11-02.39.36:543][824]LogModuleManager: Shutting down and abandoning module WindowsTargetPlatform (79)
[2023.01.11-02.39.36:543][824]LogModuleManager: Shutting down and abandoning module WindowsServerTargetPlatform (77)
[2023.01.11-02.39.36:543][824]LogModuleManager: Shutting down and abandoning module WindowsNoEditorTargetPlatform (75)
[2023.01.11-02.39.36:543][824]LogModuleManager: Shutting down and abandoning module WindowsClientTargetPlatform (73)
[2023.01.11-02.39.36:543][824]LogModuleManager: Shutting down and abandoning module MacTargetPlatform (71)
[2023.01.11-02.39.36:543][824]LogModuleManager: Shutting down and abandoning module MacServerTargetPlatform (69)
[2023.01.11-02.39.36:543][824]LogModuleManager: Shutting down and abandoning module MacNoEditorTargetPlatform (67)
[2023.01.11-02.39.36:543][824]LogModuleManager: Shutting down and abandoning module MacClientTargetPlatform (65)
[2023.01.11-02.39.36:543][824]LogModuleManager: Shutting down and abandoning module AllDesktopTargetPlatform (63)
[2023.01.11-02.39.36:543][824]LogModuleManager: Shutting down and abandoning module InputCore (60)
[2023.01.11-02.39.36:543][824]LogModuleManager: Shutting down and abandoning module Settings (58)
[2023.01.11-02.39.36:543][824]LogModuleManager: Shutting down and abandoning module PhysXCooking (56)
[2023.01.11-02.39.36:543][824]LogModuleManager: Shutting down and abandoning module SteamVR (54)
[2023.01.11-02.39.36:543][824]LogModuleManager: Shutting down and abandoning module OculusHMD (52)
[2023.01.11-02.39.36:543][824]LogModuleManager: Shutting down and abandoning module ExampleDeviceProfileSelector (50)
[2023.01.11-02.39.36:543][824]LogModuleManager: Shutting down and abandoning module OnlineBlueprintSupport (48)
[2023.01.11-02.39.36:543][824]LogModuleManager: Shutting down and abandoning module OnlineSubsystem (44)
[2023.01.11-02.39.36:543][824]LogOnline: Display: Unloading online subsystem: NULL
[2023.01.11-02.39.36:544][824]LogModuleManager: Shutting down and abandoning module XMPP (43)
[2023.01.11-02.39.36:544][824]LogModuleManager: Shutting down and abandoning module HTTP (41)
[2023.01.11-02.39.36:544][824]LogHttp: Display: Http module shutting down, but needs to wait on 1 outstanding Http requests:
[2023.01.11-02.39.36:544][824]LogHttp: Display: 	verb=[POST] url=[https://datarouter.ol.epicgames.com/datarouter/api/v1/public/data?SessionID=%7B2B859155-44EE-5121-FB86-74A28D4CF3F3%7D&AppID=UEEditor.Rocket.Release&AppVersion=4.17.2-3658906%2B%2B%2BUE4%2BRelease-4.17&UserID=ea2c3102465571ac8674c18b46ca9428%7C13a763a1247c43cabf4d5e0d482ef43a%7Cd03405d0-8f5c-42d6-b8cb-ef9b49d4cc7f&AppEnvironment=datacollector-binary&UploadType=eteventstream] status=Processing
[2023.01.11-02.39.36:579][824]LogModuleManager: Shutting down and abandoning module SSL (40)
[2023.01.11-02.39.36:580][824]LogModuleManager: Shutting down and abandoning module AnimationModifiers (36)
[2023.01.11-02.39.36:580][824]LogModuleManager: Shutting down and abandoning module PropertyEditor (35)
[2023.01.11-02.39.36:580][824]LogModuleManager: Shutting down and abandoning module AudioEditor (32)
[2023.01.11-02.39.36:580][824]LogModuleManager: Shutting down and abandoning module TextureCompressor (30)
[2023.01.11-02.39.36:581][824]LogModuleManager: Shutting down and abandoning module ShaderCore (28)
[2023.01.11-02.39.36:581][824]LogModuleManager: Shutting down and abandoning module Landscape (26)
[2023.01.11-02.39.36:581][824]LogModuleManager: Shutting down and abandoning module SlateRHIRenderer (24)
[2023.01.11-02.39.36:588][824]LogModuleManager: Shutting down and abandoning module OpenGLDrv (22)
[2023.01.11-02.39.36:588][824]LogModuleManager: Shutting down and abandoning module D3D11RHI (20)
[2023.01.11-02.39.36:588][824]LogModuleManager: Shutting down and abandoning module AnimGraphRuntime (18)
[2023.01.11-02.39.36:588][824]LogModuleManager: Shutting down and abandoning module Renderer (16)
[2023.01.11-02.39.36:588][824]LogModuleManager: Shutting down and abandoning module Engine (14)
[2023.01.11-02.39.36:588][824]LogModuleManager: Shutting down and abandoning module CoreUObject (12)
[2023.01.11-02.39.36:588][824]LogModuleManager: Shutting down and abandoning module NetworkFile (10)
[2023.01.11-02.39.36:588][824]LogModuleManager: Shutting down and abandoning module CookedIterativeFile (8)
[2023.01.11-02.39.36:588][824]LogModuleManager: Shutting down and abandoning module StreamingFile (6)
[2023.01.11-02.39.36:588][824]LogModuleManager: Shutting down and abandoning module SandboxFile (4)
[2023.01.11-02.39.36:588][824]LogModuleManager: Shutting down and abandoning module PakFile (2)
[2023.01.11-02.39.36:593][824]LogExit: Exiting.
[2023.01.11-02.39.36:604][824]Log file closed, 01/11/23 11:39:36
