Log file open, 01/24/23 13:19:37
LogWindows: Failed to load 'aqProf.dll' (GetLastError=126)
LogWindows: File 'aqProf.dll' does not exist
LogWindows: Failed to load 'VSPerf140.dll' (GetLastError=126)
LogWindows: File 'VSPerf140.dll' does not exist
LogWindows: Failed to load 'VtuneApi.dll' (GetLastError=126)
LogWindows: File 'VtuneApi.dll' does not exist
LogWindows: Failed to load 'VtuneApi32e.dll' (GetLastError=126)
LogWindows: File 'VtuneApi32e.dll' does not exist
LogInit: Display: Running engine for game: MyProject2
LogPlatformFile: Not using cached read wrapper
LogInit: Display: RandInit(-175691195) SRandInit(-175691195).
LogTaskGraph: Started task graph with 5 named threads and 20 total threads with 3 sets of task threads.
LogStats: Stats thread started at 0.311958
LogD3D11RHI: Aftermath initialized
LogPluginManager: Mounting plugin Paper2D
LogPluginManager: Mounting plugin LightPropagationVolume
LogPluginManager: Mounting plugin CodeLiteSourceCodeAccess
LogPluginManager: Mounting plugin GitSourceControl
LogPluginManager: Mounting plugin KDevelopSourceCodeAccess
LogPluginManager: Mounting plugin NullSourceCodeAccess
LogPluginManager: Mounting plugin PerforceSourceControl
LogPluginManager: Mounting plugin SubversionSourceControl
LogPluginManager: Mounting plugin UObjectPlugin
LogPluginManager: Mounting plugin VisualStudioSourceCodeAccess
LogPluginManager: Mounting plugin XCodeSourceCodeAccess
LogPluginManager: Mounting plugin AssetManagerEditor
LogPluginManager: Mounting plugin AudioCapture
LogPluginManager: Mounting plugin FacialAnimation
LogPluginManager: Mounting plugin GameplayTagsEditor
LogPluginManager: Mounting plugin MobileLauncherProfileWizard
LogPluginManager: Mounting plugin PluginBrowser
LogPluginManager: Mounting plugin SpeedTreeImporter
LogPluginManager: Mounting plugin AlembicImporter
LogPluginManager: Mounting plugin CharacterAI
LogPluginManager: Mounting plugin HTML5Networking
LogPluginManager: Mounting plugin AndroidMedia
LogPluginManager: Mounting plugin AvfMedia
LogPluginManager: Mounting plugin MediaPlayerEditor
LogPluginManager: Mounting plugin WmfMedia
LogPluginManager: Mounting plugin TcpMessaging
LogPluginManager: Mounting plugin UdpMessaging
LogPluginManager: Mounting plugin LevelSequenceEditor
LogPluginManager: Mounting plugin MatineeToLevelSequence
LogPluginManager: Mounting plugin OnlineSubsystemGooglePlay
LogPluginManager: Mounting plugin OnlineSubsystemIOS
LogPluginManager: Mounting plugin OnlineSubsystem
LogPluginManager: Mounting plugin OnlineSubsystemNull
LogPluginManager: Mounting plugin OnlineSubsystemUtils
LogPluginManager: Mounting plugin AndroidDeviceProfileSelector
LogPluginManager: Mounting plugin AndroidMoviePlayer
LogPluginManager: Mounting plugin AndroidPermission
LogPluginManager: Mounting plugin AppleMoviePlayer
LogPluginManager: Mounting plugin ArchVisCharacter
LogPluginManager: Mounting plugin CableComponent
LogPluginManager: Mounting plugin CustomMeshComponent
LogPluginManager: Mounting plugin ExampleDeviceProfileSelector
LogPluginManager: Mounting plugin GoogleCloudMessaging
LogPluginManager: Mounting plugin ImmediatePhysics
LogPluginManager: Mounting plugin IOSDeviceProfileSelector
LogPluginManager: Mounting plugin LinuxDeviceProfileSelector
LogPluginManager: Mounting plugin LocationServicesBPLibrary
LogPluginManager: Mounting plugin MobilePatchingUtils
LogPluginManager: Mounting plugin OculusVR
LogPluginManager: Mounting plugin PhysXVehicles
LogPluginManager: Mounting plugin ProceduralMeshComponent
LogPluginManager: Mounting plugin RuntimePhysXCooking
LogPluginManager: Mounting plugin SteamVR
LogPluginManager: Mounting plugin WindowsMoviePlayer
LogInit: Using libcurl 7.47.1
LogInit:  - built for x86_64-pc-win32
LogInit:  - supports SSL with OpenSSL/1.0.2g
LogInit:  - supports HTTP deflate (compression) using libz 1.2.8
LogInit:  - other features:
LogInit:      CURL_VERSION_SSL
LogInit:      CURL_VERSION_LIBZ
LogInit:      CURL_VERSION_IPV6
LogInit:      CURL_VERSION_ASYNCHDNS
LogInit:      CURL_VERSION_LARGEFILE
LogInit:      CURL_VERSION_IDN
LogInit:  CurlRequestOptions (configurable via config and command line):
LogInit:  - bVerifyPeer = false  - Libcurl will NOT verify peer certificate
LogInit:  - bUseHttpProxy = false  - Libcurl will NOT use HTTP proxy
LogInit:  - bDontReuseConnections = false  - Libcurl will reuse connections
LogInit:  - CertBundlePath = nullptr  - Libcurl will use whatever was configured at build time.
LogInit: Build: ++UE4+Release-4.17-CL-3658906
LogInit: Engine Version: 4.17.2-3658906+++UE4+Release-4.17
LogInit: Compatible Engine Version: 4.17.0-3573198+++UE4+Release-4.17
LogInit: Net CL: 3573198
LogDevObjectVersion: Number of dev versions registered: 16
LogDevObjectVersion:   Dev-Blueprints (B0D832E4-1F89-4F0D-ACCF-7EB736FD4AA2): 10
LogDevObjectVersion:   Dev-Build (E1C64328-A22C-4D53-A36C-8E866417BD8C): 0
LogDevObjectVersion:   Dev-Core (375EC13C-06E4-48FB-B500-84F0262A717E): 2
LogDevObjectVersion:   Dev-Editor (E4B068ED-F494-42E9-A231-DA0B2E46BB41): 20
LogDevObjectVersion:   Dev-Framework (CFFC743F-43B0-4480-9391-14DF171D2073): 28
LogDevObjectVersion:   Dev-Mobile (B02B49B5-BB20-44E9-A304-32B752E40360): 0
LogDevObjectVersion:   Dev-Networking (A4E4105C-59A1-49B5-A7C5-40C4547EDFEE): 0
LogDevObjectVersion:   Dev-Online (39C831C9-5AE6-47DC-9A44-9C173E1C8E7C): 0
LogDevObjectVersion:   Dev-Physics (78F01B33-EBEA-4F98-B9B4-84EACCB95AA2): 0
LogDevObjectVersion:   Dev-Platform (6631380F-2D4D-43E0-8009-CF276956A95A): 0
LogDevObjectVersion:   Dev-Rendering (12F88B9F-8875-4AFC-A67C-D90C383ABD29): 19
LogDevObjectVersion:   Dev-Sequencer (7B5AE74C-D270-4C10-A958-57980B212A5A): 4
LogDevObjectVersion:   Dev-VR (D7296918-1DD6-4BDD-9DE2-64A83CC13884): 0
LogDevObjectVersion:   Dev-LoadTimes (C2A15278-BFE7-4AFE-6C17-90FF531DF755): 1
LogDevObjectVersion:   Private-Geometry (6EACA3D4-40EC-4CC1-B786-8BED09428FC5): 1
LogDevObjectVersion:   Dev-AnimPhys (29E575DD-E0A3-4627-9D10-D276232CDCEA): 7
LogInit: Compiled (64-bit): Sep 22 2017 13:47:16
LogInit: Compiled with Visual C++: 19.00.24215.01
LogInit: Build Configuration: Development
LogInit: Branch Name: ++UE4+Release-4.17
LogInit: Command line:  
LogInit: Base directory: D:/school/Unreal/UE_4.17/Engine/Binaries/Win64/
LogInit: Installed Engine Build: 1
LogInit: Presizing for max 8388607 objects, including 0 objects not considered by GC, pre-allocating 0 bytes for permanent pool.
LogInit: Object subsystem initialized
[2023.01.24-04.19.38:511][  0]LogInit: Selected Device Profile: [Windows]
[2023.01.24-04.19.38:511][  0]LogInit: Applying CVar settings loaded from the selected device profile: [Windows]
[2023.01.24-04.19.38:523][  0]LogInit: Computer: KBC12006040
[2023.01.24-04.19.38:523][  0]LogInit: User: kbc12006040
[2023.01.24-04.19.38:523][  0]LogInit: CPU Page size=4096, Cores=6
[2023.01.24-04.19.38:523][  0]LogInit: High frequency timer resolution =10.000000 MHz
[2023.01.24-04.19.38:523][  0]LogMemory: Memory total: Physical=15.8GB (16GB approx)
[2023.01.24-04.19.38:523][  0]LogMemory: Platform Memory Stats for Windows
[2023.01.24-04.19.38:523][  0]LogMemory: Process Physical Memory: 281.34 MB used, 281.35 MB peak
[2023.01.24-04.19.38:523][  0]LogMemory: Process Virtual Memory: 280.89 MB used, 280.89 MB peak
[2023.01.24-04.19.38:523][  0]LogMemory: Physical Memory: 8686.93 MB used,  7542.99 MB free, 16229.91 MB total
[2023.01.24-04.19.38:523][  0]LogMemory: Virtual Memory: 4799.80 MB used,  7542.99 MB free, 134217728.00 MB total
[2023.01.24-04.19.38:753][  0]LogInit: Using OS detected language (ja-JP).
[2023.01.24-04.19.38:753][  0]LogInit: Using OS detected locale (ja-JP).
[2023.01.24-04.19.38:756][  0]LogTextLocalizationManager: No specific localization for 'ja-JP' exists, so the 'ja' localization will be used.
[2023.01.24-04.19.39:307][  0]LogD3D11RHI: D3D11 adapters:
[2023.01.24-04.19.39:439][  0]LogD3D11RHI:    0. 'NVIDIA GeForce GTX 1650 with Max-Q Design' (Feature Level 11_0)
[2023.01.24-04.19.39:439][  0]LogD3D11RHI:       3949/0/8114 MB DedicatedVideo/DedicatedSystem/SharedSystem, Outputs:1, VendorId:0x10de
[2023.01.24-04.19.39:489][  0]LogD3D11RHI:    1. 'Intel(R) UHD Graphics 630' (Feature Level 11_0)
[2023.01.24-04.19.39:489][  0]LogD3D11RHI:       128/0/8114 MB DedicatedVideo/DedicatedSystem/SharedSystem, Outputs:0, VendorId:0x8086
[2023.01.24-04.19.39:491][  0]LogD3D11RHI:    2. 'Microsoft Basic Render Driver' (Feature Level 11_0)
[2023.01.24-04.19.39:491][  0]LogD3D11RHI:       0/0/8114 MB DedicatedVideo/DedicatedSystem/SharedSystem, Outputs:0, VendorId:0x1414
[2023.01.24-04.19.39:491][  0]LogD3D11RHI: Chosen D3D11 Adapter: 0
[2023.01.24-04.19.39:498][  0]LogD3D11RHI: Creating new Direct3DDevice
[2023.01.24-04.19.39:498][  0]LogD3D11RHI:     GPU DeviceId: 0x1f91 (for the marketing name, search the web for "GPU Device Id")
[2023.01.24-04.19.39:499][  0]LogWindows: EnumDisplayDevices:
[2023.01.24-04.19.39:499][  0]LogWindows:    0. 'Intel(R) UHD Graphics 630' (P:1 D:1)
[2023.01.24-04.19.39:499][  0]LogWindows:    1. 'Intel(R) UHD Graphics 630' (P:0 D:0)
[2023.01.24-04.19.39:499][  0]LogWindows:    2. 'Intel(R) UHD Graphics 630' (P:0 D:0)
[2023.01.24-04.19.39:499][  0]LogWindows: DebugString: GetVideoDriverDetailsInvalid PrimaryIsNotTheChoosenAdapter GetVideoDriverDetailsInvalid PrimaryIsNotTheChoosenAdapter GetVideoDriverDetailsInvalid PrimaryIsNotTheChoosenAdapter FoundDriverCount:0 
[2023.01.24-04.19.39:499][  0]LogD3D11RHI:     Adapter Name: NVIDIA GeForce GTX 1650 with Max-Q Design
[2023.01.24-04.19.39:499][  0]LogD3D11RHI:   Driver Version: Unknown (internal:Unknown, unified:Unknown)
[2023.01.24-04.19.39:499][  0]LogD3D11RHI:      Driver Date: Unknown
[2023.01.24-04.19.39:499][  0]LogRHI: Texture pool is 1361 MB (70% of 1945 MB)
[2023.01.24-04.19.39:574][  0]LogD3D11RHI: Async texture creation enabled
[2023.01.24-04.19.39:585][  0]LogD3D11RHI: GPU Timing Frequency: 1000.000000 (Debug: 2 1)
[2023.01.24-04.19.39:586][  0]LogShaderCompilers: Guid format shader working directory is 18 characters bigger than the processId version (../../../../Team_Unreal/MyProject2/Intermediate/Shaders/WorkingDirectory/9668/).
[2023.01.24-04.19.39:586][  0]LogShaderCompilers: Cleaned the shader compiler working directory 'C:/Users/kbc12006040/AppData/Local/Temp/UnrealShaderWorkingDir/71E08FFF4BE6A8A2047888AFFACC40A7/'.
[2023.01.24-04.19.39:586][  0]LogShaderCompilers: Display: Using Local Shader Compiler.
[2023.01.24-04.19.40:433][  0]LogTemp: Display: Loaded TP AllDesktopTargetPlatform
[2023.01.24-04.19.40:484][  0]LogTemp: Display: Loaded TP MacClientTargetPlatform
[2023.01.24-04.19.40:534][  0]LogTemp: Display: Loaded TP MacNoEditorTargetPlatform
[2023.01.24-04.19.40:582][  0]LogTemp: Display: Loaded TP MacServerTargetPlatform
[2023.01.24-04.19.40:631][  0]LogTemp: Display: Loaded TP MacTargetPlatform
[2023.01.24-04.19.40:680][  0]LogTemp: Display: Loaded TP WindowsClientTargetPlatform
[2023.01.24-04.19.40:732][  0]LogTemp: Display: Loaded TP WindowsNoEditorTargetPlatform
[2023.01.24-04.19.40:781][  0]LogTemp: Display: Loaded TP WindowsServerTargetPlatform
[2023.01.24-04.19.40:825][  0]LogTemp: Display: Loaded TP WindowsTargetPlatform
[2023.01.24-04.19.40:875][  0]LogTemp: Display: Loaded TP AndroidTargetPlatform
[2023.01.24-04.19.40:922][  0]LogTemp: Display: Loaded TP Android_ASTCTargetPlatform
[2023.01.24-04.19.40:969][  0]LogTemp: Display: Loaded TP Android_ATCTargetPlatform
[2023.01.24-04.19.41:018][  0]LogTemp: Display: Loaded TP Android_DXTTargetPlatform
[2023.01.24-04.19.41:066][  0]LogTemp: Display: Loaded TP Android_ETC1TargetPlatform
[2023.01.24-04.19.41:112][  0]LogTemp: Display: Loaded TP Android_ETC2TargetPlatform
[2023.01.24-04.19.41:209][  0]LogTemp: Display: Loaded TP Android_MultiTargetPlatform
[2023.01.24-04.19.41:209][  0]LogTemp: Display: Loaded TP Android_PVRTCTargetPlatform
[2023.01.24-04.19.41:247][  0]LogTemp: Display: Loaded TP HTML5TargetPlatform
[2023.01.24-04.19.41:337][  0]LogTemp: Display: Loaded TP IOSTargetPlatform
[2023.01.24-04.19.41:362][  0]LogTemp: Display: Loaded TP TVOSTargetPlatform
[2023.01.24-04.19.41:409][  0]LogTemp: Display: Loaded TP LinuxClientTargetPlatform
[2023.01.24-04.19.41:457][  0]LogTemp: Display: Loaded TP LinuxNoEditorTargetPlatform
[2023.01.24-04.19.41:505][  0]LogTemp: Display: Loaded TP LinuxServerTargetPlatform
[2023.01.24-04.19.41:575][  0]LogTemp: Display: Loaded TP LinuxTargetPlatform
[2023.01.24-04.19.41:575][  0]LogTargetPlatformManager: Display: Building Assets For Windows
[2023.01.24-04.19.42:032][  0]LogDerivedDataCache: Display: Max Cache Size: 512 MB
[2023.01.24-04.19.42:112][  0]LogDerivedDataCache: Loaded boot cache 0.08s 93MB C:/Users/kbc12006040/AppData/Local/UnrealEngine/4.17/DerivedDataCache/Boot.ddc.
[2023.01.24-04.19.42:112][  0]LogDerivedDataCache: Display: Loaded Boot cache: C:/Users/kbc12006040/AppData/Local/UnrealEngine/4.17/DerivedDataCache/Boot.ddc
[2023.01.24-04.19.42:112][  0]LogDerivedDataCache: FDerivedDataBackendGraph:  Pak pak cache file ../../../../Team_Unreal/MyProject2/DerivedDataCache/DDC.ddp not found, will not use a pak cache.
[2023.01.24-04.19.42:112][  0]LogDerivedDataCache: Unable to find inner node Pak for hierarchical cache Hierarchy.
[2023.01.24-04.19.42:112][  0]LogDerivedDataCache: FDerivedDataBackendGraph:  CompressedPak pak cache file ../../../../Team_Unreal/MyProject2/DerivedDataCache/Compressed.ddp not found, will not use a pak cache.
[2023.01.24-04.19.42:112][  0]LogDerivedDataCache: Unable to find inner node CompressedPak for hierarchical cache Hierarchy.
[2023.01.24-04.19.42:125][  0]LogDerivedDataCache: Display: Pak cache opened for reading ../../../Engine/DerivedDataCache/Compressed.ddp.
[2023.01.24-04.19.42:138][  0]LogDerivedDataCache: Using Local data cache path C:/Users/kbc12006040/AppData/Local/UnrealEngine/Common/DerivedDataCache: Writable
[2023.01.24-04.19.42:146][  0]LogMaterial: Verifying Global Shaders for PCD3D_SM5
[2023.01.24-04.19.42:146][  0]LogSlate: Using Freetype 2.6.0
[2023.01.24-04.19.42:147][  0]LogSlate: SlateFontCache - WITH_FREETYPE: 1, WITH_HARFBUZZ: 1
[2023.01.24-04.19.42:147][  0]LogSlate: SlateFontCache - WITH_FREETYPE: 1, WITH_HARFBUZZ: 1
[2023.01.24-04.19.42:401][  0]LogAssetRegistry: FAssetRegistry took 0.0249 seconds to start up
[2023.01.24-04.19.42:500][  0]LogInit: Selected Device Profile: [Windows]
[2023.01.24-04.19.42:634][  0]LogContentStreaming: Texture pool size is 0.00 MB
[2023.01.24-04.19.42:905][  0]LogSimplygon: Simplygon DLL not present - disabling.
[2023.01.24-04.19.42:945][  0]LogMeshReduction: Using SimplygonSwarm for distributed automatic mesh merging
[2023.01.24-04.19.42:945][  0]LogMeshReduction: Using QuadricMeshReduction for automatic static mesh reduction
[2023.01.24-04.19.42:945][  0]LogMeshReduction: No automatic skeletal mesh reduction module available
[2023.01.24-04.19.42:945][  0]LogMeshReduction: No automatic mesh merging module available
[2023.01.24-04.19.42:945][  0]LogMeshMerging: No automatic mesh merging module available
[2023.01.24-04.19.43:250][  0]LogNetVersion: MyProject2 , NetCL: 3573198, EngineNetVer: 2, GameNetVer: 0 (Checksum: 237949846)
[2023.01.24-04.19.43:444][  0]LogPackageLocalizationCache: Processed 5 localized package path(s) for 2 prioritized culture(s) in 0.041107 seconds
[2023.01.24-04.19.43:448][  0]LogUObjectArray: 35825 objects as part of root set at end of initial load.
[2023.01.24-04.19.43:448][  0]LogUObjectAllocator: 7529112 out of 0 bytes used by permanent object pool.
[2023.01.24-04.19.43:448][  0]LogUObjectArray: CloseDisregardForGC: 0/0 objects in disregard for GC pool
[2023.01.24-04.19.43:501][  0]LogInit: WinSock: version 1.1 (2.2), MaxSocks=32767, MaxUdp=65467
[2023.01.24-04.19.45:922][  0]LogTcpMessaging: Initializing TcpMessaging bridge
[2023.01.24-04.19.45:962][  0]LogUdpMessaging: Initializing bridge on interface 0.0.0.0:0 to multicast group 230.0.0.1:6666.
[2023.01.24-04.19.46:619][  0]LogMaterial: Uniform references updated for custom material expression Custom.
[2023.01.24-04.19.47:021][  0]SourceControl: ソースコントロールは無効です
[2023.01.24-04.19.47:021][  0]SourceControl: ソースコントロールは無効です
[2023.01.24-04.19.47:070][  0]SourceControl: ソースコントロールは無効です
[2023.01.24-04.19.47:117][  0]SourceControl: ソースコントロールは無効です
[2023.01.24-04.19.47:698][  0]LogAndroidPermission: UAndroidPermissionCallbackProxy::GetInstance
[2023.01.24-04.19.47:946][  0]LogOcInput: OculusInput pre-init called
[2023.01.24-04.19.48:195][  0]LogEngine: Initializing Engine...
[2023.01.24-04.19.48:197][  0]LogHMD: Failed to initialize OpenVR with code 110
[2023.01.24-04.19.48:382][  0]LogStats: UGameplayTagsManager::ConstructGameplayTagTree: Construct from data asset -  0.000 s
[2023.01.24-04.19.48:382][  0]LogStats: UGameplayTagsManager::ConstructGameplayTagTree: GameplayTagTreeChangedEvent.Broadcast -  0.000 s
[2023.01.24-04.19.48:500][  0]LogAIModule: Creating AISystem for world Untitled
[2023.01.24-04.19.48:563][  0]LogInit: XAudio2 using 'スピーカー (Realtek(R) Audio)' : 2 channels at 48 kHz using 32 bits per sample (channel mask 0x3)
[2023.01.24-04.19.48:656][  0]LogInit: FAudioDevice initialized.
[2023.01.24-04.19.48:719][  0]LogDerivedDataCache: Saved boot cache 0.06s 93MB C:/Users/kbc12006040/AppData/Local/UnrealEngine/4.17/DerivedDataCache/Boot.ddc.
[2023.01.24-04.19.48:722][  0]LogInit: Texture streaming: Enabled
[2023.01.24-04.19.48:819][  0]LogEngineSessionManager: EngineSessionManager initialized
[2023.01.24-04.19.49:023][  0]LogInit: Transaction tracking system initialized
[2023.01.24-04.19.49:304][  0]BlueprintLog: New page: エディタの読み込み
[2023.01.24-04.19.50:157][  0]LocalizationService: ローカライズのサービスが無効になりました
[2023.01.24-04.19.50:828][  0]LogConsoleResponse: Display: 
[2023.01.24-04.19.50:992][  0]LogCook: Display: Max memory allowance for cook 16384mb min free memory 0mb
[2023.01.24-04.19.50:992][  0]LogCook: Display: Mobile HDR setting 1
[2023.01.24-04.19.50:992][  0]LogGameplayTags: Display: UGameplayTagsManager::DoneAddingNativeTags. DelegateIsBound: 0
[2023.01.24-04.19.51:378][  0]LogFileCache: Scanning file cache for directory 'D:/school/Unreal/Team_Unreal/MyProject2/Content/' took 0.02s
[2023.01.24-04.19.52:006][  0]SourceControl: ソースコントロールは無効です
[2023.01.24-04.19.52:007][  0]Cmd: MAP LOAD FILE="../../../Engine/Content/Maps/Templates/Template_Default.umap" TEMPLATE=1 SHOWPROGRESS=1 FEATURELEVEL=3
[2023.01.24-04.19.52:007][  0]LightingResults: New page: ライティングのビルド
[2023.01.24-04.19.52:046][  0]MapCheck: New page: マップをチェック
[2023.01.24-04.19.52:046][  0]LightingResults: New page: <何も選択されていません>
[2023.01.24-04.19.52:211][  0]LogAIModule: Creating AISystem for world Untitled_1
[2023.01.24-04.19.52:218][  0]LogEditorServer: Finished looking for orphan Actors (0.000 secs)
[2023.01.24-04.19.52:231][  0]Cmd: MAP CHECKDEP NOCLEARLOG
[2023.01.24-04.19.52:287][  0]MapCheck: マップチェックが完了: 0 エラー、 0 警告、完了に 55.638ミリ秒かかりました。
[2023.01.24-04.19.52:287][  0]LogFileHelpers: Loading map 'Template_Default' took 0.280
[2023.01.24-04.19.52:358][  0]LogWindowsTextInputMethodSystem: Display: IME system now activated using TSF (Microsoft IME).
[2023.01.24-04.19.52:392][  0]LogCollectionManager: Loaded 0 collections in 0.000906 seconds
[2023.01.24-04.19.52:471][  0]LogFileCache: Scanning file cache for directory 'D:/school/Unreal/Team_Unreal/MyProject2/Saved/Collections/' took 0.01s
[2023.01.24-04.19.52:471][  0]LogFileCache: Scanning file cache for directory 'D:/school/Unreal/Team_Unreal/MyProject2/Content/Developers/kbc12006040/Collections/' took 0.01s
[2023.01.24-04.19.52:471][  0]LogFileCache: Scanning file cache for directory 'D:/school/Unreal/Team_Unreal/MyProject2/Content/Collections/' took 0.01s
[2023.01.24-04.19.52:471][  0]LogPackageName: Warning: String asset reference "S_ClothTarps_03.SM.Mesh.S_ClothTarps_03" is in short form, which is unsupported and -- even if valid -- resolving it will be really slow.
[2023.01.24-04.19.52:472][  0]LogPackageName: Warning: Please consider resaving package in order to speed-up loading.
[2023.01.24-04.19.52:472][  0]LogCollectionManager: Rebuilt the GUID cache for 0 collections in 0.000000 seconds
[2023.01.24-04.19.52:480][  0]LogContentBrowser: Native class hierarchy populated in 0.0086 seconds. Added 2386 classes and 500 folders.
[2023.01.24-04.19.52:545][  0]LogPackageName: SearchForPackageOnDisk took   0.107s, but failed to resolve S_ClothTarps_03.
[2023.01.24-04.19.52:545][  0]LogPackageName: Warning: String asset reference "S_ClothTarps_03.SM.Mesh.S_ClothTarps_03" could not be resolved.
[2023.01.24-04.19.52:545][  0]LogContentBrowser: Native class hierarchy updated for 'WidgetCarousel' in 0.0007 seconds. Added 0 classes and 0 folders.
[2023.01.24-04.19.52:599][  0]LogContentBrowser: Native class hierarchy updated for 'AddContentDialog' in 0.0006 seconds. Added 0 classes and 0 folders.
[2023.01.24-04.19.52:683][  0]LogContentBrowser: Native class hierarchy updated for 'SceneOutliner' in 0.0007 seconds. Added 1 classes and 2 folders.
[2023.01.24-04.19.53:566][  0]LogSlate: Took 0.000254 seconds to synchronously load lazily loaded font '../../../Engine/Content/Slate/Fonts/Roboto-Regular.ttf' (155K)
[2023.01.24-04.19.53:572][  0]LogSlate: Took 0.004810 seconds to synchronously load lazily loaded font '../../../Engine/Content/Slate/Fonts/DroidSansFallback.ttf' (3848K)
[2023.01.24-04.19.53:573][  0]LogSlate: Took 0.000363 seconds to synchronously load lazily loaded font '../../../Engine/Content/Slate/Fonts/Roboto-Bold.ttf' (160K)
[2023.01.24-04.19.53:577][  0]LogSlate: Took 0.000379 seconds to synchronously load lazily loaded font '../../../Engine/Content/Editor/Slate/Fonts/FontAwesome.ttf' (139K)
[2023.01.24-04.19.53:678][  0]LogRenderer: Reallocating scene render targets to support 736x348 Format 10 NumSamples 1 (Frame:1).
[2023.01.24-04.19.53:823][  0]LogTemp: Executing iPhonePackager certificates Engine -bundlename com.YourCompany.MyProject2
[2023.01.24-04.19.53:823][  0]LogTemp: CWD: D:\school\Unreal\UE_4.17\Engine\Binaries\DotNET\IOS
[2023.01.24-04.19.53:823][  0]LogTemp: Initial Dir: D:\school\Unreal\UE_4.17
[2023.01.24-04.19.53:823][  0]LogTemp: Env CWD: D:\school\Unreal\UE_4.17\Engine\Binaries\DotNET\IOS
[2023.01.24-04.19.53:823][  0]LogTemp: BranchPath = KBC12006040/D/school/Unreal/UE_4.17/Engine/Binaries --- GameBranchPath = KBC12006040/D/school/Unreal/UE_4.17/Engine/Binaries
[2023.01.24-04.19.53:823][  0]LogTemp: IPP ERROR: Could not find provision directory 'C:\Users\kbc12006040\AppData\Local/Apple Computer/MobileDevice/Provisioning Profiles/'.
[2023.01.24-04.19.53:875][  0]LogContentBrowser: Native class hierarchy updated for 'HierarchicalLODOutliner' in 0.0007 seconds. Added 1 classes and 2 folders.
[2023.01.24-04.19.53:876][  0]LogLoad: (Engine Initialization) Total time: 17.24 seconds
[2023.01.24-04.19.53:876][  0]LogLoad: (Engine Initialization) Total Blueprint compile time: 0.00 seconds
[2023.01.24-04.19.53:876][  0]LogExternalProfiler: No external profilers were discovered.  External profiling features will not be available.
[2023.01.24-04.19.53:929][  0]LogContentStreaming: Texture pool size now 1000 MB
[2023.01.24-04.19.57:537][215]LogAssetRegistry: Asset discovery search completed in 15.1580 seconds
[2023.01.24-04.19.57:539][215]LogCollectionManager: Rebuilt the object cache for 0 collections in 0.000000 seconds (found 0 objects)
[2023.01.24-04.19.57:539][215]LogCollectionManager: Fixed up redirectors for 0 collections in 0.000045 seconds (updated 0 objects)
[2023.01.24-04.19.57:566][216]LogSlate: Took 0.000291 seconds to synchronously load lazily loaded font '../../../Engine/Content/Slate/Fonts/Roboto-Light.ttf' (159K)
[2023.01.24-04.19.58:943][299]LogSlate: Took 0.000322 seconds to synchronously load lazily loaded font '../../../Engine/Content/Slate/Fonts/Roboto-Light.ttf' (159K)
[2023.01.24-04.19.59:318][299]LogAIModule: Creating AISystem for world NewMap
[2023.01.24-04.19.59:349][299]Cmd: MAP LOAD FILE="../../../../Team_Unreal/MyProject2/Content/Maps/NewMap.umap" TEMPLATE=0 SHOWPROGRESS=1 FEATURELEVEL=3
[2023.01.24-04.19.59:349][299]LightingResults: New page: ライティングのビルド
[2023.01.24-04.19.59:350][299]LoadErrors: New page: マップをロード中: NewMap.umap
[2023.01.24-04.19.59:351][299]MapCheck: New page: マップをチェック
[2023.01.24-04.19.59:351][299]LightingResults: New page: <何も選択されていません>
[2023.01.24-04.19.59:418][299]LogEditorServer: Finished looking for orphan Actors (0.000 secs)
[2023.01.24-04.19.59:449][299]Cmd: MAP CHECKDEP NOCLEARLOG
[2023.01.24-04.19.59:518][299]MapCheck: マップチェックが完了: 0 エラー、 0 警告、完了に 69.331ミリ秒かかりました。
[2023.01.24-04.19.59:518][299]LogFileHelpers: Loading map 'NewMap' took 0.169
[2023.01.24-04.19.59:528][299]LogFileCache: Retrieving MD5 hashes for directory 'D:/school/Unreal/Team_Unreal/MyProject2/Content/' took 5.62s
[2023.01.24-04.20.07:940][801]LogTemp: Repeating last play command: 選択ビューポート
[2023.01.24-04.20.07:984][801]LogPlayLevel: PlayLevel: No blueprints needed recompiling
[2023.01.24-04.20.07:984][801]PIE: New page: PIEセッション: NewMap (2023/01/24 22:20:07)
[2023.01.24-04.20.07:992][801]LogPlayLevel: Creating play world package: /Game/Maps/UEDPIE_0_NewMap
[2023.01.24-04.20.08:010][801]LogPlayLevel: PIE: StaticDuplicateObject took: (0.017971s)
[2023.01.24-04.20.08:010][801]LogAIModule: Creating AISystem for world NewMap
[2023.01.24-04.20.08:010][801]LogPlayLevel: PIE: World Init took: (0.000695s)
[2023.01.24-04.20.08:011][801]LogPlayLevel: PIE: Created PIE world by copying editor world from /Game/Maps/NewMap.NewMap to /Game/Maps/UEDPIE_0_NewMap.NewMap (0.019093s)
[2023.01.24-04.20.08:032][801]LogInit: XAudio2 using 'スピーカー (Realtek(R) Audio)' : 2 channels at 48 kHz using 32 bits per sample (channel mask 0x3)
[2023.01.24-04.20.08:040][801]LogInit: FAudioDevice initialized.
[2023.01.24-04.20.08:081][801]LogLoad: Game class is 'MyGameMode_C'
[2023.01.24-04.20.08:090][801]LogWorld: Bringing World /Game/Maps/UEDPIE_0_NewMap.NewMap up for play (max tick rate 60) at 2023.01.24-13.20.08
[2023.01.24-04.20.08:091][801]LogWorld: Bringing up level for play took: 0.008096
[2023.01.24-04.20.08:131][801]LogContentBrowser: Native class hierarchy updated for 'MovieSceneCapture' in 0.0008 seconds. Added 11 classes and 0 folders.
[2023.01.24-04.20.08:134][801]PIE: /Game/Maps/UEDPIE_0_NewMap 0.384のプレイ イン エディタの開始時間
[2023.01.24-04.20.40:823][693]LogTexture: Display: Building textures: T_Decos_BSP_Stucco02_N (BC5, 1024X1024)
[2023.01.24-04.20.40:823][693]LogTexture: Display: Building textures: T_Decos_BSP_Stucco02_D (AutoDXT, 1024X1024)
[2023.01.24-04.20.40:823][693]LogTexture: Display: Building textures: T_Cliff01_N (BC5, 2048X2048)
[2023.01.24-04.20.40:823][693]LogTexture: Display: Building textures: T_Cliff01_D (AutoDXT, 2048X2048)
[2023.01.24-04.20.41:861][693]LogMaterial: Missing cached shader map for material M_Cliff01, compiling. 
[2023.01.24-04.20.41:888][693]LogMaterial: Missing cached shader map for material M_Decos_BSP_Stucco02, compiling. 
[2023.01.24-04.20.45:335][893]Cmd: TRANSACTION UNDO
[2023.01.24-04.20.45:335][893]LogEditorTransaction: Undo 複数のアクタを作成
[2023.01.24-04.21.34:678][840]LogTemp: Repeating last play command: 選択ビューポート
[2023.01.24-04.21.34:691][840]LogPlayLevel: PlayLevel: No blueprints needed recompiling
[2023.01.24-04.21.34:691][840]PIE: New page: PIEセッション: NewMap (2023/01/24 22:21:34)
[2023.01.24-04.21.34:692][840]LogPlayLevel: Creating play world package: /Game/Maps/UEDPIE_0_NewMap
[2023.01.24-04.21.34:711][840]LogPlayLevel: PIE: StaticDuplicateObject took: (0.018934s)
[2023.01.24-04.21.34:712][840]LogAIModule: Creating AISystem for world NewMap
[2023.01.24-04.21.34:712][840]LogPlayLevel: PIE: World Init took: (0.000766s)
[2023.01.24-04.21.34:712][840]LogPlayLevel: PIE: Created PIE world by copying editor world from /Game/Maps/NewMap.NewMap to /Game/Maps/UEDPIE_0_NewMap.NewMap (0.020099s)
[2023.01.24-04.21.34:749][840]LogInit: XAudio2 using 'スピーカー (Realtek(R) Audio)' : 2 channels at 48 kHz using 32 bits per sample (channel mask 0x3)
[2023.01.24-04.21.34:757][840]LogInit: FAudioDevice initialized.
[2023.01.24-04.21.34:785][840]LogLoad: Game class is 'MyGameMode_C'
[2023.01.24-04.21.34:794][840]LogWorld: Bringing World /Game/Maps/UEDPIE_0_NewMap.NewMap up for play (max tick rate 60) at 2023.01.24-13.21.34
[2023.01.24-04.21.34:795][840]LogWorld: Bringing up level for play took: 0.008674
[2023.01.24-04.21.34:797][840]PIE: /Game/Maps/UEDPIE_0_NewMap 1.048のプレイ イン エディタの開始時間
[2023.01.24-04.22.17:756][ 92]Cmd: OBJ SAVEPACKAGE PACKAGE="/Game/Maps/NewMap" FILE="../../../../Team_Unreal/MyProject2/Content/Maps/NewMap.umap" SILENT=true AUTOSAVING=false KEEPDIRTY=false
[2023.01.24-04.22.18:330][ 92]LogSavePackage: Save=488.68ms
[2023.01.24-04.22.18:330][ 92]LogSavePackage: Moving '../../../../Team_Unreal/MyProject2/Saved/NewMap0E1CE8E74A563CE53CB659903DC46467.tmp' to '../../../../Team_Unreal/MyProject2/Content/Maps/NewMap.umap'
[2023.01.24-04.22.18:334][ 92]LogSavePackage: Display: Finished SavePackage ../../../../Team_Unreal/MyProject2/Content/Maps/NewMap.umap
[2023.01.24-04.22.18:353][ 92]LogFileHelpers: Saving map 'NewMap' took 0.669
[2023.01.24-04.22.18:598][ 93]Cmd: QUIT_EDITOR
[2023.01.24-04.22.19:536][ 93]LogWindowsTextInputMethodSystem: Display: IME system now activated using TSF (Microsoft IME).
[2023.01.24-04.22.19:556][ 93]LogExit: Preparing to exit.
[2023.01.24-04.22.20:164][ 93]LogDirectoryWatcher: A directory notification for 'D:/school/Unreal/Team_Unreal/MyProject2/Content/' was aborted.
[2023.01.24-04.22.20:185][ 93]LogExit: Editor shut down
[2023.01.24-04.22.20:186][ 93]LogExit: Transaction tracking system shut down
[2023.01.24-04.22.20:290][ 93]LogDirectoryWatcher: A directory notification for '../../../Engine/Content/' was aborted.
[2023.01.24-04.22.20:290][ 93]LogDirectoryWatcher: A directory notification for '../../../../Team_Unreal/MyProject2/Content/' was aborted.
[2023.01.24-04.22.20:290][ 93]LogDirectoryWatcher: A directory notification for '../../../Engine/Plugins/2D/Paper2D/Content/' was aborted.
[2023.01.24-04.22.20:290][ 93]LogDirectoryWatcher: A directory notification for '../../../Engine/Plugins/Runtime/Oculus/OculusVR/Content/' was aborted.
[2023.01.24-04.22.20:290][ 93]LogDirectoryWatcher: A directory notification for '../../../Engine/Plugins/Runtime/Steam/SteamVR/Content/' was aborted.
[2023.01.24-04.22.20:324][ 93]LogExit: Object subsystem successfully closed.
[2023.01.24-04.22.20:340][ 93]LogD3D11RHI: Shutdown
[2023.01.24-04.22.20:340][ 93]LogD3D11RHI: CleanupD3DDevice
[2023.01.24-04.22.20:450][ 93]LogD3D11RHI: ~FD3D11DynamicRHI
[2023.01.24-04.22.20:456][ 93]LogModuleManager: Shutting down and abandoning module MovieSceneCapture (534)
[2023.01.24-04.22.20:456][ 93]LogModuleManager: Shutting down and abandoning module HierarchicalLODOutliner (532)
[2023.01.24-04.22.20:456][ 93]LogModuleManager: Shutting down and abandoning module ExternalImagePicker (530)
[2023.01.24-04.22.20:456][ 93]LogModuleManager: Shutting down and abandoning module SceneOutliner (528)
[2023.01.24-04.22.20:456][ 93]LogModuleManager: Shutting down and abandoning module AddContentDialog (526)
[2023.01.24-04.22.20:456][ 93]LogDirectoryWatcher: A directory notification for 'D:/school/Unreal/UE_4.17/FeaturePacks/' was aborted.
[2023.01.24-04.22.20:457][ 93]LogModuleManager: Shutting down and abandoning module WidgetCarousel (525)
[2023.01.24-04.22.20:457][ 93]LogModuleManager: Shutting down and abandoning module EditorWidgets (522)
[2023.01.24-04.22.20:457][ 93]LogModuleManager: Shutting down and abandoning module CollectionManager (520)
[2023.01.24-04.22.20:457][ 93]LogDirectoryWatcher: A directory notification for 'D:/school/Unreal/Team_Unreal/MyProject2/Content/Collections/' was aborted.
[2023.01.24-04.22.20:457][ 93]LogDirectoryWatcher: A directory notification for 'D:/school/Unreal/Team_Unreal/MyProject2/Content/Developers/kbc12006040/Collections/' was aborted.
[2023.01.24-04.22.20:457][ 93]LogDirectoryWatcher: A directory notification for 'D:/school/Unreal/Team_Unreal/MyProject2/Saved/Collections/' was aborted.
[2023.01.24-04.22.20:457][ 93]LogModuleManager: Shutting down and abandoning module StatsViewer (518)
[2023.01.24-04.22.20:457][ 93]LogModuleManager: Shutting down and abandoning module FoliageEdit (516)
[2023.01.24-04.22.20:457][ 93]LogModuleManager: Shutting down and abandoning module LandscapeEditor (514)
[2023.01.24-04.22.20:457][ 93]LogModuleManager: Shutting down and abandoning module MeshPaintMode (512)
[2023.01.24-04.22.20:457][ 93]LogModuleManager: Shutting down and abandoning module SceneDepthPickerMode (510)
[2023.01.24-04.22.20:457][ 93]LogModuleManager: Shutting down and abandoning module ActorPickerMode (508)
[2023.01.24-04.22.20:457][ 93]LogModuleManager: Shutting down and abandoning module GeometryMode (506)
[2023.01.24-04.22.20:457][ 93]LogModuleManager: Shutting down and abandoning module TextureAlignMode (504)
[2023.01.24-04.22.20:457][ 93]LogModuleManager: Shutting down and abandoning module BspMode (502)
[2023.01.24-04.22.20:457][ 93]LogModuleManager: Shutting down and abandoning module PIEPreviewDeviceProfileSelector (500)
[2023.01.24-04.22.20:457][ 93]LogModuleManager: Shutting down and abandoning module HardwareSurvey (498)
[2023.01.24-04.22.20:457][ 93]LogModuleManager: Shutting down and abandoning module SequenceRecorderSections (496)
[2023.01.24-04.22.20:457][ 93]LogModuleManager: Shutting down and abandoning module AutomationWorker (494)
[2023.01.24-04.22.20:457][ 93]LogModuleManager: Shutting down and abandoning module MatineeToLevelSequence (492)
[2023.01.24-04.22.20:457][ 93]LogModuleManager: Shutting down and abandoning module LevelSequenceEditor (490)
[2023.01.24-04.22.20:457][ 93]LogModuleManager: Shutting down and abandoning module PlacementMode (489)
[2023.01.24-04.22.20:458][ 93]LogModuleManager: Shutting down and abandoning module WmfMediaFactory (486)
[2023.01.24-04.22.20:458][ 93]LogModuleManager: Shutting down and abandoning module WmfMediaEditor (484)
[2023.01.24-04.22.20:458][ 93]LogModuleManager: Shutting down and abandoning module AvfMediaFactory (482)
[2023.01.24-04.22.20:458][ 93]LogModuleManager: Shutting down and abandoning module AvfMediaEditor (480)
[2023.01.24-04.22.20:458][ 93]LogModuleManager: Shutting down and abandoning module AndroidMediaFactory (478)
[2023.01.24-04.22.20:458][ 93]LogModuleManager: Shutting down and abandoning module Media (477)
[2023.01.24-04.22.20:458][ 93]LogModuleManager: Shutting down and abandoning module AndroidMediaEditor (474)
[2023.01.24-04.22.20:458][ 93]LogModuleManager: Shutting down and abandoning module CharacterAI (472)
[2023.01.24-04.22.20:458][ 93]LogModuleManager: Shutting down and abandoning module AudioCapture (470)
[2023.01.24-04.22.20:458][ 93]LogModuleManager: Shutting down and abandoning module SequenceRecorder (469)
[2023.01.24-04.22.20:458][ 93]LogModuleManager: Shutting down and abandoning module SmartSnapping (466)
[2023.01.24-04.22.20:458][ 93]LogModuleManager: Shutting down and abandoning module SessionServices (464)
[2023.01.24-04.22.20:458][ 93]LogModuleManager: Shutting down and abandoning module ViewportSnapping (462)
[2023.01.24-04.22.20:458][ 93]LogModuleManager: Shutting down and abandoning module ViewportInteraction (460)
[2023.01.24-04.22.20:458][ 93]LogModuleManager: Shutting down and abandoning module ClothPainter (458)
[2023.01.24-04.22.20:458][ 93]LogModuleManager: Shutting down and abandoning module LogVisualizer (456)
[2023.01.24-04.22.20:458][ 93]LogModuleManager: Shutting down and abandoning module IntroTutorials (454)
[2023.01.24-04.22.20:458][ 93]LogModuleManager: Shutting down and abandoning module GameProjectGeneration (453)
[2023.01.24-04.22.20:458][ 93]LogModuleManager: Shutting down and abandoning module IOSPlatformEditor (450)
[2023.01.24-04.22.20:458][ 93]LogModuleManager: Shutting down and abandoning module HTML5PlatformEditor (448)
[2023.01.24-04.22.20:458][ 93]LogModuleManager: Shutting down and abandoning module AndroidPlatformEditor (446)
[2023.01.24-04.22.20:458][ 93]LogModuleManager: Shutting down and abandoning module AndroidDeviceDetection (445)
[2023.01.24-04.22.20:599][ 93]LogModuleManager: Shutting down and abandoning module WindowsPlatformEditor (442)
[2023.01.24-04.22.20:599][ 93]LogModuleManager: Shutting down and abandoning module IOSRuntimeSettings (440)
[2023.01.24-04.22.20:599][ 93]LogModuleManager: Shutting down and abandoning module AndroidRuntimeSettings (438)
[2023.01.24-04.22.20:599][ 93]LogModuleManager: Shutting down and abandoning module InputBindingEditor (436)
[2023.01.24-04.22.20:599][ 93]LogModuleManager: Shutting down and abandoning module MergeActors (434)
[2023.01.24-04.22.20:599][ 93]LogModuleManager: Shutting down and abandoning module SizeMap (432)
[2023.01.24-04.22.20:599][ 93]LogModuleManager: Shutting down and abandoning module TreeMap (430)
[2023.01.24-04.22.20:599][ 93]LogModuleManager: Shutting down and abandoning module ReferenceViewer (428)
[2023.01.24-04.22.20:599][ 93]LogModuleManager: Shutting down and abandoning module LocalizationDashboard (426)
[2023.01.24-04.22.20:599][ 93]LogModuleManager: Shutting down and abandoning module LocalizationService (425)
[2023.01.24-04.22.20:599][ 93]LogModuleManager: Shutting down and abandoning module HardwareTargeting (422)
[2023.01.24-04.22.20:600][ 93]LogModuleManager: Shutting down and abandoning module DeviceProfileEditor (420)
[2023.01.24-04.22.20:600][ 93]LogModuleManager: Shutting down and abandoning module UndoHistory (418)
[2023.01.24-04.22.20:600][ 93]LogModuleManager: Shutting down and abandoning module XmlParser (416)
[2023.01.24-04.22.20:600][ 93]LogModuleManager: Shutting down and abandoning module Blutility (414)
[2023.01.24-04.22.20:600][ 93]LogModuleManager: Shutting down and abandoning module ProjectSettingsViewer (412)
[2023.01.24-04.22.20:600][ 93]LogModuleManager: Shutting down and abandoning module ProjectTargetPlatformEditor (411)
[2023.01.24-04.22.20:600][ 93]LogModuleManager: Shutting down and abandoning module EditorSettingsViewer (408)
[2023.01.24-04.22.20:600][ 93]LogModuleManager: Shutting down and abandoning module SettingsEditor (406)
[2023.01.24-04.22.20:600][ 93]LogModuleManager: Shutting down and abandoning module ProjectLauncher (404)
[2023.01.24-04.22.20:600][ 93]LogModuleManager: Shutting down and abandoning module SessionFrontend (402)
[2023.01.24-04.22.20:600][ 93]LogModuleManager: Shutting down and abandoning module ProfilerClient (400)
[2023.01.24-04.22.20:600][ 93]LogModuleManager: Shutting down and abandoning module DeviceManager (398)
[2023.01.24-04.22.20:600][ 93]LogModuleManager: Shutting down and abandoning module TargetDeviceServices (397)
[2023.01.24-04.22.20:662][ 93]LogModuleManager: Shutting down and abandoning module AutomationController (394)
[2023.01.24-04.22.20:662][ 93]LogModuleManager: Shutting down and abandoning module AutomationWindow (392)
[2023.01.24-04.22.20:662][ 93]LogModuleManager: Shutting down and abandoning module Layers (390)
[2023.01.24-04.22.20:662][ 93]LogModuleManager: Shutting down and abandoning module ComponentVisualizers (388)
[2023.01.24-04.22.20:662][ 93]LogModuleManager: Shutting down and abandoning module DetailCustomizations (386)
[2023.01.24-04.22.20:662][ 93]LogModuleManager: Shutting down and abandoning module PackagesDialog (384)
[2023.01.24-04.22.20:662][ 93]LogModuleManager: Shutting down and abandoning module Persona (382)
[2023.01.24-04.22.20:662][ 93]LogModuleManager: Shutting down and abandoning module AdvancedPreviewScene (381)
[2023.01.24-04.22.20:662][ 93]LogModuleManager: Shutting down and abandoning module AnimGraph (379)
[2023.01.24-04.22.20:662][ 93]LogModuleManager: Shutting down and abandoning module Kismet (376)
[2023.01.24-04.22.20:662][ 93]LogModuleManager: Shutting down and abandoning module ClassViewer (374)
[2023.01.24-04.22.20:662][ 93]LogModuleManager: Shutting down and abandoning module Toolbox (372)
[2023.01.24-04.22.20:662][ 93]LogModuleManager: Shutting down and abandoning module ModuleUI (370)
[2023.01.24-04.22.20:662][ 93]LogModuleManager: Shutting down and abandoning module MovieSceneTools (368)
[2023.01.24-04.22.20:662][ 93]LogModuleManager: Shutting down and abandoning module OutputLog (366)
[2023.01.24-04.22.20:662][ 93]LogModuleManager: Shutting down and abandoning module GammaUI (364)
[2023.01.24-04.22.20:662][ 93]LogModuleManager: Shutting down and abandoning module Documentation (362)
[2023.01.24-04.22.20:662][ 93]LogModuleManager: Shutting down and abandoning module MovieSceneTracks (360)
[2023.01.24-04.22.20:662][ 93]LogModuleManager: Shutting down and abandoning module MovieScene (358)
[2023.01.24-04.22.20:662][ 93]LogModuleManager: Shutting down and abandoning module Niagara (356)
[2023.01.24-04.22.20:662][ 93]LogModuleManager: Shutting down and abandoning module NiagaraEditor (355)
[2023.01.24-04.22.20:662][ 93]LogModuleManager: Shutting down and abandoning module StreamingPauseRendering (352)
[2023.01.24-04.22.20:663][ 93]LogModuleManager: Shutting down and abandoning module LauncherPlatform (350)
[2023.01.24-04.22.20:663][ 93]LogModuleManager: Shutting down and abandoning module AnalyticsET (348)
[2023.01.24-04.22.20:663][ 93]LogModuleManager: Shutting down and abandoning module PortalServices (346)
[2023.01.24-04.22.20:663][ 93]LogModuleManager: Shutting down and abandoning module PortalRpc (344)
[2023.01.24-04.22.20:663][ 93]LogModuleManager: Shutting down and abandoning module MessagingRpc (342)
[2023.01.24-04.22.20:663][ 93]LogModuleManager: Shutting down and abandoning module AIModule (340)
[2023.01.24-04.22.20:663][ 93]LogModuleManager: Shutting down and abandoning module GameplayDebugger (339)
[2023.01.24-04.22.20:663][ 93]LogModuleManager: Shutting down and abandoning module AITestSuite (337)
[2023.01.24-04.22.20:663][ 93]LogModuleManager: Shutting down and abandoning module ProfilerService (334)
[2023.01.24-04.22.20:702][ 93]LogModuleManager: Shutting down and abandoning module TaskGraph (332)
[2023.01.24-04.22.20:702][ 93]LogModuleManager: Shutting down and abandoning module SteamVRController (330)
[2023.01.24-04.22.20:702][ 93]LogModuleManager: Shutting down and abandoning module ProceduralMeshComponentEditor (328)
[2023.01.24-04.22.20:702][ 93]LogModuleManager: Shutting down and abandoning module ProceduralMeshComponent (326)
[2023.01.24-04.22.20:702][ 93]LogModuleManager: Shutting down and abandoning module OculusInput (324)
[2023.01.24-04.22.20:702][ 93]LogModuleManager: Shutting down and abandoning module MobilePatchingUtils (322)
[2023.01.24-04.22.20:702][ 93]LogModuleManager: Shutting down and abandoning module CustomMeshComponent (320)
[2023.01.24-04.22.20:702][ 93]LogModuleManager: Shutting down and abandoning module CableComponent (318)
[2023.01.24-04.22.20:703][ 93]LogModuleManager: Shutting down and abandoning module ArchVisCharacter (316)
[2023.01.24-04.22.20:703][ 93]LogModuleManager: Shutting down and abandoning module AndroidPermission (314)
[2023.01.24-04.22.20:703][ 93]LogModuleManager: Shutting down and abandoning module MediaPlayerEditor (310)
[2023.01.24-04.22.20:703][ 93]LogModuleManager: Shutting down and abandoning module HTML5Networking (308)
[2023.01.24-04.22.20:703][ 93]LogModuleManager: Shutting down and abandoning module AlembicImporter (306)
[2023.01.24-04.22.20:703][ 93]LogModuleManager: Shutting down and abandoning module AlembicLibrary (305)
[2023.01.24-04.22.20:703][ 93]LogModuleManager: Shutting down and abandoning module GeometryCache (304)
[2023.01.24-04.22.20:703][ 93]LogModuleManager: Shutting down and abandoning module GeometryCacheEd (303)
[2023.01.24-04.22.20:703][ 93]LogModuleManager: Shutting down and abandoning module SpeedTreeImporter (298)
[2023.01.24-04.22.20:703][ 93]LogModuleManager: Shutting down and abandoning module PluginBrowser (296)
[2023.01.24-04.22.20:703][ 93]LogModuleManager: Shutting down and abandoning module MobileLauncherProfileWizard (294)
[2023.01.24-04.22.20:703][ 93]LogModuleManager: Shutting down and abandoning module VisualStudioSourceCodeAccess (292)
[2023.01.24-04.22.20:703][ 93]LogModuleManager: Shutting down and abandoning module DesktopPlatform (291)
[2023.01.24-04.22.20:703][ 93]LogModuleManager: Shutting down and abandoning module UObjectPlugin (288)
[2023.01.24-04.22.20:703][ 93]LogModuleManager: Shutting down and abandoning module SubversionSourceControl (286)
[2023.01.24-04.22.20:703][ 93]LogModuleManager: Shutting down and abandoning module PerforceSourceControl (284)
[2023.01.24-04.22.20:703][ 93]LogModuleManager: Shutting down and abandoning module GitSourceControl (282)
[2023.01.24-04.22.20:703][ 93]LogModuleManager: Shutting down and abandoning module SourceControl (281)
[2023.01.24-04.22.20:703][ 93]LogModuleManager: Shutting down and abandoning module LightPropagationVolumeEditor (278)
[2023.01.24-04.22.20:703][ 93]LogModuleManager: Shutting down and abandoning module PaperTiledImporter (276)
[2023.01.24-04.22.20:703][ 93]LogModuleManager: Shutting down and abandoning module PaperSpriteSheetImporter (274)
[2023.01.24-04.22.20:703][ 93]LogModuleManager: Shutting down and abandoning module Paper2DEditor (272)
[2023.01.24-04.22.20:703][ 93]LogModuleManager: Shutting down and abandoning module MeshPaint (271)
[2023.01.24-04.22.20:703][ 93]LogModuleManager: Shutting down and abandoning module LevelEditor (269)
[2023.01.24-04.22.20:704][ 93]LogModuleManager: Shutting down and abandoning module PixelInspectorModule (268)
[2023.01.24-04.22.20:704][ 93]LogModuleManager: Shutting down and abandoning module MainFrame (266)
[2023.01.24-04.22.20:704][ 93]LogModuleManager: Shutting down and abandoning module HotReload (265)
[2023.01.24-04.22.20:704][ 93]LogModuleManager: Shutting down and abandoning module RuntimePhysXCooking (260)
[2023.01.24-04.22.20:704][ 93]LogModuleManager: Shutting down and abandoning module PhysXVehiclesEditor (258)
[2023.01.24-04.22.20:704][ 93]LogModuleManager: Shutting down and abandoning module PhysXVehicles (256)
[2023.01.24-04.22.20:704][ 93]LogModuleManager: Shutting down and abandoning module OculusEditor (254)
[2023.01.24-04.22.20:704][ 93]LogModuleManager: Shutting down and abandoning module LocationServicesBPLibrary (252)
[2023.01.24-04.22.20:704][ 93]LogModuleManager: Shutting down and abandoning module ImmediatePhysicsEditor (250)
[2023.01.24-04.22.20:704][ 93]LogModuleManager: Shutting down and abandoning module ImmediatePhysics (248)
[2023.01.24-04.22.20:704][ 93]LogModuleManager: Shutting down and abandoning module UdpMessaging (246)
[2023.01.24-04.22.20:805][ 93]LogModuleManager: Shutting down and abandoning module TcpMessaging (244)
[2023.01.24-04.22.21:007][ 93]LogModuleManager: Shutting down and abandoning module GameplayTagsEditor (242)
[2023.01.24-04.22.21:007][ 93]LogModuleManager: Shutting down and abandoning module FacialAnimationEditor (240)
[2023.01.24-04.22.21:007][ 93]LogModuleManager: Shutting down and abandoning module FacialAnimation (238)
[2023.01.24-04.22.21:007][ 93]LogModuleManager: Shutting down and abandoning module AssetManagerEditor (236)
[2023.01.24-04.22.21:007][ 93]LogModuleManager: Shutting down and abandoning module GraphEditor (235)
[2023.01.24-04.22.21:007][ 93]LogModuleManager: Shutting down and abandoning module ContentBrowser (233)
[2023.01.24-04.22.21:008][ 93]LogModuleManager: Shutting down and abandoning module LightPropagationVolumeRuntime (230)
[2023.01.24-04.22.21:008][ 93]LogModuleManager: Shutting down and abandoning module Paper2D (228)
[2023.01.24-04.22.21:008][ 93]LogModuleManager: Shutting down and abandoning module WindowsMoviePlayer (226)
[2023.01.24-04.22.21:008][ 93]LogModuleManager: Shutting down and abandoning module WmfMedia (224)
[2023.01.24-04.22.21:010][ 93]LogModuleManager: Shutting down and abandoning module PacketHandler (222)
[2023.01.24-04.22.21:010][ 93]LogModuleManager: Shutting down and abandoning module ClothingSystemEditor (220)
[2023.01.24-04.22.21:010][ 93]LogModuleManager: Shutting down and abandoning module ClothingSystemRuntime (218)
[2023.01.24-04.22.21:010][ 93]LogModuleManager: Shutting down and abandoning module Overlay (216)
[2023.01.24-04.22.21:010][ 93]LogModuleManager: Shutting down and abandoning module OverlayEditor (215)
[2023.01.24-04.22.21:010][ 93]LogModuleManager: Shutting down and abandoning module MediaAssets (212)
[2023.01.24-04.22.21:010][ 93]LogModuleManager: Shutting down and abandoning module VREditor (210)
[2023.01.24-04.22.21:010][ 93]LogModuleManager: Shutting down and abandoning module StringTableEditor (208)
[2023.01.24-04.22.21:010][ 93]LogModuleManager: Shutting down and abandoning module GameplayTasksEditor (206)
[2023.01.24-04.22.21:010][ 93]LogModuleManager: Shutting down and abandoning module BehaviorTreeEditor (204)
[2023.01.24-04.22.21:010][ 93]LogModuleManager: Shutting down and abandoning module FunctionalTesting (202)
[2023.01.24-04.22.21:010][ 93]LogModuleManager: Shutting down and abandoning module CollisionAnalyzer (200)
[2023.01.24-04.22.21:010][ 93]LogModuleManager: Shutting down and abandoning module WorkspaceMenuStructure (199)
[2023.01.24-04.22.21:010][ 93]LogModuleManager: Shutting down and abandoning module UMG (196)
[2023.01.24-04.22.21:010][ 93]LogModuleManager: Shutting down and abandoning module UMGEditor (195)
[2023.01.24-04.22.21:010][ 93]LogModuleManager: Shutting down and abandoning module Sequencer (194)
[2023.01.24-04.22.21:010][ 93]LogModuleManager: Shutting down and abandoning module MessageLog (191)
[2023.01.24-04.22.21:010][ 93]LogModuleManager: Shutting down and abandoning module SlateReflector (186)
[2023.01.24-04.22.21:010][ 93]LogModuleManager: Shutting down and abandoning module Slate (184)
[2023.01.24-04.22.21:010][ 93]LogModuleManager: Shutting down and abandoning module EditorStyle (182)
[2023.01.24-04.22.21:012][ 93]LogModuleManager: Shutting down and abandoning module MRMesh (180)
[2023.01.24-04.22.21:012][ 93]LogModuleManager: Shutting down and abandoning module SourceCodeAccess (178)
[2023.01.24-04.22.21:012][ 93]LogModuleManager: Shutting down and abandoning module HeadMountedDisplay (176)
[2023.01.24-04.22.21:012][ 93]LogModuleManager: Shutting down and abandoning module XAudio2 (174)
[2023.01.24-04.22.21:012][ 93]LogModuleManager: Shutting down and abandoning module Networking (172)
[2023.01.24-04.22.21:012][ 93]LogModuleManager: Shutting down and abandoning module Core (168)
[2023.01.24-04.22.21:012][ 93]LogModuleManager: Shutting down and abandoning module KismetCompiler (164)
[2023.01.24-04.22.21:012][ 93]LogModuleManager: Shutting down and abandoning module LevelSequence (162)
[2023.01.24-04.22.21:012][ 93]LogModuleManager: Shutting down and abandoning module MeshUtilities (160)
[2023.01.24-04.22.21:012][ 93]LogModuleManager: Shutting down and abandoning module MeshMergeUtilities (159)
[2023.01.24-04.22.21:012][ 93]LogModuleManager: Shutting down and abandoning module MeshReductionInterface (158)
[2023.01.24-04.22.21:012][ 93]LogModuleManager: Shutting down and abandoning module SimplygonSwarm (157)
[2023.01.24-04.22.21:012][ 93]LogModuleManager: Shutting down and abandoning module SimplygonMeshReduction (155)
[2023.01.24-04.22.21:012][ 93]LogModuleManager: Shutting down and abandoning module QuadricMeshReduction (153)
[2023.01.24-04.22.21:012][ 93]LogModuleManager: Shutting down and abandoning module MaterialBaking (149)
[2023.01.24-04.22.21:013][ 93]LogModuleManager: Shutting down and abandoning module DirectoryWatcher (146)
[2023.01.24-04.22.21:013][ 93]LogModuleManager: Shutting down and abandoning module DerivedDataCache (144)
[2023.01.24-04.22.21:086][ 93]LogDerivedDataCache: Shutdown
[2023.01.24-04.22.21:086][ 93]LogModuleManager: Shutting down and abandoning module TargetPlatform (142)
[2023.01.24-04.22.21:086][ 93]LogModuleManager: Shutting down and abandoning module VulkanShaderFormat (141)
[2023.01.24-04.22.21:086][ 93]LogModuleManager: Shutting down and abandoning module ShaderFormatVectorVM (139)
[2023.01.24-04.22.21:086][ 93]LogModuleManager: Shutting down and abandoning module ShaderFormatOpenGL (137)
[2023.01.24-04.22.21:086][ 93]LogModuleManager: Shutting down and abandoning module ShaderFormatD3D (135)
[2023.01.24-04.22.21:086][ 93]LogModuleManager: Shutting down and abandoning module MetalShaderFormat (133)
[2023.01.24-04.22.21:086][ 93]LogModuleManager: Shutting down and abandoning module TextureFormatUncompressed (131)
[2023.01.24-04.22.21:086][ 93]LogModuleManager: Shutting down and abandoning module TextureFormatPVR (129)
[2023.01.24-04.22.21:086][ 93]LogModuleManager: Shutting down and abandoning module TextureFormatDXT (127)
[2023.01.24-04.22.21:086][ 93]LogModuleManager: Shutting down and abandoning module TextureFormatIntelISPCTexComp (125)
[2023.01.24-04.22.21:086][ 93]LogModuleManager: Shutting down and abandoning module TextureFormatASTC (123)
[2023.01.24-04.22.21:087][ 93]LogModuleManager: Shutting down and abandoning module ImageWrapper (122)
[2023.01.24-04.22.21:087][ 93]LogModuleManager: Shutting down and abandoning module TextureFormatAndroid (119)
[2023.01.24-04.22.21:087][ 93]LogModuleManager: Shutting down and abandoning module AudioFormatOpus (117)
[2023.01.24-04.22.21:087][ 93]LogModuleManager: Shutting down and abandoning module AudioFormatOgg (115)
[2023.01.24-04.22.21:087][ 93]LogModuleManager: Shutting down and abandoning module AudioFormatADPCM (113)
[2023.01.24-04.22.21:087][ 93]LogModuleManager: Shutting down and abandoning module LinuxTargetPlatform (111)
[2023.01.24-04.22.21:087][ 93]LogModuleManager: Shutting down and abandoning module LinuxServerTargetPlatform (109)
[2023.01.24-04.22.21:087][ 93]LogModuleManager: Shutting down and abandoning module LinuxNoEditorTargetPlatform (107)
[2023.01.24-04.22.21:087][ 93]LogModuleManager: Shutting down and abandoning module LinuxClientTargetPlatform (105)
[2023.01.24-04.22.21:087][ 93]LogModuleManager: Shutting down and abandoning module TVOSTargetPlatform (103)
[2023.01.24-04.22.21:087][ 93]LogModuleManager: Shutting down and abandoning module Messaging (101)
[2023.01.24-04.22.21:087][ 93]LogModuleManager: Shutting down and abandoning module IOSTargetPlatform (99)
[2023.01.24-04.22.21:087][ 93]LogModuleManager: Shutting down and abandoning module HTML5TargetPlatform (97)
[2023.01.24-04.22.21:087][ 93]LogModuleManager: Shutting down and abandoning module Android_PVRTCTargetPlatform (95)
[2023.01.24-04.22.21:087][ 93]LogModuleManager: Shutting down and abandoning module Android_MultiTargetPlatform (93)
[2023.01.24-04.22.21:087][ 93]LogModuleManager: Shutting down and abandoning module Android_ETC2TargetPlatform (91)
[2023.01.24-04.22.21:087][ 93]LogModuleManager: Shutting down and abandoning module Android_ETC1TargetPlatform (89)
[2023.01.24-04.22.21:087][ 93]LogModuleManager: Shutting down and abandoning module Android_DXTTargetPlatform (87)
[2023.01.24-04.22.21:087][ 93]LogModuleManager: Shutting down and abandoning module Android_ATCTargetPlatform (85)
[2023.01.24-04.22.21:087][ 93]LogModuleManager: Shutting down and abandoning module Android_ASTCTargetPlatform (83)
[2023.01.24-04.22.21:087][ 93]LogModuleManager: Shutting down and abandoning module AndroidTargetPlatform (81)
[2023.01.24-04.22.21:087][ 93]LogModuleManager: Shutting down and abandoning module WindowsTargetPlatform (79)
[2023.01.24-04.22.21:087][ 93]LogModuleManager: Shutting down and abandoning module WindowsServerTargetPlatform (77)
[2023.01.24-04.22.21:087][ 93]LogModuleManager: Shutting down and abandoning module WindowsNoEditorTargetPlatform (75)
[2023.01.24-04.22.21:087][ 93]LogModuleManager: Shutting down and abandoning module WindowsClientTargetPlatform (73)
[2023.01.24-04.22.21:087][ 93]LogModuleManager: Shutting down and abandoning module MacTargetPlatform (71)
[2023.01.24-04.22.21:087][ 93]LogModuleManager: Shutting down and abandoning module MacServerTargetPlatform (69)
[2023.01.24-04.22.21:087][ 93]LogModuleManager: Shutting down and abandoning module MacNoEditorTargetPlatform (67)
[2023.01.24-04.22.21:087][ 93]LogModuleManager: Shutting down and abandoning module MacClientTargetPlatform (65)
[2023.01.24-04.22.21:087][ 93]LogModuleManager: Shutting down and abandoning module AllDesktopTargetPlatform (63)
[2023.01.24-04.22.21:087][ 93]LogModuleManager: Shutting down and abandoning module InputCore (60)
[2023.01.24-04.22.21:087][ 93]LogModuleManager: Shutting down and abandoning module Settings (58)
[2023.01.24-04.22.21:087][ 93]LogModuleManager: Shutting down and abandoning module PhysXCooking (56)
[2023.01.24-04.22.21:087][ 93]LogModuleManager: Shutting down and abandoning module SteamVR (54)
[2023.01.24-04.22.21:087][ 93]LogModuleManager: Shutting down and abandoning module OculusHMD (52)
[2023.01.24-04.22.21:087][ 93]LogModuleManager: Shutting down and abandoning module ExampleDeviceProfileSelector (50)
[2023.01.24-04.22.21:087][ 93]LogModuleManager: Shutting down and abandoning module OnlineBlueprintSupport (48)
[2023.01.24-04.22.21:087][ 93]LogModuleManager: Shutting down and abandoning module OnlineSubsystem (44)
[2023.01.24-04.22.21:087][ 93]LogOnline: Display: Unloading online subsystem: NULL
[2023.01.24-04.22.21:087][ 93]LogModuleManager: Shutting down and abandoning module XMPP (43)
[2023.01.24-04.22.21:087][ 93]LogModuleManager: Shutting down and abandoning module HTTP (41)
[2023.01.24-04.22.21:087][ 93]LogHttp: Display: Http module shutting down, but needs to wait on 1 outstanding Http requests:
[2023.01.24-04.22.21:088][ 93]LogHttp: Display: 	verb=[POST] url=[https://datarouter.ol.epicgames.com/datarouter/api/v1/public/data?SessionID=%7B82400CA7-4916-C792-3395-E39665910EB2%7D&AppID=UEEditor.Rocket.Release&AppVersion=4.17.2-3658906%2B%2B%2BUE4%2BRelease-4.17&UserID=ea2c3102465571ac8674c18b46ca9428%7C13a763a1247c43cabf4d5e0d482ef43a%7Cd03405d0-8f5c-42d6-b8cb-ef9b49d4cc7f&AppEnvironment=datacollector-binary&UploadType=eteventstream] status=Processing
[2023.01.24-04.22.21:094][ 93]LogModuleManager: Shutting down and abandoning module SSL (40)
[2023.01.24-04.22.21:096][ 93]LogModuleManager: Shutting down and abandoning module AnimationModifiers (36)
[2023.01.24-04.22.21:096][ 93]LogModuleManager: Shutting down and abandoning module PropertyEditor (35)
[2023.01.24-04.22.21:096][ 93]LogModuleManager: Shutting down and abandoning module AudioEditor (32)
[2023.01.24-04.22.21:096][ 93]LogModuleManager: Shutting down and abandoning module TextureCompressor (30)
[2023.01.24-04.22.21:096][ 93]LogModuleManager: Shutting down and abandoning module ShaderCore (28)
[2023.01.24-04.22.21:096][ 93]LogModuleManager: Shutting down and abandoning module Landscape (26)
[2023.01.24-04.22.21:096][ 93]LogModuleManager: Shutting down and abandoning module SlateRHIRenderer (24)
[2023.01.24-04.22.21:098][ 93]LogModuleManager: Shutting down and abandoning module OpenGLDrv (22)
[2023.01.24-04.22.21:098][ 93]LogModuleManager: Shutting down and abandoning module D3D11RHI (20)
[2023.01.24-04.22.21:098][ 93]LogModuleManager: Shutting down and abandoning module AnimGraphRuntime (18)
[2023.01.24-04.22.21:098][ 93]LogModuleManager: Shutting down and abandoning module Renderer (16)
[2023.01.24-04.22.21:098][ 93]LogModuleManager: Shutting down and abandoning module Engine (14)
[2023.01.24-04.22.21:098][ 93]LogModuleManager: Shutting down and abandoning module CoreUObject (12)
[2023.01.24-04.22.21:098][ 93]LogModuleManager: Shutting down and abandoning module NetworkFile (10)
[2023.01.24-04.22.21:098][ 93]LogModuleManager: Shutting down and abandoning module CookedIterativeFile (8)
[2023.01.24-04.22.21:098][ 93]LogModuleManager: Shutting down and abandoning module StreamingFile (6)
[2023.01.24-04.22.21:098][ 93]LogModuleManager: Shutting down and abandoning module SandboxFile (4)
[2023.01.24-04.22.21:098][ 93]LogModuleManager: Shutting down and abandoning module PakFile (2)
[2023.01.24-04.22.21:103][ 93]LogExit: Exiting.
[2023.01.24-04.22.21:112][ 93]Log file closed, 01/24/23 13:22:21
