Log file open, 01/11/23 10:52:03
LogWindows: Failed to load 'aqProf.dll' (GetLastError=126)
LogWindows: File 'aqProf.dll' does not exist
LogWindows: Failed to load 'VSPerf140.dll' (GetLastError=126)
LogWindows: File 'VSPerf140.dll' does not exist
LogWindows: Failed to load 'VtuneApi.dll' (GetLastError=126)
LogWindows: File 'VtuneApi.dll' does not exist
LogWindows: Failed to load 'VtuneApi32e.dll' (GetLastError=126)
LogWindows: File 'VtuneApi32e.dll' does not exist
LogInit: Display: Running engine for game: MyProject2
LogPlatformFile: Not using cached read wrapper
LogInit: Display: RandInit(-722745536) SRandInit(-722745536).
LogTaskGraph: Started task graph with 5 named threads and 20 total threads with 3 sets of task threads.
LogStats: Stats thread started at 0.302522
LogD3D11RHI: Aftermath initialized
LogPluginManager: Mounting plugin Paper2D
LogPluginManager: Mounting plugin LightPropagationVolume
LogPluginManager: Mounting plugin CodeLiteSourceCodeAccess
LogPluginManager: Mounting plugin GitSourceControl
LogPluginManager: Mounting plugin KDevelopSourceCodeAccess
LogPluginManager: Mounting plugin NullSourceCodeAccess
LogPluginManager: Mounting plugin PerforceSourceControl
LogPluginManager: Mounting plugin SubversionSourceControl
LogPluginManager: Mounting plugin UObjectPlugin
LogPluginManager: Mounting plugin VisualStudioSourceCodeAccess
LogPluginManager: Mounting plugin XCodeSourceCodeAccess
LogPluginManager: Mounting plugin AssetManagerEditor
LogPluginManager: Mounting plugin AudioCapture
LogPluginManager: Mounting plugin FacialAnimation
LogPluginManager: Mounting plugin GameplayTagsEditor
LogPluginManager: Mounting plugin MobileLauncherProfileWizard
LogPluginManager: Mounting plugin PluginBrowser
LogPluginManager: Mounting plugin SpeedTreeImporter
LogPluginManager: Mounting plugin AlembicImporter
LogPluginManager: Mounting plugin CharacterAI
LogPluginManager: Mounting plugin HTML5Networking
LogPluginManager: Mounting plugin AndroidMedia
LogPluginManager: Mounting plugin AvfMedia
LogPluginManager: Mounting plugin MediaPlayerEditor
LogPluginManager: Mounting plugin WmfMedia
LogPluginManager: Mounting plugin TcpMessaging
LogPluginManager: Mounting plugin UdpMessaging
LogPluginManager: Mounting plugin LevelSequenceEditor
LogPluginManager: Mounting plugin MatineeToLevelSequence
LogPluginManager: Mounting plugin OnlineSubsystemGooglePlay
LogPluginManager: Mounting plugin OnlineSubsystemIOS
LogPluginManager: Mounting plugin OnlineSubsystem
LogPluginManager: Mounting plugin OnlineSubsystemNull
LogPluginManager: Mounting plugin OnlineSubsystemUtils
LogPluginManager: Mounting plugin AndroidDeviceProfileSelector
LogPluginManager: Mounting plugin AndroidMoviePlayer
LogPluginManager: Mounting plugin AndroidPermission
LogPluginManager: Mounting plugin AppleMoviePlayer
LogPluginManager: Mounting plugin ArchVisCharacter
LogPluginManager: Mounting plugin CableComponent
LogPluginManager: Mounting plugin CustomMeshComponent
LogPluginManager: Mounting plugin ExampleDeviceProfileSelector
LogPluginManager: Mounting plugin GoogleCloudMessaging
LogPluginManager: Mounting plugin ImmediatePhysics
LogPluginManager: Mounting plugin IOSDeviceProfileSelector
LogPluginManager: Mounting plugin LinuxDeviceProfileSelector
LogPluginManager: Mounting plugin LocationServicesBPLibrary
LogPluginManager: Mounting plugin MobilePatchingUtils
LogPluginManager: Mounting plugin OculusVR
LogPluginManager: Mounting plugin PhysXVehicles
LogPluginManager: Mounting plugin ProceduralMeshComponent
LogPluginManager: Mounting plugin RuntimePhysXCooking
LogPluginManager: Mounting plugin SteamVR
LogPluginManager: Mounting plugin WindowsMoviePlayer
LogInit: Using libcurl 7.47.1
LogInit:  - built for x86_64-pc-win32
LogInit:  - supports SSL with OpenSSL/1.0.2g
LogInit:  - supports HTTP deflate (compression) using libz 1.2.8
LogInit:  - other features:
LogInit:      CURL_VERSION_SSL
LogInit:      CURL_VERSION_LIBZ
LogInit:      CURL_VERSION_IPV6
LogInit:      CURL_VERSION_ASYNCHDNS
LogInit:      CURL_VERSION_LARGEFILE
LogInit:      CURL_VERSION_IDN
LogInit:  CurlRequestOptions (configurable via config and command line):
LogInit:  - bVerifyPeer = false  - Libcurl will NOT verify peer certificate
LogInit:  - bUseHttpProxy = false  - Libcurl will NOT use HTTP proxy
LogInit:  - bDontReuseConnections = false  - Libcurl will reuse connections
LogInit:  - CertBundlePath = nullptr  - Libcurl will use whatever was configured at build time.
LogInit: Build: ++UE4+Release-4.17-CL-3658906
LogInit: Engine Version: 4.17.2-3658906+++UE4+Release-4.17
LogInit: Compatible Engine Version: 4.17.0-3573198+++UE4+Release-4.17
LogInit: Net CL: 3573198
LogDevObjectVersion: Number of dev versions registered: 16
LogDevObjectVersion:   Dev-Blueprints (B0D832E4-1F89-4F0D-ACCF-7EB736FD4AA2): 10
LogDevObjectVersion:   Dev-Build (E1C64328-A22C-4D53-A36C-8E866417BD8C): 0
LogDevObjectVersion:   Dev-Core (375EC13C-06E4-48FB-B500-84F0262A717E): 2
LogDevObjectVersion:   Dev-Editor (E4B068ED-F494-42E9-A231-DA0B2E46BB41): 20
LogDevObjectVersion:   Dev-Framework (CFFC743F-43B0-4480-9391-14DF171D2073): 28
LogDevObjectVersion:   Dev-Mobile (B02B49B5-BB20-44E9-A304-32B752E40360): 0
LogDevObjectVersion:   Dev-Networking (A4E4105C-59A1-49B5-A7C5-40C4547EDFEE): 0
LogDevObjectVersion:   Dev-Online (39C831C9-5AE6-47DC-9A44-9C173E1C8E7C): 0
LogDevObjectVersion:   Dev-Physics (78F01B33-EBEA-4F98-B9B4-84EACCB95AA2): 0
LogDevObjectVersion:   Dev-Platform (6631380F-2D4D-43E0-8009-CF276956A95A): 0
LogDevObjectVersion:   Dev-Rendering (12F88B9F-8875-4AFC-A67C-D90C383ABD29): 19
LogDevObjectVersion:   Dev-Sequencer (7B5AE74C-D270-4C10-A958-57980B212A5A): 4
LogDevObjectVersion:   Dev-VR (D7296918-1DD6-4BDD-9DE2-64A83CC13884): 0
LogDevObjectVersion:   Dev-LoadTimes (C2A15278-BFE7-4AFE-6C17-90FF531DF755): 1
LogDevObjectVersion:   Private-Geometry (6EACA3D4-40EC-4CC1-B786-8BED09428FC5): 1
LogDevObjectVersion:   Dev-AnimPhys (29E575DD-E0A3-4627-9D10-D276232CDCEA): 7
LogInit: Compiled (64-bit): Sep 22 2017 13:47:16
LogInit: Compiled with Visual C++: 19.00.24215.01
LogInit: Build Configuration: Development
LogInit: Branch Name: ++UE4+Release-4.17
LogInit: Command line:  
LogInit: Base directory: D:/UE_4.17/Engine/Binaries/Win64/
LogInit: Installed Engine Build: 1
LogInit: Presizing for max 8388607 objects, including 0 objects not considered by GC, pre-allocating 0 bytes for permanent pool.
LogInit: Object subsystem initialized
[2023.01.11-01.52.03:509][  0]LogInit: Selected Device Profile: [Windows]
[2023.01.11-01.52.03:509][  0]LogInit: Applying CVar settings loaded from the selected device profile: [Windows]
[2023.01.11-01.52.03:516][  0]LogInit: Computer: KBC12006141
[2023.01.11-01.52.03:516][  0]LogInit: User: hmohe
[2023.01.11-01.52.03:516][  0]LogInit: CPU Page size=4096, Cores=6
[2023.01.11-01.52.03:516][  0]LogInit: High frequency timer resolution =10.000000 MHz
[2023.01.11-01.52.03:516][  0]LogMemory: Memory total: Physical=15.9GB (16GB approx)
[2023.01.11-01.52.03:516][  0]LogMemory: Platform Memory Stats for Windows
[2023.01.11-01.52.03:516][  0]LogMemory: Process Physical Memory: 281.65 MB used, 281.65 MB peak
[2023.01.11-01.52.03:516][  0]LogMemory: Process Virtual Memory: 283.11 MB used, 283.11 MB peak
[2023.01.11-01.52.03:516][  0]LogMemory: Physical Memory: 10434.44 MB used,  5806.22 MB free, 16240.66 MB total
[2023.01.11-01.52.03:516][  0]LogMemory: Virtual Memory: 4807.90 MB used,  5806.22 MB free, 134217728.00 MB total
[2023.01.11-01.52.03:622][  0]LogInit: Using OS detected language (ja-JP).
[2023.01.11-01.52.03:622][  0]LogInit: Using OS detected locale (ja-JP).
[2023.01.11-01.52.03:624][  0]LogTextLocalizationManager: No specific localization for 'ja-JP' exists, so the 'ja' localization will be used.
[2023.01.11-01.52.04:049][  0]LogD3D11RHI: D3D11 adapters:
[2023.01.11-01.52.04:155][  0]LogD3D11RHI:    0. 'NVIDIA GeForce RTX 2060' (Feature Level 11_0)
[2023.01.11-01.52.04:155][  0]LogD3D11RHI:       5980/0/8120 MB DedicatedVideo/DedicatedSystem/SharedSystem, Outputs:1, VendorId:0x10de
[2023.01.11-01.52.04:194][  0]LogD3D11RHI:    1. 'Intel(R) UHD Graphics 630' (Feature Level 11_0)
[2023.01.11-01.52.04:194][  0]LogD3D11RHI:       128/0/8120 MB DedicatedVideo/DedicatedSystem/SharedSystem, Outputs:0, VendorId:0x8086
[2023.01.11-01.52.04:197][  0]LogD3D11RHI:    2. 'Microsoft Basic Render Driver' (Feature Level 11_0)
[2023.01.11-01.52.04:197][  0]LogD3D11RHI:       0/0/8120 MB DedicatedVideo/DedicatedSystem/SharedSystem, Outputs:0, VendorId:0x1414
[2023.01.11-01.52.04:197][  0]LogD3D11RHI: Chosen D3D11 Adapter: 0
[2023.01.11-01.52.04:206][  0]LogD3D11RHI: Creating new Direct3DDevice
[2023.01.11-01.52.04:207][  0]LogD3D11RHI:     GPU DeviceId: 0x1f11 (for the marketing name, search the web for "GPU Device Id")
[2023.01.11-01.52.04:207][  0]LogWindows: EnumDisplayDevices:
[2023.01.11-01.52.04:207][  0]LogWindows:    0. 'Intel(R) UHD Graphics 630' (P:1 D:1)
[2023.01.11-01.52.04:207][  0]LogWindows:    1. 'Intel(R) UHD Graphics 630' (P:0 D:0)
[2023.01.11-01.52.04:207][  0]LogWindows:    2. 'Intel(R) UHD Graphics 630' (P:0 D:0)
[2023.01.11-01.52.04:207][  0]LogWindows:    3. 'NVIDIA GeForce RTX 2060' (P:0 D:0)
[2023.01.11-01.52.04:207][  0]LogWindows:    4. 'NVIDIA GeForce RTX 2060' (P:0 D:0)
[2023.01.11-01.52.04:208][  0]LogWindows:    5. 'NVIDIA GeForce RTX 2060' (P:0 D:0)
[2023.01.11-01.52.04:208][  0]LogWindows:    6. 'NVIDIA GeForce RTX 2060' (P:0 D:0)
[2023.01.11-01.52.04:208][  0]LogWindows: DebugString: GetVideoDriverDetailsInvalid PrimaryIsNotTheChoosenAdapter GetVideoDriverDetailsInvalid PrimaryIsNotTheChoosenAdapter GetVideoDriverDetailsInvalid PrimaryIsNotTheChoosenAdapter GetVideoDriverDetailsInvalid PrimaryIsNotTheChoosenAdapter GetVideoDriverDetailsInvalid PrimaryIsNotTheChoosenAdapter GetVideoDriverDetailsInvalid PrimaryIsNotTheChoosenAdapter GetVideoDriverDetailsInvalid PrimaryIsNotTheChoosenAdapter FoundDriverCount:0 
[2023.01.11-01.52.04:208][  0]LogD3D11RHI:     Adapter Name: NVIDIA GeForce RTX 2060
[2023.01.11-01.52.04:208][  0]LogD3D11RHI:   Driver Version: Unknown (internal:Unknown, unified:Unknown)
[2023.01.11-01.52.04:208][  0]LogD3D11RHI:      Driver Date: Unknown
[2023.01.11-01.52.04:208][  0]LogRHI: Texture pool is 1361 MB (70% of 1945 MB)
[2023.01.11-01.52.04:261][  0]LogD3D11RHI: Async texture creation enabled
[2023.01.11-01.52.04:273][  0]LogD3D11RHI: GPU Timing Frequency: 1000.000000 (Debug: 2 1)
[2023.01.11-01.52.04:274][  0]LogShaderCompilers: Guid format shader working directory is 12 characters bigger than the processId version (../../../../UE4seisaku/MyProject2/Intermediate/Shaders/WorkingDirectory/24088/).
[2023.01.11-01.52.04:274][  0]LogShaderCompilers: Cleaned the shader compiler working directory 'C:/Users/hmohe/AppData/Local/Temp/UnrealShaderWorkingDir/F3F177594850454E02361D98C53F1372/'.
[2023.01.11-01.52.04:274][  0]LogShaderCompilers: Display: Using Local Shader Compiler.
[2023.01.11-01.52.05:034][  0]LogTemp: Display: Loaded TP AllDesktopTargetPlatform
[2023.01.11-01.52.05:068][  0]LogTemp: Display: Loaded TP MacClientTargetPlatform
[2023.01.11-01.52.05:106][  0]LogTemp: Display: Loaded TP MacNoEditorTargetPlatform
[2023.01.11-01.52.05:139][  0]LogTemp: Display: Loaded TP MacServerTargetPlatform
[2023.01.11-01.52.05:174][  0]LogTemp: Display: Loaded TP MacTargetPlatform
[2023.01.11-01.52.05:208][  0]LogTemp: Display: Loaded TP WindowsClientTargetPlatform
[2023.01.11-01.52.05:241][  0]LogTemp: Display: Loaded TP WindowsNoEditorTargetPlatform
[2023.01.11-01.52.05:278][  0]LogTemp: Display: Loaded TP WindowsServerTargetPlatform
[2023.01.11-01.52.05:310][  0]LogTemp: Display: Loaded TP WindowsTargetPlatform
[2023.01.11-01.52.05:342][  0]LogTemp: Display: Loaded TP AndroidTargetPlatform
[2023.01.11-01.52.05:375][  0]LogTemp: Display: Loaded TP Android_ASTCTargetPlatform
[2023.01.11-01.52.05:410][  0]LogTemp: Display: Loaded TP Android_ATCTargetPlatform
[2023.01.11-01.52.05:444][  0]LogTemp: Display: Loaded TP Android_DXTTargetPlatform
[2023.01.11-01.52.05:476][  0]LogTemp: Display: Loaded TP Android_ETC1TargetPlatform
[2023.01.11-01.52.05:510][  0]LogTemp: Display: Loaded TP Android_ETC2TargetPlatform
[2023.01.11-01.52.05:580][  0]LogTemp: Display: Loaded TP Android_MultiTargetPlatform
[2023.01.11-01.52.05:580][  0]LogTemp: Display: Loaded TP Android_PVRTCTargetPlatform
[2023.01.11-01.52.05:604][  0]LogTemp: Display: Loaded TP HTML5TargetPlatform
[2023.01.11-01.52.05:673][  0]LogTemp: Display: Loaded TP IOSTargetPlatform
[2023.01.11-01.52.05:693][  0]LogTemp: Display: Loaded TP TVOSTargetPlatform
[2023.01.11-01.52.05:725][  0]LogTemp: Display: Loaded TP LinuxClientTargetPlatform
[2023.01.11-01.52.05:759][  0]LogTemp: Display: Loaded TP LinuxNoEditorTargetPlatform
[2023.01.11-01.52.05:791][  0]LogTemp: Display: Loaded TP LinuxServerTargetPlatform
[2023.01.11-01.52.05:824][  0]LogTemp: Display: Loaded TP LinuxTargetPlatform
[2023.01.11-01.52.05:824][  0]LogTargetPlatformManager: Display: Building Assets For Windows
[2023.01.11-01.52.06:113][  0]LogDerivedDataCache: Display: Max Cache Size: 512 MB
[2023.01.11-01.52.06:190][  0]LogDerivedDataCache: Loaded boot cache 0.08s 93MB C:/Users/hmohe/AppData/Local/UnrealEngine/4.17/DerivedDataCache/Boot.ddc.
[2023.01.11-01.52.06:191][  0]LogDerivedDataCache: Display: Loaded Boot cache: C:/Users/hmohe/AppData/Local/UnrealEngine/4.17/DerivedDataCache/Boot.ddc
[2023.01.11-01.52.06:191][  0]LogDerivedDataCache: FDerivedDataBackendGraph:  Pak pak cache file ../../../../UE4seisaku/MyProject2/DerivedDataCache/DDC.ddp not found, will not use a pak cache.
[2023.01.11-01.52.06:191][  0]LogDerivedDataCache: Unable to find inner node Pak for hierarchical cache Hierarchy.
[2023.01.11-01.52.06:191][  0]LogDerivedDataCache: FDerivedDataBackendGraph:  CompressedPak pak cache file ../../../../UE4seisaku/MyProject2/DerivedDataCache/Compressed.ddp not found, will not use a pak cache.
[2023.01.11-01.52.06:191][  0]LogDerivedDataCache: Unable to find inner node CompressedPak for hierarchical cache Hierarchy.
[2023.01.11-01.52.06:206][  0]LogDerivedDataCache: Display: Pak cache opened for reading ../../../Engine/DerivedDataCache/Compressed.ddp.
[2023.01.11-01.52.06:218][  0]LogDerivedDataCache: Using Local data cache path C:/Users/hmohe/AppData/Local/UnrealEngine/Common/DerivedDataCache: Writable
[2023.01.11-01.52.06:226][  0]LogMaterial: Verifying Global Shaders for PCD3D_SM5
[2023.01.11-01.52.06:226][  0]LogSlate: Using Freetype 2.6.0
[2023.01.11-01.52.06:227][  0]LogSlate: SlateFontCache - WITH_FREETYPE: 1, WITH_HARFBUZZ: 1
[2023.01.11-01.52.06:227][  0]LogSlate: SlateFontCache - WITH_FREETYPE: 1, WITH_HARFBUZZ: 1
[2023.01.11-01.52.06:463][  0]LogAssetRegistry: FAssetRegistry took 0.0257 seconds to start up
[2023.01.11-01.52.06:545][  0]LogInit: Selected Device Profile: [Windows]
[2023.01.11-01.52.06:675][  0]LogContentStreaming: Texture pool size is 0.00 MB
[2023.01.11-01.52.06:875][  0]LogSimplygon: Simplygon DLL not present - disabling.
[2023.01.11-01.52.06:899][  0]LogMeshReduction: Using SimplygonSwarm for distributed automatic mesh merging
[2023.01.11-01.52.06:899][  0]LogMeshReduction: Using QuadricMeshReduction for automatic static mesh reduction
[2023.01.11-01.52.06:899][  0]LogMeshReduction: No automatic skeletal mesh reduction module available
[2023.01.11-01.52.06:899][  0]LogMeshReduction: No automatic mesh merging module available
[2023.01.11-01.52.06:899][  0]LogMeshMerging: No automatic mesh merging module available
[2023.01.11-01.52.07:197][  0]LogNetVersion: MyProject2 , NetCL: 3573198, EngineNetVer: 2, GameNetVer: 0 (Checksum: 237949846)
[2023.01.11-01.52.07:365][  0]LogPackageLocalizationCache: Processed 5 localized package path(s) for 2 prioritized culture(s) in 0.041579 seconds
[2023.01.11-01.52.07:370][  0]LogUObjectArray: 35825 objects as part of root set at end of initial load.
[2023.01.11-01.52.07:370][  0]LogUObjectAllocator: 7529112 out of 0 bytes used by permanent object pool.
[2023.01.11-01.52.07:370][  0]LogUObjectArray: CloseDisregardForGC: 0/0 objects in disregard for GC pool
[2023.01.11-01.52.07:401][  0]LogInit: WinSock: version 1.1 (2.2), MaxSocks=32767, MaxUdp=65467
[2023.01.11-01.52.09:365][  0]LogTcpMessaging: Initializing TcpMessaging bridge
[2023.01.11-01.52.09:393][  0]LogUdpMessaging: Initializing bridge on interface 0.0.0.0:0 to multicast group 230.0.0.1:6666.
[2023.01.11-01.52.09:897][  0]LogMaterial: Uniform references updated for custom material expression Custom.
[2023.01.11-01.52.10:193][  0]SourceControl: ソースコントロールは無効です
[2023.01.11-01.52.10:193][  0]SourceControl: ソースコントロールは無効です
[2023.01.11-01.52.10:225][  0]SourceControl: ソースコントロールは無効です
[2023.01.11-01.52.10:260][  0]SourceControl: ソースコントロールは無効です
[2023.01.11-01.52.10:669][  0]LogAndroidPermission: UAndroidPermissionCallbackProxy::GetInstance
[2023.01.11-01.52.10:841][  0]LogOcInput: OculusInput pre-init called
[2023.01.11-01.52.11:023][  0]LogEngine: Initializing Engine...
[2023.01.11-01.52.11:024][  0]LogHMD: Failed to initialize OpenVR with code 110
[2023.01.11-01.52.11:234][  0]LogStats: UGameplayTagsManager::ConstructGameplayTagTree: Construct from data asset -  0.000 s
[2023.01.11-01.52.11:234][  0]LogStats: UGameplayTagsManager::ConstructGameplayTagTree: GameplayTagTreeChangedEvent.Broadcast -  0.000 s
[2023.01.11-01.52.11:323][  0]LogAIModule: Creating AISystem for world Untitled
[2023.01.11-01.52.11:415][  0]LogInit: XAudio2 using 'スピーカー (Realtek(R) Audio)' : 2 channels at 48 kHz using 32 bits per sample (channel mask 0x3)
[2023.01.11-01.52.11:441][  0]LogInit: FAudioDevice initialized.
[2023.01.11-01.52.11:550][  0]LogDerivedDataCache: Saved boot cache 0.11s 93MB C:/Users/hmohe/AppData/Local/UnrealEngine/4.17/DerivedDataCache/Boot.ddc.
[2023.01.11-01.52.11:563][  0]LogInit: Texture streaming: Enabled
[2023.01.11-01.52.11:638][  0]LogEngineSessionManager: EngineSessionManager initialized
[2023.01.11-01.52.11:784][  0]LogInit: Transaction tracking system initialized
[2023.01.11-01.52.12:002][  0]BlueprintLog: New page: エディタの読み込み
[2023.01.11-01.52.12:562][  0]LocalizationService: ローカライズのサービスが無効になりました
[2023.01.11-01.52.13:048][  0]LogConsoleResponse: Display: 
[2023.01.11-01.52.13:209][  0]LogCook: Display: Max memory allowance for cook 16384mb min free memory 0mb
[2023.01.11-01.52.13:209][  0]LogCook: Display: Mobile HDR setting 1
[2023.01.11-01.52.13:209][  0]LogGameplayTags: Display: UGameplayTagsManager::DoneAddingNativeTags. DelegateIsBound: 0
[2023.01.11-01.52.13:893][  0]LogFileCache: Scanning file cache for directory 'D:/UE4seisaku/MyProject2/Content/' took 0.02s
[2023.01.11-01.52.13:893][  0]SourceControl: ソースコントロールは無効です
[2023.01.11-01.52.13:893][  0]Cmd: MAP LOAD FILE="../../../Engine/Content/Maps/Templates/Template_Default.umap" TEMPLATE=1 SHOWPROGRESS=1 FEATURELEVEL=3
[2023.01.11-01.52.13:893][  0]LightingResults: New page: ライティングのビルド
[2023.01.11-01.52.13:922][  0]MapCheck: New page: マップをチェック
[2023.01.11-01.52.13:922][  0]LightingResults: New page: <何も選択されていません>
[2023.01.11-01.52.14:102][  0]LogAIModule: Creating AISystem for world Untitled_1
[2023.01.11-01.52.14:108][  0]LogEditorServer: Finished looking for orphan Actors (0.000 secs)
[2023.01.11-01.52.14:126][  0]Cmd: MAP CHECKDEP NOCLEARLOG
[2023.01.11-01.52.14:164][  0]MapCheck: マップチェックが完了: 0 エラー、 0 警告、完了に 38.501ミリ秒かかりました。
[2023.01.11-01.52.14:164][  0]LogFileHelpers: Loading map 'Template_Default' took 0.271
[2023.01.11-01.52.14:232][  0]LogWindowsTextInputMethodSystem: Display: IME system now activated using TSF (Microsoft IME).
[2023.01.11-01.52.14:303][  0]LogCollectionManager: Loaded 0 collections in 0.000797 seconds
[2023.01.11-01.52.14:377][  0]LogFileCache: Scanning file cache for directory 'D:/UE4seisaku/MyProject2/Saved/Collections/' took 0.01s
[2023.01.11-01.52.14:377][  0]LogFileCache: Scanning file cache for directory 'D:/UE4seisaku/MyProject2/Content/Developers/hmohe/Collections/' took 0.01s
[2023.01.11-01.52.14:377][  0]LogFileCache: Scanning file cache for directory 'D:/UE4seisaku/MyProject2/Content/Collections/' took 0.01s
[2023.01.11-01.52.14:377][  0]LogCollectionManager: Rebuilt the GUID cache for 0 collections in 0.000001 seconds
[2023.01.11-01.52.14:386][  0]LogContentBrowser: Native class hierarchy populated in 0.0087 seconds. Added 2386 classes and 500 folders.
[2023.01.11-01.52.14:431][  0]LogContentBrowser: Native class hierarchy updated for 'WidgetCarousel' in 0.0005 seconds. Added 0 classes and 0 folders.
[2023.01.11-01.52.14:466][  0]LogContentBrowser: Native class hierarchy updated for 'AddContentDialog' in 0.0005 seconds. Added 0 classes and 0 folders.
[2023.01.11-01.52.14:493][  0]LogContentBrowser: Native class hierarchy updated for 'SceneOutliner' in 0.0006 seconds. Added 1 classes and 2 folders.
[2023.01.11-01.52.14:513][  0]LogSlate: Took 0.000214 seconds to synchronously load lazily loaded font '../../../Engine/Content/Slate/Fonts/Roboto-Regular.ttf' (155K)
[2023.01.11-01.52.14:517][  0]LogSlate: Took 0.002422 seconds to synchronously load lazily loaded font '../../../Engine/Content/Slate/Fonts/DroidSansFallback.ttf' (3848K)
[2023.01.11-01.52.14:517][  0]LogSlate: Took 0.000195 seconds to synchronously load lazily loaded font '../../../Engine/Content/Slate/Fonts/Roboto-Bold.ttf' (160K)
[2023.01.11-01.52.14:522][  0]LogSlate: Took 0.000203 seconds to synchronously load lazily loaded font '../../../Engine/Content/Editor/Slate/Fonts/FontAwesome.ttf' (139K)
[2023.01.11-01.52.14:610][  0]LogRenderer: Reallocating scene render targets to support 1208x568 Format 10 NumSamples 1 (Frame:1).
[2023.01.11-01.52.14:772][  0]LogContentBrowser: Native class hierarchy updated for 'HierarchicalLODOutliner' in 0.0006 seconds. Added 1 classes and 2 folders.
[2023.01.11-01.52.14:772][  0]LogLoad: (Engine Initialization) Total time: 12.82 seconds
[2023.01.11-01.52.14:772][  0]LogLoad: (Engine Initialization) Total Blueprint compile time: 0.00 seconds
[2023.01.11-01.52.14:772][  0]LogExternalProfiler: No external profilers were discovered.  External profiling features will not be available.
[2023.01.11-01.52.14:810][  0]LogContentStreaming: Texture pool size now 1000 MB
[2023.01.11-01.52.14:850][  1]LogAssetRegistry: Asset discovery search completed in 8.4092 seconds
[2023.01.11-01.52.14:852][  1]LogCollectionManager: Rebuilt the object cache for 0 collections in 0.000001 seconds (found 0 objects)
[2023.01.11-01.52.14:852][  1]LogCollectionManager: Fixed up redirectors for 0 collections in 0.000079 seconds (updated 0 objects)
[2023.01.11-01.53.08:054][866]LogSlate: Took 0.018817 seconds to synchronously load lazily loaded font '../../../Engine/Content/Slate/Fonts/Roboto-Light.ttf' (159K)
[2023.01.11-01.53.08:442][866]LogLinker: Warning: ファイル '/Game/Maps/NewMap_BuiltData' が見つかりません
[2023.01.11-01.53.08:449][866]LogLinker: Warning: ../../../../UE4seisaku/MyProject2/Content/Maps/NewMap.umap のロード中にアセット '/Game/Maps/NewMap_BuiltData'  のファイルが見つかりません
[2023.01.11-01.53.08:449][866]LoadErrors: Error: /Game/Maps/NewMap : アセットのファイルが見つかりません /Game/Maps/NewMap_BuiltData
[2023.01.11-01.53.08:541][866]LogLinker: Warning: ファイル '/Game/Maps/NewMap_BuiltData' が見つかりません
[2023.01.11-01.53.08:541][866]LogLinker: Warning: ../../../../UE4seisaku/MyProject2/Content/Maps/NewMap.umap のロード中にアセット '/Game/Maps/NewMap_BuiltData'  のファイルが見つかりません
[2023.01.11-01.53.08:658][866]LogLinker: Warning: ファイル '/Game/Maps/NewMap_BuiltData' が見つかりません
[2023.01.11-01.53.08:658][866]LoadErrors: ロードに失敗しました /Game/Maps/NewMap_BuiltData.NewMap_BuiltData 参照元 PersistentLevel
[2023.01.11-01.53.08:658][866]LogLinker: Warning: NULL のロード中にアセット '/Game/Maps/NewMap_BuiltData'  のファイルが見つかりません
[2023.01.11-01.53.08:738][866]LogTexture: Display: Building textures: T_starFlare_03 (AutoDXT, 256X256)
[2023.01.11-01.53.08:738][866]LogTexture: Display: Building textures: T_Plains_Terrain_Floors01_D (AutoDXT, 1024X1024)
[2023.01.11-01.53.08:857][866]LogTexture: Display: Building textures: T_Plains_Tree01_N (BC5, 2048X2048)
[2023.01.11-01.53.08:857][866]LogStaticMesh: スタティックメッシュ SM_Plains_Tree_Stump01 をビルド中...
[2023.01.11-01.53.08:899][866]LogStaticMesh: Built static mesh [0.04s] /Game/InfinityBladeGrassLands/Environments/Plains/Env_Plains_Flora/StaticMesh/SM_Plains_Tree_Stump01.SM_Plains_Tree_Stump01
[2023.01.11-01.53.09:606][866]LogTexture: Display: Building textures: T_Plains_Ruins_Pillars_03_N (BC5, 2048X2048)
[2023.01.11-01.53.09:606][866]LogTexture: Display: Building textures: T_Plains_Tree01_D (AutoDXT, 2048X2048)
[2023.01.11-01.53.09:606][866]LogTexture: Display: Building textures: T_Plains_Ruins_Pillars_02_N (BC5, 2048X2048)
[2023.01.11-01.53.09:606][866]LogTexture: Display: Building textures: T_Plains_Ruins_Pillars_N (BC5, 2048X2048)
[2023.01.11-01.53.09:608][866]LogStaticMesh: スタティックメッシュ SM_Plains_Tree_Branch02 をビルド中...
[2023.01.11-01.53.09:620][866]LogStaticMesh: Built static mesh [0.01s] /Game/InfinityBladeGrassLands/Environments/Plains/Env_Plains_Flora/StaticMesh/SM_Plains_Tree_Branch02.SM_Plains_Tree_Branch02
[2023.01.11-01.53.15:354][866]LogTexture: Display: Building textures: T_Plains_ExtCastle_StoneWall_01_D (AutoDXT, 2048X2048)
[2023.01.11-01.53.15:354][866]LogTexture: Display: Building textures: T_Plains_Ruins_Pillars_03_D (AutoDXT, 2048X2048)
[2023.01.11-01.53.15:354][866]LogTexture: Display: Building textures: T_Plains_Terrain_Floors01_N (BC5, 1024X1024)
[2023.01.11-01.53.15:354][866]LogTexture: Display: Building textures: T_Plains_Ruins_Pillars_02_D (AutoDXT, 2048X2048)
[2023.01.11-01.53.15:354][866]LogTexture: Display: Building textures: T_Plains_Ruins_Pillars_M (AutoDXT, 2048X2048)
[2023.01.11-01.53.15:354][866]LogTexture: Display: Building textures: ThumbnailTexture (DXT1, 512X512)
[2023.01.11-01.53.15:354][866]LogTexture: Display: Building textures: T_Plains_Man_Statue_D (AutoDXT, 2048X2048)
[2023.01.11-01.53.15:354][866]LogTexture: Display: Building textures: T_Plains_Man_Statue_N (BC5, 2048X2048)
[2023.01.11-01.53.15:354][866]LogTexture: Display: Building textures: T_Plains_Cliff001 (BC5, 1024X1024)
[2023.01.11-01.53.15:354][866]LogTexture: Display: Building textures: T_Plains_Fern01_D (AutoDXT, 2048X2048)
[2023.01.11-01.53.15:354][866]LogTexture: Display: Building textures: T_Plains_Cliff01 (AutoDXT, 1024X1024)
[2023.01.11-01.53.15:354][866]LogTexture: Display: Building textures: T_Plains_Fern01_N (AutoDXT, 2048X2048)
[2023.01.11-01.53.15:354][866]LogTexture: Display: Building textures: T_Plains_ExtCastle_StoneWall_01_N (BC5, 2048X2048)
[2023.01.11-01.53.15:354][866]LogTexture: Display: Building textures: T_Plains_Ruins_Pillars_D (AutoDXT, 2048X2048)
[2023.01.11-01.53.15:459][866]LogMaterial: Missing cached shader map for material M_Plains_Tree_Stump01, compiling. 
[2023.01.11-01.53.15:609][866]LogMaterial: Missing cached shader map for material M_Add_Sprite_Master, compiling. 
[2023.01.11-01.53.15:669][866]LogMaterial: Missing cached shader map for material M_Plains_Floors_Block, compiling. 
[2023.01.11-01.53.15:761][866]LogStaticMesh: スタティックメッシュ SM_Plains_Floors_Flat02 をビルド中...
[2023.01.11-01.53.15:762][866]LogStaticMesh: Built static mesh [0.00s] /Game/InfinityBladeGrassLands/Environments/Plains/Env_Plains_Floors/StaticMesh/SM_Plains_Floors_Flat02.SM_Plains_Floors_Flat02
[2023.01.11-01.53.15:764][866]LogStaticMesh: スタティックメッシュ SM_Plains_Tree01 をビルド中...
[2023.01.11-01.53.15:822][866]LogStaticMesh: Built static mesh [0.06s] /Game/InfinityBladeGrassLands/Environments/Plains/Env_Plains_Flora/StaticMesh/SM_Plains_Tree01.SM_Plains_Tree01
[2023.01.11-01.53.15:868][866]LogStaticMesh: スタティックメッシュ SM_Plains_Grass01 をビルド中...
[2023.01.11-01.53.15:873][866]LogStaticMesh: Built static mesh [0.01s] /Game/InfinityBladeGrassLands/Environments/Plains/Env_Plains_Flora/StaticMesh/SM_Plains_Grass01.SM_Plains_Grass01
[2023.01.11-01.53.15:874][866]LogStaticMesh: スタティックメッシュ SM_Plains_Fern04 をビルド中...
[2023.01.11-01.53.15:910][866]LogStaticMesh: Built static mesh [0.04s] /Game/InfinityBladeGrassLands/Environments/Plains/Env_Plains_Flora/StaticMesh/SM_Plains_Fern04.SM_Plains_Fern04
[2023.01.11-01.53.17:278][866]LogSlate: Took 0.000173 seconds to synchronously load lazily loaded font '../../../Engine/Content/Slate/Fonts/Roboto-Regular.ttf' (155K)
[2023.01.11-01.53.17:284][866]LogMaterial: Missing cached shader map for material M_Plains_StoneWall, compiling. 
[2023.01.11-01.53.17:517][866]LogStaticMesh: スタティックメッシュ SM_Plains_CastleArch_01 をビルド中...
[2023.01.11-01.53.17:553][866]LogStaticMesh: Built static mesh [0.04s] /Game/InfinityBladeGrassLands/Environments/Plains/Env_Plains_Ruins/StaticMesh/SM_Plains_CastleArch_01.SM_Plains_CastleArch_01
[2023.01.11-01.53.17:556][866]LogStaticMesh: スタティックメッシュ SM_Plains_Fern01 をビルド中...
[2023.01.11-01.53.17:563][866]LogStaticMesh: Built static mesh [0.01s] /Game/InfinityBladeGrassLands/Environments/Plains/Env_Plains_Flora/StaticMesh/SM_Plains_Fern01.SM_Plains_Fern01
[2023.01.11-01.53.17:564][866]LogStaticMesh: スタティックメッシュ SM_Plains_Fern02 をビルド中...
[2023.01.11-01.53.17:611][866]LogStaticMesh: Built static mesh [0.05s] /Game/InfinityBladeGrassLands/Environments/Plains/Env_Plains_Flora/StaticMesh/SM_Plains_Fern02.SM_Plains_Fern02
[2023.01.11-01.53.17:645][866]LogStaticMesh: スタティックメッシュ SM_Plains_Fern03 をビルド中...
[2023.01.11-01.53.17:650][866]LogStaticMesh: Built static mesh [0.01s] /Game/InfinityBladeGrassLands/Environments/Plains/Env_Plains_Flora/StaticMesh/SM_Plains_Fern03.SM_Plains_Fern03
[2023.01.11-01.53.17:651][866]LogStaticMesh: スタティックメッシュ SM_Plains_Floors_Flat03 をビルド中...
[2023.01.11-01.53.17:651][866]LogStaticMesh: Built static mesh [0.00s] /Game/InfinityBladeGrassLands/Environments/Plains/Env_Plains_Floors/StaticMesh/SM_Plains_Floors_Flat03.SM_Plains_Floors_Flat03
[2023.01.11-01.53.17:654][866]LogStaticMesh: スタティックメッシュ SM_Plains_Man_Statue_01 をビルド中...
[2023.01.11-01.53.17:692][866]LogStaticMesh: Built static mesh [0.04s] /Game/InfinityBladeGrassLands/Environments/Plains/Env_Plains_Statues/StaticMesh/SM_Plains_Man_Statue_01.SM_Plains_Man_Statue_01
[2023.01.11-01.53.17:744][866]LogStaticMesh: スタティックメッシュ SM_Plains_Ruin_BuildingLOD01 をビルド中...
[2023.01.11-01.53.17:750][866]LogStaticMesh: Built static mesh [0.01s] /Game/InfinityBladeGrassLands/Environments/Plains/Env_Plains_Ruins/StaticMesh/SM_Plains_Ruin_BuildingLOD01.SM_Plains_Ruin_BuildingLOD01
[2023.01.11-01.53.17:752][866]LogStaticMesh: スタティックメッシュ SM_Plains_Vine01 をビルド中...
[2023.01.11-01.53.17:762][866]LogStaticMesh: Built static mesh [0.01s] /Game/InfinityBladeGrassLands/Environments/Plains/Env_Plains_Flora/StaticMesh/SM_Plains_Vine01.SM_Plains_Vine01
[2023.01.11-01.53.17:763][866]LogStaticMesh: スタティックメッシュ SM_Plains_Wall_Straight_01 をビルド中...
[2023.01.11-01.53.17:809][866]LogStaticMesh: Built static mesh [0.05s] /Game/InfinityBladeGrassLands/Environments/Plains/Env_Plains_Ruins/StaticMesh/SM_Plains_Wall_Straight_01.SM_Plains_Wall_Straight_01
[2023.01.11-01.53.18:806][866]LogMaterial: Missing cached shader map for material M_Plains_Pillars02, compiling. 
[2023.01.11-01.53.18:852][866]LogMaterial: Missing cached shader map for material M_Plains_Cliff1, compiling. 
[2023.01.11-01.53.18:886][866]LogMaterial: Missing cached shader map for material M_Plains_Pillars03, compiling. 
[2023.01.11-01.53.18:961][866]LogMaterial: Missing cached shader map for material M_Plains_Man_Statue, compiling. 
[2023.01.11-01.53.18:998][866]LogMaterial: Missing cached shader map for material M_PLains_Fern01, compiling. 
[2023.01.11-01.53.19:143][866]LogMaterial: Missing cached shader map for material M_Plains_Pillars, compiling. 
[2023.01.11-01.53.19:192][866]LogAIModule: Creating AISystem for world NewMap
[2023.01.11-01.53.19:325][866]Cmd: MAP LOAD FILE="../../../../UE4seisaku/MyProject2/Content/Maps/NewMap.umap" TEMPLATE=0 SHOWPROGRESS=1 FEATURELEVEL=3
[2023.01.11-01.53.19:325][866]LightingResults: New page: ライティングのビルド
[2023.01.11-01.53.19:326][866]LoadErrors: New page: マップをロード中: NewMap.umap
[2023.01.11-01.53.19:327][866]MapCheck: New page: マップをチェック
[2023.01.11-01.53.19:327][866]LightingResults: New page: <何も選択されていません>
[2023.01.11-01.53.19:477][866]LogEditorServer: Finished looking for orphan Actors (0.000 secs)
[2023.01.11-01.53.19:546][866]Cmd: MAP CHECKDEP NOCLEARLOG
[2023.01.11-01.53.19:624][866]MapCheck: マップチェックが完了: 0 エラー、 0 警告、完了に 77.602ミリ秒かかりました。
[2023.01.11-01.53.19:625][866]LogFileHelpers: Loading map 'NewMap' took 0.315
[2023.01.11-01.53.27:174][254]LogTemp: Repeating last play command: 選択ビューポート
[2023.01.11-01.53.27:266][254]LogPackageName: Warning: String asset reference "S_ClothTarps_03.SM.Mesh.S_ClothTarps_03" is in short form, which is unsupported and -- even if valid -- resolving it will be really slow.
[2023.01.11-01.53.27:266][254]LogPackageName: Warning: Please consider resaving package in order to speed-up loading.
[2023.01.11-01.53.27:370][254]LogPackageName: SearchForPackageOnDisk took   0.104s, but failed to resolve S_ClothTarps_03.
[2023.01.11-01.53.27:370][254]LogPackageName: Warning: String asset reference "S_ClothTarps_03.SM.Mesh.S_ClothTarps_03" could not be resolved.
[2023.01.11-01.53.27:543][254]LogPlayLevel: PlayLevel: No blueprints needed recompiling
[2023.01.11-01.53.27:615][254]PIE: New page: PIEセッション: NewMap (2023/01/11 19:53:27)
[2023.01.11-01.53.27:616][254]LogPlayLevel: Creating play world package: /Game/Maps/UEDPIE_0_NewMap
[2023.01.11-01.53.27:690][254]LogPlayLevel: PIE: StaticDuplicateObject took: (0.073774s)
[2023.01.11-01.53.27:692][254]LogAIModule: Creating AISystem for world NewMap
[2023.01.11-01.53.27:692][254]LogPlayLevel: PIE: World Init took: (0.001459s)
[2023.01.11-01.53.27:694][254]LogPlayLevel: PIE: Created PIE world by copying editor world from /Game/Maps/NewMap.NewMap to /Game/Maps/UEDPIE_0_NewMap.NewMap (0.077751s)
[2023.01.11-01.53.27:721][254]LogInit: XAudio2 using 'スピーカー (Realtek(R) Audio)' : 2 channels at 48 kHz using 32 bits per sample (channel mask 0x3)
[2023.01.11-01.53.27:745][254]LogInit: FAudioDevice initialized.
[2023.01.11-01.53.27:808][254]LogLoad: Game class is 'MyGameMode_C'
[2023.01.11-01.53.27:954][254]LogWorld: Bringing World /Game/Maps/UEDPIE_0_NewMap.NewMap up for play (max tick rate 60) at 2023.01.11-10.53.27
[2023.01.11-01.53.27:983][254]LogWorld: Bringing up level for play took: 0.047754
[2023.01.11-01.53.28:215][254]LogContentBrowser: Native class hierarchy updated for 'MovieSceneCapture' in 0.0008 seconds. Added 11 classes and 0 folders.
[2023.01.11-01.53.28:443][254]PIE: /Game/Maps/UEDPIE_0_NewMap 1.461のプレイ イン エディタの開始時間
[2023.01.11-01.55.39:737][ 83]LogEditorViewport: Clicking on Actor (LMB): StaticMeshActor (SM_Plains_Grass3)
[2023.01.11-01.55.40:594][ 83]LogEditorViewport: Clicking on Component (LMB): StaticMeshComponent (StaticMeshComponent0)
[2023.01.11-01.55.42:622][178]LogEditorViewport: Clicking on Actor (LMB): BP_Sky_Sphere_C (Sky Sphere2)
[2023.01.11-01.55.49:453][582]LogEditorViewport: Clicking on Actor (LMB): BP_Sky_Sphere_C (Sky Sphere2)
[2023.01.11-01.56.41:324][683]LogSlate: Took 0.015155 seconds to synchronously load lazily loaded font '../../../Engine/Content/Editor/Slate/Fonts/Roboto-Italic.ttf' (157K)
[2023.01.11-01.56.41:670][703]LogEditorViewport: Clicking on Actor (context menu): StaticMeshActor (SM_Plains_Wall_Straight_2)
[2023.01.11-01.57.26:428][348]LogEditorViewport: Clicking on Actor (LMB): BP_Sky_Sphere_C (Sky Sphere2)
[2023.01.11-01.59.39:554][126]LogEditorViewport: Clicking on Actor (LMB): StaticMeshActor (SM_Plains_Grass7)
[2023.01.11-01.59.41:659][250]LogEditorViewport: Clicking on Actor (LMB): BP_Sky_Sphere_C (Sky Sphere2)
[2023.01.11-02.22.30:461][871]LogFactory: FactoryCreateFile: StaticMesh with FbxFactory (0 0 C:/Users/hmohe/Downloads/DrAward_Pack/DrAward_Pack/sozai/Mesh/trap_arrow.fbx)
[2023.01.11-02.22.30:694][871]LogFbx: ItemName: GlobalSettings, ItemCount : 1
[2023.01.11-02.22.30:694][871]LogFbx: ItemName: AnimationStack, ItemCount : 1
[2023.01.11-02.22.30:694][871]LogFbx: ItemName: AnimationLayer, ItemCount : 1
[2023.01.11-02.22.30:694][871]LogFbx: ItemName: NodeAttribute, ItemCount : 1
[2023.01.11-02.22.30:694][871]LogFbx: ItemName: Model, ItemCount : 10
[2023.01.11-02.22.30:694][871]LogFbx: ItemName: Geometry, ItemCount : 9
[2023.01.11-02.22.30:694][871]LogFbx: ItemName: Material, ItemCount : 1
[2023.01.11-02.22.30:705][871]LogFbx: Loading FBX Scene from C:/Users/hmohe/Downloads/DrAward_Pack/DrAward_Pack/sozai/Mesh/trap_arrow.fbx
[2023.01.11-02.22.30:732][871]LogFbx: FBX Scene Loaded Succesfully
[2023.01.11-02.22.32:959][871]LogFbx: Loading FBX Scene from C:/Users/hmohe/Downloads/DrAward_Pack/DrAward_Pack/sozai/Mesh/trap_arrow.fbx
[2023.01.11-02.22.32:967][871]LogFbx: FBX Scene Loaded Succesfully
[2023.01.11-02.22.32:974][871]LogLinker: ファイル '/Game/trap/lambert1' が見つかりません
[2023.01.11-02.22.32:974][871]LogLinker: ファイル '/Game/trap/lambert1' が見つかりません
[2023.01.11-02.22.33:152][871]LogMaterial: Missing cached shader map for material lambert1, compiling. 
[2023.01.11-02.22.33:168][871]LogFbx: Warning: Triangulating static mesh arrow
[2023.01.11-02.22.33:215][871]LogStaticMesh: スタティックメッシュ trap_arrow_arrow をビルド中...
[2023.01.11-02.22.33:217][871]LogStaticMesh: Built static mesh [0.00s] /Game/trap/trap_arrow_arrow.trap_arrow_arrow
[2023.01.11-02.22.33:257][871]LogFbx: Warning: Triangulating static mesh arrow1
[2023.01.11-02.22.33:259][871]LogStaticMesh: スタティックメッシュ trap_arrow_arrow1 をビルド中...
[2023.01.11-02.22.33:260][871]LogStaticMesh: Built static mesh [0.00s] /Game/trap/trap_arrow_arrow1.trap_arrow_arrow1
[2023.01.11-02.22.33:265][871]LogFbx: Warning: Triangulating static mesh arrow2
[2023.01.11-02.22.33:267][871]LogStaticMesh: スタティックメッシュ trap_arrow_arrow2 をビルド中...
[2023.01.11-02.22.33:268][871]LogStaticMesh: Built static mesh [0.00s] /Game/trap/trap_arrow_arrow2.trap_arrow_arrow2
[2023.01.11-02.22.33:272][871]LogFbx: Warning: Triangulating static mesh arrow3
[2023.01.11-02.22.33:274][871]LogStaticMesh: スタティックメッシュ trap_arrow_arrow3 をビルド中...
[2023.01.11-02.22.33:276][871]LogStaticMesh: Built static mesh [0.00s] /Game/trap/trap_arrow_arrow3.trap_arrow_arrow3
[2023.01.11-02.22.33:281][871]LogFbx: Warning: Triangulating static mesh arrow4
[2023.01.11-02.22.33:283][871]LogStaticMesh: スタティックメッシュ trap_arrow_arrow4 をビルド中...
[2023.01.11-02.22.33:285][871]LogStaticMesh: Built static mesh [0.00s] /Game/trap/trap_arrow_arrow4.trap_arrow_arrow4
[2023.01.11-02.22.33:289][871]LogFbx: Warning: Triangulating static mesh arrow5
[2023.01.11-02.22.33:291][871]LogStaticMesh: スタティックメッシュ trap_arrow_arrow5 をビルド中...
[2023.01.11-02.22.33:292][871]LogStaticMesh: Built static mesh [0.00s] /Game/trap/trap_arrow_arrow5.trap_arrow_arrow5
[2023.01.11-02.22.33:297][871]LogFbx: Warning: Triangulating static mesh arrow6
[2023.01.11-02.22.33:299][871]LogStaticMesh: スタティックメッシュ trap_arrow_arrow6 をビルド中...
[2023.01.11-02.22.33:301][871]LogStaticMesh: Built static mesh [0.00s] /Game/trap/trap_arrow_arrow6.trap_arrow_arrow6
[2023.01.11-02.22.33:305][871]LogFbx: Warning: Triangulating static mesh arrow7
[2023.01.11-02.22.33:307][871]LogStaticMesh: スタティックメッシュ trap_arrow_arrow7 をビルド中...
[2023.01.11-02.22.33:309][871]LogStaticMesh: Built static mesh [0.00s] /Game/trap/trap_arrow_arrow7.trap_arrow_arrow7
[2023.01.11-02.22.33:314][871]LogFbx: Warning: Triangulating static mesh arrow8
[2023.01.11-02.22.33:316][871]LogStaticMesh: スタティックメッシュ trap_arrow_arrow8 をビルド中...
[2023.01.11-02.22.33:317][871]LogStaticMesh: Built static mesh [0.00s] /Game/trap/trap_arrow_arrow8.trap_arrow_arrow8
[2023.01.11-02.22.33:354][871]LogFactory: FactoryCreateFile: StaticMesh with FbxFactory (0 0 C:/Users/hmohe/Downloads/DrAward_Pack/DrAward_Pack/sozai/Mesh/trap_floor.fbx)
[2023.01.11-02.22.33:362][871]LogFbx: Loading FBX Scene from C:/Users/hmohe/Downloads/DrAward_Pack/DrAward_Pack/sozai/Mesh/trap_floor.fbx
[2023.01.11-02.22.33:367][871]LogFbx: FBX Scene Loaded Succesfully
[2023.01.11-02.22.33:367][871]LogFbx: Warning: Triangulating static mesh trap_floor
[2023.01.11-02.22.33:376][871]LogStaticMesh: スタティックメッシュ trap_floor_trap_floor をビルド中...
[2023.01.11-02.22.33:377][871]LogStaticMesh: Built static mesh [0.00s] /Game/trap/trap_floor_trap_floor.trap_floor_trap_floor
[2023.01.11-02.22.36:469][ 43]LogFileHelpers: Editor autosave (incl. sublevels) for '/Game/Maps/NewMap' took 0.010
[2023.01.11-02.22.36:816][ 43]OBJ SavePackage: Generating thumbnails for [1] asset(s) in package [/Game/trap/trap_arrow_arrow] ([1] browsable assets)...
[2023.01.11-02.22.36:829][ 43]OBJ SavePackage:     Rendered thumbnail for [StaticMesh /Game/trap/trap_arrow_arrow.trap_arrow_arrow]
[2023.01.11-02.22.36:829][ 43]OBJ SavePackage: Finished generating thumbnails for package [/Game/trap/trap_arrow_arrow]
[2023.01.11-02.22.36:829][ 43]Cmd: OBJ SAVEPACKAGE PACKAGE="/Game/trap/trap_arrow_arrow" FILE="../../../../UE4seisaku/MyProject2/Saved/Autosaves/Game/trap/trap_arrow_arrow_Auto1.uasset" SILENT=false AUTOSAVING=true
[2023.01.11-02.22.37:450][ 43]LogSavePackage: Save=400.23ms
[2023.01.11-02.22.37:450][ 43]LogSavePackage: Moving '../../../../UE4seisaku/MyProject2/Saved/trap_arrow_arrow_Auto1C91E7A2049F4D508B54AA3A7B925EC0E.tmp' to '../../../../UE4seisaku/MyProject2/Saved/Autosaves/Game/trap/trap_arrow_arrow_Auto1.uasset'
[2023.01.11-02.22.37:452][ 43]LogSavePackage: Display: Finished SavePackage ../../../../UE4seisaku/MyProject2/Saved/Autosaves/Game/trap/trap_arrow_arrow_Auto1.uasset
[2023.01.11-02.22.37:452][ 43]OBJ SavePackage: Generating thumbnails for [1] asset(s) in package [/Game/trap/lambert1] ([1] browsable assets)...
[2023.01.11-02.22.37:463][ 43]OBJ SavePackage:     Rendered thumbnail for [Material /Game/trap/lambert1.lambert1]
[2023.01.11-02.22.37:463][ 43]OBJ SavePackage: Finished generating thumbnails for package [/Game/trap/lambert1]
[2023.01.11-02.22.37:463][ 43]Cmd: OBJ SAVEPACKAGE PACKAGE="/Game/trap/lambert1" FILE="../../../../UE4seisaku/MyProject2/Saved/Autosaves/Game/trap/lambert1_Auto1.uasset" SILENT=false AUTOSAVING=true
[2023.01.11-02.22.37:495][ 43]LogSavePackage: Save=9.82ms
[2023.01.11-02.22.37:495][ 43]LogSavePackage: Moving '../../../../UE4seisaku/MyProject2/Saved/lambert1_Auto130917F00441F0020700A7DAD074B9789.tmp' to '../../../../UE4seisaku/MyProject2/Saved/Autosaves/Game/trap/lambert1_Auto1.uasset'
[2023.01.11-02.22.37:496][ 43]LogSavePackage: Display: Finished SavePackage ../../../../UE4seisaku/MyProject2/Saved/Autosaves/Game/trap/lambert1_Auto1.uasset
[2023.01.11-02.22.37:496][ 43]OBJ SavePackage: Generating thumbnails for [1] asset(s) in package [/Game/trap/trap_arrow_arrow1] ([1] browsable assets)...
[2023.01.11-02.22.37:505][ 43]OBJ SavePackage:     Rendered thumbnail for [StaticMesh /Game/trap/trap_arrow_arrow1.trap_arrow_arrow1]
[2023.01.11-02.22.37:505][ 43]OBJ SavePackage: Finished generating thumbnails for package [/Game/trap/trap_arrow_arrow1]
[2023.01.11-02.22.37:505][ 43]Cmd: OBJ SAVEPACKAGE PACKAGE="/Game/trap/trap_arrow_arrow1" FILE="../../../../UE4seisaku/MyProject2/Saved/Autosaves/Game/trap/trap_arrow_arrow1_Auto1.uasset" SILENT=false AUTOSAVING=true
[2023.01.11-02.22.37:516][ 43]LogSavePackage: Save=9.80ms
[2023.01.11-02.22.37:516][ 43]LogSavePackage: Moving '../../../../UE4seisaku/MyProject2/Saved/trap_arrow_arrow1_Auto18EEE310E4A39E9B4ECA7A4B0F60F47CF.tmp' to '../../../../UE4seisaku/MyProject2/Saved/Autosaves/Game/trap/trap_arrow_arrow1_Auto1.uasset'
[2023.01.11-02.22.37:518][ 43]LogSavePackage: Display: Finished SavePackage ../../../../UE4seisaku/MyProject2/Saved/Autosaves/Game/trap/trap_arrow_arrow1_Auto1.uasset
[2023.01.11-02.22.37:518][ 43]OBJ SavePackage: Generating thumbnails for [1] asset(s) in package [/Game/trap/trap_arrow_arrow2] ([1] browsable assets)...
[2023.01.11-02.22.37:527][ 43]OBJ SavePackage:     Rendered thumbnail for [StaticMesh /Game/trap/trap_arrow_arrow2.trap_arrow_arrow2]
[2023.01.11-02.22.37:527][ 43]OBJ SavePackage: Finished generating thumbnails for package [/Game/trap/trap_arrow_arrow2]
[2023.01.11-02.22.37:527][ 43]Cmd: OBJ SAVEPACKAGE PACKAGE="/Game/trap/trap_arrow_arrow2" FILE="../../../../UE4seisaku/MyProject2/Saved/Autosaves/Game/trap/trap_arrow_arrow2_Auto1.uasset" SILENT=false AUTOSAVING=true
[2023.01.11-02.22.37:539][ 43]LogSavePackage: Save=9.47ms
[2023.01.11-02.22.37:539][ 43]LogSavePackage: Moving '../../../../UE4seisaku/MyProject2/Saved/trap_arrow_arrow2_Auto10243C42D4194BEECE0057A80E6B9A11D.tmp' to '../../../../UE4seisaku/MyProject2/Saved/Autosaves/Game/trap/trap_arrow_arrow2_Auto1.uasset'
[2023.01.11-02.22.37:539][ 43]LogSavePackage: Display: Finished SavePackage ../../../../UE4seisaku/MyProject2/Saved/Autosaves/Game/trap/trap_arrow_arrow2_Auto1.uasset
[2023.01.11-02.22.37:540][ 43]OBJ SavePackage: Generating thumbnails for [1] asset(s) in package [/Game/trap/trap_arrow_arrow3] ([1] browsable assets)...
[2023.01.11-02.22.37:549][ 43]OBJ SavePackage:     Rendered thumbnail for [StaticMesh /Game/trap/trap_arrow_arrow3.trap_arrow_arrow3]
[2023.01.11-02.22.37:549][ 43]OBJ SavePackage: Finished generating thumbnails for package [/Game/trap/trap_arrow_arrow3]
[2023.01.11-02.22.37:549][ 43]Cmd: OBJ SAVEPACKAGE PACKAGE="/Game/trap/trap_arrow_arrow3" FILE="../../../../UE4seisaku/MyProject2/Saved/Autosaves/Game/trap/trap_arrow_arrow3_Auto1.uasset" SILENT=false AUTOSAVING=true
[2023.01.11-02.22.37:561][ 43]LogSavePackage: Save=9.77ms
[2023.01.11-02.22.37:561][ 43]LogSavePackage: Moving '../../../../UE4seisaku/MyProject2/Saved/trap_arrow_arrow3_Auto1AAE05CBE4CB7220E6E4073A7453E0CD0.tmp' to '../../../../UE4seisaku/MyProject2/Saved/Autosaves/Game/trap/trap_arrow_arrow3_Auto1.uasset'
[2023.01.11-02.22.37:563][ 43]LogSavePackage: Display: Finished SavePackage ../../../../UE4seisaku/MyProject2/Saved/Autosaves/Game/trap/trap_arrow_arrow3_Auto1.uasset
[2023.01.11-02.22.37:564][ 43]OBJ SavePackage: Generating thumbnails for [1] asset(s) in package [/Game/trap/trap_arrow_arrow4] ([1] browsable assets)...
[2023.01.11-02.22.37:572][ 43]OBJ SavePackage:     Rendered thumbnail for [StaticMesh /Game/trap/trap_arrow_arrow4.trap_arrow_arrow4]
[2023.01.11-02.22.37:572][ 43]OBJ SavePackage: Finished generating thumbnails for package [/Game/trap/trap_arrow_arrow4]
[2023.01.11-02.22.37:572][ 43]Cmd: OBJ SAVEPACKAGE PACKAGE="/Game/trap/trap_arrow_arrow4" FILE="../../../../UE4seisaku/MyProject2/Saved/Autosaves/Game/trap/trap_arrow_arrow4_Auto1.uasset" SILENT=false AUTOSAVING=true
[2023.01.11-02.22.37:585][ 43]LogSavePackage: Save=9.94ms
[2023.01.11-02.22.37:585][ 43]LogSavePackage: Moving '../../../../UE4seisaku/MyProject2/Saved/trap_arrow_arrow4_Auto1026D9EB14E6968E9BB014089FCE3E4B8.tmp' to '../../../../UE4seisaku/MyProject2/Saved/Autosaves/Game/trap/trap_arrow_arrow4_Auto1.uasset'
[2023.01.11-02.22.37:586][ 43]LogSavePackage: Display: Finished SavePackage ../../../../UE4seisaku/MyProject2/Saved/Autosaves/Game/trap/trap_arrow_arrow4_Auto1.uasset
[2023.01.11-02.22.37:586][ 43]OBJ SavePackage: Generating thumbnails for [1] asset(s) in package [/Game/trap/trap_arrow_arrow5] ([1] browsable assets)...
[2023.01.11-02.22.37:595][ 43]OBJ SavePackage:     Rendered thumbnail for [StaticMesh /Game/trap/trap_arrow_arrow5.trap_arrow_arrow5]
[2023.01.11-02.22.37:595][ 43]OBJ SavePackage: Finished generating thumbnails for package [/Game/trap/trap_arrow_arrow5]
[2023.01.11-02.22.37:596][ 43]Cmd: OBJ SAVEPACKAGE PACKAGE="/Game/trap/trap_arrow_arrow5" FILE="../../../../UE4seisaku/MyProject2/Saved/Autosaves/Game/trap/trap_arrow_arrow5_Auto1.uasset" SILENT=false AUTOSAVING=true
[2023.01.11-02.22.37:607][ 43]LogSavePackage: Save=9.61ms
[2023.01.11-02.22.37:607][ 43]LogSavePackage: Moving '../../../../UE4seisaku/MyProject2/Saved/trap_arrow_arrow5_Auto1B94ABCFA4C874E9188921C98D6B37E09.tmp' to '../../../../UE4seisaku/MyProject2/Saved/Autosaves/Game/trap/trap_arrow_arrow5_Auto1.uasset'
[2023.01.11-02.22.37:608][ 43]LogSavePackage: Display: Finished SavePackage ../../../../UE4seisaku/MyProject2/Saved/Autosaves/Game/trap/trap_arrow_arrow5_Auto1.uasset
[2023.01.11-02.22.37:608][ 43]OBJ SavePackage: Generating thumbnails for [1] asset(s) in package [/Game/trap/trap_arrow_arrow6] ([1] browsable assets)...
[2023.01.11-02.22.37:618][ 43]OBJ SavePackage:     Rendered thumbnail for [StaticMesh /Game/trap/trap_arrow_arrow6.trap_arrow_arrow6]
[2023.01.11-02.22.37:618][ 43]OBJ SavePackage: Finished generating thumbnails for package [/Game/trap/trap_arrow_arrow6]
[2023.01.11-02.22.37:618][ 43]Cmd: OBJ SAVEPACKAGE PACKAGE="/Game/trap/trap_arrow_arrow6" FILE="../../../../UE4seisaku/MyProject2/Saved/Autosaves/Game/trap/trap_arrow_arrow6_Auto1.uasset" SILENT=false AUTOSAVING=true
[2023.01.11-02.22.37:630][ 43]LogSavePackage: Save=9.80ms
[2023.01.11-02.22.37:630][ 43]LogSavePackage: Moving '../../../../UE4seisaku/MyProject2/Saved/trap_arrow_arrow6_Auto166500EFA47A99B2AFBA291AAAA95D2C6.tmp' to '../../../../UE4seisaku/MyProject2/Saved/Autosaves/Game/trap/trap_arrow_arrow6_Auto1.uasset'
[2023.01.11-02.22.37:631][ 43]LogSavePackage: Display: Finished SavePackage ../../../../UE4seisaku/MyProject2/Saved/Autosaves/Game/trap/trap_arrow_arrow6_Auto1.uasset
[2023.01.11-02.22.37:631][ 43]OBJ SavePackage: Generating thumbnails for [1] asset(s) in package [/Game/trap/trap_arrow_arrow7] ([1] browsable assets)...
[2023.01.11-02.22.37:640][ 43]OBJ SavePackage:     Rendered thumbnail for [StaticMesh /Game/trap/trap_arrow_arrow7.trap_arrow_arrow7]
[2023.01.11-02.22.37:640][ 43]OBJ SavePackage: Finished generating thumbnails for package [/Game/trap/trap_arrow_arrow7]
[2023.01.11-02.22.37:640][ 43]Cmd: OBJ SAVEPACKAGE PACKAGE="/Game/trap/trap_arrow_arrow7" FILE="../../../../UE4seisaku/MyProject2/Saved/Autosaves/Game/trap/trap_arrow_arrow7_Auto1.uasset" SILENT=false AUTOSAVING=true
[2023.01.11-02.22.37:652][ 43]LogSavePackage: Save=9.59ms
[2023.01.11-02.22.37:652][ 43]LogSavePackage: Moving '../../../../UE4seisaku/MyProject2/Saved/trap_arrow_arrow7_Auto1D108067C44E1437A2FEEB9ACFF747B69.tmp' to '../../../../UE4seisaku/MyProject2/Saved/Autosaves/Game/trap/trap_arrow_arrow7_Auto1.uasset'
[2023.01.11-02.22.37:653][ 43]LogSavePackage: Display: Finished SavePackage ../../../../UE4seisaku/MyProject2/Saved/Autosaves/Game/trap/trap_arrow_arrow7_Auto1.uasset
[2023.01.11-02.22.37:653][ 43]OBJ SavePackage: Generating thumbnails for [1] asset(s) in package [/Game/trap/trap_arrow_arrow8] ([1] browsable assets)...
[2023.01.11-02.22.37:663][ 43]OBJ SavePackage:     Rendered thumbnail for [StaticMesh /Game/trap/trap_arrow_arrow8.trap_arrow_arrow8]
[2023.01.11-02.22.37:663][ 43]OBJ SavePackage: Finished generating thumbnails for package [/Game/trap/trap_arrow_arrow8]
[2023.01.11-02.22.37:663][ 43]Cmd: OBJ SAVEPACKAGE PACKAGE="/Game/trap/trap_arrow_arrow8" FILE="../../../../UE4seisaku/MyProject2/Saved/Autosaves/Game/trap/trap_arrow_arrow8_Auto1.uasset" SILENT=false AUTOSAVING=true
[2023.01.11-02.22.37:675][ 43]LogSavePackage: Save=9.74ms
[2023.01.11-02.22.37:675][ 43]LogSavePackage: Moving '../../../../UE4seisaku/MyProject2/Saved/trap_arrow_arrow8_Auto14118953A49D2EB789EB00AA1F3B22BDC.tmp' to '../../../../UE4seisaku/MyProject2/Saved/Autosaves/Game/trap/trap_arrow_arrow8_Auto1.uasset'
[2023.01.11-02.22.37:676][ 43]LogSavePackage: Display: Finished SavePackage ../../../../UE4seisaku/MyProject2/Saved/Autosaves/Game/trap/trap_arrow_arrow8_Auto1.uasset
[2023.01.11-02.22.37:676][ 43]OBJ SavePackage: Generating thumbnails for [1] asset(s) in package [/Game/trap/trap_floor_trap_floor] ([1] browsable assets)...
[2023.01.11-02.22.37:685][ 43]OBJ SavePackage:     Rendered thumbnail for [StaticMesh /Game/trap/trap_floor_trap_floor.trap_floor_trap_floor]
[2023.01.11-02.22.37:685][ 43]OBJ SavePackage: Finished generating thumbnails for package [/Game/trap/trap_floor_trap_floor]
[2023.01.11-02.22.37:685][ 43]Cmd: OBJ SAVEPACKAGE PACKAGE="/Game/trap/trap_floor_trap_floor" FILE="../../../../UE4seisaku/MyProject2/Saved/Autosaves/Game/trap/trap_floor_trap_floor_Auto1.uasset" SILENT=false AUTOSAVING=true
[2023.01.11-02.22.37:695][ 43]LogSavePackage: Save=8.98ms
[2023.01.11-02.22.37:695][ 43]LogSavePackage: Moving '../../../../UE4seisaku/MyProject2/Saved/trap_floor_trap_floor_Auto10B3105874E188BC4153495A00D3418EA.tmp' to '../../../../UE4seisaku/MyProject2/Saved/Autosaves/Game/trap/trap_floor_trap_floor_Auto1.uasset'
[2023.01.11-02.22.37:696][ 43]LogSavePackage: Display: Finished SavePackage ../../../../UE4seisaku/MyProject2/Saved/Autosaves/Game/trap/trap_floor_trap_floor_Auto1.uasset
[2023.01.11-02.22.37:696][ 43]LogFileHelpers: Auto-saving content packages took 1.226
[2023.01.11-02.32.29:531][125]LogSlate: Took 0.000189 seconds to synchronously load lazily loaded font '../../../Engine/Content/Slate/Fonts/Roboto-Light.ttf' (159K)
[2023.01.11-02.32.37:910][151]LogFileHelpers: Editor autosave (incl. sublevels) for '/Game/Maps/NewMap' took 0.011
[2023.01.11-10.41.36:200][847]LogHttp: Warning: 000002BFD537C580: request failed, libcurl error: 6 (Couldn't resolve host name)
[2023.01.11-10.41.36:200][847]LogHttp: Warning: 000002BFD537C580: libcurl info message cache 0 (Found bundle for host datarouter.ol.epicgames.com: 0x2bf8f333fb8 [can pipeline])
[2023.01.11-10.41.36:200][847]LogHttp: Warning: 000002BFD537C580: libcurl info message cache 1 (Connection 9 seems to be dead!)
[2023.01.11-10.41.36:200][847]LogHttp: Warning: 000002BFD537C580: libcurl info message cache 2 (Closing connection 9)
[2023.01.11-10.41.36:200][847]LogHttp: Warning: 000002BFD537C580: libcurl info message cache 3 (Could not resolve host: datarouter.ol.epicgames.com)
[2023.01.11-10.41.36:201][847]LogHttp: Warning: 000002BFD537C580: libcurl info message cache 4 (Closing connection 10)
[2023.01.11-23.37.16:059][554]LogD3D11RHI: Timed out while waiting for GPU to catch up. (500 ms)
[2023.01.11-23.39.20:554][924]Cmd: QUIT_EDITOR
[2023.01.11-23.39.21:533][924]LogWindowsTextInputMethodSystem: Display: IME system now activated using TSF (Microsoft IME).
[2023.01.11-23.39.21:721][924]LogExit: Preparing to exit.
[2023.01.11-23.39.22:904][924]LogDirectoryWatcher: A directory notification for 'D:/UE4seisaku/MyProject2/Content/' was aborted.
[2023.01.11-23.39.23:304][924]LogExit: Editor shut down
[2023.01.11-23.39.23:319][924]LogExit: Transaction tracking system shut down
[2023.01.11-23.39.23:913][924]LogDirectoryWatcher: A directory notification for '../../../Engine/Content/' was aborted.
[2023.01.11-23.39.23:913][924]LogDirectoryWatcher: A directory notification for '../../../../UE4seisaku/MyProject2/Content/' was aborted.
[2023.01.11-23.39.23:913][924]LogDirectoryWatcher: A directory notification for '../../../Engine/Plugins/2D/Paper2D/Content/' was aborted.
[2023.01.11-23.39.23:913][924]LogDirectoryWatcher: A directory notification for '../../../Engine/Plugins/Runtime/Oculus/OculusVR/Content/' was aborted.
[2023.01.11-23.39.23:913][924]LogDirectoryWatcher: A directory notification for '../../../Engine/Plugins/Runtime/Steam/SteamVR/Content/' was aborted.
[2023.01.11-23.39.26:254][924]LogExit: Object subsystem successfully closed.
[2023.01.11-23.39.26:468][924]LogD3D11RHI: Shutdown
[2023.01.11-23.39.26:474][924]LogD3D11RHI: CleanupD3DDevice
[2023.01.11-23.39.27:454][924]LogD3D11RHI: ~FD3D11DynamicRHI
[2023.01.11-23.39.27:795][924]LogModuleManager: Shutting down and abandoning module MovieSceneCapture (532)
[2023.01.11-23.39.27:795][924]LogModuleManager: Shutting down and abandoning module HierarchicalLODOutliner (530)
[2023.01.11-23.39.27:795][924]LogModuleManager: Shutting down and abandoning module SceneOutliner (528)
[2023.01.11-23.39.27:806][924]LogModuleManager: Shutting down and abandoning module AddContentDialog (526)
[2023.01.11-23.39.27:815][924]LogDirectoryWatcher: A directory notification for 'D:/UE_4.17/FeaturePacks/' was aborted.
[2023.01.11-23.39.27:830][924]LogModuleManager: Shutting down and abandoning module WidgetCarousel (525)
[2023.01.11-23.39.27:830][924]LogModuleManager: Shutting down and abandoning module EditorWidgets (522)
[2023.01.11-23.39.27:830][924]LogModuleManager: Shutting down and abandoning module CollectionManager (520)
[2023.01.11-23.39.27:838][924]LogDirectoryWatcher: A directory notification for 'D:/UE4seisaku/MyProject2/Content/Collections/' was aborted.
[2023.01.11-23.39.27:838][924]LogDirectoryWatcher: A directory notification for 'D:/UE4seisaku/MyProject2/Content/Developers/hmohe/Collections/' was aborted.
[2023.01.11-23.39.27:838][924]LogDirectoryWatcher: A directory notification for 'D:/UE4seisaku/MyProject2/Saved/Collections/' was aborted.
[2023.01.11-23.39.27:838][924]LogModuleManager: Shutting down and abandoning module StatsViewer (518)
[2023.01.11-23.39.27:852][924]LogModuleManager: Shutting down and abandoning module FoliageEdit (516)
[2023.01.11-23.39.27:852][924]LogModuleManager: Shutting down and abandoning module LandscapeEditor (514)
[2023.01.11-23.39.27:869][924]LogModuleManager: Shutting down and abandoning module MeshPaintMode (512)
[2023.01.11-23.39.27:869][924]LogModuleManager: Shutting down and abandoning module SceneDepthPickerMode (510)
[2023.01.11-23.39.27:869][924]LogModuleManager: Shutting down and abandoning module ActorPickerMode (508)
[2023.01.11-23.39.27:869][924]LogModuleManager: Shutting down and abandoning module GeometryMode (506)
[2023.01.11-23.39.27:869][924]LogModuleManager: Shutting down and abandoning module TextureAlignMode (504)
[2023.01.11-23.39.27:869][924]LogModuleManager: Shutting down and abandoning module BspMode (502)
[2023.01.11-23.39.27:878][924]LogModuleManager: Shutting down and abandoning module PIEPreviewDeviceProfileSelector (500)
[2023.01.11-23.39.27:878][924]LogModuleManager: Shutting down and abandoning module HardwareSurvey (498)
[2023.01.11-23.39.27:878][924]LogModuleManager: Shutting down and abandoning module SequenceRecorderSections (496)
[2023.01.11-23.39.27:882][924]LogModuleManager: Shutting down and abandoning module AutomationWorker (494)
[2023.01.11-23.39.27:888][924]LogModuleManager: Shutting down and abandoning module MatineeToLevelSequence (492)
[2023.01.11-23.39.27:888][924]LogModuleManager: Shutting down and abandoning module LevelSequenceEditor (490)
[2023.01.11-23.39.27:940][924]LogModuleManager: Shutting down and abandoning module PlacementMode (489)
[2023.01.11-23.39.27:940][924]LogModuleManager: Shutting down and abandoning module WmfMediaFactory (486)
[2023.01.11-23.39.27:940][924]LogModuleManager: Shutting down and abandoning module WmfMediaEditor (484)
[2023.01.11-23.39.27:940][924]LogModuleManager: Shutting down and abandoning module AvfMediaFactory (482)
[2023.01.11-23.39.27:940][924]LogModuleManager: Shutting down and abandoning module AvfMediaEditor (480)
[2023.01.11-23.39.27:940][924]LogModuleManager: Shutting down and abandoning module AndroidMediaFactory (478)
[2023.01.11-23.39.27:940][924]LogModuleManager: Shutting down and abandoning module Media (477)
[2023.01.11-23.39.27:940][924]LogModuleManager: Shutting down and abandoning module AndroidMediaEditor (474)
[2023.01.11-23.39.27:940][924]LogModuleManager: Shutting down and abandoning module CharacterAI (472)
[2023.01.11-23.39.27:940][924]LogModuleManager: Shutting down and abandoning module AudioCapture (470)
[2023.01.11-23.39.27:940][924]LogModuleManager: Shutting down and abandoning module SequenceRecorder (469)
[2023.01.11-23.39.27:954][924]LogModuleManager: Shutting down and abandoning module SmartSnapping (466)
[2023.01.11-23.39.27:954][924]LogModuleManager: Shutting down and abandoning module SessionServices (464)
[2023.01.11-23.39.27:954][924]LogModuleManager: Shutting down and abandoning module ViewportSnapping (462)
[2023.01.11-23.39.27:954][924]LogModuleManager: Shutting down and abandoning module ViewportInteraction (460)
[2023.01.11-23.39.27:954][924]LogModuleManager: Shutting down and abandoning module ClothPainter (458)
[2023.01.11-23.39.27:981][924]LogModuleManager: Shutting down and abandoning module LogVisualizer (456)
[2023.01.11-23.39.28:007][924]LogModuleManager: Shutting down and abandoning module IntroTutorials (454)
[2023.01.11-23.39.28:017][924]LogModuleManager: Shutting down and abandoning module GameProjectGeneration (453)
[2023.01.11-23.39.28:028][924]LogModuleManager: Shutting down and abandoning module IOSPlatformEditor (450)
[2023.01.11-23.39.28:040][924]LogModuleManager: Shutting down and abandoning module HTML5PlatformEditor (448)
[2023.01.11-23.39.28:040][924]LogModuleManager: Shutting down and abandoning module AndroidPlatformEditor (446)
[2023.01.11-23.39.28:040][924]LogModuleManager: Shutting down and abandoning module AndroidDeviceDetection (445)
[2023.01.11-23.39.28:441][924]LogModuleManager: Shutting down and abandoning module WindowsPlatformEditor (442)
[2023.01.11-23.39.28:441][924]LogModuleManager: Shutting down and abandoning module IOSRuntimeSettings (440)
[2023.01.11-23.39.28:441][924]LogModuleManager: Shutting down and abandoning module AndroidRuntimeSettings (438)
[2023.01.11-23.39.28:441][924]LogModuleManager: Shutting down and abandoning module InputBindingEditor (436)
[2023.01.11-23.39.28:442][924]LogModuleManager: Shutting down and abandoning module MergeActors (434)
[2023.01.11-23.39.28:471][924]LogModuleManager: Shutting down and abandoning module SizeMap (432)
[2023.01.11-23.39.28:471][924]LogModuleManager: Shutting down and abandoning module TreeMap (430)
[2023.01.11-23.39.28:524][924]LogModuleManager: Shutting down and abandoning module ReferenceViewer (428)
[2023.01.11-23.39.28:524][924]LogModuleManager: Shutting down and abandoning module LocalizationDashboard (426)
[2023.01.11-23.39.28:525][924]LogModuleManager: Shutting down and abandoning module LocalizationService (425)
[2023.01.11-23.39.28:566][924]LogModuleManager: Shutting down and abandoning module HardwareTargeting (422)
[2023.01.11-23.39.28:566][924]LogModuleManager: Shutting down and abandoning module DeviceProfileEditor (420)
[2023.01.11-23.39.28:575][924]LogModuleManager: Shutting down and abandoning module UndoHistory (418)
[2023.01.11-23.39.28:575][924]LogModuleManager: Shutting down and abandoning module XmlParser (416)
[2023.01.11-23.39.28:576][924]LogModuleManager: Shutting down and abandoning module Blutility (414)
[2023.01.11-23.39.28:576][924]LogModuleManager: Shutting down and abandoning module ProjectSettingsViewer (412)
[2023.01.11-23.39.28:576][924]LogModuleManager: Shutting down and abandoning module ProjectTargetPlatformEditor (411)
[2023.01.11-23.39.28:576][924]LogModuleManager: Shutting down and abandoning module EditorSettingsViewer (408)
[2023.01.11-23.39.28:576][924]LogModuleManager: Shutting down and abandoning module SettingsEditor (406)
[2023.01.11-23.39.28:578][924]LogModuleManager: Shutting down and abandoning module ProjectLauncher (404)
[2023.01.11-23.39.28:612][924]LogModuleManager: Shutting down and abandoning module SessionFrontend (402)
[2023.01.11-23.39.28:649][924]LogModuleManager: Shutting down and abandoning module ProfilerClient (400)
[2023.01.11-23.39.28:676][924]LogModuleManager: Shutting down and abandoning module DeviceManager (398)
[2023.01.11-23.39.28:687][924]LogModuleManager: Shutting down and abandoning module TargetDeviceServices (397)
[2023.01.11-23.39.28:742][924]LogModuleManager: Shutting down and abandoning module AutomationController (394)
[2023.01.11-23.39.28:882][924]LogModuleManager: Shutting down and abandoning module AutomationWindow (392)
[2023.01.11-23.39.28:941][924]LogModuleManager: Shutting down and abandoning module Layers (390)
[2023.01.11-23.39.29:025][924]LogModuleManager: Shutting down and abandoning module ComponentVisualizers (388)
[2023.01.11-23.39.29:025][924]LogModuleManager: Shutting down and abandoning module DetailCustomizations (386)
[2023.01.11-23.39.29:025][924]LogModuleManager: Shutting down and abandoning module PackagesDialog (384)
[2023.01.11-23.39.29:026][924]LogModuleManager: Shutting down and abandoning module Persona (382)
[2023.01.11-23.39.29:082][924]LogModuleManager: Shutting down and abandoning module AdvancedPreviewScene (381)
[2023.01.11-23.39.29:082][924]LogModuleManager: Shutting down and abandoning module AnimGraph (379)
[2023.01.11-23.39.29:110][924]LogModuleManager: Shutting down and abandoning module Kismet (376)
[2023.01.11-23.39.29:151][924]LogModuleManager: Shutting down and abandoning module ClassViewer (374)
[2023.01.11-23.39.29:151][924]LogModuleManager: Shutting down and abandoning module Toolbox (372)
[2023.01.11-23.39.29:151][924]LogModuleManager: Shutting down and abandoning module ModuleUI (370)
[2023.01.11-23.39.29:204][924]LogModuleManager: Shutting down and abandoning module MovieSceneTools (368)
[2023.01.11-23.39.29:276][924]LogModuleManager: Shutting down and abandoning module OutputLog (366)
[2023.01.11-23.39.29:277][924]LogModuleManager: Shutting down and abandoning module GammaUI (364)
[2023.01.11-23.39.29:277][924]LogModuleManager: Shutting down and abandoning module Documentation (362)
[2023.01.11-23.39.29:277][924]LogModuleManager: Shutting down and abandoning module MovieSceneTracks (360)
[2023.01.11-23.39.29:277][924]LogModuleManager: Shutting down and abandoning module MovieScene (358)
[2023.01.11-23.39.29:277][924]LogModuleManager: Shutting down and abandoning module Niagara (356)
[2023.01.11-23.39.29:277][924]LogModuleManager: Shutting down and abandoning module NiagaraEditor (355)
[2023.01.11-23.39.29:346][924]LogModuleManager: Shutting down and abandoning module StreamingPauseRendering (352)
[2023.01.11-23.39.29:346][924]LogModuleManager: Shutting down and abandoning module LauncherPlatform (350)
[2023.01.11-23.39.29:346][924]LogModuleManager: Shutting down and abandoning module AnalyticsET (348)
[2023.01.11-23.39.29:346][924]LogModuleManager: Shutting down and abandoning module PortalServices (346)
[2023.01.11-23.39.29:346][924]LogModuleManager: Shutting down and abandoning module PortalRpc (344)
[2023.01.11-23.39.29:346][924]LogModuleManager: Shutting down and abandoning module MessagingRpc (342)
[2023.01.11-23.39.29:346][924]LogModuleManager: Shutting down and abandoning module AIModule (340)
[2023.01.11-23.39.29:346][924]LogModuleManager: Shutting down and abandoning module GameplayDebugger (339)
[2023.01.11-23.39.29:346][924]LogModuleManager: Shutting down and abandoning module AITestSuite (337)
[2023.01.11-23.39.29:375][924]LogModuleManager: Shutting down and abandoning module ProfilerService (334)
[2023.01.11-23.39.29:551][924]LogModuleManager: Shutting down and abandoning module TaskGraph (332)
[2023.01.11-23.39.29:551][924]LogModuleManager: Shutting down and abandoning module SteamVRController (330)
[2023.01.11-23.39.29:551][924]LogModuleManager: Shutting down and abandoning module ProceduralMeshComponentEditor (328)
[2023.01.11-23.39.29:551][924]LogModuleManager: Shutting down and abandoning module ProceduralMeshComponent (326)
[2023.01.11-23.39.29:551][924]LogModuleManager: Shutting down and abandoning module OculusInput (324)
[2023.01.11-23.39.29:562][924]LogModuleManager: Shutting down and abandoning module MobilePatchingUtils (322)
[2023.01.11-23.39.29:562][924]LogModuleManager: Shutting down and abandoning module CustomMeshComponent (320)
[2023.01.11-23.39.29:562][924]LogModuleManager: Shutting down and abandoning module CableComponent (318)
[2023.01.11-23.39.29:565][924]LogModuleManager: Shutting down and abandoning module ArchVisCharacter (316)
[2023.01.11-23.39.29:565][924]LogModuleManager: Shutting down and abandoning module AndroidPermission (314)
[2023.01.11-23.39.29:565][924]LogModuleManager: Shutting down and abandoning module MediaPlayerEditor (310)
[2023.01.11-23.39.29:587][924]LogModuleManager: Shutting down and abandoning module HTML5Networking (308)
[2023.01.11-23.39.29:587][924]LogModuleManager: Shutting down and abandoning module AlembicImporter (306)
[2023.01.11-23.39.29:598][924]LogModuleManager: Shutting down and abandoning module AlembicLibrary (305)
[2023.01.11-23.39.29:598][924]LogModuleManager: Shutting down and abandoning module GeometryCache (304)
[2023.01.11-23.39.29:598][924]LogModuleManager: Shutting down and abandoning module GeometryCacheEd (303)
[2023.01.11-23.39.29:598][924]LogModuleManager: Shutting down and abandoning module SpeedTreeImporter (298)
[2023.01.11-23.39.29:598][924]LogModuleManager: Shutting down and abandoning module PluginBrowser (296)
[2023.01.11-23.39.29:615][924]LogModuleManager: Shutting down and abandoning module MobileLauncherProfileWizard (294)
[2023.01.11-23.39.29:625][924]LogModuleManager: Shutting down and abandoning module VisualStudioSourceCodeAccess (292)
[2023.01.11-23.39.29:629][924]LogModuleManager: Shutting down and abandoning module DesktopPlatform (291)
[2023.01.11-23.39.29:637][924]LogModuleManager: Shutting down and abandoning module UObjectPlugin (288)
[2023.01.11-23.39.29:637][924]LogModuleManager: Shutting down and abandoning module SubversionSourceControl (286)
[2023.01.11-23.39.29:658][924]LogModuleManager: Shutting down and abandoning module PerforceSourceControl (284)
[2023.01.11-23.39.29:677][924]LogModuleManager: Shutting down and abandoning module GitSourceControl (282)
[2023.01.11-23.39.29:697][924]LogModuleManager: Shutting down and abandoning module SourceControl (281)
[2023.01.11-23.39.29:699][924]LogModuleManager: Shutting down and abandoning module LightPropagationVolumeEditor (278)
[2023.01.11-23.39.29:699][924]LogModuleManager: Shutting down and abandoning module PaperTiledImporter (276)
[2023.01.11-23.39.29:699][924]LogModuleManager: Shutting down and abandoning module PaperSpriteSheetImporter (274)
[2023.01.11-23.39.29:699][924]LogModuleManager: Shutting down and abandoning module Paper2DEditor (272)
[2023.01.11-23.39.29:742][924]LogModuleManager: Shutting down and abandoning module MeshPaint (271)
[2023.01.11-23.39.29:750][924]LogModuleManager: Shutting down and abandoning module LevelEditor (269)
[2023.01.11-23.39.29:763][924]LogModuleManager: Shutting down and abandoning module PixelInspectorModule (268)
[2023.01.11-23.39.29:785][924]LogModuleManager: Shutting down and abandoning module MainFrame (266)
[2023.01.11-23.39.29:785][924]LogModuleManager: Shutting down and abandoning module HotReload (265)
[2023.01.11-23.39.29:797][924]LogModuleManager: Shutting down and abandoning module RuntimePhysXCooking (260)
[2023.01.11-23.39.29:797][924]LogModuleManager: Shutting down and abandoning module PhysXVehiclesEditor (258)
[2023.01.11-23.39.29:797][924]LogModuleManager: Shutting down and abandoning module PhysXVehicles (256)
[2023.01.11-23.39.29:797][924]LogModuleManager: Shutting down and abandoning module OculusEditor (254)
[2023.01.11-23.39.29:797][924]LogModuleManager: Shutting down and abandoning module LocationServicesBPLibrary (252)
[2023.01.11-23.39.29:797][924]LogModuleManager: Shutting down and abandoning module ImmediatePhysicsEditor (250)
[2023.01.11-23.39.29:797][924]LogModuleManager: Shutting down and abandoning module ImmediatePhysics (248)
[2023.01.11-23.39.29:810][924]LogModuleManager: Shutting down and abandoning module UdpMessaging (246)
[2023.01.11-23.39.29:911][924]LogModuleManager: Shutting down and abandoning module TcpMessaging (244)
[2023.01.11-23.39.30:018][924]LogModuleManager: Shutting down and abandoning module GameplayTagsEditor (242)
[2023.01.11-23.39.30:040][924]LogModuleManager: Shutting down and abandoning module FacialAnimationEditor (240)
[2023.01.11-23.39.30:040][924]LogModuleManager: Shutting down and abandoning module FacialAnimation (238)
[2023.01.11-23.39.30:040][924]LogModuleManager: Shutting down and abandoning module AssetManagerEditor (236)
[2023.01.11-23.39.30:058][924]LogModuleManager: Shutting down and abandoning module GraphEditor (235)
[2023.01.11-23.39.30:091][924]LogModuleManager: Shutting down and abandoning module ContentBrowser (233)
[2023.01.11-23.39.30:094][924]LogModuleManager: Shutting down and abandoning module LightPropagationVolumeRuntime (230)
[2023.01.11-23.39.30:094][924]LogModuleManager: Shutting down and abandoning module Paper2D (228)
[2023.01.11-23.39.30:107][924]LogModuleManager: Shutting down and abandoning module WindowsMoviePlayer (226)
[2023.01.11-23.39.30:114][924]LogModuleManager: Shutting down and abandoning module WmfMedia (224)
[2023.01.11-23.39.30:123][924]LogModuleManager: Shutting down and abandoning module PacketHandler (222)
[2023.01.11-23.39.30:123][924]LogModuleManager: Shutting down and abandoning module ClothingSystemEditor (220)
[2023.01.11-23.39.30:126][924]LogModuleManager: Shutting down and abandoning module ClothingSystemRuntime (218)
[2023.01.11-23.39.30:152][924]LogModuleManager: Shutting down and abandoning module Overlay (216)
[2023.01.11-23.39.30:152][924]LogModuleManager: Shutting down and abandoning module OverlayEditor (215)
[2023.01.11-23.39.30:152][924]LogModuleManager: Shutting down and abandoning module MediaAssets (212)
[2023.01.11-23.39.30:152][924]LogModuleManager: Shutting down and abandoning module VREditor (210)
[2023.01.11-23.39.30:172][924]LogModuleManager: Shutting down and abandoning module StringTableEditor (208)
[2023.01.11-23.39.30:180][924]LogModuleManager: Shutting down and abandoning module GameplayTasksEditor (206)
[2023.01.11-23.39.30:180][924]LogModuleManager: Shutting down and abandoning module BehaviorTreeEditor (204)
[2023.01.11-23.39.30:217][924]LogModuleManager: Shutting down and abandoning module FunctionalTesting (202)
[2023.01.11-23.39.30:217][924]LogModuleManager: Shutting down and abandoning module CollisionAnalyzer (200)
[2023.01.11-23.39.30:232][924]LogModuleManager: Shutting down and abandoning module WorkspaceMenuStructure (199)
[2023.01.11-23.39.30:232][924]LogModuleManager: Shutting down and abandoning module UMG (196)
[2023.01.11-23.39.30:248][924]LogModuleManager: Shutting down and abandoning module UMGEditor (195)
[2023.01.11-23.39.30:286][924]LogModuleManager: Shutting down and abandoning module Sequencer (194)
[2023.01.11-23.39.30:302][924]LogModuleManager: Shutting down and abandoning module MessageLog (191)
[2023.01.11-23.39.30:302][924]LogModuleManager: Shutting down and abandoning module SlateReflector (186)
[2023.01.11-23.39.30:332][924]LogModuleManager: Shutting down and abandoning module Slate (184)
[2023.01.11-23.39.30:332][924]LogModuleManager: Shutting down and abandoning module EditorStyle (182)
[2023.01.11-23.39.30:337][924]LogModuleManager: Shutting down and abandoning module MRMesh (180)
[2023.01.11-23.39.30:337][924]LogModuleManager: Shutting down and abandoning module SourceCodeAccess (178)
[2023.01.11-23.39.30:337][924]LogModuleManager: Shutting down and abandoning module HeadMountedDisplay (176)
[2023.01.11-23.39.30:337][924]LogModuleManager: Shutting down and abandoning module XAudio2 (174)
[2023.01.11-23.39.30:337][924]LogModuleManager: Shutting down and abandoning module Networking (172)
[2023.01.11-23.39.30:337][924]LogModuleManager: Shutting down and abandoning module Core (168)
[2023.01.11-23.39.30:337][924]LogModuleManager: Shutting down and abandoning module KismetCompiler (164)
[2023.01.11-23.39.30:337][924]LogModuleManager: Shutting down and abandoning module LevelSequence (162)
[2023.01.11-23.39.30:337][924]LogModuleManager: Shutting down and abandoning module MeshUtilities (160)
[2023.01.11-23.39.30:347][924]LogModuleManager: Shutting down and abandoning module MeshMergeUtilities (159)
[2023.01.11-23.39.30:350][924]LogModuleManager: Shutting down and abandoning module MeshReductionInterface (158)
[2023.01.11-23.39.30:350][924]LogModuleManager: Shutting down and abandoning module SimplygonSwarm (157)
[2023.01.11-23.39.30:354][924]LogModuleManager: Shutting down and abandoning module SimplygonMeshReduction (155)
[2023.01.11-23.39.30:354][924]LogModuleManager: Shutting down and abandoning module QuadricMeshReduction (153)
[2023.01.11-23.39.30:369][924]LogModuleManager: Shutting down and abandoning module MaterialBaking (149)
[2023.01.11-23.39.30:382][924]LogModuleManager: Shutting down and abandoning module DirectoryWatcher (146)
[2023.01.11-23.39.30:385][924]LogModuleManager: Shutting down and abandoning module DerivedDataCache (144)
[2023.01.11-23.39.30:414][924]LogDerivedDataCache: Shutdown
[2023.01.11-23.39.30:414][924]LogModuleManager: Shutting down and abandoning module TargetPlatform (142)
[2023.01.11-23.39.30:414][924]LogModuleManager: Shutting down and abandoning module VulkanShaderFormat (141)
[2023.01.11-23.39.30:431][924]LogModuleManager: Shutting down and abandoning module ShaderFormatVectorVM (139)
[2023.01.11-23.39.30:435][924]LogModuleManager: Shutting down and abandoning module ShaderFormatOpenGL (137)
[2023.01.11-23.39.30:443][924]LogModuleManager: Shutting down and abandoning module ShaderFormatD3D (135)
[2023.01.11-23.39.30:449][924]LogModuleManager: Shutting down and abandoning module MetalShaderFormat (133)
[2023.01.11-23.39.30:468][924]LogModuleManager: Shutting down and abandoning module TextureFormatUncompressed (131)
[2023.01.11-23.39.30:468][924]LogModuleManager: Shutting down and abandoning module TextureFormatPVR (129)
[2023.01.11-23.39.30:468][924]LogModuleManager: Shutting down and abandoning module TextureFormatDXT (127)
[2023.01.11-23.39.30:468][924]LogModuleManager: Shutting down and abandoning module TextureFormatIntelISPCTexComp (125)
[2023.01.11-23.39.30:481][924]LogModuleManager: Shutting down and abandoning module TextureFormatASTC (123)
[2023.01.11-23.39.30:481][924]LogModuleManager: Shutting down and abandoning module ImageWrapper (122)
[2023.01.11-23.39.30:481][924]LogModuleManager: Shutting down and abandoning module TextureFormatAndroid (119)
[2023.01.11-23.39.30:481][924]LogModuleManager: Shutting down and abandoning module AudioFormatOpus (117)
[2023.01.11-23.39.30:481][924]LogModuleManager: Shutting down and abandoning module AudioFormatOgg (115)
[2023.01.11-23.39.30:481][924]LogModuleManager: Shutting down and abandoning module AudioFormatADPCM (113)
[2023.01.11-23.39.30:481][924]LogModuleManager: Shutting down and abandoning module LinuxTargetPlatform (111)
[2023.01.11-23.39.30:481][924]LogModuleManager: Shutting down and abandoning module LinuxServerTargetPlatform (109)
[2023.01.11-23.39.30:481][924]LogModuleManager: Shutting down and abandoning module LinuxNoEditorTargetPlatform (107)
[2023.01.11-23.39.30:481][924]LogModuleManager: Shutting down and abandoning module LinuxClientTargetPlatform (105)
[2023.01.11-23.39.30:481][924]LogModuleManager: Shutting down and abandoning module TVOSTargetPlatform (103)
[2023.01.11-23.39.30:481][924]LogModuleManager: Shutting down and abandoning module Messaging (101)
[2023.01.11-23.39.30:481][924]LogModuleManager: Shutting down and abandoning module IOSTargetPlatform (99)
[2023.01.11-23.39.30:481][924]LogModuleManager: Shutting down and abandoning module HTML5TargetPlatform (97)
[2023.01.11-23.39.30:481][924]LogModuleManager: Shutting down and abandoning module Android_PVRTCTargetPlatform (95)
[2023.01.11-23.39.30:481][924]LogModuleManager: Shutting down and abandoning module Android_MultiTargetPlatform (93)
[2023.01.11-23.39.30:481][924]LogModuleManager: Shutting down and abandoning module Android_ETC2TargetPlatform (91)
[2023.01.11-23.39.30:481][924]LogModuleManager: Shutting down and abandoning module Android_ETC1TargetPlatform (89)
[2023.01.11-23.39.30:481][924]LogModuleManager: Shutting down and abandoning module Android_DXTTargetPlatform (87)
[2023.01.11-23.39.30:481][924]LogModuleManager: Shutting down and abandoning module Android_ATCTargetPlatform (85)
[2023.01.11-23.39.30:481][924]LogModuleManager: Shutting down and abandoning module Android_ASTCTargetPlatform (83)
[2023.01.11-23.39.30:481][924]LogModuleManager: Shutting down and abandoning module AndroidTargetPlatform (81)
[2023.01.11-23.39.30:481][924]LogModuleManager: Shutting down and abandoning module WindowsTargetPlatform (79)
[2023.01.11-23.39.30:481][924]LogModuleManager: Shutting down and abandoning module WindowsServerTargetPlatform (77)
[2023.01.11-23.39.30:481][924]LogModuleManager: Shutting down and abandoning module WindowsNoEditorTargetPlatform (75)
[2023.01.11-23.39.30:481][924]LogModuleManager: Shutting down and abandoning module WindowsClientTargetPlatform (73)
[2023.01.11-23.39.30:482][924]LogModuleManager: Shutting down and abandoning module MacTargetPlatform (71)
[2023.01.11-23.39.30:482][924]LogModuleManager: Shutting down and abandoning module MacServerTargetPlatform (69)
[2023.01.11-23.39.30:482][924]LogModuleManager: Shutting down and abandoning module MacNoEditorTargetPlatform (67)
[2023.01.11-23.39.30:482][924]LogModuleManager: Shutting down and abandoning module MacClientTargetPlatform (65)
[2023.01.11-23.39.30:482][924]LogModuleManager: Shutting down and abandoning module AllDesktopTargetPlatform (63)
[2023.01.11-23.39.30:482][924]LogModuleManager: Shutting down and abandoning module InputCore (60)
[2023.01.11-23.39.30:482][924]LogModuleManager: Shutting down and abandoning module Settings (58)
[2023.01.11-23.39.30:482][924]LogModuleManager: Shutting down and abandoning module PhysXCooking (56)
[2023.01.11-23.39.30:482][924]LogModuleManager: Shutting down and abandoning module SteamVR (54)
[2023.01.11-23.39.30:482][924]LogModuleManager: Shutting down and abandoning module OculusHMD (52)
[2023.01.11-23.39.30:491][924]LogModuleManager: Shutting down and abandoning module ExampleDeviceProfileSelector (50)
[2023.01.11-23.39.30:491][924]LogModuleManager: Shutting down and abandoning module OnlineBlueprintSupport (48)
[2023.01.11-23.39.30:491][924]LogModuleManager: Shutting down and abandoning module OnlineSubsystem (44)
[2023.01.11-23.39.30:491][924]LogOnline: Display: Unloading online subsystem: NULL
[2023.01.11-23.39.30:524][924]LogModuleManager: Shutting down and abandoning module XMPP (43)
[2023.01.11-23.39.30:547][924]LogModuleManager: Shutting down and abandoning module HTTP (41)
[2023.01.11-23.39.30:547][924]LogHttp: Display: Http module shutting down, but needs to wait on 1 outstanding Http requests:
[2023.01.11-23.39.30:557][924]LogHttp: Display: 	verb=[POST] url=[https://datarouter.ol.epicgames.com/datarouter/api/v1/public/data?SessionID=%7B96908AAD-460E-3601-EB55-AA858E0967B3%7D&AppID=UEEditor.Rocket.Release&AppVersion=4.17.2-3658906%2B%2B%2BUE4%2BRelease-4.17&UserID=d99100f9441f944f7cb1be9d9090878b%7C932ef69c96f64ea0bf03b8d292bd9dee%7Cbf314535-dcb2-4708-8c24-aa5ed4794d74&AppEnvironment=datacollector-binary&UploadType=eteventstream] status=Processing
[2023.01.11-23.39.30:562][924]LogModuleManager: Shutting down and abandoning module SSL (40)
[2023.01.11-23.39.30:573][924]LogModuleManager: Shutting down and abandoning module AnimationModifiers (36)
[2023.01.11-23.39.30:579][924]LogModuleManager: Shutting down and abandoning module PropertyEditor (35)
[2023.01.11-23.39.30:579][924]LogModuleManager: Shutting down and abandoning module AudioEditor (32)
[2023.01.11-23.39.30:595][924]LogModuleManager: Shutting down and abandoning module TextureCompressor (30)
[2023.01.11-23.39.30:595][924]LogModuleManager: Shutting down and abandoning module ShaderCore (28)
[2023.01.11-23.39.30:595][924]LogModuleManager: Shutting down and abandoning module Landscape (26)
[2023.01.11-23.39.30:595][924]LogModuleManager: Shutting down and abandoning module SlateRHIRenderer (24)
[2023.01.11-23.39.30:625][924]LogModuleManager: Shutting down and abandoning module OpenGLDrv (22)
[2023.01.11-23.39.30:632][924]LogModuleManager: Shutting down and abandoning module D3D11RHI (20)
[2023.01.11-23.39.30:632][924]LogModuleManager: Shutting down and abandoning module AnimGraphRuntime (18)
[2023.01.11-23.39.30:640][924]LogModuleManager: Shutting down and abandoning module Renderer (16)
[2023.01.11-23.39.30:640][924]LogModuleManager: Shutting down and abandoning module Engine (14)
[2023.01.11-23.39.30:640][924]LogModuleManager: Shutting down and abandoning module CoreUObject (12)
[2023.01.11-23.39.30:640][924]LogModuleManager: Shutting down and abandoning module NetworkFile (10)
[2023.01.11-23.39.30:644][924]LogModuleManager: Shutting down and abandoning module CookedIterativeFile (8)
[2023.01.11-23.39.30:644][924]LogModuleManager: Shutting down and abandoning module StreamingFile (6)
[2023.01.11-23.39.30:648][924]LogModuleManager: Shutting down and abandoning module SandboxFile (4)
[2023.01.11-23.39.30:659][924]LogModuleManager: Shutting down and abandoning module PakFile (2)
[2023.01.11-23.39.30:686][924]LogExit: Exiting.
[2023.01.11-23.39.30:763][924]Log file closed, 01/12/23 08:39:30
