Log file open, 11/21/22 11:31:49
LogWindows: Failed to load 'aqProf.dll' (GetLastError=126)
LogWindows: File 'aqProf.dll' does not exist
LogWindows: Failed to load 'VSPerf140.dll' (GetLastError=126)
LogWindows: File 'VSPerf140.dll' does not exist
LogWindows: Failed to load 'VtuneApi.dll' (GetLastError=126)
LogWindows: File 'VtuneApi.dll' does not exist
LogWindows: Failed to load 'VtuneApi32e.dll' (GetLastError=126)
LogWindows: File 'VtuneApi32e.dll' does not exist
LogInit: Display: Running engine for game: MyProject2
LogPlatformFile: Not using cached read wrapper
LogInit: Display: RandInit(-134933440) SRandInit(-134933440).
LogTaskGraph: Started task graph with 5 named threads and 20 total threads with 3 sets of task threads.
LogStats: Stats thread started at 0.309982
LogD3D11RHI: Aftermath initialized
LogPluginManager: Mounting plugin Paper2D
LogPluginManager: Mounting plugin LightPropagationVolume
LogPluginManager: Mounting plugin CodeLiteSourceCodeAccess
LogPluginManager: Mounting plugin GitSourceControl
LogPluginManager: Mounting plugin KDevelopSourceCodeAccess
LogPluginManager: Mounting plugin NullSourceCodeAccess
LogPluginManager: Mounting plugin PerforceSourceControl
LogPluginManager: Mounting plugin SubversionSourceControl
LogPluginManager: Mounting plugin UObjectPlugin
LogPluginManager: Mounting plugin VisualStudioSourceCodeAccess
LogPluginManager: Mounting plugin XCodeSourceCodeAccess
LogPluginManager: Mounting plugin AssetManagerEditor
LogPluginManager: Mounting plugin AudioCapture
LogPluginManager: Mounting plugin FacialAnimation
LogPluginManager: Mounting plugin GameplayTagsEditor
LogPluginManager: Mounting plugin MobileLauncherProfileWizard
LogPluginManager: Mounting plugin PluginBrowser
LogPluginManager: Mounting plugin SpeedTreeImporter
LogPluginManager: Mounting plugin AlembicImporter
LogPluginManager: Mounting plugin CharacterAI
LogPluginManager: Mounting plugin HTML5Networking
LogPluginManager: Mounting plugin AndroidMedia
LogPluginManager: Mounting plugin AvfMedia
LogPluginManager: Mounting plugin MediaPlayerEditor
LogPluginManager: Mounting plugin WmfMedia
LogPluginManager: Mounting plugin TcpMessaging
LogPluginManager: Mounting plugin UdpMessaging
LogPluginManager: Mounting plugin LevelSequenceEditor
LogPluginManager: Mounting plugin MatineeToLevelSequence
LogPluginManager: Mounting plugin OnlineSubsystemGooglePlay
LogPluginManager: Mounting plugin OnlineSubsystemIOS
LogPluginManager: Mounting plugin OnlineSubsystem
LogPluginManager: Mounting plugin OnlineSubsystemNull
LogPluginManager: Mounting plugin OnlineSubsystemUtils
LogPluginManager: Mounting plugin AndroidDeviceProfileSelector
LogPluginManager: Mounting plugin AndroidMoviePlayer
LogPluginManager: Mounting plugin AndroidPermission
LogPluginManager: Mounting plugin AppleMoviePlayer
LogPluginManager: Mounting plugin ArchVisCharacter
LogPluginManager: Mounting plugin CableComponent
LogPluginManager: Mounting plugin CustomMeshComponent
LogPluginManager: Mounting plugin ExampleDeviceProfileSelector
LogPluginManager: Mounting plugin GoogleCloudMessaging
LogPluginManager: Mounting plugin ImmediatePhysics
LogPluginManager: Mounting plugin IOSDeviceProfileSelector
LogPluginManager: Mounting plugin LinuxDeviceProfileSelector
LogPluginManager: Mounting plugin LocationServicesBPLibrary
LogPluginManager: Mounting plugin MobilePatchingUtils
LogPluginManager: Mounting plugin OculusVR
LogPluginManager: Mounting plugin PhysXVehicles
LogPluginManager: Mounting plugin ProceduralMeshComponent
LogPluginManager: Mounting plugin RuntimePhysXCooking
LogPluginManager: Mounting plugin SteamVR
LogPluginManager: Mounting plugin WindowsMoviePlayer
LogInit: Using libcurl 7.47.1
LogInit:  - built for x86_64-pc-win32
LogInit:  - supports SSL with OpenSSL/1.0.2g
LogInit:  - supports HTTP deflate (compression) using libz 1.2.8
LogInit:  - other features:
LogInit:      CURL_VERSION_SSL
LogInit:      CURL_VERSION_LIBZ
LogInit:      CURL_VERSION_IPV6
LogInit:      CURL_VERSION_ASYNCHDNS
LogInit:      CURL_VERSION_LARGEFILE
LogInit:      CURL_VERSION_IDN
LogInit:  CurlRequestOptions (configurable via config and command line):
LogInit:  - bVerifyPeer = false  - Libcurl will NOT verify peer certificate
LogInit:  - bUseHttpProxy = false  - Libcurl will NOT use HTTP proxy
LogInit:  - bDontReuseConnections = false  - Libcurl will reuse connections
LogInit:  - CertBundlePath = nullptr  - Libcurl will use whatever was configured at build time.
LogInit: Build: ++UE4+Release-4.17-CL-3658906
LogInit: Engine Version: 4.17.2-3658906+++UE4+Release-4.17
LogInit: Compatible Engine Version: 4.17.0-3573198+++UE4+Release-4.17
LogInit: Net CL: 3573198
LogDevObjectVersion: Number of dev versions registered: 16
LogDevObjectVersion:   Dev-Blueprints (B0D832E4-1F89-4F0D-ACCF-7EB736FD4AA2): 10
LogDevObjectVersion:   Dev-Build (E1C64328-A22C-4D53-A36C-8E866417BD8C): 0
LogDevObjectVersion:   Dev-Core (375EC13C-06E4-48FB-B500-84F0262A717E): 2
LogDevObjectVersion:   Dev-Editor (E4B068ED-F494-42E9-A231-DA0B2E46BB41): 20
LogDevObjectVersion:   Dev-Framework (CFFC743F-43B0-4480-9391-14DF171D2073): 28
LogDevObjectVersion:   Dev-Mobile (B02B49B5-BB20-44E9-A304-32B752E40360): 0
LogDevObjectVersion:   Dev-Networking (A4E4105C-59A1-49B5-A7C5-40C4547EDFEE): 0
LogDevObjectVersion:   Dev-Online (39C831C9-5AE6-47DC-9A44-9C173E1C8E7C): 0
LogDevObjectVersion:   Dev-Physics (78F01B33-EBEA-4F98-B9B4-84EACCB95AA2): 0
LogDevObjectVersion:   Dev-Platform (6631380F-2D4D-43E0-8009-CF276956A95A): 0
LogDevObjectVersion:   Dev-Rendering (12F88B9F-8875-4AFC-A67C-D90C383ABD29): 19
LogDevObjectVersion:   Dev-Sequencer (7B5AE74C-D270-4C10-A958-57980B212A5A): 4
LogDevObjectVersion:   Dev-VR (D7296918-1DD6-4BDD-9DE2-64A83CC13884): 0
LogDevObjectVersion:   Dev-LoadTimes (C2A15278-BFE7-4AFE-6C17-90FF531DF755): 1
LogDevObjectVersion:   Private-Geometry (6EACA3D4-40EC-4CC1-B786-8BED09428FC5): 1
LogDevObjectVersion:   Dev-AnimPhys (29E575DD-E0A3-4627-9D10-D276232CDCEA): 7
LogInit: Compiled (64-bit): Sep 22 2017 13:47:16
LogInit: Compiled with Visual C++: 19.00.24215.01
LogInit: Build Configuration: Development
LogInit: Branch Name: ++UE4+Release-4.17
LogInit: Command line:  
LogInit: Base directory: D:/UE_4.17/Engine/Binaries/Win64/
LogInit: Installed Engine Build: 1
LogInit: Presizing for max 8388607 objects, including 0 objects not considered by GC, pre-allocating 0 bytes for permanent pool.
LogInit: Object subsystem initialized
[2022.11.21-02.31.49:831][  0]LogInit: Selected Device Profile: [Windows]
[2022.11.21-02.31.49:831][  0]LogInit: Applying CVar settings loaded from the selected device profile: [Windows]
[2022.11.21-02.31.49:857][  0]LogInit: Computer: KBC12006034
[2022.11.21-02.31.49:857][  0]LogInit: User: kbc12006034
[2022.11.21-02.31.49:857][  0]LogInit: CPU Page size=4096, Cores=6
[2022.11.21-02.31.49:857][  0]LogInit: High frequency timer resolution =10.000000 MHz
[2022.11.21-02.31.49:858][  0]LogMemory: Memory total: Physical=15.8GB (16GB approx)
[2022.11.21-02.31.49:858][  0]LogMemory: Platform Memory Stats for Windows
[2022.11.21-02.31.49:858][  0]LogMemory: Process Physical Memory: 280.07 MB used, 280.07 MB peak
[2022.11.21-02.31.49:858][  0]LogMemory: Process Virtual Memory: 282.96 MB used, 282.96 MB peak
[2022.11.21-02.31.49:858][  0]LogMemory: Physical Memory: 7648.34 MB used,  8581.58 MB free, 16229.92 MB total
[2022.11.21-02.31.49:858][  0]LogMemory: Virtual Memory: 4801.81 MB used,  8581.58 MB free, 134217728.00 MB total
[2022.11.21-02.31.50:037][  0]LogInit: Using OS detected language (ja-JP).
[2022.11.21-02.31.50:037][  0]LogInit: Using OS detected locale (ja-JP).
[2022.11.21-02.31.50:039][  0]LogTextLocalizationManager: No specific localization for 'ja-JP' exists, so the 'ja' localization will be used.
[2022.11.21-02.31.50:413][  0]LogD3D11RHI: D3D11 adapters:
[2022.11.21-02.31.50:497][  0]LogD3D11RHI:    0. 'NVIDIA GeForce GTX 1650 with Max-Q Design' (Feature Level 11_0)
[2022.11.21-02.31.50:497][  0]LogD3D11RHI:       3962/0/8114 MB DedicatedVideo/DedicatedSystem/SharedSystem, Outputs:1, VendorId:0x10de
[2022.11.21-02.31.50:524][  0]LogD3D11RHI:    1. 'Intel(R) UHD Graphics 630' (Feature Level 11_0)
[2022.11.21-02.31.50:524][  0]LogD3D11RHI:       128/0/8114 MB DedicatedVideo/DedicatedSystem/SharedSystem, Outputs:0, VendorId:0x8086
[2022.11.21-02.31.50:526][  0]LogD3D11RHI:    2. 'Microsoft Basic Render Driver' (Feature Level 11_0)
[2022.11.21-02.31.50:526][  0]LogD3D11RHI:       0/0/8114 MB DedicatedVideo/DedicatedSystem/SharedSystem, Outputs:0, VendorId:0x1414
[2022.11.21-02.31.50:526][  0]LogD3D11RHI: Chosen D3D11 Adapter: 0
[2022.11.21-02.31.50:551][  0]LogD3D11RHI: Creating new Direct3DDevice
[2022.11.21-02.31.50:551][  0]LogD3D11RHI:     GPU DeviceId: 0x1f91 (for the marketing name, search the web for "GPU Device Id")
[2022.11.21-02.31.50:551][  0]LogWindows: EnumDisplayDevices:
[2022.11.21-02.31.50:551][  0]LogWindows:    0. 'Intel(R) UHD Graphics 630' (P:1 D:1)
[2022.11.21-02.31.50:551][  0]LogWindows:    1. 'Intel(R) UHD Graphics 630' (P:0 D:0)
[2022.11.21-02.31.50:551][  0]LogWindows:    2. 'Intel(R) UHD Graphics 630' (P:0 D:0)
[2022.11.21-02.31.50:551][  0]LogWindows: DebugString: GetVideoDriverDetailsInvalid PrimaryIsNotTheChoosenAdapter GetVideoDriverDetailsInvalid PrimaryIsNotTheChoosenAdapter GetVideoDriverDetailsInvalid PrimaryIsNotTheChoosenAdapter FoundDriverCount:0 
[2022.11.21-02.31.50:552][  0]LogD3D11RHI:     Adapter Name: NVIDIA GeForce GTX 1650 with Max-Q Design
[2022.11.21-02.31.50:552][  0]LogD3D11RHI:   Driver Version: Unknown (internal:Unknown, unified:Unknown)
[2022.11.21-02.31.50:552][  0]LogD3D11RHI:      Driver Date: Unknown
[2022.11.21-02.31.50:552][  0]LogRHI: Texture pool is 1361 MB (70% of 1945 MB)
[2022.11.21-02.31.50:606][  0]LogD3D11RHI: Async texture creation enabled
[2022.11.21-02.31.50:625][  0]LogD3D11RHI: GPU Timing Frequency: 1000.000000 (Debug: 2 2)
[2022.11.21-02.31.50:625][  0]LogShaderCompilers: Guid format shader working directory is -2 characters bigger than the processId version (C:/Users/kbc12006034/Documents/Team_Unreal/MyProject2/Intermediate/Shaders/WorkingDirectory/18884/).
[2022.11.21-02.31.50:626][  0]LogShaderCompilers: Cleaned the shader compiler working directory 'C:/Users/kbc12006034/AppData/Local/Temp/UnrealShaderWorkingDir/9ED41FC540830424DFB1FEBC15428623/'.
[2022.11.21-02.31.50:626][  0]LogShaderCompilers: Display: Using Local Shader Compiler.
[2022.11.21-02.31.51:365][  0]LogTemp: Display: Loaded TP AllDesktopTargetPlatform
[2022.11.21-02.31.51:406][  0]LogTemp: Display: Loaded TP MacClientTargetPlatform
[2022.11.21-02.31.51:447][  0]LogTemp: Display: Loaded TP MacNoEditorTargetPlatform
[2022.11.21-02.31.51:489][  0]LogTemp: Display: Loaded TP MacServerTargetPlatform
[2022.11.21-02.31.51:529][  0]LogTemp: Display: Loaded TP MacTargetPlatform
[2022.11.21-02.31.51:570][  0]LogTemp: Display: Loaded TP WindowsClientTargetPlatform
[2022.11.21-02.31.51:611][  0]LogTemp: Display: Loaded TP WindowsNoEditorTargetPlatform
[2022.11.21-02.31.51:652][  0]LogTemp: Display: Loaded TP WindowsServerTargetPlatform
[2022.11.21-02.31.51:686][  0]LogTemp: Display: Loaded TP WindowsTargetPlatform
[2022.11.21-02.31.51:726][  0]LogTemp: Display: Loaded TP AndroidTargetPlatform
[2022.11.21-02.31.51:768][  0]LogTemp: Display: Loaded TP Android_ASTCTargetPlatform
[2022.11.21-02.31.51:810][  0]LogTemp: Display: Loaded TP Android_ATCTargetPlatform
[2022.11.21-02.31.51:854][  0]LogTemp: Display: Loaded TP Android_DXTTargetPlatform
[2022.11.21-02.31.51:894][  0]LogTemp: Display: Loaded TP Android_ETC1TargetPlatform
[2022.11.21-02.31.51:934][  0]LogTemp: Display: Loaded TP Android_ETC2TargetPlatform
[2022.11.21-02.31.52:015][  0]LogTemp: Display: Loaded TP Android_MultiTargetPlatform
[2022.11.21-02.31.52:015][  0]LogTemp: Display: Loaded TP Android_PVRTCTargetPlatform
[2022.11.21-02.31.52:046][  0]LogTemp: Display: Loaded TP HTML5TargetPlatform
[2022.11.21-02.31.52:126][  0]LogTemp: Display: Loaded TP IOSTargetPlatform
[2022.11.21-02.31.52:160][  0]LogTemp: Display: Loaded TP TVOSTargetPlatform
[2022.11.21-02.31.52:200][  0]LogTemp: Display: Loaded TP LinuxClientTargetPlatform
[2022.11.21-02.31.52:240][  0]LogTemp: Display: Loaded TP LinuxNoEditorTargetPlatform
[2022.11.21-02.31.52:279][  0]LogTemp: Display: Loaded TP LinuxServerTargetPlatform
[2022.11.21-02.31.52:319][  0]LogTemp: Display: Loaded TP LinuxTargetPlatform
[2022.11.21-02.31.52:319][  0]LogTargetPlatformManager: Display: Building Assets For Windows
[2022.11.21-02.31.52:719][  0]LogDerivedDataCache: Display: Max Cache Size: 512 MB
[2022.11.21-02.31.52:784][  0]LogDerivedDataCache: Loaded boot cache 0.06s 93MB C:/Users/kbc12006034/AppData/Local/UnrealEngine/4.17/DerivedDataCache/Boot.ddc.
[2022.11.21-02.31.52:784][  0]LogDerivedDataCache: Display: Loaded Boot cache: C:/Users/kbc12006034/AppData/Local/UnrealEngine/4.17/DerivedDataCache/Boot.ddc
[2022.11.21-02.31.52:784][  0]LogDerivedDataCache: FDerivedDataBackendGraph:  Pak pak cache file C:/Users/kbc12006034/Documents/Team_Unreal/MyProject2/DerivedDataCache/DDC.ddp not found, will not use a pak cache.
[2022.11.21-02.31.52:784][  0]LogDerivedDataCache: Unable to find inner node Pak for hierarchical cache Hierarchy.
[2022.11.21-02.31.52:784][  0]LogDerivedDataCache: FDerivedDataBackendGraph:  CompressedPak pak cache file C:/Users/kbc12006034/Documents/Team_Unreal/MyProject2/DerivedDataCache/Compressed.ddp not found, will not use a pak cache.
[2022.11.21-02.31.52:784][  0]LogDerivedDataCache: Unable to find inner node CompressedPak for hierarchical cache Hierarchy.
[2022.11.21-02.31.52:797][  0]LogDerivedDataCache: Display: Pak cache opened for reading ../../../Engine/DerivedDataCache/Compressed.ddp.
[2022.11.21-02.31.52:809][  0]LogDerivedDataCache: Using Local data cache path C:/Users/kbc12006034/AppData/Local/UnrealEngine/Common/DerivedDataCache: Writable
[2022.11.21-02.31.52:818][  0]LogMaterial: Verifying Global Shaders for PCD3D_SM5
[2022.11.21-02.31.52:819][  0]LogSlate: Using Freetype 2.6.0
[2022.11.21-02.31.52:819][  0]LogSlate: SlateFontCache - WITH_FREETYPE: 1, WITH_HARFBUZZ: 1
[2022.11.21-02.31.52:819][  0]LogSlate: SlateFontCache - WITH_FREETYPE: 1, WITH_HARFBUZZ: 1
[2022.11.21-02.31.53:032][  0]LogAssetRegistry: FAssetRegistry took 0.0251 seconds to start up
[2022.11.21-02.31.53:128][  0]LogInit: Selected Device Profile: [Windows]
[2022.11.21-02.31.53:412][  0]LogSimplygon: Simplygon DLL not present - disabling.
[2022.11.21-02.31.53:445][  0]LogMeshReduction: Using SimplygonSwarm for distributed automatic mesh merging
[2022.11.21-02.31.53:445][  0]LogMeshReduction: Using QuadricMeshReduction for automatic static mesh reduction
[2022.11.21-02.31.53:445][  0]LogMeshReduction: No automatic skeletal mesh reduction module available
[2022.11.21-02.31.53:445][  0]LogMeshReduction: No automatic mesh merging module available
[2022.11.21-02.31.53:445][  0]LogMeshMerging: No automatic mesh merging module available
[2022.11.21-02.31.53:446][  0]LogContentStreaming: Texture pool size is 0.00 MB
[2022.11.21-02.31.53:778][  0]LogNetVersion: MyProject2 , NetCL: 3573198, EngineNetVer: 2, GameNetVer: 0 (Checksum: 237949846)
[2022.11.21-02.31.53:941][  0]LogPackageLocalizationCache: Processed 5 localized package path(s) for 2 prioritized culture(s) in 0.031623 seconds
[2022.11.21-02.31.53:945][  0]LogUObjectArray: 35825 objects as part of root set at end of initial load.
[2022.11.21-02.31.53:945][  0]LogUObjectAllocator: 7529112 out of 0 bytes used by permanent object pool.
[2022.11.21-02.31.53:945][  0]LogUObjectArray: CloseDisregardForGC: 0/0 objects in disregard for GC pool
[2022.11.21-02.31.53:997][  0]LogInit: WinSock: version 1.1 (2.2), MaxSocks=32767, MaxUdp=65467
[2022.11.21-02.31.56:052][  0]LogTcpMessaging: Initializing TcpMessaging bridge
[2022.11.21-02.31.56:085][  0]LogUdpMessaging: Initializing bridge on interface 0.0.0.0:0 to multicast group 230.0.0.1:6666.
[2022.11.21-02.31.56:597][  0]LogMaterial: Uniform references updated for custom material expression Custom.
[2022.11.21-02.31.56:916][  0]SourceControl: ソースコントロールは無効です
[2022.11.21-02.31.56:916][  0]SourceControl: ソースコントロールは無効です
[2022.11.21-02.31.56:953][  0]SourceControl: ソースコントロールは無効です
[2022.11.21-02.31.56:991][  0]SourceControl: ソースコントロールは無効です
[2022.11.21-02.31.57:480][  0]LogAndroidPermission: UAndroidPermissionCallbackProxy::GetInstance
[2022.11.21-02.31.57:673][  0]LogOcInput: OculusInput pre-init called
[2022.11.21-02.31.57:878][  0]LogEngine: Initializing Engine...
[2022.11.21-02.31.57:879][  0]LogHMD: Failed to initialize OpenVR with code 110
[2022.11.21-02.31.58:045][  0]LogStats: UGameplayTagsManager::ConstructGameplayTagTree: Construct from data asset -  0.000 s
[2022.11.21-02.31.58:045][  0]LogStats: UGameplayTagsManager::ConstructGameplayTagTree: GameplayTagTreeChangedEvent.Broadcast -  0.000 s
[2022.11.21-02.31.58:148][  0]LogAIModule: Creating AISystem for world Untitled
[2022.11.21-02.31.58:206][  0]LogInit: XAudio2 using 'スピーカー (Realtek(R) Audio)' : 2 channels at 48 kHz using 32 bits per sample (channel mask 0x3)
[2022.11.21-02.31.58:362][  0]LogInit: FAudioDevice initialized.
[2022.11.21-02.31.58:407][  0]LogDerivedDataCache: Saved boot cache 0.04s 93MB C:/Users/kbc12006034/AppData/Local/UnrealEngine/4.17/DerivedDataCache/Boot.ddc.
[2022.11.21-02.31.58:415][  0]LogInit: Texture streaming: Enabled
[2022.11.21-02.31.58:508][  0]LogEngineSessionManager: EngineSessionManager initialized
[2022.11.21-02.31.58:691][  0]LogInit: Transaction tracking system initialized
[2022.11.21-02.31.58:942][  0]BlueprintLog: New page: エディタの読み込み
[2022.11.21-02.31.59:654][  0]LocalizationService: ローカライズのサービスが無効になりました
[2022.11.21-02.32.00:208][  0]LogConsoleResponse: Display: 
[2022.11.21-02.32.00:346][  0]LogCook: Display: Max memory allowance for cook 16384mb min free memory 0mb
[2022.11.21-02.32.00:346][  0]LogCook: Display: Mobile HDR setting 1
[2022.11.21-02.32.00:346][  0]LogGameplayTags: Display: UGameplayTagsManager::DoneAddingNativeTags. DelegateIsBound: 0
[2022.11.21-02.32.00:484][  0]LogFileCache: Scanning file cache for directory 'C:/Users/kbc12006034/Documents/Team_Unreal/MyProject2/Content/' took 0.02s
[2022.11.21-02.32.01:171][  0]SourceControl: ソースコントロールは無効です
[2022.11.21-02.32.01:171][  0]Cmd: MAP LOAD FILE="../../../Engine/Content/Maps/Templates/Template_Default.umap" TEMPLATE=1 SHOWPROGRESS=1 FEATURELEVEL=3
[2022.11.21-02.32.01:171][  0]LightingResults: New page: ライティングのビルド
[2022.11.21-02.32.01:209][  0]MapCheck: New page: マップをチェック
[2022.11.21-02.32.01:210][  0]LightingResults: New page: <何も選択されていません>
[2022.11.21-02.32.01:350][  0]LogAIModule: Creating AISystem for world Untitled_1
[2022.11.21-02.32.01:355][  0]LogEditorServer: Finished looking for orphan Actors (0.000 secs)
[2022.11.21-02.32.01:367][  0]Cmd: MAP CHECKDEP NOCLEARLOG
[2022.11.21-02.32.01:401][  0]MapCheck: マップチェックが完了: 0 エラー、 0 警告、完了に 33.654ミリ秒かかりました。
[2022.11.21-02.32.01:401][  0]LogFileHelpers: Loading map 'Template_Default' took 0.230
[2022.11.21-02.32.01:462][  0]LogWindowsTextInputMethodSystem: Display: IME system now activated using TSF (Microsoft IME).
[2022.11.21-02.32.01:492][  0]LogCollectionManager: Loaded 0 collections in 0.000772 seconds
[2022.11.21-02.32.01:564][  0]LogFileCache: Scanning file cache for directory 'C:/Users/kbc12006034/Documents/Team_Unreal/MyProject2/Saved/Collections/' took 0.01s
[2022.11.21-02.32.01:564][  0]LogFileCache: Scanning file cache for directory 'C:/Users/kbc12006034/Documents/Team_Unreal/MyProject2/Content/Developers/kbc12006034/Collections/' took 0.01s
[2022.11.21-02.32.01:564][  0]LogFileCache: Scanning file cache for directory 'C:/Users/kbc12006034/Documents/Team_Unreal/MyProject2/Content/Collections/' took 0.01s
[2022.11.21-02.32.01:564][  0]LogCollectionManager: Rebuilt the GUID cache for 0 collections in 0.000000 seconds
[2022.11.21-02.32.01:571][  0]LogContentBrowser: Native class hierarchy populated in 0.0068 seconds. Added 2386 classes and 500 folders.
[2022.11.21-02.32.01:623][  0]LogContentBrowser: Native class hierarchy updated for 'WidgetCarousel' in 0.0005 seconds. Added 0 classes and 0 folders.
[2022.11.21-02.32.01:651][  0]LogContentBrowser: Native class hierarchy updated for 'AddContentDialog' in 0.0005 seconds. Added 0 classes and 0 folders.
[2022.11.21-02.32.01:728][  0]LogContentBrowser: Native class hierarchy updated for 'SceneOutliner' in 0.0005 seconds. Added 1 classes and 2 folders.
[2022.11.21-02.32.01:780][  0]LogSlate: Took 0.000350 seconds to synchronously load lazily loaded font '../../../Engine/Content/Slate/Fonts/Roboto-Regular.ttf' (155K)
[2022.11.21-02.32.01:783][  0]LogSlate: Took 0.002144 seconds to synchronously load lazily loaded font '../../../Engine/Content/Slate/Fonts/DroidSansFallback.ttf' (3848K)
[2022.11.21-02.32.01:784][  0]LogSlate: Took 0.000320 seconds to synchronously load lazily loaded font '../../../Engine/Content/Slate/Fonts/Roboto-Bold.ttf' (160K)
[2022.11.21-02.32.01:788][  0]LogSlate: Took 0.000210 seconds to synchronously load lazily loaded font '../../../Engine/Content/Editor/Slate/Fonts/FontAwesome.ttf' (139K)
[2022.11.21-02.32.01:866][  0]LogRenderer: Reallocating scene render targets to support 968x388 Format 10 NumSamples 1 (Frame:1).
[2022.11.21-02.32.02:014][  0]LogContentBrowser: Native class hierarchy updated for 'HierarchicalLODOutliner' in 0.0005 seconds. Added 1 classes and 2 folders.
[2022.11.21-02.32.02:014][  0]LogLoad: (Engine Initialization) Total time: 13.79 seconds
[2022.11.21-02.32.02:014][  0]LogLoad: (Engine Initialization) Total Blueprint compile time: 0.00 seconds
[2022.11.21-02.32.02:014][  0]LogExternalProfiler: No external profilers were discovered.  External profiling features will not be available.
[2022.11.21-02.32.02:052][  0]LogContentStreaming: Texture pool size now 1000 MB
[2022.11.21-02.32.02:091][  0]LogSlate: Took 0.000119 seconds to synchronously load lazily loaded font '../../../Engine/Content/Slate/Fonts/Roboto-Light.ttf' (159K)
[2022.11.21-02.32.02:099][  1]LogAssetRegistry: Asset discovery search completed in 9.0890 seconds
[2022.11.21-02.32.02:101][  1]LogCollectionManager: Rebuilt the object cache for 0 collections in 0.000000 seconds (found 0 objects)
[2022.11.21-02.32.02:101][  1]LogCollectionManager: Fixed up redirectors for 0 collections in 0.000039 seconds (updated 0 objects)
[2022.11.21-02.32.15:552][808]LogSlate: Took 0.000148 seconds to synchronously load lazily loaded font '../../../Engine/Content/Slate/Fonts/Roboto-Light.ttf' (159K)
[2022.11.21-02.32.15:655][808]LogAIModule: Creating AISystem for world NewMap
[2022.11.21-02.32.15:676][808]Cmd: MAP LOAD FILE="C:/Users/kbc12006034/Documents/Team_Unreal/MyProject2/Content/Maps/NewMap.umap" TEMPLATE=0 SHOWPROGRESS=1 FEATURELEVEL=3
[2022.11.21-02.32.15:676][808]LightingResults: New page: ライティングのビルド
[2022.11.21-02.32.15:676][808]LoadErrors: New page: マップをロード中: NewMap.umap
[2022.11.21-02.32.15:677][808]MapCheck: New page: マップをチェック
[2022.11.21-02.32.15:677][808]LightingResults: New page: <何も選択されていません>
[2022.11.21-02.32.15:725][808]LogEditorServer: Finished looking for orphan Actors (0.000 secs)
[2022.11.21-02.32.15:748][808]Cmd: MAP CHECKDEP NOCLEARLOG
[2022.11.21-02.32.15:787][808]MapCheck: マップチェックが完了: 0 エラー、 0 警告、完了に 38.517ミリ秒かかりました。
[2022.11.21-02.32.15:787][808]LogFileHelpers: Loading map 'NewMap' took 0.111
[2022.11.21-02.37.22:136][117]LogEditorViewport: Clicking on Actor (LMB): BP_Sky_Sphere_C (Sky Sphere2)
[2022.11.21-02.37.52:610][919]LogMaterial: Missing cached shader map for material M_Plains_Tree_Stump01, compiling. 
[2022.11.21-02.37.52:720][919]LogActorFactory: Actor Factory created SM_Plains_Tree01
[2022.11.21-02.37.52:870][924]LogActorFactory: Actor Factory created SM_Plains_Tree01
[2022.11.21-02.39.57:399][312]LogEditorViewport: Clicking on Actor (LMB): BP_Sky_Sphere_C (Sky Sphere2)
[2022.11.21-02.40.11:408][151]LogEditorViewport: Clicking on Actor (LMB): StaticMeshActor (SM_Plains_Tree01)
[2022.11.21-02.40.13:436][271]LogEditorViewport: Clicking on Actor (LMB): BP_Sky_Sphere_C (Sky Sphere2)
[2022.11.21-02.40.14:607][340]LogEditorViewport: Clicking on Actor (LMB): StaticMeshActor (SM_Plains_Tree01)
[2022.11.21-02.40.15:682][403]LogEditorViewport: Clicking on Actor (LMB): StaticMeshActor (SM_Plains_Tree01)
[2022.11.21-02.40.18:935][598]LogEditorViewport: Clicking on Actor (LMB): BP_Sky_Sphere_C (Sky Sphere2)
[2022.11.21-02.40.28:140][149]LogEditorViewport: Clicking on Actor (LMB): StaticMeshActor (SM_Plains_Wall_Straight_4)
[2022.11.21-02.40.29:515][230]LogEditorViewport: Clicking on Actor (LMB): StaticMeshActor (SM_Plains_Tree01)
[2022.11.21-02.40.37:641][716]LogEditorViewport: Clicking on Actor (LMB): BP_Sky_Sphere_C (Sky Sphere2)
[2022.11.21-02.40.44:332][116]LogEditorViewport: Clicking on Actor (LMB): BP_Sky_Sphere_C (Sky Sphere2)
[2022.11.21-02.40.44:975][154]LogEditorViewport: Clicking on Actor (context menu): BP_Sky_Sphere_C (Sky Sphere2)
[2022.11.21-02.42.25:954][155]LogActorFactory: Actor Factory created SM_Plains_Fern01
[2022.11.21-02.42.26:473][186]LogActorFactory: Actor Factory created SM_Plains_Fern01
[2022.11.21-02.42.58:315][ 93]LogEditorViewport: Clicking on Actor (LMB): BP_Sky_Sphere_C (Sky Sphere2)
[2022.11.21-02.42.59:598][169]LogEditorViewport: Clicking on Actor (LMB): StaticMeshActor (SM_Plains_Fern01)
[2022.11.21-02.43.04:747][473]LogActorFactory: Actor Factory created SM_Plains_Fern02
[2022.11.21-02.43.05:932][544]LogActorFactory: Actor Factory created SM_Plains_Fern02
[2022.11.21-02.44.00:187][796]LogSlate: Took 0.000170 seconds to synchronously load lazily loaded font '../../../Engine/Content/Slate/Fonts/Roboto-Light.ttf' (159K)
[2022.11.21-02.44.09:217][336]Cmd: OBJ SAVEPACKAGE PACKAGE="/Game/Maps/NewMap" FILE="C:/Users/kbc12006034/Documents/Team_Unreal/MyProject2/Saved/Autosaves/Game/Maps/NewMap_Auto1.umap" SILENT=true AUTOSAVING=true KEEPDIRTY=false
[2022.11.21-02.44.09:348][336]LogSavePackage: Save=127.19ms
[2022.11.21-02.44.09:348][336]LogSavePackage: Moving 'C:/Users/kbc12006034/Documents/Team_Unreal/MyProject2/Saved/NewMap_Auto17C46BC5D4090B981635AA0ABE2781385.tmp' to 'C:/Users/kbc12006034/Documents/Team_Unreal/MyProject2/Saved/Autosaves/Game/Maps/NewMap_Auto1.umap'
[2022.11.21-02.44.09:349][336]LogSavePackage: Display: Finished SavePackage C:/Users/kbc12006034/Documents/Team_Unreal/MyProject2/Saved/Autosaves/Game/Maps/NewMap_Auto1.umap
[2022.11.21-02.44.09:351][336]LogFileHelpers: Editor autosave (incl. sublevels) for '/Game/Maps/NewMap' took 0.147
[2022.11.21-02.44.09:351][336]LogFileHelpers: Editor autosave (incl. sublevels) for all levels took 0.147
[2022.11.21-02.44.47:121][601]LogActorFactory: Actor Factory created SM_Plains_Tree_Stump01
[2022.11.21-02.44.47:639][632]LogActorFactory: Actor Factory created SM_Plains_Tree_Stump01
[2022.11.21-02.44.57:331][212]LogEditorViewport: Clicking on Actor (context menu): BP_Sky_Sphere_C (Sky Sphere2)
[2022.11.21-02.44.58:419][275]LogEditorViewport: Clicking on Actor (LMB): BP_Sky_Sphere_C (Sky Sphere2)
[2022.11.21-02.46.35:351][ 58]LogActorFactory: Actor Factory created SM_Plains_Fern01
[2022.11.21-02.46.36:083][102]LogActorFactory: Actor Factory created SM_Plains_Fern01
[2022.11.21-02.47.32:879][506]LogEditorViewport: Clicking on Actor (LMB): BP_Sky_Sphere_C (Sky Sphere2)
[2022.11.21-02.47.42:736][ 96]LogEditorViewport: Clicking on Actor (LMB): StaticMeshActor (SM_Plains_Fern2)
[2022.11.21-02.48.06:436][488]LogEditorViewport: Clicking on Actor (LMB): BP_Sky_Sphere_C (Sky Sphere2)
[2022.11.21-02.48.35:345][217]LogActorFactory: Actor Factory created SM_Plains_Grass01
[2022.11.21-02.48.35:862][248]LogActorFactory: Actor Factory created SM_Plains_Grass01
[2022.11.21-02.48.40:973][553]LogEditorViewport: Clicking on Actor (LMB): BP_Sky_Sphere_C (Sky Sphere2)
[2022.11.21-02.49.12:663][448]LogEditorViewport: Clicking on Actor (LMB): BP_Sky_Sphere_C (Sky Sphere2)
[2022.11.21-02.49.14:251][542]LogEditorViewport: Clicking on Actor (LMB): BP_Sky_Sphere_C (Sky Sphere2)
[2022.11.21-02.49.44:719][334]LogEditorViewport: Clicking on Actor (context menu): BP_Sky_Sphere_C (Sky Sphere2)
[2022.11.21-02.49.45:532][380]LogEditorViewport: Clicking on Actor (LMB): BP_Sky_Sphere_C (Sky Sphere2)
[2022.11.21-02.49.49:073][592]LogEditorViewport: Clicking on Actor (LMB): StaticMeshActor (SM_Plains_Grass01)
[2022.11.21-02.50.10:420][867]LogEditorViewport: Clicking on Actor (LMB): StaticMeshActor (SM_Plains_Floors_Flat7)
[2022.11.21-02.50.26:317][819]Cmd: TRANSACTION UNDO
[2022.11.21-02.50.26:317][819]LogEditorTransaction: Undo アクタ位置を設定
[2022.11.21-02.50.41:334][719]LogEditorViewport: Clicking on Actor (LMB): BP_Sky_Sphere_C (Sky Sphere2)
[2022.11.21-02.50.45:723][981]LogEditorViewport: Clicking on Actor (LMB): StaticMeshActor (SM_Plains_Floors_Flat7)
[2022.11.21-02.50.46:438][ 22]LogEditorViewport: Clicking on Actor (LMB): StaticMeshActor (SM_Plains_Floors_Flat7)
[2022.11.21-02.50.47:074][ 60]LogEditorViewport: Clicking on Actor (LMB): StaticMeshActor (SM_Plains_Grass01)
[2022.11.21-02.50.50:050][237]LogEditorViewport: Clicking on Actor (LMB): BP_Sky_Sphere_C (Sky Sphere2)
[2022.11.21-02.50.59:499][802]LogEditorViewport: Clicking on Actor (LMB): StaticMeshActor (SM_Plains_Floors_Flat7)
[2022.11.21-02.51.00:250][845]LogEditorViewport: Clicking on Actor (LMB): StaticMeshActor (SM_Plains_Grass01)
[2022.11.21-02.51.06:722][230]LogEditorViewport: Clicking on Actor (LMB): BP_Sky_Sphere_C (Sky Sphere2)
[2022.11.21-02.51.08:043][308]LogEditorViewport: Clicking on Actor (LMB): StaticMeshActor (SM_Plains_Grass2)
[2022.11.21-02.51.41:235][296]LogEditorViewport: Clicking on Actor (LMB): BP_Sky_Sphere_C (Sky Sphere2)
[2022.11.21-02.51.42:392][364]LogEditorViewport: Clicking on Actor (LMB): StaticMeshActor (SM_Plains_Grass3)
[2022.11.21-02.51.46:017][578]LogEditorViewport: Clicking on Actor (LMB): BP_Sky_Sphere_C (Sky Sphere2)
[2022.11.21-02.51.46:889][629]LogEditorViewport: Clicking on Actor (LMB): StaticMeshActor (SM_Plains_Floors_Flat7)
[2022.11.21-02.51.48:067][698]LogEditorViewport: Clicking on Actor (LMB): StaticMeshActor (SM_Plains_Floors_Flat7)
[2022.11.21-02.51.48:538][726]LogEditorViewport: Clicking on Actor (LMB): StaticMeshActor (SM_Plains_Grass4)
[2022.11.21-02.51.51:006][871]LogEditorViewport: Clicking on Actor (LMB): BP_Sky_Sphere_C (Sky Sphere2)
[2022.11.21-02.52.03:007][589]LogEditorViewport: Clicking on Actor (LMB): StaticMeshActor (SM_Plains_Grass2)
[2022.11.21-02.53.13:594][822]LogEditorViewport: Clicking on Actor (LMB): BP_Sky_Sphere_C (Sky Sphere2)
[2022.11.21-02.53.21:053][268]LogEditorViewport: Clicking on Actor (LMB): StaticMeshActor (SM_Plains_Floors_Flat7)
[2022.11.21-02.53.22:478][352]LogEditorViewport: Clicking on Actor (LMB): StaticMeshActor (SM_Plains_Floors_Flat7)
[2022.11.21-02.53.24:054][446]LogEditorViewport: Clicking on Actor (LMB): StaticMeshActor (SM_Plains_Grass3)
[2022.11.21-02.53.49:632][977]LogEditorViewport: Clicking on Actor (LMB): BP_Sky_Sphere_C (Sky Sphere2)
[2022.11.21-02.53.56:946][414]LogEditorViewport: Clicking on Actor (LMB): StaticMeshActor (SM_Plains_Grass5)
[2022.11.21-02.54.01:816][703]LogEditorViewport: Clicking on Actor (LMB): BP_Sky_Sphere_C (Sky Sphere2)
[2022.11.21-02.54.05:056][896]LogEditorViewport: Clicking on Actor (LMB): StaticMeshActor (SM_Plains_Grass7)
[2022.11.21-02.54.10:550][222]LogEditorViewport: Clicking on Actor (LMB): BP_Sky_Sphere_C (Sky Sphere2)
[2022.11.21-02.54.37:326][827]LogStaticMesh: スタティックメッシュ SM_Plains_Vine01 をビルド中...
[2022.11.21-02.54.37:719][827]LogStaticMesh: Built static mesh [0.39s] /Game/InfinityBladeGrassLands/Environments/Plains/Env_Plains_Flora/StaticMesh/SM_Plains_Vine01.SM_Plains_Vine01
[2022.11.21-02.54.37:741][827]LogActorFactory: Actor Factory created SM_Plains_Vine01
[2022.11.21-02.54.38:876][895]LogActorFactory: Actor Factory created SM_Plains_Vine01
[2022.11.21-02.56.07:980][236]LogEditorViewport: Clicking on Actor (LMB): BP_Sky_Sphere_C (Sky Sphere2)
[2022.11.21-02.56.38:694][ 75]LogMaterial: Missing cached shader map for material M_Plains_LargeRock, compiling. 
[2022.11.21-02.56.38:916][ 87]LogActorFactory: Actor Factory created SM_Plains_LargeRock_SpireLOD
[2022.11.21-02.56.39:884][145]LogActorFactory: Actor Factory created SM_Plains_LargeRock_SpireLOD
[2022.11.21-02.57.46:428][134]LogEditorViewport: Clicking on Actor (LMB): BP_Sky_Sphere_C (Sky Sphere2)
[2022.11.21-02.57.47:546][200]LogEditorViewport: Clicking on Actor (LMB): BP_Sky_Sphere_C (Sky Sphere2)
[2022.11.21-02.58.24:908][428]LogEditorViewport: Clicking on Actor (LMB): StaticMeshActor (SM_Plains_LargeRock_SpireLOD)
[2022.11.21-02.59.17:010][517]LogEditorViewport: Clicking on Actor (LMB): StaticMeshActor (SM_Plains_LargeRock_SpireLOD)
[2022.11.21-03.00.23:934][529]LogEditorViewport: Clicking on Actor (LMB): BP_Sky_Sphere_C (Sky Sphere2)
[2022.11.21-03.00.28:210][784]LogEditorViewport: Clicking on Actor (LMB): StaticMeshActor (SM_Plains_LargeRock_SpireLOD)
[2022.11.21-03.00.32:192][ 21]LogEditorViewport: Clicking on Actor (LMB): BP_Sky_Sphere_C (Sky Sphere2)
[2022.11.21-03.00.46:805][896]LogEditorViewport: Clicking on Actor (LMB): StaticMeshActor (SM_Plains_LargeRock_SpireLOD)
[2022.11.21-03.00.47:551][939]Cmd: DELETE
[2022.11.21-03.00.47:551][939]Cmd: ACTOR DELETE
[2022.11.21-03.00.47:552][939]LogEditorActor: Deleted Actor: StaticMeshActor
[2022.11.21-03.00.47:564][939]LogEditorActor: Deleted 1 Actors (0.013 secs)
[2022.11.21-03.02.47:877][150]LogActorFactory: Actor Factory created SM_Plains_CastleArch_01
[2022.11.21-03.02.48:443][184]LogActorFactory: Actor Factory created SM_Plains_CastleArch_01
[2022.11.21-03.03.31:218][745]LogEditorViewport: Clicking on Actor (LMB): BP_Sky_Sphere_C (Sky Sphere2)
[2022.11.21-03.03.39:140][219]LogEditorViewport: Clicking on Actor (LMB): StaticMeshActor (SM_Plains_CastleArch_01)
[2022.11.21-03.03.48:290][766]LogEditorViewport: Clicking on Actor (LMB): BP_Sky_Sphere_C (Sky Sphere2)
[2022.11.21-03.03.55:041][170]LogEditorViewport: Clicking on Actor (LMB): StaticMeshActor (SM_Plains_CastleArch_01)
[2022.11.21-03.03.57:270][302]LogEditorViewport: Clicking on Actor (LMB): BP_Sky_Sphere_C (Sky Sphere2)
[2022.11.21-03.04.19:925][660]LogEditorViewport: Clicking on Actor (LMB): StaticMeshActor (SM_Plains_CastleArch_01)
[2022.11.21-03.04.55:850][813]LogPhysics: Warning: PopulatePhysXGeometryAndTransform(Convex): ConvexElem has invalid transform
[2022.11.21-03.04.55:850][813]LogPhysics: Warning: ForeachShape(Convex): [/Game/InfinityBladeGrassLands/Environments/Plains/Env_Plains_Ruins/StaticMesh/SM_Plains_CastleArch_01.SM_Plains_CastleArch_01] ScaledElem[0] invalid
[2022.11.21-03.04.55:850][813]LogPhysics: Warning: PopulatePhysXGeometryAndTransform(Convex): ConvexElem has invalid transform
[2022.11.21-03.04.55:850][813]LogPhysics: Warning: ForeachShape(Convex): [/Game/InfinityBladeGrassLands/Environments/Plains/Env_Plains_Ruins/StaticMesh/SM_Plains_CastleArch_01.SM_Plains_CastleArch_01] ScaledElem[1] invalid
[2022.11.21-03.04.55:850][813]LogPhysics: Warning: PopulatePhysXGeometryAndTransform(Convex): ConvexElem has invalid transform
[2022.11.21-03.04.55:850][813]LogPhysics: Warning: ForeachShape(Convex): [/Game/InfinityBladeGrassLands/Environments/Plains/Env_Plains_Ruins/StaticMesh/SM_Plains_CastleArch_01.SM_Plains_CastleArch_01] ScaledElem[0] invalid
[2022.11.21-03.04.55:850][813]LogPhysics: Warning: PopulatePhysXGeometryAndTransform(Convex): ConvexElem has invalid transform
[2022.11.21-03.04.55:850][813]LogPhysics: Warning: ForeachShape(Convex): [/Game/InfinityBladeGrassLands/Environments/Plains/Env_Plains_Ruins/StaticMesh/SM_Plains_CastleArch_01.SM_Plains_CastleArch_01] ScaledElem[1] invalid
[2022.11.21-03.05.02:074][184]LogHttp: Warning: 000001122FB4A800: request failed, libcurl error: 6 (Couldn't resolve host name)
[2022.11.21-03.05.02:074][184]LogHttp: Warning: 000001122FB4A800: libcurl info message cache 0 (Connection 11 seems to be dead!)
[2022.11.21-03.05.02:074][184]LogHttp: Warning: 000001122FB4A800: libcurl info message cache 1 (Closing connection 11)
[2022.11.21-03.05.02:074][184]LogHttp: Warning: 000001122FB4A800: libcurl info message cache 2 (Could not resolve host: datarouter.ol.epicgames.com)
[2022.11.21-03.05.02:074][184]LogHttp: Warning: 000001122FB4A800: libcurl info message cache 3 (Closing connection 12)
[2022.11.21-03.05.26:012][616]LogEditorViewport: Clicking on Actor (LMB): BP_Sky_Sphere_C (Sky Sphere2)
[2022.11.21-03.06.27:745][317]LogActorFactory: Actor Factory created SM_Plains_Tree_Branch02
[2022.11.21-03.06.29:061][396]LogActorFactory: Actor Factory created SM_Plains_Tree_Branch02
[2022.11.21-03.06.48:668][570]LogEditorViewport: Clicking on Actor (LMB): StaticMeshActor (SM_Plains_Tree_Branch02)
[2022.11.21-03.07.13:144][ 39]LogHttp: Warning: 000001122C9B5900: request failed, libcurl error: 6 (Couldn't resolve host name)
[2022.11.21-03.07.13:144][ 39]LogHttp: Warning: 000001122C9B5900: libcurl info message cache 0 (Could not resolve host: datarouter.ol.epicgames.com)
[2022.11.21-03.07.13:144][ 39]LogHttp: Warning: 000001122C9B5900: libcurl info message cache 1 (Closing connection 13)
[2022.11.21-03.07.16:340][230]LogEditorViewport: Clicking on Actor (LMB): StaticMeshActor (SM_Plains_Tree01)
[2022.11.21-03.07.18:301][346]LogEditorViewport: Clicking on Actor (context menu): StaticMeshActor (SM_Plains_Tree01)
[2022.11.21-03.07.19:439][413]LogEditorViewport: Clicking on Actor (context menu): BP_Sky_Sphere_C (Sky Sphere2)
[2022.11.21-03.07.21:005][504]LogEditorViewport: Clicking on Actor (LMB): BP_Sky_Sphere_C (Sky Sphere2)
[2022.11.21-03.07.25:065][747]LogEditorViewport: Clicking on Actor (LMB): StaticMeshActor (SM_Plains_Tree_Branch02)
[2022.11.21-03.07.29:409][  6]Cmd: DELETE
[2022.11.21-03.07.29:409][  6]Cmd: ACTOR DELETE
[2022.11.21-03.07.29:410][  6]LogEditorActor: Deleted Actor: StaticMeshActor
[2022.11.21-03.07.29:421][  6]LogEditorActor: Deleted 1 Actors (0.012 secs)
[2022.11.21-03.07.32:997][221]LogActorFactory: Actor Factory created SM_Plains_Tree_Branch02
[2022.11.21-03.07.33:382][244]LogActorFactory: Actor Factory created SM_Plains_Tree_Branch02
[2022.11.21-03.07.51:275][316]Cmd: DELETE
[2022.11.21-03.07.51:275][316]Cmd: ACTOR DELETE
[2022.11.21-03.07.51:276][316]LogEditorActor: Deleted Actor: StaticMeshActor
[2022.11.21-03.07.51:288][316]LogEditorActor: Deleted 1 Actors (0.013 secs)
[2022.11.21-03.08.29:008][579]LogActorFactory: Actor Factory created SM_Plains_Tree01
[2022.11.21-03.08.29:525][610]LogActorFactory: Actor Factory created SM_Plains_Tree01
[2022.11.21-03.09.02:054][560]LogEditorViewport: Clicking on Actor (LMB): BP_Sky_Sphere_C (Sky Sphere2)
[2022.11.21-03.09.07:378][878]LogEditorViewport: Clicking on Actor (LMB): StaticMeshActor (SM_Plains_Tree2)
[2022.11.21-03.09.33:705][452]LogEditorViewport: Clicking on Actor (LMB): BP_Sky_Sphere_C (Sky Sphere2)
[2022.11.21-03.09.44:583][103]LogEditorViewport: Clicking on Actor (LMB): StaticMeshActor (SM_Plains_Tree2)
[2022.11.21-03.09.53:731][650]LogEditorViewport: Clicking on Actor (LMB): BP_Sky_Sphere_C (Sky Sphere2)
[2022.11.21-03.10.00:719][ 67]Cmd: OBJ SAVEPACKAGE PACKAGE="/Game/Maps/NewMap" FILE="C:/Users/kbc12006034/Documents/Team_Unreal/MyProject2/Content/Maps/NewMap.umap" SILENT=true AUTOSAVING=false KEEPDIRTY=false
[2022.11.21-03.10.00:871][ 67]LogSavePackage: Save=134.33ms
[2022.11.21-03.10.00:871][ 67]LogSavePackage: Moving 'C:/Users/kbc12006034/Documents/Team_Unreal/MyProject2/Saved/NewMapFBD1325E4D758D8830FE5BA86E93F69D.tmp' to 'C:/Users/kbc12006034/Documents/Team_Unreal/MyProject2/Content/Maps/NewMap.umap'
[2022.11.21-03.10.00:874][ 67]LogSavePackage: Display: Finished SavePackage C:/Users/kbc12006034/Documents/Team_Unreal/MyProject2/Content/Maps/NewMap.umap
[2022.11.21-03.10.00:888][ 67]Cmd: OBJ SAVEPACKAGE PACKAGE="/Game/Maps/NewMap_BuiltData" FILE="C:/Users/kbc12006034/Documents/Team_Unreal/MyProject2/Content/Maps/NewMap_BuiltData.uasset" SILENT=true
[2022.11.21-03.10.00:909][ 67]LogSavePackage: Save=9.02ms
[2022.11.21-03.10.00:909][ 67]LogSavePackage: Moving 'C:/Users/kbc12006034/Documents/Team_Unreal/MyProject2/Saved/NewMap_BuiltData396B84AD4B913F7DEEF62EBE6028BFBE.tmp' to 'C:/Users/kbc12006034/Documents/Team_Unreal/MyProject2/Content/Maps/NewMap_BuiltData.uasset'
[2022.11.21-03.10.00:910][ 67]LogSavePackage: Display: Finished SavePackage C:/Users/kbc12006034/Documents/Team_Unreal/MyProject2/Content/Maps/NewMap_BuiltData.uasset
[2022.11.21-03.10.05:272][328]Cmd: OBJ SAVEPACKAGE PACKAGE="/Game/Maps/NewMap" FILE="C:/Users/kbc12006034/Documents/Team_Unreal/MyProject2/Content/Maps/NewMap.umap" SILENT=true AUTOSAVING=false KEEPDIRTY=false
[2022.11.21-03.10.05:422][328]LogSavePackage: Save=134.60ms
[2022.11.21-03.10.05:422][328]LogSavePackage: Moving 'C:/Users/kbc12006034/Documents/Team_Unreal/MyProject2/Saved/NewMap769F66EE45C52266B7F16A8227505BC6.tmp' to 'C:/Users/kbc12006034/Documents/Team_Unreal/MyProject2/Content/Maps/NewMap.umap'
[2022.11.21-03.10.05:423][328]LogSavePackage: Display: Finished SavePackage C:/Users/kbc12006034/Documents/Team_Unreal/MyProject2/Content/Maps/NewMap.umap
[2022.11.21-03.10.05:438][328]Cmd: OBJ SAVEPACKAGE PACKAGE="/Game/Maps/NewMap_BuiltData" FILE="C:/Users/kbc12006034/Documents/Team_Unreal/MyProject2/Content/Maps/NewMap_BuiltData.uasset" SILENT=true
[2022.11.21-03.10.05:447][328]LogSavePackage: Save=6.07ms
[2022.11.21-03.10.05:447][328]LogSavePackage: Moving 'C:/Users/kbc12006034/Documents/Team_Unreal/MyProject2/Saved/NewMap_BuiltData61990F8E44AC5147DB52D59DB6145F0C.tmp' to 'C:/Users/kbc12006034/Documents/Team_Unreal/MyProject2/Content/Maps/NewMap_BuiltData.uasset'
[2022.11.21-03.10.05:448][328]LogSavePackage: Display: Finished SavePackage C:/Users/kbc12006034/Documents/Team_Unreal/MyProject2/Content/Maps/NewMap_BuiltData.uasset
[2022.11.21-03.10.16:545][993]Cmd: OBJ SAVEPACKAGE PACKAGE="/Game/Maps/NewMap" FILE="C:/Users/kbc12006034/Documents/Team_Unreal/MyProject2/Content/Maps/NewMap.umap" SILENT=true AUTOSAVING=false KEEPDIRTY=false
[2022.11.21-03.10.16:693][993]LogSavePackage: Save=132.79ms
[2022.11.21-03.10.16:693][993]LogSavePackage: Moving 'C:/Users/kbc12006034/Documents/Team_Unreal/MyProject2/Saved/NewMapCC90578947D494AD7444EBABEA79C544.tmp' to 'C:/Users/kbc12006034/Documents/Team_Unreal/MyProject2/Content/Maps/NewMap.umap'
[2022.11.21-03.10.16:695][993]LogSavePackage: Display: Finished SavePackage C:/Users/kbc12006034/Documents/Team_Unreal/MyProject2/Content/Maps/NewMap.umap
[2022.11.21-03.10.16:707][993]Cmd: OBJ SAVEPACKAGE PACKAGE="/Game/Maps/NewMap_BuiltData" FILE="C:/Users/kbc12006034/Documents/Team_Unreal/MyProject2/Content/Maps/NewMap_BuiltData.uasset" SILENT=true
[2022.11.21-03.10.16:716][993]LogSavePackage: Save=6.29ms
[2022.11.21-03.10.16:716][993]LogSavePackage: Moving 'C:/Users/kbc12006034/Documents/Team_Unreal/MyProject2/Saved/NewMap_BuiltDataA8576E3140F87C74A49BC1923D2ADE7D.tmp' to 'C:/Users/kbc12006034/Documents/Team_Unreal/MyProject2/Content/Maps/NewMap_BuiltData.uasset'
[2022.11.21-03.10.16:717][993]LogSavePackage: Display: Finished SavePackage C:/Users/kbc12006034/Documents/Team_Unreal/MyProject2/Content/Maps/NewMap_BuiltData.uasset
[2022.11.21-03.10.18:210][ 71]Cmd: QUIT_EDITOR
[2022.11.21-03.10.18:266][ 71]LogWindowsTextInputMethodSystem: Display: IME system now activated using TSF (Microsoft IME).
[2022.11.21-03.10.18:276][ 71]LogExit: Preparing to exit.
[2022.11.21-03.10.19:511][ 71]LogExit: Editor shut down
[2022.11.21-03.10.19:525][ 71]LogExit: Transaction tracking system shut down
[2022.11.21-03.10.19:729][ 71]LogDirectoryWatcher: A directory notification for '../../../Engine/Content/' was aborted.
[2022.11.21-03.10.19:730][ 71]LogDirectoryWatcher: A directory notification for 'C:/Users/kbc12006034/Documents/Team_Unreal/MyProject2/Content/' was aborted.
[2022.11.21-03.10.19:730][ 71]LogDirectoryWatcher: A directory notification for '../../../Engine/Plugins/2D/Paper2D/Content/' was aborted.
[2022.11.21-03.10.19:730][ 71]LogDirectoryWatcher: A directory notification for '../../../Engine/Plugins/Runtime/Oculus/OculusVR/Content/' was aborted.
[2022.11.21-03.10.19:730][ 71]LogDirectoryWatcher: A directory notification for '../../../Engine/Plugins/Runtime/Steam/SteamVR/Content/' was aborted.
[2022.11.21-03.10.19:767][ 71]LogExit: Object subsystem successfully closed.
[2022.11.21-03.10.19:794][ 71]LogD3D11RHI: Shutdown
[2022.11.21-03.10.19:794][ 71]LogD3D11RHI: CleanupD3DDevice
[2022.11.21-03.10.19:929][ 71]LogD3D11RHI: ~FD3D11DynamicRHI
[2022.11.21-03.10.19:936][ 71]LogModuleManager: Shutting down and abandoning module HierarchicalLODOutliner (530)
[2022.11.21-03.10.19:936][ 71]LogModuleManager: Shutting down and abandoning module SceneOutliner (528)
[2022.11.21-03.10.19:936][ 71]LogModuleManager: Shutting down and abandoning module AddContentDialog (526)
[2022.11.21-03.10.19:936][ 71]LogDirectoryWatcher: A directory notification for 'D:/UE_4.17/FeaturePacks/' was aborted.
[2022.11.21-03.10.19:938][ 71]LogModuleManager: Shutting down and abandoning module WidgetCarousel (525)
[2022.11.21-03.10.19:938][ 71]LogModuleManager: Shutting down and abandoning module EditorWidgets (522)
[2022.11.21-03.10.19:938][ 71]LogModuleManager: Shutting down and abandoning module CollectionManager (520)
[2022.11.21-03.10.19:938][ 71]LogDirectoryWatcher: A directory notification for 'C:/Users/kbc12006034/Documents/Team_Unreal/MyProject2/Content/Collections/' was aborted.
[2022.11.21-03.10.19:938][ 71]LogDirectoryWatcher: A directory notification for 'C:/Users/kbc12006034/Documents/Team_Unreal/MyProject2/Content/Developers/kbc12006034/Collections/' was aborted.
[2022.11.21-03.10.19:938][ 71]LogDirectoryWatcher: A directory notification for 'C:/Users/kbc12006034/Documents/Team_Unreal/MyProject2/Saved/Collections/' was aborted.
[2022.11.21-03.10.19:938][ 71]LogModuleManager: Shutting down and abandoning module StatsViewer (518)
[2022.11.21-03.10.19:938][ 71]LogModuleManager: Shutting down and abandoning module FoliageEdit (516)
[2022.11.21-03.10.19:938][ 71]LogModuleManager: Shutting down and abandoning module LandscapeEditor (514)
[2022.11.21-03.10.19:939][ 71]LogModuleManager: Shutting down and abandoning module MeshPaintMode (512)
[2022.11.21-03.10.19:939][ 71]LogModuleManager: Shutting down and abandoning module SceneDepthPickerMode (510)
[2022.11.21-03.10.19:939][ 71]LogModuleManager: Shutting down and abandoning module ActorPickerMode (508)
[2022.11.21-03.10.19:939][ 71]LogModuleManager: Shutting down and abandoning module GeometryMode (506)
[2022.11.21-03.10.19:939][ 71]LogModuleManager: Shutting down and abandoning module TextureAlignMode (504)
[2022.11.21-03.10.19:939][ 71]LogModuleManager: Shutting down and abandoning module BspMode (502)
[2022.11.21-03.10.19:939][ 71]LogModuleManager: Shutting down and abandoning module PIEPreviewDeviceProfileSelector (500)
[2022.11.21-03.10.19:939][ 71]LogModuleManager: Shutting down and abandoning module HardwareSurvey (498)
[2022.11.21-03.10.19:939][ 71]LogModuleManager: Shutting down and abandoning module SequenceRecorderSections (496)
[2022.11.21-03.10.19:939][ 71]LogModuleManager: Shutting down and abandoning module AutomationWorker (494)
[2022.11.21-03.10.19:939][ 71]LogModuleManager: Shutting down and abandoning module MatineeToLevelSequence (492)
[2022.11.21-03.10.19:939][ 71]LogModuleManager: Shutting down and abandoning module LevelSequenceEditor (490)
[2022.11.21-03.10.19:939][ 71]LogModuleManager: Shutting down and abandoning module PlacementMode (489)
[2022.11.21-03.10.19:939][ 71]LogModuleManager: Shutting down and abandoning module WmfMediaFactory (486)
[2022.11.21-03.10.19:939][ 71]LogModuleManager: Shutting down and abandoning module WmfMediaEditor (484)
[2022.11.21-03.10.19:939][ 71]LogModuleManager: Shutting down and abandoning module AvfMediaFactory (482)
[2022.11.21-03.10.19:939][ 71]LogModuleManager: Shutting down and abandoning module AvfMediaEditor (480)
[2022.11.21-03.10.19:939][ 71]LogModuleManager: Shutting down and abandoning module AndroidMediaFactory (478)
[2022.11.21-03.10.19:939][ 71]LogModuleManager: Shutting down and abandoning module Media (477)
[2022.11.21-03.10.19:939][ 71]LogModuleManager: Shutting down and abandoning module AndroidMediaEditor (474)
[2022.11.21-03.10.19:939][ 71]LogModuleManager: Shutting down and abandoning module CharacterAI (472)
[2022.11.21-03.10.19:939][ 71]LogModuleManager: Shutting down and abandoning module AudioCapture (470)
[2022.11.21-03.10.19:939][ 71]LogModuleManager: Shutting down and abandoning module SequenceRecorder (469)
[2022.11.21-03.10.19:939][ 71]LogModuleManager: Shutting down and abandoning module SmartSnapping (466)
[2022.11.21-03.10.19:939][ 71]LogModuleManager: Shutting down and abandoning module SessionServices (464)
[2022.11.21-03.10.19:939][ 71]LogModuleManager: Shutting down and abandoning module ViewportSnapping (462)
[2022.11.21-03.10.19:939][ 71]LogModuleManager: Shutting down and abandoning module ViewportInteraction (460)
[2022.11.21-03.10.19:939][ 71]LogModuleManager: Shutting down and abandoning module ClothPainter (458)
[2022.11.21-03.10.19:939][ 71]LogModuleManager: Shutting down and abandoning module LogVisualizer (456)
[2022.11.21-03.10.19:939][ 71]LogModuleManager: Shutting down and abandoning module IntroTutorials (454)
[2022.11.21-03.10.19:939][ 71]LogModuleManager: Shutting down and abandoning module GameProjectGeneration (453)
[2022.11.21-03.10.19:939][ 71]LogModuleManager: Shutting down and abandoning module IOSPlatformEditor (450)
[2022.11.21-03.10.19:939][ 71]LogModuleManager: Shutting down and abandoning module HTML5PlatformEditor (448)
[2022.11.21-03.10.19:939][ 71]LogModuleManager: Shutting down and abandoning module AndroidPlatformEditor (446)
[2022.11.21-03.10.19:939][ 71]LogModuleManager: Shutting down and abandoning module AndroidDeviceDetection (445)
[2022.11.21-03.10.20:227][ 71]LogModuleManager: Shutting down and abandoning module WindowsPlatformEditor (442)
[2022.11.21-03.10.20:227][ 71]LogModuleManager: Shutting down and abandoning module IOSRuntimeSettings (440)
[2022.11.21-03.10.20:227][ 71]LogModuleManager: Shutting down and abandoning module AndroidRuntimeSettings (438)
[2022.11.21-03.10.20:227][ 71]LogModuleManager: Shutting down and abandoning module InputBindingEditor (436)
[2022.11.21-03.10.20:227][ 71]LogModuleManager: Shutting down and abandoning module MergeActors (434)
[2022.11.21-03.10.20:227][ 71]LogModuleManager: Shutting down and abandoning module SizeMap (432)
[2022.11.21-03.10.20:227][ 71]LogModuleManager: Shutting down and abandoning module TreeMap (430)
[2022.11.21-03.10.20:227][ 71]LogModuleManager: Shutting down and abandoning module ReferenceViewer (428)
[2022.11.21-03.10.20:227][ 71]LogModuleManager: Shutting down and abandoning module LocalizationDashboard (426)
[2022.11.21-03.10.20:227][ 71]LogModuleManager: Shutting down and abandoning module LocalizationService (425)
[2022.11.21-03.10.20:227][ 71]LogModuleManager: Shutting down and abandoning module HardwareTargeting (422)
[2022.11.21-03.10.20:227][ 71]LogModuleManager: Shutting down and abandoning module DeviceProfileEditor (420)
[2022.11.21-03.10.20:227][ 71]LogModuleManager: Shutting down and abandoning module UndoHistory (418)
[2022.11.21-03.10.20:227][ 71]LogModuleManager: Shutting down and abandoning module XmlParser (416)
[2022.11.21-03.10.20:227][ 71]LogModuleManager: Shutting down and abandoning module Blutility (414)
[2022.11.21-03.10.20:227][ 71]LogModuleManager: Shutting down and abandoning module ProjectSettingsViewer (412)
[2022.11.21-03.10.20:227][ 71]LogModuleManager: Shutting down and abandoning module ProjectTargetPlatformEditor (411)
[2022.11.21-03.10.20:228][ 71]LogModuleManager: Shutting down and abandoning module EditorSettingsViewer (408)
[2022.11.21-03.10.20:228][ 71]LogModuleManager: Shutting down and abandoning module SettingsEditor (406)
[2022.11.21-03.10.20:228][ 71]LogModuleManager: Shutting down and abandoning module ProjectLauncher (404)
[2022.11.21-03.10.20:228][ 71]LogModuleManager: Shutting down and abandoning module SessionFrontend (402)
[2022.11.21-03.10.20:228][ 71]LogModuleManager: Shutting down and abandoning module ProfilerClient (400)
[2022.11.21-03.10.20:228][ 71]LogModuleManager: Shutting down and abandoning module DeviceManager (398)
[2022.11.21-03.10.20:228][ 71]LogModuleManager: Shutting down and abandoning module TargetDeviceServices (397)
[2022.11.21-03.10.20:272][ 71]LogModuleManager: Shutting down and abandoning module AutomationController (394)
[2022.11.21-03.10.20:272][ 71]LogModuleManager: Shutting down and abandoning module AutomationWindow (392)
[2022.11.21-03.10.20:272][ 71]LogModuleManager: Shutting down and abandoning module Layers (390)
[2022.11.21-03.10.20:272][ 71]LogModuleManager: Shutting down and abandoning module ComponentVisualizers (388)
[2022.11.21-03.10.20:272][ 71]LogModuleManager: Shutting down and abandoning module DetailCustomizations (386)
[2022.11.21-03.10.20:272][ 71]LogModuleManager: Shutting down and abandoning module PackagesDialog (384)
[2022.11.21-03.10.20:272][ 71]LogModuleManager: Shutting down and abandoning module Persona (382)
[2022.11.21-03.10.20:272][ 71]LogModuleManager: Shutting down and abandoning module AdvancedPreviewScene (381)
[2022.11.21-03.10.20:272][ 71]LogModuleManager: Shutting down and abandoning module AnimGraph (379)
[2022.11.21-03.10.20:273][ 71]LogModuleManager: Shutting down and abandoning module Kismet (376)
[2022.11.21-03.10.20:273][ 71]LogModuleManager: Shutting down and abandoning module ClassViewer (374)
[2022.11.21-03.10.20:273][ 71]LogModuleManager: Shutting down and abandoning module Toolbox (372)
[2022.11.21-03.10.20:273][ 71]LogModuleManager: Shutting down and abandoning module ModuleUI (370)
[2022.11.21-03.10.20:273][ 71]LogModuleManager: Shutting down and abandoning module MovieSceneTools (368)
[2022.11.21-03.10.20:273][ 71]LogModuleManager: Shutting down and abandoning module OutputLog (366)
[2022.11.21-03.10.20:273][ 71]LogModuleManager: Shutting down and abandoning module GammaUI (364)
[2022.11.21-03.10.20:273][ 71]LogModuleManager: Shutting down and abandoning module Documentation (362)
[2022.11.21-03.10.20:273][ 71]LogModuleManager: Shutting down and abandoning module MovieSceneTracks (360)
[2022.11.21-03.10.20:273][ 71]LogModuleManager: Shutting down and abandoning module MovieScene (358)
[2022.11.21-03.10.20:273][ 71]LogModuleManager: Shutting down and abandoning module Niagara (356)
[2022.11.21-03.10.20:273][ 71]LogModuleManager: Shutting down and abandoning module NiagaraEditor (355)
[2022.11.21-03.10.20:274][ 71]LogModuleManager: Shutting down and abandoning module StreamingPauseRendering (352)
[2022.11.21-03.10.20:274][ 71]LogModuleManager: Shutting down and abandoning module LauncherPlatform (350)
[2022.11.21-03.10.20:274][ 71]LogModuleManager: Shutting down and abandoning module AnalyticsET (348)
[2022.11.21-03.10.20:274][ 71]LogModuleManager: Shutting down and abandoning module PortalServices (346)
[2022.11.21-03.10.20:274][ 71]LogModuleManager: Shutting down and abandoning module PortalRpc (344)
[2022.11.21-03.10.20:274][ 71]LogModuleManager: Shutting down and abandoning module MessagingRpc (342)
[2022.11.21-03.10.20:274][ 71]LogModuleManager: Shutting down and abandoning module AIModule (340)
[2022.11.21-03.10.20:274][ 71]LogModuleManager: Shutting down and abandoning module GameplayDebugger (339)
[2022.11.21-03.10.20:274][ 71]LogModuleManager: Shutting down and abandoning module AITestSuite (337)
[2022.11.21-03.10.20:274][ 71]LogModuleManager: Shutting down and abandoning module ProfilerService (334)
[2022.11.21-03.10.20:387][ 71]LogModuleManager: Shutting down and abandoning module TaskGraph (332)
[2022.11.21-03.10.20:387][ 71]LogModuleManager: Shutting down and abandoning module SteamVRController (330)
[2022.11.21-03.10.20:387][ 71]LogModuleManager: Shutting down and abandoning module ProceduralMeshComponentEditor (328)
[2022.11.21-03.10.20:387][ 71]LogModuleManager: Shutting down and abandoning module ProceduralMeshComponent (326)
[2022.11.21-03.10.20:387][ 71]LogModuleManager: Shutting down and abandoning module OculusInput (324)
[2022.11.21-03.10.20:387][ 71]LogModuleManager: Shutting down and abandoning module MobilePatchingUtils (322)
[2022.11.21-03.10.20:387][ 71]LogModuleManager: Shutting down and abandoning module CustomMeshComponent (320)
[2022.11.21-03.10.20:387][ 71]LogModuleManager: Shutting down and abandoning module CableComponent (318)
[2022.11.21-03.10.20:387][ 71]LogModuleManager: Shutting down and abandoning module ArchVisCharacter (316)
[2022.11.21-03.10.20:387][ 71]LogModuleManager: Shutting down and abandoning module AndroidPermission (314)
[2022.11.21-03.10.20:387][ 71]LogModuleManager: Shutting down and abandoning module MediaPlayerEditor (310)
[2022.11.21-03.10.20:387][ 71]LogModuleManager: Shutting down and abandoning module HTML5Networking (308)
[2022.11.21-03.10.20:387][ 71]LogModuleManager: Shutting down and abandoning module AlembicImporter (306)
[2022.11.21-03.10.20:387][ 71]LogModuleManager: Shutting down and abandoning module AlembicLibrary (305)
[2022.11.21-03.10.20:387][ 71]LogModuleManager: Shutting down and abandoning module GeometryCache (304)
[2022.11.21-03.10.20:387][ 71]LogModuleManager: Shutting down and abandoning module GeometryCacheEd (303)
[2022.11.21-03.10.20:387][ 71]LogModuleManager: Shutting down and abandoning module SpeedTreeImporter (298)
[2022.11.21-03.10.20:387][ 71]LogModuleManager: Shutting down and abandoning module PluginBrowser (296)
[2022.11.21-03.10.20:387][ 71]LogModuleManager: Shutting down and abandoning module MobileLauncherProfileWizard (294)
[2022.11.21-03.10.20:388][ 71]LogModuleManager: Shutting down and abandoning module VisualStudioSourceCodeAccess (292)
[2022.11.21-03.10.20:388][ 71]LogModuleManager: Shutting down and abandoning module DesktopPlatform (291)
[2022.11.21-03.10.20:388][ 71]LogModuleManager: Shutting down and abandoning module UObjectPlugin (288)
[2022.11.21-03.10.20:388][ 71]LogModuleManager: Shutting down and abandoning module SubversionSourceControl (286)
[2022.11.21-03.10.20:388][ 71]LogModuleManager: Shutting down and abandoning module PerforceSourceControl (284)
[2022.11.21-03.10.20:388][ 71]LogModuleManager: Shutting down and abandoning module GitSourceControl (282)
[2022.11.21-03.10.20:388][ 71]LogModuleManager: Shutting down and abandoning module SourceControl (281)
[2022.11.21-03.10.20:388][ 71]LogModuleManager: Shutting down and abandoning module LightPropagationVolumeEditor (278)
[2022.11.21-03.10.20:388][ 71]LogModuleManager: Shutting down and abandoning module PaperTiledImporter (276)
[2022.11.21-03.10.20:388][ 71]LogModuleManager: Shutting down and abandoning module PaperSpriteSheetImporter (274)
[2022.11.21-03.10.20:388][ 71]LogModuleManager: Shutting down and abandoning module Paper2DEditor (272)
[2022.11.21-03.10.20:388][ 71]LogModuleManager: Shutting down and abandoning module MeshPaint (271)
[2022.11.21-03.10.20:388][ 71]LogModuleManager: Shutting down and abandoning module LevelEditor (269)
[2022.11.21-03.10.20:390][ 71]LogModuleManager: Shutting down and abandoning module PixelInspectorModule (268)
[2022.11.21-03.10.20:390][ 71]LogModuleManager: Shutting down and abandoning module MainFrame (266)
[2022.11.21-03.10.20:390][ 71]LogModuleManager: Shutting down and abandoning module HotReload (265)
[2022.11.21-03.10.20:390][ 71]LogModuleManager: Shutting down and abandoning module RuntimePhysXCooking (260)
[2022.11.21-03.10.20:390][ 71]LogModuleManager: Shutting down and abandoning module PhysXVehiclesEditor (258)
[2022.11.21-03.10.20:390][ 71]LogModuleManager: Shutting down and abandoning module PhysXVehicles (256)
[2022.11.21-03.10.20:390][ 71]LogModuleManager: Shutting down and abandoning module OculusEditor (254)
[2022.11.21-03.10.20:390][ 71]LogModuleManager: Shutting down and abandoning module LocationServicesBPLibrary (252)
[2022.11.21-03.10.20:390][ 71]LogModuleManager: Shutting down and abandoning module ImmediatePhysicsEditor (250)
[2022.11.21-03.10.20:390][ 71]LogModuleManager: Shutting down and abandoning module ImmediatePhysics (248)
[2022.11.21-03.10.20:390][ 71]LogModuleManager: Shutting down and abandoning module UdpMessaging (246)
[2022.11.21-03.10.20:491][ 71]LogModuleManager: Shutting down and abandoning module TcpMessaging (244)
[2022.11.21-03.10.20:591][ 71]LogModuleManager: Shutting down and abandoning module GameplayTagsEditor (242)
[2022.11.21-03.10.20:591][ 71]LogModuleManager: Shutting down and abandoning module FacialAnimationEditor (240)
[2022.11.21-03.10.20:591][ 71]LogModuleManager: Shutting down and abandoning module FacialAnimation (238)
[2022.11.21-03.10.20:591][ 71]LogModuleManager: Shutting down and abandoning module AssetManagerEditor (236)
[2022.11.21-03.10.20:591][ 71]LogModuleManager: Shutting down and abandoning module GraphEditor (235)
[2022.11.21-03.10.20:591][ 71]LogModuleManager: Shutting down and abandoning module ContentBrowser (233)
[2022.11.21-03.10.20:593][ 71]LogModuleManager: Shutting down and abandoning module LightPropagationVolumeRuntime (230)
[2022.11.21-03.10.20:593][ 71]LogModuleManager: Shutting down and abandoning module Paper2D (228)
[2022.11.21-03.10.20:593][ 71]LogModuleManager: Shutting down and abandoning module WindowsMoviePlayer (226)
[2022.11.21-03.10.20:594][ 71]LogModuleManager: Shutting down and abandoning module WmfMedia (224)
[2022.11.21-03.10.20:596][ 71]LogModuleManager: Shutting down and abandoning module PacketHandler (222)
[2022.11.21-03.10.20:596][ 71]LogModuleManager: Shutting down and abandoning module ClothingSystemEditor (220)
[2022.11.21-03.10.20:596][ 71]LogModuleManager: Shutting down and abandoning module ClothingSystemRuntime (218)
[2022.11.21-03.10.20:596][ 71]LogModuleManager: Shutting down and abandoning module Overlay (216)
[2022.11.21-03.10.20:596][ 71]LogModuleManager: Shutting down and abandoning module OverlayEditor (215)
[2022.11.21-03.10.20:596][ 71]LogModuleManager: Shutting down and abandoning module MediaAssets (212)
[2022.11.21-03.10.20:596][ 71]LogModuleManager: Shutting down and abandoning module VREditor (210)
[2022.11.21-03.10.20:596][ 71]LogModuleManager: Shutting down and abandoning module StringTableEditor (208)
[2022.11.21-03.10.20:596][ 71]LogModuleManager: Shutting down and abandoning module GameplayTasksEditor (206)
[2022.11.21-03.10.20:596][ 71]LogModuleManager: Shutting down and abandoning module BehaviorTreeEditor (204)
[2022.11.21-03.10.20:596][ 71]LogModuleManager: Shutting down and abandoning module FunctionalTesting (202)
[2022.11.21-03.10.20:596][ 71]LogModuleManager: Shutting down and abandoning module CollisionAnalyzer (200)
[2022.11.21-03.10.20:596][ 71]LogModuleManager: Shutting down and abandoning module WorkspaceMenuStructure (199)
[2022.11.21-03.10.20:596][ 71]LogModuleManager: Shutting down and abandoning module UMG (196)
[2022.11.21-03.10.20:597][ 71]LogModuleManager: Shutting down and abandoning module UMGEditor (195)
[2022.11.21-03.10.20:597][ 71]LogModuleManager: Shutting down and abandoning module Sequencer (194)
[2022.11.21-03.10.20:597][ 71]LogModuleManager: Shutting down and abandoning module MessageLog (191)
[2022.11.21-03.10.20:597][ 71]LogModuleManager: Shutting down and abandoning module SlateReflector (186)
[2022.11.21-03.10.20:597][ 71]LogModuleManager: Shutting down and abandoning module Slate (184)
[2022.11.21-03.10.20:597][ 71]LogModuleManager: Shutting down and abandoning module EditorStyle (182)
[2022.11.21-03.10.20:601][ 71]LogModuleManager: Shutting down and abandoning module MRMesh (180)
[2022.11.21-03.10.20:601][ 71]LogModuleManager: Shutting down and abandoning module SourceCodeAccess (178)
[2022.11.21-03.10.20:601][ 71]LogModuleManager: Shutting down and abandoning module HeadMountedDisplay (176)
[2022.11.21-03.10.20:601][ 71]LogModuleManager: Shutting down and abandoning module XAudio2 (174)
[2022.11.21-03.10.20:601][ 71]LogModuleManager: Shutting down and abandoning module Networking (172)
[2022.11.21-03.10.20:601][ 71]LogModuleManager: Shutting down and abandoning module Core (168)
[2022.11.21-03.10.20:601][ 71]LogModuleManager: Shutting down and abandoning module KismetCompiler (164)
[2022.11.21-03.10.20:601][ 71]LogModuleManager: Shutting down and abandoning module LevelSequence (162)
[2022.11.21-03.10.20:601][ 71]LogModuleManager: Shutting down and abandoning module MeshUtilities (160)
[2022.11.21-03.10.20:601][ 71]LogModuleManager: Shutting down and abandoning module MeshMergeUtilities (159)
[2022.11.21-03.10.20:601][ 71]LogModuleManager: Shutting down and abandoning module MeshReductionInterface (158)
[2022.11.21-03.10.20:601][ 71]LogModuleManager: Shutting down and abandoning module SimplygonSwarm (157)
[2022.11.21-03.10.20:601][ 71]LogModuleManager: Shutting down and abandoning module SimplygonMeshReduction (155)
[2022.11.21-03.10.20:601][ 71]LogModuleManager: Shutting down and abandoning module QuadricMeshReduction (153)
[2022.11.21-03.10.20:601][ 71]LogModuleManager: Shutting down and abandoning module MaterialBaking (149)
[2022.11.21-03.10.20:601][ 71]LogModuleManager: Shutting down and abandoning module DirectoryWatcher (146)
[2022.11.21-03.10.20:605][ 71]LogModuleManager: Shutting down and abandoning module DerivedDataCache (144)
[2022.11.21-03.10.20:694][ 71]LogDerivedDataCache: Shutdown
[2022.11.21-03.10.20:694][ 71]LogModuleManager: Shutting down and abandoning module TargetPlatform (142)
[2022.11.21-03.10.20:694][ 71]LogModuleManager: Shutting down and abandoning module VulkanShaderFormat (141)
[2022.11.21-03.10.20:694][ 71]LogModuleManager: Shutting down and abandoning module ShaderFormatVectorVM (139)
[2022.11.21-03.10.20:694][ 71]LogModuleManager: Shutting down and abandoning module ShaderFormatOpenGL (137)
[2022.11.21-03.10.20:694][ 71]LogModuleManager: Shutting down and abandoning module ShaderFormatD3D (135)
[2022.11.21-03.10.20:694][ 71]LogModuleManager: Shutting down and abandoning module MetalShaderFormat (133)
[2022.11.21-03.10.20:694][ 71]LogModuleManager: Shutting down and abandoning module TextureFormatUncompressed (131)
[2022.11.21-03.10.20:694][ 71]LogModuleManager: Shutting down and abandoning module TextureFormatPVR (129)
[2022.11.21-03.10.20:694][ 71]LogModuleManager: Shutting down and abandoning module TextureFormatDXT (127)
[2022.11.21-03.10.20:694][ 71]LogModuleManager: Shutting down and abandoning module TextureFormatIntelISPCTexComp (125)
[2022.11.21-03.10.20:694][ 71]LogModuleManager: Shutting down and abandoning module TextureFormatASTC (123)
[2022.11.21-03.10.20:694][ 71]LogModuleManager: Shutting down and abandoning module ImageWrapper (122)
[2022.11.21-03.10.20:694][ 71]LogModuleManager: Shutting down and abandoning module TextureFormatAndroid (119)
[2022.11.21-03.10.20:694][ 71]LogModuleManager: Shutting down and abandoning module AudioFormatOpus (117)
[2022.11.21-03.10.20:694][ 71]LogModuleManager: Shutting down and abandoning module AudioFormatOgg (115)
[2022.11.21-03.10.20:694][ 71]LogModuleManager: Shutting down and abandoning module AudioFormatADPCM (113)
[2022.11.21-03.10.20:694][ 71]LogModuleManager: Shutting down and abandoning module LinuxTargetPlatform (111)
[2022.11.21-03.10.20:695][ 71]LogModuleManager: Shutting down and abandoning module LinuxServerTargetPlatform (109)
[2022.11.21-03.10.20:695][ 71]LogModuleManager: Shutting down and abandoning module LinuxNoEditorTargetPlatform (107)
[2022.11.21-03.10.20:695][ 71]LogModuleManager: Shutting down and abandoning module LinuxClientTargetPlatform (105)
[2022.11.21-03.10.20:695][ 71]LogModuleManager: Shutting down and abandoning module TVOSTargetPlatform (103)
[2022.11.21-03.10.20:695][ 71]LogModuleManager: Shutting down and abandoning module Messaging (101)
[2022.11.21-03.10.20:695][ 71]LogModuleManager: Shutting down and abandoning module IOSTargetPlatform (99)
[2022.11.21-03.10.20:695][ 71]LogModuleManager: Shutting down and abandoning module HTML5TargetPlatform (97)
[2022.11.21-03.10.20:695][ 71]LogModuleManager: Shutting down and abandoning module Android_PVRTCTargetPlatform (95)
[2022.11.21-03.10.20:695][ 71]LogModuleManager: Shutting down and abandoning module Android_MultiTargetPlatform (93)
[2022.11.21-03.10.20:695][ 71]LogModuleManager: Shutting down and abandoning module Android_ETC2TargetPlatform (91)
[2022.11.21-03.10.20:695][ 71]LogModuleManager: Shutting down and abandoning module Android_ETC1TargetPlatform (89)
[2022.11.21-03.10.20:695][ 71]LogModuleManager: Shutting down and abandoning module Android_DXTTargetPlatform (87)
[2022.11.21-03.10.20:695][ 71]LogModuleManager: Shutting down and abandoning module Android_ATCTargetPlatform (85)
[2022.11.21-03.10.20:695][ 71]LogModuleManager: Shutting down and abandoning module Android_ASTCTargetPlatform (83)
[2022.11.21-03.10.20:695][ 71]LogModuleManager: Shutting down and abandoning module AndroidTargetPlatform (81)
[2022.11.21-03.10.20:695][ 71]LogModuleManager: Shutting down and abandoning module WindowsTargetPlatform (79)
[2022.11.21-03.10.20:695][ 71]LogModuleManager: Shutting down and abandoning module WindowsServerTargetPlatform (77)
[2022.11.21-03.10.20:695][ 71]LogModuleManager: Shutting down and abandoning module WindowsNoEditorTargetPlatform (75)
[2022.11.21-03.10.20:695][ 71]LogModuleManager: Shutting down and abandoning module WindowsClientTargetPlatform (73)
[2022.11.21-03.10.20:695][ 71]LogModuleManager: Shutting down and abandoning module MacTargetPlatform (71)
[2022.11.21-03.10.20:695][ 71]LogModuleManager: Shutting down and abandoning module MacServerTargetPlatform (69)
[2022.11.21-03.10.20:695][ 71]LogModuleManager: Shutting down and abandoning module MacNoEditorTargetPlatform (67)
[2022.11.21-03.10.20:695][ 71]LogModuleManager: Shutting down and abandoning module MacClientTargetPlatform (65)
[2022.11.21-03.10.20:695][ 71]LogModuleManager: Shutting down and abandoning module AllDesktopTargetPlatform (63)
[2022.11.21-03.10.20:695][ 71]LogModuleManager: Shutting down and abandoning module InputCore (60)
[2022.11.21-03.10.20:695][ 71]LogModuleManager: Shutting down and abandoning module Settings (58)
[2022.11.21-03.10.20:696][ 71]LogModuleManager: Shutting down and abandoning module PhysXCooking (56)
[2022.11.21-03.10.20:696][ 71]LogModuleManager: Shutting down and abandoning module SteamVR (54)
[2022.11.21-03.10.20:696][ 71]LogModuleManager: Shutting down and abandoning module OculusHMD (52)
[2022.11.21-03.10.20:696][ 71]LogModuleManager: Shutting down and abandoning module ExampleDeviceProfileSelector (50)
[2022.11.21-03.10.20:696][ 71]LogModuleManager: Shutting down and abandoning module OnlineBlueprintSupport (48)
[2022.11.21-03.10.20:696][ 71]LogModuleManager: Shutting down and abandoning module OnlineSubsystem (44)
[2022.11.21-03.10.20:696][ 71]LogOnline: Display: Unloading online subsystem: NULL
[2022.11.21-03.10.20:696][ 71]LogModuleManager: Shutting down and abandoning module XMPP (43)
[2022.11.21-03.10.20:696][ 71]LogModuleManager: Shutting down and abandoning module HTTP (41)
[2022.11.21-03.10.20:696][ 71]LogHttp: Display: Http module shutting down, but needs to wait on 1 outstanding Http requests:
[2022.11.21-03.10.20:696][ 71]LogHttp: Display: 	verb=[POST] url=[https://datarouter.ol.epicgames.com/datarouter/api/v1/public/data?SessionID=%7B1A6924E7-4CA0-A6CF-F511-D7B2AE971305%7D&AppID=UEEditor.Rocket.Release&AppVersion=4.17.2-3658906%2B%2B%2BUE4%2BRelease-4.17&UserID=fa24a18a48a876eaf6b355955fc8aa67%7Ce8b3fdf15aca489e9e785367966abd62%7Cbf50e6b5-b8ad-4e2d-9277-7f0a6487721a&AppEnvironment=datacollector-binary&UploadType=eteventstream] status=Processing
[2022.11.21-03.10.20:728][ 71]LogModuleManager: Shutting down and abandoning module SSL (40)
[2022.11.21-03.10.20:730][ 71]LogModuleManager: Shutting down and abandoning module AnimationModifiers (36)
[2022.11.21-03.10.20:730][ 71]LogModuleManager: Shutting down and abandoning module PropertyEditor (35)
[2022.11.21-03.10.20:730][ 71]LogModuleManager: Shutting down and abandoning module AudioEditor (32)
[2022.11.21-03.10.20:730][ 71]LogModuleManager: Shutting down and abandoning module TextureCompressor (30)
[2022.11.21-03.10.20:730][ 71]LogModuleManager: Shutting down and abandoning module ShaderCore (28)
[2022.11.21-03.10.20:730][ 71]LogModuleManager: Shutting down and abandoning module Landscape (26)
[2022.11.21-03.10.20:731][ 71]LogModuleManager: Shutting down and abandoning module SlateRHIRenderer (24)
[2022.11.21-03.10.20:735][ 71]LogModuleManager: Shutting down and abandoning module OpenGLDrv (22)
[2022.11.21-03.10.20:736][ 71]LogModuleManager: Shutting down and abandoning module D3D11RHI (20)
[2022.11.21-03.10.20:736][ 71]LogModuleManager: Shutting down and abandoning module AnimGraphRuntime (18)
[2022.11.21-03.10.20:736][ 71]LogModuleManager: Shutting down and abandoning module Renderer (16)
[2022.11.21-03.10.20:736][ 71]LogModuleManager: Shutting down and abandoning module Engine (14)
[2022.11.21-03.10.20:736][ 71]LogModuleManager: Shutting down and abandoning module CoreUObject (12)
[2022.11.21-03.10.20:736][ 71]LogModuleManager: Shutting down and abandoning module NetworkFile (10)
[2022.11.21-03.10.20:736][ 71]LogModuleManager: Shutting down and abandoning module CookedIterativeFile (8)
[2022.11.21-03.10.20:736][ 71]LogModuleManager: Shutting down and abandoning module StreamingFile (6)
[2022.11.21-03.10.20:736][ 71]LogModuleManager: Shutting down and abandoning module SandboxFile (4)
[2022.11.21-03.10.20:736][ 71]LogModuleManager: Shutting down and abandoning module PakFile (2)
[2022.11.21-03.10.20:744][ 71]LogExit: Exiting.
[2022.11.21-03.10.20:759][ 71]Log file closed, 11/21/22 12:10:20
