Log file open, 11/14/22 15:04:58
LogWindows: Failed to load 'aqProf.dll' (GetLastError=126)
LogWindows: File 'aqProf.dll' does not exist
LogWindows: Failed to load 'VSPerf140.dll' (GetLastError=126)
LogWindows: File 'VSPerf140.dll' does not exist
LogWindows: Failed to load 'VtuneApi.dll' (GetLastError=126)
LogWindows: File 'VtuneApi.dll' does not exist
LogWindows: Failed to load 'VtuneApi32e.dll' (GetLastError=126)
LogWindows: File 'VtuneApi32e.dll' does not exist
LogInit: Display: Running engine for game: MyProject2
LogPlatformFile: Not using cached read wrapper
LogInit: Display: RandInit(-1862831901) SRandInit(-1862831901).
LogTaskGraph: Started task graph with 5 named threads and 20 total threads with 3 sets of task threads.
LogStats: Stats thread started at 0.361373
LogD3D11RHI: Aftermath initialized
LogPluginManager: Mounting plugin Paper2D
LogPluginManager: Mounting plugin LightPropagationVolume
LogPluginManager: Mounting plugin CodeLiteSourceCodeAccess
LogPluginManager: Mounting plugin GitSourceControl
LogPluginManager: Mounting plugin KDevelopSourceCodeAccess
LogPluginManager: Mounting plugin NullSourceCodeAccess
LogPluginManager: Mounting plugin PerforceSourceControl
LogPluginManager: Mounting plugin SubversionSourceControl
LogPluginManager: Mounting plugin UObjectPlugin
LogPluginManager: Mounting plugin VisualStudioSourceCodeAccess
LogPluginManager: Mounting plugin XCodeSourceCodeAccess
LogPluginManager: Mounting plugin AssetManagerEditor
LogPluginManager: Mounting plugin AudioCapture
LogPluginManager: Mounting plugin FacialAnimation
LogPluginManager: Mounting plugin GameplayTagsEditor
LogPluginManager: Mounting plugin MobileLauncherProfileWizard
LogPluginManager: Mounting plugin PluginBrowser
LogPluginManager: Mounting plugin SpeedTreeImporter
LogPluginManager: Mounting plugin AlembicImporter
LogPluginManager: Mounting plugin CharacterAI
LogPluginManager: Mounting plugin HTML5Networking
LogPluginManager: Mounting plugin AndroidMedia
LogPluginManager: Mounting plugin AvfMedia
LogPluginManager: Mounting plugin MediaPlayerEditor
LogPluginManager: Mounting plugin WmfMedia
LogPluginManager: Mounting plugin TcpMessaging
LogPluginManager: Mounting plugin UdpMessaging
LogPluginManager: Mounting plugin LevelSequenceEditor
LogPluginManager: Mounting plugin MatineeToLevelSequence
LogPluginManager: Mounting plugin OnlineSubsystemGooglePlay
LogPluginManager: Mounting plugin OnlineSubsystemIOS
LogPluginManager: Mounting plugin OnlineSubsystem
LogPluginManager: Mounting plugin OnlineSubsystemNull
LogPluginManager: Mounting plugin OnlineSubsystemUtils
LogPluginManager: Mounting plugin AndroidDeviceProfileSelector
LogPluginManager: Mounting plugin AndroidMoviePlayer
LogPluginManager: Mounting plugin AndroidPermission
LogPluginManager: Mounting plugin AppleMoviePlayer
LogPluginManager: Mounting plugin ArchVisCharacter
LogPluginManager: Mounting plugin CableComponent
LogPluginManager: Mounting plugin CustomMeshComponent
LogPluginManager: Mounting plugin ExampleDeviceProfileSelector
LogPluginManager: Mounting plugin GoogleCloudMessaging
LogPluginManager: Mounting plugin ImmediatePhysics
LogPluginManager: Mounting plugin IOSDeviceProfileSelector
LogPluginManager: Mounting plugin LinuxDeviceProfileSelector
LogPluginManager: Mounting plugin LocationServicesBPLibrary
LogPluginManager: Mounting plugin MobilePatchingUtils
LogPluginManager: Mounting plugin OculusVR
LogPluginManager: Mounting plugin PhysXVehicles
LogPluginManager: Mounting plugin ProceduralMeshComponent
LogPluginManager: Mounting plugin RuntimePhysXCooking
LogPluginManager: Mounting plugin SteamVR
LogPluginManager: Mounting plugin WindowsMoviePlayer
LogInit: Using libcurl 7.47.1
LogInit:  - built for x86_64-pc-win32
LogInit:  - supports SSL with OpenSSL/1.0.2g
LogInit:  - supports HTTP deflate (compression) using libz 1.2.8
LogInit:  - other features:
LogInit:      CURL_VERSION_SSL
LogInit:      CURL_VERSION_LIBZ
LogInit:      CURL_VERSION_IPV6
LogInit:      CURL_VERSION_ASYNCHDNS
LogInit:      CURL_VERSION_LARGEFILE
LogInit:      CURL_VERSION_IDN
LogInit:  CurlRequestOptions (configurable via config and command line):
LogInit:  - bVerifyPeer = false  - Libcurl will NOT verify peer certificate
LogInit:  - bUseHttpProxy = false  - Libcurl will NOT use HTTP proxy
LogInit:  - bDontReuseConnections = false  - Libcurl will reuse connections
LogInit:  - CertBundlePath = nullptr  - Libcurl will use whatever was configured at build time.
LogInit: Build: ++UE4+Release-4.17-CL-3658906
LogInit: Engine Version: 4.17.2-3658906+++UE4+Release-4.17
LogInit: Compatible Engine Version: 4.17.0-3573198+++UE4+Release-4.17
LogInit: Net CL: 3573198
LogDevObjectVersion: Number of dev versions registered: 16
LogDevObjectVersion:   Dev-Blueprints (B0D832E4-1F89-4F0D-ACCF-7EB736FD4AA2): 10
LogDevObjectVersion:   Dev-Build (E1C64328-A22C-4D53-A36C-8E866417BD8C): 0
LogDevObjectVersion:   Dev-Core (375EC13C-06E4-48FB-B500-84F0262A717E): 2
LogDevObjectVersion:   Dev-Editor (E4B068ED-F494-42E9-A231-DA0B2E46BB41): 20
LogDevObjectVersion:   Dev-Framework (CFFC743F-43B0-4480-9391-14DF171D2073): 28
LogDevObjectVersion:   Dev-Mobile (B02B49B5-BB20-44E9-A304-32B752E40360): 0
LogDevObjectVersion:   Dev-Networking (A4E4105C-59A1-49B5-A7C5-40C4547EDFEE): 0
LogDevObjectVersion:   Dev-Online (39C831C9-5AE6-47DC-9A44-9C173E1C8E7C): 0
LogDevObjectVersion:   Dev-Physics (78F01B33-EBEA-4F98-B9B4-84EACCB95AA2): 0
LogDevObjectVersion:   Dev-Platform (6631380F-2D4D-43E0-8009-CF276956A95A): 0
LogDevObjectVersion:   Dev-Rendering (12F88B9F-8875-4AFC-A67C-D90C383ABD29): 19
LogDevObjectVersion:   Dev-Sequencer (7B5AE74C-D270-4C10-A958-57980B212A5A): 4
LogDevObjectVersion:   Dev-VR (D7296918-1DD6-4BDD-9DE2-64A83CC13884): 0
LogDevObjectVersion:   Dev-LoadTimes (C2A15278-BFE7-4AFE-6C17-90FF531DF755): 1
LogDevObjectVersion:   Private-Geometry (6EACA3D4-40EC-4CC1-B786-8BED09428FC5): 1
LogDevObjectVersion:   Dev-AnimPhys (29E575DD-E0A3-4627-9D10-D276232CDCEA): 7
LogInit: Compiled (64-bit): Sep 22 2017 13:47:16
LogInit: Compiled with Visual C++: 19.00.24215.01
LogInit: Build Configuration: Development
LogInit: Branch Name: ++UE4+Release-4.17
LogInit: Command line:  
LogInit: Base directory: D:/新しいフォルダー/Epic Games/DirectXRedist/UE_4.17/Engine/Binaries/Win64/
LogInit: Installed Engine Build: 1
LogInit: Presizing for max 8388607 objects, including 0 objects not considered by GC, pre-allocating 0 bytes for permanent pool.
LogInit: Object subsystem initialized
[2022.11.14-06.04.58:883][  0]LogInit: Selected Device Profile: [Windows]
[2022.11.14-06.04.58:883][  0]LogInit: Applying CVar settings loaded from the selected device profile: [Windows]
[2022.11.14-06.04.58:907][  0]LogInit: Computer: KBC12006038
[2022.11.14-06.04.58:907][  0]LogInit: User: kbc12006038
[2022.11.14-06.04.58:907][  0]LogInit: CPU Page size=4096, Cores=6
[2022.11.14-06.04.58:907][  0]LogInit: High frequency timer resolution =10.000000 MHz
[2022.11.14-06.04.58:907][  0]LogMemory: Memory total: Physical=15.8GB (16GB approx)
[2022.11.14-06.04.58:907][  0]LogMemory: Platform Memory Stats for Windows
[2022.11.14-06.04.58:907][  0]LogMemory: Process Physical Memory: 281.24 MB used, 281.24 MB peak
[2022.11.14-06.04.58:907][  0]LogMemory: Process Virtual Memory: 281.00 MB used, 281.00 MB peak
[2022.11.14-06.04.58:907][  0]LogMemory: Physical Memory: 9034.03 MB used,  7195.89 MB free, 16229.92 MB total
[2022.11.14-06.04.58:907][  0]LogMemory: Virtual Memory: 4799.76 MB used,  7195.89 MB free, 134217728.00 MB total
[2022.11.14-06.04.59:559][  0]LogInit: Using OS detected language (ja-JP).
[2022.11.14-06.04.59:559][  0]LogInit: Using OS detected locale (ja-JP).
[2022.11.14-06.05.00:007][  0]LogTextLocalizationManager: No specific localization for 'ja-JP' exists, so the 'ja' localization will be used.
[2022.11.14-06.05.02:764][  0]LogD3D11RHI: D3D11 adapters:
[2022.11.14-06.05.03:323][  0]LogD3D11RHI:    0. 'NVIDIA GeForce GTX 1650 with Max-Q Design' (Feature Level 11_0)
[2022.11.14-06.05.03:323][  0]LogD3D11RHI:       3962/0/8114 MB DedicatedVideo/DedicatedSystem/SharedSystem, Outputs:1, VendorId:0x10de
[2022.11.14-06.05.03:401][  0]LogD3D11RHI:    1. 'Intel(R) UHD Graphics 630' (Feature Level 11_0)
[2022.11.14-06.05.03:401][  0]LogD3D11RHI:       128/0/8114 MB DedicatedVideo/DedicatedSystem/SharedSystem, Outputs:0, VendorId:0x8086
[2022.11.14-06.05.03:408][  0]LogD3D11RHI:    2. 'Microsoft Basic Render Driver' (Feature Level 11_0)
[2022.11.14-06.05.03:408][  0]LogD3D11RHI:       0/0/8114 MB DedicatedVideo/DedicatedSystem/SharedSystem, Outputs:0, VendorId:0x1414
[2022.11.14-06.05.03:408][  0]LogD3D11RHI: Chosen D3D11 Adapter: 0
[2022.11.14-06.05.03:513][  0]LogD3D11RHI: Creating new Direct3DDevice
[2022.11.14-06.05.03:513][  0]LogD3D11RHI:     GPU DeviceId: 0x1f91 (for the marketing name, search the web for "GPU Device Id")
[2022.11.14-06.05.03:513][  0]LogWindows: EnumDisplayDevices:
[2022.11.14-06.05.03:514][  0]LogWindows:    0. 'Intel(R) UHD Graphics 630' (P:1 D:1)
[2022.11.14-06.05.03:515][  0]LogWindows:    1. 'Intel(R) UHD Graphics 630' (P:0 D:0)
[2022.11.14-06.05.03:516][  0]LogWindows:    2. 'Intel(R) UHD Graphics 630' (P:0 D:0)
[2022.11.14-06.05.03:516][  0]LogWindows: DebugString: GetVideoDriverDetailsInvalid PrimaryIsNotTheChoosenAdapter GetVideoDriverDetailsInvalid PrimaryIsNotTheChoosenAdapter GetVideoDriverDetailsInvalid PrimaryIsNotTheChoosenAdapter FoundDriverCount:0 
[2022.11.14-06.05.03:516][  0]LogD3D11RHI:     Adapter Name: NVIDIA GeForce GTX 1650 with Max-Q Design
[2022.11.14-06.05.03:516][  0]LogD3D11RHI:   Driver Version: Unknown (internal:Unknown, unified:Unknown)
[2022.11.14-06.05.03:516][  0]LogD3D11RHI:      Driver Date: Unknown
[2022.11.14-06.05.03:516][  0]LogRHI: Texture pool is 1361 MB (70% of 1945 MB)
[2022.11.14-06.05.03:663][  0]LogD3D11RHI: Async texture creation enabled
[2022.11.14-06.05.03:682][  0]LogD3D11RHI: GPU Timing Frequency: 1000.000000 (Debug: 2 2)
[2022.11.14-06.05.03:683][  0]LogShaderCompilers: Guid format shader working directory is -2 characters bigger than the processId version (C:/Users/kbc12006038/Documents/Team_Unreal/MyProject2/Intermediate/Shaders/WorkingDirectory/23420/).
[2022.11.14-06.05.03:684][  0]LogShaderCompilers: Cleaned the shader compiler working directory 'C:/Users/kbc12006038/AppData/Local/Temp/UnrealShaderWorkingDir/0BA2D3B243BEE3CDA8133CAD74992484/'.
[2022.11.14-06.05.03:684][  0]LogShaderCompilers: Display: Using Local Shader Compiler.
[2022.11.14-06.05.05:548][  0]LogTemp: Display: Loaded TP AllDesktopTargetPlatform
[2022.11.14-06.05.05:678][  0]LogTemp: Display: Loaded TP MacClientTargetPlatform
[2022.11.14-06.05.05:854][  0]LogTemp: Display: Loaded TP MacNoEditorTargetPlatform
[2022.11.14-06.05.06:012][  0]LogTemp: Display: Loaded TP MacServerTargetPlatform
[2022.11.14-06.05.06:185][  0]LogTemp: Display: Loaded TP MacTargetPlatform
[2022.11.14-06.05.06:309][  0]LogTemp: Display: Loaded TP WindowsClientTargetPlatform
[2022.11.14-06.05.06:487][  0]LogTemp: Display: Loaded TP WindowsNoEditorTargetPlatform
[2022.11.14-06.05.06:598][  0]LogTemp: Display: Loaded TP WindowsServerTargetPlatform
[2022.11.14-06.05.06:746][  0]LogTemp: Display: Loaded TP WindowsTargetPlatform
[2022.11.14-06.05.06:968][  0]LogTemp: Display: Loaded TP AndroidTargetPlatform
[2022.11.14-06.05.07:186][  0]LogTemp: Display: Loaded TP Android_ASTCTargetPlatform
[2022.11.14-06.05.07:332][  0]LogTemp: Display: Loaded TP Android_ATCTargetPlatform
[2022.11.14-06.05.07:500][  0]LogTemp: Display: Loaded TP Android_DXTTargetPlatform
[2022.11.14-06.05.07:657][  0]LogTemp: Display: Loaded TP Android_ETC1TargetPlatform
[2022.11.14-06.05.07:800][  0]LogTemp: Display: Loaded TP Android_ETC2TargetPlatform
[2022.11.14-06.05.08:134][  0]LogTemp: Display: Loaded TP Android_MultiTargetPlatform
[2022.11.14-06.05.08:134][  0]LogTemp: Display: Loaded TP Android_PVRTCTargetPlatform
[2022.11.14-06.05.08:223][  0]LogTemp: Display: Loaded TP HTML5TargetPlatform
[2022.11.14-06.05.08:435][  0]LogTemp: Display: Loaded TP IOSTargetPlatform
[2022.11.14-06.05.08:520][  0]LogTemp: Display: Loaded TP TVOSTargetPlatform
[2022.11.14-06.05.08:697][  0]LogTemp: Display: Loaded TP LinuxClientTargetPlatform
[2022.11.14-06.05.08:844][  0]LogTemp: Display: Loaded TP LinuxNoEditorTargetPlatform
[2022.11.14-06.05.08:971][  0]LogTemp: Display: Loaded TP LinuxServerTargetPlatform
[2022.11.14-06.05.09:140][  0]LogTemp: Display: Loaded TP LinuxTargetPlatform
[2022.11.14-06.05.09:140][  0]LogTargetPlatformManager: Display: Building Assets For Windows
[2022.11.14-06.05.10:661][  0]LogDerivedDataCache: Display: Max Cache Size: 512 MB
[2022.11.14-06.05.10:879][  0]LogDerivedDataCache: Loaded boot cache 0.22s 93MB C:/Users/kbc12006038/AppData/Local/UnrealEngine/4.17/DerivedDataCache/Boot.ddc.
[2022.11.14-06.05.10:880][  0]LogDerivedDataCache: Display: Loaded Boot cache: C:/Users/kbc12006038/AppData/Local/UnrealEngine/4.17/DerivedDataCache/Boot.ddc
[2022.11.14-06.05.10:880][  0]LogDerivedDataCache: FDerivedDataBackendGraph:  Pak pak cache file C:/Users/kbc12006038/Documents/Team_Unreal/MyProject2/DerivedDataCache/DDC.ddp not found, will not use a pak cache.
[2022.11.14-06.05.10:880][  0]LogDerivedDataCache: Unable to find inner node Pak for hierarchical cache Hierarchy.
[2022.11.14-06.05.10:880][  0]LogDerivedDataCache: FDerivedDataBackendGraph:  CompressedPak pak cache file C:/Users/kbc12006038/Documents/Team_Unreal/MyProject2/DerivedDataCache/Compressed.ddp not found, will not use a pak cache.
[2022.11.14-06.05.10:880][  0]LogDerivedDataCache: Unable to find inner node CompressedPak for hierarchical cache Hierarchy.
[2022.11.14-06.05.10:929][  0]LogDerivedDataCache: Display: Pak cache opened for reading ../../../Engine/DerivedDataCache/Compressed.ddp.
[2022.11.14-06.05.10:944][  0]LogDerivedDataCache: Using Local data cache path C:/Users/kbc12006038/AppData/Local/UnrealEngine/Common/DerivedDataCache: Writable
[2022.11.14-06.05.10:965][  0]LogMaterial: Verifying Global Shaders for PCD3D_SM5
[2022.11.14-06.05.10:966][  0]LogSlate: Using Freetype 2.6.0
[2022.11.14-06.05.10:983][  0]LogSlate: SlateFontCache - WITH_FREETYPE: 1, WITH_HARFBUZZ: 1
[2022.11.14-06.05.10:983][  0]LogSlate: SlateFontCache - WITH_FREETYPE: 1, WITH_HARFBUZZ: 1
[2022.11.14-06.05.11:568][  0]LogAssetRegistry: FAssetRegistry took 0.0313 seconds to start up
[2022.11.14-06.05.11:908][  0]LogInit: Selected Device Profile: [Windows]
[2022.11.14-06.05.12:221][  0]LogContentStreaming: Texture pool size is 0.00 MB
[2022.11.14-06.05.12:963][  0]LogPackageName: Warning: String asset reference "S_ClothTarps_03.SM.Mesh.S_ClothTarps_03" is in short form, which is unsupported and -- even if valid -- resolving it will be really slow.
[2022.11.14-06.05.12:963][  0]LogPackageName: Warning: Please consider resaving package in order to speed-up loading.
[2022.11.14-06.05.12:964][  0]LogPackageName: SearchForPackageOnDisk took   0.116s, but failed to resolve S_ClothTarps_03.
[2022.11.14-06.05.12:964][  0]LogPackageName: Warning: String asset reference "S_ClothTarps_03.SM.Mesh.S_ClothTarps_03" could not be resolved.
[2022.11.14-06.05.12:964][  0]LogSimplygon: Simplygon DLL not present - disabling.
[2022.11.14-06.05.13:082][  0]LogMeshReduction: Using SimplygonSwarm for distributed automatic mesh merging
[2022.11.14-06.05.13:082][  0]LogMeshReduction: Using QuadricMeshReduction for automatic static mesh reduction
[2022.11.14-06.05.13:082][  0]LogMeshReduction: No automatic skeletal mesh reduction module available
[2022.11.14-06.05.13:082][  0]LogMeshReduction: No automatic mesh merging module available
[2022.11.14-06.05.13:082][  0]LogMeshMerging: No automatic mesh merging module available
[2022.11.14-06.05.13:921][  0]LogNetVersion: MyProject2 , NetCL: 3573198, EngineNetVer: 2, GameNetVer: 0 (Checksum: 237949846)
[2022.11.14-06.05.14:424][  0]LogPackageLocalizationCache: Processed 5 localized package path(s) for 2 prioritized culture(s) in 0.108830 seconds
[2022.11.14-06.05.14:441][  0]LogUObjectArray: 35825 objects as part of root set at end of initial load.
[2022.11.14-06.05.14:441][  0]LogUObjectAllocator: 7529104 out of 0 bytes used by permanent object pool.
[2022.11.14-06.05.14:441][  0]LogUObjectArray: CloseDisregardForGC: 0/0 objects in disregard for GC pool
[2022.11.14-06.05.14:637][  0]LogInit: WinSock: version 1.1 (2.2), MaxSocks=32767, MaxUdp=65467
[2022.11.14-06.05.21:479][  0]LogTcpMessaging: Initializing TcpMessaging bridge
[2022.11.14-06.05.21:545][  0]LogUdpMessaging: Initializing bridge on interface 0.0.0.0:0 to multicast group 230.0.0.1:6666.
[2022.11.14-06.05.22:964][  0]LogMaterial: Uniform references updated for custom material expression Custom.
[2022.11.14-06.05.24:306][  0]SourceControl: ソースコントロールは無効です
[2022.11.14-06.05.24:307][  0]SourceControl: ソースコントロールは無効です
[2022.11.14-06.05.24:435][  0]SourceControl: ソースコントロールは無効です
[2022.11.14-06.05.24:542][  0]SourceControl: ソースコントロールは無効です
[2022.11.14-06.05.26:041][  0]LogAndroidPermission: UAndroidPermissionCallbackProxy::GetInstance
[2022.11.14-06.05.26:676][  0]LogOcInput: OculusInput pre-init called
[2022.11.14-06.05.27:306][  0]LogEngine: Initializing Engine...
[2022.11.14-06.05.27:314][  0]LogHMD: Failed to initialize OpenVR with code 110
[2022.11.14-06.05.27:866][  0]LogStats: UGameplayTagsManager::ConstructGameplayTagTree: Construct from data asset -  0.000 s
[2022.11.14-06.05.27:867][  0]LogStats: UGameplayTagsManager::ConstructGameplayTagTree: GameplayTagTreeChangedEvent.Broadcast -  0.000 s
[2022.11.14-06.05.28:139][  0]LogAIModule: Creating AISystem for world Untitled
[2022.11.14-06.05.28:278][  0]LogInit: XAudio2 using 'スピーカー (Realtek(R) Audio)' : 2 channels at 48 kHz using 32 bits per sample (channel mask 0x3)
[2022.11.14-06.05.28:578][  0]LogInit: FAudioDevice initialized.
[2022.11.14-06.05.28:629][  0]LogDerivedDataCache: Saved boot cache 0.05s 93MB C:/Users/kbc12006038/AppData/Local/UnrealEngine/4.17/DerivedDataCache/Boot.ddc.
[2022.11.14-06.05.28:634][  0]LogInit: Texture streaming: Enabled
[2022.11.14-06.05.28:749][  0]LogEngineSessionManager: EngineSessionManager initialized
[2022.11.14-06.05.28:950][  0]LogInit: Transaction tracking system initialized
[2022.11.14-06.05.29:272][  0]BlueprintLog: New page: エディタの読み込み
[2022.11.14-06.05.30:159][  0]LocalizationService: ローカライズのサービスが無効になりました
[2022.11.14-06.05.30:976][  0]LogConsoleResponse: Display: 
[2022.11.14-06.05.31:135][  0]LogCook: Display: Max memory allowance for cook 16384mb min free memory 0mb
[2022.11.14-06.05.31:135][  0]LogCook: Display: Mobile HDR setting 1
[2022.11.14-06.05.31:135][  0]LogGameplayTags: Display: UGameplayTagsManager::DoneAddingNativeTags. DelegateIsBound: 0
[2022.11.14-06.05.31:519][  0]LogFileCache: Scanning file cache for directory 'C:/Users/kbc12006038/Documents/Team_Unreal/MyProject2/Content/' took 0.02s
[2022.11.14-06.05.32:169][  0]SourceControl: ソースコントロールは無効です
[2022.11.14-06.05.32:169][  0]Cmd: MAP LOAD FILE="../../../Engine/Content/Maps/Templates/Template_Default.umap" TEMPLATE=1 SHOWPROGRESS=1 FEATURELEVEL=3
[2022.11.14-06.05.32:172][  0]LightingResults: New page: ライティングのビルド
[2022.11.14-06.05.32:298][  0]MapCheck: New page: マップをチェック
[2022.11.14-06.05.32:298][  0]LightingResults: New page: <何も選択されていません>
[2022.11.14-06.05.32:585][  0]LogAIModule: Creating AISystem for world Untitled_1
[2022.11.14-06.05.32:591][  0]LogEditorServer: Finished looking for orphan Actors (0.000 secs)
[2022.11.14-06.05.32:605][  0]Cmd: MAP CHECKDEP NOCLEARLOG
[2022.11.14-06.05.32:647][  0]MapCheck: マップチェックが完了: 0 エラー、 0 警告、完了に 42.342ミリ秒かかりました。
[2022.11.14-06.05.32:647][  0]LogFileHelpers: Loading map 'Template_Default' took 0.477
[2022.11.14-06.05.32:752][  0]LogCollectionManager: Loaded 0 collections in 0.000777 seconds
[2022.11.14-06.05.32:841][  0]LogFileCache: Scanning file cache for directory 'C:/Users/kbc12006038/Documents/Team_Unreal/MyProject2/Saved/Collections/' took 0.01s
[2022.11.14-06.05.32:842][  0]LogFileCache: Scanning file cache for directory 'C:/Users/kbc12006038/Documents/Team_Unreal/MyProject2/Content/Developers/kbc12006038/Collections/' took 0.01s
[2022.11.14-06.05.32:842][  0]LogFileCache: Scanning file cache for directory 'C:/Users/kbc12006038/Documents/Team_Unreal/MyProject2/Content/Collections/' took 0.01s
[2022.11.14-06.05.32:842][  0]LogCollectionManager: Rebuilt the GUID cache for 0 collections in 0.000000 seconds
[2022.11.14-06.05.32:850][  0]LogContentBrowser: Native class hierarchy populated in 0.0080 seconds. Added 2386 classes and 500 folders.
[2022.11.14-06.05.32:913][  0]LogContentBrowser: Native class hierarchy updated for 'WidgetCarousel' in 0.0006 seconds. Added 0 classes and 0 folders.
[2022.11.14-06.05.32:950][  0]LogContentBrowser: Native class hierarchy updated for 'AddContentDialog' in 0.0006 seconds. Added 0 classes and 0 folders.
[2022.11.14-06.05.33:047][  0]LogContentBrowser: Native class hierarchy updated for 'SceneOutliner' in 0.0006 seconds. Added 1 classes and 2 folders.
[2022.11.14-06.05.33:069][  0]LogSlate: Took 0.000166 seconds to synchronously load lazily loaded font '../../../Engine/Content/Slate/Fonts/Roboto-Regular.ttf' (155K)
[2022.11.14-06.05.33:071][  0]LogSlate: Took 0.001939 seconds to synchronously load lazily loaded font '../../../Engine/Content/Slate/Fonts/DroidSansFallback.ttf' (3848K)
[2022.11.14-06.05.33:071][  0]LogSlate: Took 0.000156 seconds to synchronously load lazily loaded font '../../../Engine/Content/Slate/Fonts/Roboto-Bold.ttf' (160K)
[2022.11.14-06.05.33:075][  0]LogSlate: Took 0.000178 seconds to synchronously load lazily loaded font '../../../Engine/Content/Editor/Slate/Fonts/FontAwesome.ttf' (139K)
[2022.11.14-06.05.33:186][  0]LogRenderer: Reallocating scene render targets to support 772x380 Format 10 NumSamples 1 (Frame:1).
[2022.11.14-06.05.33:481][  0]LogContentBrowser: Native class hierarchy updated for 'HierarchicalLODOutliner' in 0.0008 seconds. Added 1 classes and 2 folders.
[2022.11.14-06.05.33:481][  0]LogLoad: (Engine Initialization) Total time: 37.11 seconds
[2022.11.14-06.05.33:481][  0]LogLoad: (Engine Initialization) Total Blueprint compile time: 0.00 seconds
[2022.11.14-06.05.33:481][  0]LogExternalProfiler: No external profilers were discovered.  External profiling features will not be available.
[2022.11.14-06.05.33:851][  0]LogContentStreaming: Texture pool size now 1000 MB
[2022.11.14-06.05.34:589][  3]LogSlate: Took 0.000684 seconds to synchronously load lazily loaded font '../../../Engine/Content/Slate/Fonts/Roboto-Light.ttf' (159K)
[2022.11.14-06.05.34:600][  4]LogWindowsTextInputMethodSystem: Display: IME system now activated using TSF (Microsoft IME).
[2022.11.14-06.05.34:609][  4]LogAssetRegistry: Asset discovery search completed in 23.0637 seconds
[2022.11.14-06.05.34:612][  4]LogCollectionManager: Rebuilt the object cache for 0 collections in 0.000001 seconds (found 0 objects)
[2022.11.14-06.05.34:612][  4]LogCollectionManager: Fixed up redirectors for 0 collections in 0.000076 seconds (updated 0 objects)
[2022.11.14-06.21.33:880][220]LogD3D11RHI: Timed out while waiting for GPU to catch up. (500 ms)
[2022.11.14-06.21.34:244][222]LogHttp: Warning: 000001935E2A4A00: request failed, libcurl error: 6 (Couldn't resolve host name)
[2022.11.14-06.21.34:244][222]LogHttp: Warning: 000001935E2A4A00: libcurl info message cache 0 (Could not resolve host: datarouter.ol.epicgames.com)
[2022.11.14-06.21.34:244][222]LogHttp: Warning: 000001935E2A4A00: libcurl info message cache 1 (Closing connection 0)
[2022.11.15-00.20.38:317][232]LogD3D11RHI: Timed out while waiting for GPU to catch up. (500 ms)
[2022.11.15-00.20.38:659][234]LogHttp: Warning: 000001935E2A5480: request failed, libcurl error: 6 (Couldn't resolve host name)
[2022.11.15-00.20.38:659][234]LogHttp: Warning: 000001935E2A5480: libcurl info message cache 0 (Could not resolve host: datarouter.ol.epicgames.com)
[2022.11.15-00.20.38:659][234]LogHttp: Warning: 000001935E2A5480: libcurl info message cache 1 (Closing connection 1)
[2022.11.15-03.26.19:098][954]LogD3D11RHI: Timed out while waiting for GPU to catch up. (500 ms)
[2022.11.15-03.26.21:439][962]LogHttp: Warning: 000001935E2A4700: request failed, libcurl error: 35 (SSL connect error)
[2022.11.15-03.26.21:439][962]LogHttp: Warning: 000001935E2A4700: libcurl info message cache 0 (Found bundle for host datarouter.ol.epicgames.com: 0x1934a24bfb8 [can pipeline])
[2022.11.15-03.26.21:439][962]LogHttp: Warning: 000001935E2A4700: libcurl info message cache 1 (Re-using existing connection! (#3) with host datarouter.ol.epicgames.com)
[2022.11.15-03.26.21:439][962]LogHttp: Warning: 000001935E2A4700: libcurl info message cache 2 (Connected to datarouter.ol.epicgames.com (44.210.174.247) port 443 (#3))
[2022.11.15-03.26.21:439][962]LogHttp: Warning: 000001935E2A4700: libcurl info message cache 3 (upload completely sent off: 3052 out of 3052 bytes)
[2022.11.15-03.26.21:439][962]LogHttp: Warning: 000001935E2A4700: libcurl info message cache 4 (SSL read: error:00000000:lib(0):func(0):reason(0), errno 10054)
[2022.11.15-03.26.21:439][962]LogHttp: Warning: 000001935E2A4700: libcurl info message cache 5 (Connection died, retrying a fresh connect)
[2022.11.15-03.26.21:439][962]LogHttp: Warning: 000001935E2A4700: libcurl info message cache 6 (Closing connection 3)
[2022.11.15-03.26.21:439][962]LogHttp: Warning: 000001935E2A4700: libcurl info message cache 7 (Issue another request to this URL: 'https://datarouter.ol.epicgames.com/datarouter/api/v1/public/data?SessionID=%7BF2F38A70-419D-358D-3441-9BB438FE0969%7D&AppID=UEEditor.Rocket.Release&AppVersion=4.17.2-3658906%2B%2B%2BUE4%2BRelease-4.17&UserID=be8597fa482c6af2dbb49ca0fd8078a0%7Ce398a5851cc049aea417db2de1dac9e4%7Cecaf4c60-73a7-48da-acc3-e504180407b1&AppEnvironment=datacollector-binary&UploadType=eteventstream')
[2022.11.15-03.26.21:440][962]LogHttp: Warning: 000001935E2A4700: libcurl info message cache 8 (  Trying 23.22.67.192...)
[2022.11.15-03.26.21:440][962]LogHttp: Warning: 000001935E2A4700: libcurl info message cache 9 (Connected to datarouter.ol.epicgames.com (23.22.67.192) port 443 (#4))
[2022.11.15-03.26.21:440][962]LogHttp: Warning: 000001935E2A4700: libcurl info message cache 10 (ALPN, offering http/1.1)
[2022.11.15-03.26.21:440][962]LogHttp: Warning: 000001935E2A4700: libcurl info message cache 11 (Cipher selection: ALL:!EXPORT:!EXPORT40:!EXPORT56:!aNULL:!LOW:!RC4:@STRENGTH)
[2022.11.15-03.26.21:440][962]LogHttp: Warning: 000001935E2A4700: libcurl info message cache 12 (SSL re-using session ID)
[2022.11.15-03.26.21:440][962]LogHttp: Warning: 000001935E2A4700: libcurl info message cache 13 (TLSv1.2 (OUT), TLS handshake, Client hello (1):)
[2022.11.15-03.26.21:440][962]LogHttp: Warning: 000001935E2A4700: libcurl info message cache 14 (Unknown SSL protocol error in connection to datarouter.ol.epicgames.com:443 )
[2022.11.15-03.26.21:440][962]LogHttp: Warning: 000001935E2A4700: libcurl info message cache 15 (Closing connection 4)
[2022.11.15-03.41.59:075][967]LogD3D11RHI: Timed out while waiting for GPU to catch up. (500 ms)
[2022.11.15-05.48.51:945][956]Cmd: QUIT_EDITOR
[2022.11.15-05.48.52:798][956]LogWindowsTextInputMethodSystem: Display: IME system now activated using TSF (Microsoft IME).
[2022.11.15-05.48.52:923][956]LogExit: Preparing to exit.
