Log file open, 02/07/23 10:29:08
LogWindows: Failed to load 'aqProf.dll' (GetLastError=126)
LogWindows: File 'aqProf.dll' does not exist
LogWindows: Failed to load 'VSPerf140.dll' (GetLastError=126)
LogWindows: File 'VSPerf140.dll' does not exist
LogWindows: Failed to load 'VtuneApi.dll' (GetLastError=126)
LogWindows: File 'VtuneApi.dll' does not exist
LogWindows: Failed to load 'VtuneApi32e.dll' (GetLastError=126)
LogWindows: File 'VtuneApi32e.dll' does not exist
LogInit: Display: Running engine for game: MyProject2
LogPlatformFile: Not using cached read wrapper
LogInit: Display: RandInit(-440146971) SRandInit(-440146971).
LogTaskGraph: Started task graph with 5 named threads and 20 total threads with 3 sets of task threads.
LogStats: Stats thread started at 0.299455
LogD3D11RHI: Aftermath initialized
LogPluginManager: Mounting plugin Paper2D
LogPluginManager: Mounting plugin LightPropagationVolume
LogPluginManager: Mounting plugin CodeLiteSourceCodeAccess
LogPluginManager: Mounting plugin GitSourceControl
LogPluginManager: Mounting plugin KDevelopSourceCodeAccess
LogPluginManager: Mounting plugin NullSourceCodeAccess
LogPluginManager: Mounting plugin PerforceSourceControl
LogPluginManager: Mounting plugin SubversionSourceControl
LogPluginManager: Mounting plugin UObjectPlugin
LogPluginManager: Mounting plugin VisualStudioSourceCodeAccess
LogPluginManager: Mounting plugin XCodeSourceCodeAccess
LogPluginManager: Mounting plugin AssetManagerEditor
LogPluginManager: Mounting plugin AudioCapture
LogPluginManager: Mounting plugin FacialAnimation
LogPluginManager: Mounting plugin GameplayTagsEditor
LogPluginManager: Mounting plugin MobileLauncherProfileWizard
LogPluginManager: Mounting plugin PluginBrowser
LogPluginManager: Mounting plugin SpeedTreeImporter
LogPluginManager: Mounting plugin AlembicImporter
LogPluginManager: Mounting plugin CharacterAI
LogPluginManager: Mounting plugin HTML5Networking
LogPluginManager: Mounting plugin AndroidMedia
LogPluginManager: Mounting plugin AvfMedia
LogPluginManager: Mounting plugin MediaPlayerEditor
LogPluginManager: Mounting plugin WmfMedia
LogPluginManager: Mounting plugin TcpMessaging
LogPluginManager: Mounting plugin UdpMessaging
LogPluginManager: Mounting plugin LevelSequenceEditor
LogPluginManager: Mounting plugin MatineeToLevelSequence
LogPluginManager: Mounting plugin OnlineSubsystemGooglePlay
LogPluginManager: Mounting plugin OnlineSubsystemIOS
LogPluginManager: Mounting plugin OnlineSubsystem
LogPluginManager: Mounting plugin OnlineSubsystemNull
LogPluginManager: Mounting plugin OnlineSubsystemUtils
LogPluginManager: Mounting plugin AndroidDeviceProfileSelector
LogPluginManager: Mounting plugin AndroidMoviePlayer
LogPluginManager: Mounting plugin AndroidPermission
LogPluginManager: Mounting plugin AppleMoviePlayer
LogPluginManager: Mounting plugin ArchVisCharacter
LogPluginManager: Mounting plugin CableComponent
LogPluginManager: Mounting plugin CustomMeshComponent
LogPluginManager: Mounting plugin ExampleDeviceProfileSelector
LogPluginManager: Mounting plugin GoogleCloudMessaging
LogPluginManager: Mounting plugin ImmediatePhysics
LogPluginManager: Mounting plugin IOSDeviceProfileSelector
LogPluginManager: Mounting plugin LinuxDeviceProfileSelector
LogPluginManager: Mounting plugin LocationServicesBPLibrary
LogPluginManager: Mounting plugin MobilePatchingUtils
LogPluginManager: Mounting plugin OculusVR
LogPluginManager: Mounting plugin PhysXVehicles
LogPluginManager: Mounting plugin ProceduralMeshComponent
LogPluginManager: Mounting plugin RuntimePhysXCooking
LogPluginManager: Mounting plugin SteamVR
LogPluginManager: Mounting plugin WindowsMoviePlayer
LogInit: Using libcurl 7.47.1
LogInit:  - built for x86_64-pc-win32
LogInit:  - supports SSL with OpenSSL/1.0.2g
LogInit:  - supports HTTP deflate (compression) using libz 1.2.8
LogInit:  - other features:
LogInit:      CURL_VERSION_SSL
LogInit:      CURL_VERSION_LIBZ
LogInit:      CURL_VERSION_IPV6
LogInit:      CURL_VERSION_ASYNCHDNS
LogInit:      CURL_VERSION_LARGEFILE
LogInit:      CURL_VERSION_IDN
LogInit:  CurlRequestOptions (configurable via config and command line):
LogInit:  - bVerifyPeer = false  - Libcurl will NOT verify peer certificate
LogInit:  - bUseHttpProxy = false  - Libcurl will NOT use HTTP proxy
LogInit:  - bDontReuseConnections = false  - Libcurl will reuse connections
LogInit:  - CertBundlePath = nullptr  - Libcurl will use whatever was configured at build time.
LogInit: Build: ++UE4+Release-4.17-CL-3658906
LogInit: Engine Version: 4.17.2-3658906+++UE4+Release-4.17
LogInit: Compatible Engine Version: 4.17.0-3573198+++UE4+Release-4.17
LogInit: Net CL: 3573198
LogDevObjectVersion: Number of dev versions registered: 16
LogDevObjectVersion:   Dev-Blueprints (B0D832E4-1F89-4F0D-ACCF-7EB736FD4AA2): 10
LogDevObjectVersion:   Dev-Build (E1C64328-A22C-4D53-A36C-8E866417BD8C): 0
LogDevObjectVersion:   Dev-Core (375EC13C-06E4-48FB-B500-84F0262A717E): 2
LogDevObjectVersion:   Dev-Editor (E4B068ED-F494-42E9-A231-DA0B2E46BB41): 20
LogDevObjectVersion:   Dev-Framework (CFFC743F-43B0-4480-9391-14DF171D2073): 28
LogDevObjectVersion:   Dev-Mobile (B02B49B5-BB20-44E9-A304-32B752E40360): 0
LogDevObjectVersion:   Dev-Networking (A4E4105C-59A1-49B5-A7C5-40C4547EDFEE): 0
LogDevObjectVersion:   Dev-Online (39C831C9-5AE6-47DC-9A44-9C173E1C8E7C): 0
LogDevObjectVersion:   Dev-Physics (78F01B33-EBEA-4F98-B9B4-84EACCB95AA2): 0
LogDevObjectVersion:   Dev-Platform (6631380F-2D4D-43E0-8009-CF276956A95A): 0
LogDevObjectVersion:   Dev-Rendering (12F88B9F-8875-4AFC-A67C-D90C383ABD29): 19
LogDevObjectVersion:   Dev-Sequencer (7B5AE74C-D270-4C10-A958-57980B212A5A): 4
LogDevObjectVersion:   Dev-VR (D7296918-1DD6-4BDD-9DE2-64A83CC13884): 0
LogDevObjectVersion:   Dev-LoadTimes (C2A15278-BFE7-4AFE-6C17-90FF531DF755): 1
LogDevObjectVersion:   Private-Geometry (6EACA3D4-40EC-4CC1-B786-8BED09428FC5): 1
LogDevObjectVersion:   Dev-AnimPhys (29E575DD-E0A3-4627-9D10-D276232CDCEA): 7
LogInit: Compiled (64-bit): Sep 22 2017 13:47:16
LogInit: Compiled with Visual C++: 19.00.24215.01
LogInit: Build Configuration: Development
LogInit: Branch Name: ++UE4+Release-4.17
LogInit: Command line:  
LogInit: Base directory: D:/新しいフォルダー/Epic Games/DirectXRedist/UE_4.17/Engine/Binaries/Win64/
LogInit: Installed Engine Build: 1
LogInit: Presizing for max 8388607 objects, including 0 objects not considered by GC, pre-allocating 0 bytes for permanent pool.
LogInit: Object subsystem initialized
[2023.02.07-01.29.09:193][  0]LogInit: Selected Device Profile: [Windows]
[2023.02.07-01.29.09:193][  0]LogInit: Applying CVar settings loaded from the selected device profile: [Windows]
[2023.02.07-01.29.09:204][  0]LogInit: Computer: KBC12006038
[2023.02.07-01.29.09:204][  0]LogInit: User: kbc12006038
[2023.02.07-01.29.09:204][  0]LogInit: CPU Page size=4096, Cores=6
[2023.02.07-01.29.09:204][  0]LogInit: High frequency timer resolution =10.000000 MHz
[2023.02.07-01.29.09:205][  0]LogMemory: Memory total: Physical=15.8GB (16GB approx)
[2023.02.07-01.29.09:205][  0]LogMemory: Platform Memory Stats for Windows
[2023.02.07-01.29.09:205][  0]LogMemory: Process Physical Memory: 281.29 MB used, 281.29 MB peak
[2023.02.07-01.29.09:205][  0]LogMemory: Process Virtual Memory: 280.93 MB used, 280.93 MB peak
[2023.02.07-01.29.09:205][  0]LogMemory: Physical Memory: 7190.32 MB used,  9039.60 MB free, 16229.92 MB total
[2023.02.07-01.29.09:205][  0]LogMemory: Virtual Memory: 4799.79 MB used,  9039.60 MB free, 134217728.00 MB total
[2023.02.07-01.29.09:384][  0]LogInit: Using OS detected language (ja-JP).
[2023.02.07-01.29.09:384][  0]LogInit: Using OS detected locale (ja-JP).
[2023.02.07-01.29.09:386][  0]LogTextLocalizationManager: No specific localization for 'ja-JP' exists, so the 'ja' localization will be used.
[2023.02.07-01.29.09:769][  0]LogD3D11RHI: D3D11 adapters:
[2023.02.07-01.29.09:848][  0]LogD3D11RHI:    0. 'NVIDIA GeForce GTX 1650 with Max-Q Design' (Feature Level 11_0)
[2023.02.07-01.29.09:848][  0]LogD3D11RHI:       3962/0/8114 MB DedicatedVideo/DedicatedSystem/SharedSystem, Outputs:1, VendorId:0x10de
[2023.02.07-01.29.09:875][  0]LogD3D11RHI:    1. 'Intel(R) UHD Graphics 630' (Feature Level 11_0)
[2023.02.07-01.29.09:875][  0]LogD3D11RHI:       128/0/8114 MB DedicatedVideo/DedicatedSystem/SharedSystem, Outputs:0, VendorId:0x8086
[2023.02.07-01.29.09:877][  0]LogD3D11RHI:    2. 'Microsoft Basic Render Driver' (Feature Level 11_0)
[2023.02.07-01.29.09:877][  0]LogD3D11RHI:       0/0/8114 MB DedicatedVideo/DedicatedSystem/SharedSystem, Outputs:0, VendorId:0x1414
[2023.02.07-01.29.09:877][  0]LogD3D11RHI: Chosen D3D11 Adapter: 0
[2023.02.07-01.29.09:905][  0]LogD3D11RHI: Creating new Direct3DDevice
[2023.02.07-01.29.09:905][  0]LogD3D11RHI:     GPU DeviceId: 0x1f91 (for the marketing name, search the web for "GPU Device Id")
[2023.02.07-01.29.09:905][  0]LogWindows: EnumDisplayDevices:
[2023.02.07-01.29.09:905][  0]LogWindows:    0. 'Intel(R) UHD Graphics 630' (P:1 D:1)
[2023.02.07-01.29.09:905][  0]LogWindows:    1. 'Intel(R) UHD Graphics 630' (P:0 D:0)
[2023.02.07-01.29.09:906][  0]LogWindows:    2. 'Intel(R) UHD Graphics 630' (P:0 D:0)
[2023.02.07-01.29.09:906][  0]LogWindows: DebugString: GetVideoDriverDetailsInvalid PrimaryIsNotTheChoosenAdapter GetVideoDriverDetailsInvalid PrimaryIsNotTheChoosenAdapter GetVideoDriverDetailsInvalid PrimaryIsNotTheChoosenAdapter FoundDriverCount:0 
[2023.02.07-01.29.09:906][  0]LogD3D11RHI:     Adapter Name: NVIDIA GeForce GTX 1650 with Max-Q Design
[2023.02.07-01.29.09:906][  0]LogD3D11RHI:   Driver Version: Unknown (internal:Unknown, unified:Unknown)
[2023.02.07-01.29.09:906][  0]LogD3D11RHI:      Driver Date: Unknown
[2023.02.07-01.29.09:906][  0]LogRHI: Texture pool is 1361 MB (70% of 1945 MB)
[2023.02.07-01.29.09:958][  0]LogD3D11RHI: Async texture creation enabled
[2023.02.07-01.29.09:973][  0]LogD3D11RHI: GPU Timing Frequency: 1000.000000 (Debug: 2 2)
[2023.02.07-01.29.09:973][  0]LogShaderCompilers: Guid format shader working directory is -2 characters bigger than the processId version (C:/Users/kbc12006038/Documents/Team_Unreal/MyProject2/Intermediate/Shaders/WorkingDirectory/22228/).
[2023.02.07-01.29.09:973][  0]LogShaderCompilers: Cleaned the shader compiler working directory 'C:/Users/kbc12006038/AppData/Local/Temp/UnrealShaderWorkingDir/DB5F7D68442954EA5CEA82BDF7DB83BD/'.
[2023.02.07-01.29.09:973][  0]LogShaderCompilers: Display: Using Local Shader Compiler.
[2023.02.07-01.29.10:723][  0]LogTemp: Display: Loaded TP AllDesktopTargetPlatform
[2023.02.07-01.29.10:765][  0]LogTemp: Display: Loaded TP MacClientTargetPlatform
[2023.02.07-01.29.10:808][  0]LogTemp: Display: Loaded TP MacNoEditorTargetPlatform
[2023.02.07-01.29.10:850][  0]LogTemp: Display: Loaded TP MacServerTargetPlatform
[2023.02.07-01.29.10:892][  0]LogTemp: Display: Loaded TP MacTargetPlatform
[2023.02.07-01.29.10:934][  0]LogTemp: Display: Loaded TP WindowsClientTargetPlatform
[2023.02.07-01.29.10:977][  0]LogTemp: Display: Loaded TP WindowsNoEditorTargetPlatform
[2023.02.07-01.29.11:019][  0]LogTemp: Display: Loaded TP WindowsServerTargetPlatform
[2023.02.07-01.29.11:057][  0]LogTemp: Display: Loaded TP WindowsTargetPlatform
[2023.02.07-01.29.11:099][  0]LogTemp: Display: Loaded TP AndroidTargetPlatform
[2023.02.07-01.29.11:141][  0]LogTemp: Display: Loaded TP Android_ASTCTargetPlatform
[2023.02.07-01.29.11:182][  0]LogTemp: Display: Loaded TP Android_ATCTargetPlatform
[2023.02.07-01.29.11:225][  0]LogTemp: Display: Loaded TP Android_DXTTargetPlatform
[2023.02.07-01.29.11:266][  0]LogTemp: Display: Loaded TP Android_ETC1TargetPlatform
[2023.02.07-01.29.11:311][  0]LogTemp: Display: Loaded TP Android_ETC2TargetPlatform
[2023.02.07-01.29.11:396][  0]LogTemp: Display: Loaded TP Android_MultiTargetPlatform
[2023.02.07-01.29.11:396][  0]LogTemp: Display: Loaded TP Android_PVRTCTargetPlatform
[2023.02.07-01.29.11:431][  0]LogTemp: Display: Loaded TP HTML5TargetPlatform
[2023.02.07-01.29.11:516][  0]LogTemp: Display: Loaded TP IOSTargetPlatform
[2023.02.07-01.29.11:543][  0]LogTemp: Display: Loaded TP TVOSTargetPlatform
[2023.02.07-01.29.11:586][  0]LogTemp: Display: Loaded TP LinuxClientTargetPlatform
[2023.02.07-01.29.11:628][  0]LogTemp: Display: Loaded TP LinuxNoEditorTargetPlatform
[2023.02.07-01.29.11:671][  0]LogTemp: Display: Loaded TP LinuxServerTargetPlatform
[2023.02.07-01.29.11:711][  0]LogTemp: Display: Loaded TP LinuxTargetPlatform
[2023.02.07-01.29.11:711][  0]LogTargetPlatformManager: Display: Building Assets For Windows
[2023.02.07-01.29.12:120][  0]LogDerivedDataCache: Display: Max Cache Size: 512 MB
[2023.02.07-01.29.12:183][  0]LogDerivedDataCache: Loaded boot cache 0.06s 93MB C:/Users/kbc12006038/AppData/Local/UnrealEngine/4.17/DerivedDataCache/Boot.ddc.
[2023.02.07-01.29.12:183][  0]LogDerivedDataCache: Display: Loaded Boot cache: C:/Users/kbc12006038/AppData/Local/UnrealEngine/4.17/DerivedDataCache/Boot.ddc
[2023.02.07-01.29.12:183][  0]LogDerivedDataCache: FDerivedDataBackendGraph:  Pak pak cache file C:/Users/kbc12006038/Documents/Team_Unreal/MyProject2/DerivedDataCache/DDC.ddp not found, will not use a pak cache.
[2023.02.07-01.29.12:183][  0]LogDerivedDataCache: Unable to find inner node Pak for hierarchical cache Hierarchy.
[2023.02.07-01.29.12:183][  0]LogDerivedDataCache: FDerivedDataBackendGraph:  CompressedPak pak cache file C:/Users/kbc12006038/Documents/Team_Unreal/MyProject2/DerivedDataCache/Compressed.ddp not found, will not use a pak cache.
[2023.02.07-01.29.12:183][  0]LogDerivedDataCache: Unable to find inner node CompressedPak for hierarchical cache Hierarchy.
[2023.02.07-01.29.12:195][  0]LogDerivedDataCache: Display: Pak cache opened for reading ../../../Engine/DerivedDataCache/Compressed.ddp.
[2023.02.07-01.29.12:208][  0]LogDerivedDataCache: Using Local data cache path C:/Users/kbc12006038/AppData/Local/UnrealEngine/Common/DerivedDataCache: Writable
[2023.02.07-01.29.12:215][  0]LogMaterial: Verifying Global Shaders for PCD3D_SM5
[2023.02.07-01.29.12:216][  0]LogSlate: Using Freetype 2.6.0
[2023.02.07-01.29.12:216][  0]LogSlate: SlateFontCache - WITH_FREETYPE: 1, WITH_HARFBUZZ: 1
[2023.02.07-01.29.12:216][  0]LogSlate: SlateFontCache - WITH_FREETYPE: 1, WITH_HARFBUZZ: 1
[2023.02.07-01.29.12:439][  0]LogAssetRegistry: FAssetRegistry took 0.0254 seconds to start up
[2023.02.07-01.29.12:537][  0]LogInit: Selected Device Profile: [Windows]
[2023.02.07-01.29.12:644][  0]LogContentStreaming: Texture pool size is 0.00 MB
[2023.02.07-01.29.12:894][  0]LogSimplygon: Simplygon DLL not present - disabling.
[2023.02.07-01.29.12:929][  0]LogMeshReduction: Using SimplygonSwarm for distributed automatic mesh merging
[2023.02.07-01.29.12:929][  0]LogMeshReduction: Using QuadricMeshReduction for automatic static mesh reduction
[2023.02.07-01.29.12:929][  0]LogMeshReduction: No automatic skeletal mesh reduction module available
[2023.02.07-01.29.12:929][  0]LogMeshReduction: No automatic mesh merging module available
[2023.02.07-01.29.12:929][  0]LogMeshMerging: No automatic mesh merging module available
[2023.02.07-01.29.13:239][  0]LogNetVersion: MyProject2 , NetCL: 3573198, EngineNetVer: 2, GameNetVer: 0 (Checksum: 237949846)
[2023.02.07-01.29.13:460][  0]LogPackageLocalizationCache: Processed 5 localized package path(s) for 2 prioritized culture(s) in 0.064992 seconds
[2023.02.07-01.29.13:469][  0]LogUObjectArray: 35825 objects as part of root set at end of initial load.
[2023.02.07-01.29.13:469][  0]LogUObjectAllocator: 7529112 out of 0 bytes used by permanent object pool.
[2023.02.07-01.29.13:469][  0]LogUObjectArray: CloseDisregardForGC: 0/0 objects in disregard for GC pool
[2023.02.07-01.29.13:526][  0]LogInit: WinSock: version 1.1 (2.2), MaxSocks=32767, MaxUdp=65467
[2023.02.07-01.29.15:677][  0]LogTcpMessaging: Initializing TcpMessaging bridge
[2023.02.07-01.29.15:711][  0]LogUdpMessaging: Initializing bridge on interface 0.0.0.0:0 to multicast group 230.0.0.1:6666.
[2023.02.07-01.29.16:287][  0]LogMaterial: Uniform references updated for custom material expression Custom.
[2023.02.07-01.29.16:643][  0]SourceControl: ソースコントロールは無効です
[2023.02.07-01.29.16:644][  0]SourceControl: ソースコントロールは無効です
[2023.02.07-01.29.16:684][  0]SourceControl: ソースコントロールは無効です
[2023.02.07-01.29.16:748][  0]SourceControl: ソースコントロールは無効です
[2023.02.07-01.29.17:286][  0]LogAndroidPermission: UAndroidPermissionCallbackProxy::GetInstance
[2023.02.07-01.29.17:490][  0]LogOcInput: OculusInput pre-init called
[2023.02.07-01.29.17:705][  0]LogEngine: Initializing Engine...
[2023.02.07-01.29.17:707][  0]LogHMD: Failed to initialize OpenVR with code 110
[2023.02.07-01.29.17:878][  0]LogStats: UGameplayTagsManager::ConstructGameplayTagTree: Construct from data asset -  0.000 s
[2023.02.07-01.29.17:878][  0]LogStats: UGameplayTagsManager::ConstructGameplayTagTree: GameplayTagTreeChangedEvent.Broadcast -  0.000 s
[2023.02.07-01.29.17:994][  0]LogAIModule: Creating AISystem for world Untitled
[2023.02.07-01.29.18:049][  0]LogInit: XAudio2 using 'スピーカー (Realtek(R) Audio)' : 2 channels at 48 kHz using 32 bits per sample (channel mask 0x3)
[2023.02.07-01.29.18:136][  0]LogInit: FAudioDevice initialized.
[2023.02.07-01.29.18:212][  0]LogDerivedDataCache: Saved boot cache 0.08s 93MB C:/Users/kbc12006038/AppData/Local/UnrealEngine/4.17/DerivedDataCache/Boot.ddc.
[2023.02.07-01.29.18:219][  0]LogInit: Texture streaming: Enabled
[2023.02.07-01.29.18:325][  0]LogEngineSessionManager: EngineSessionManager initialized
[2023.02.07-01.29.18:521][  0]LogInit: Transaction tracking system initialized
[2023.02.07-01.29.18:799][  0]BlueprintLog: New page: エディタの読み込み
[2023.02.07-01.29.19:609][  0]LocalizationService: ローカライズのサービスが無効になりました
[2023.02.07-01.29.20:219][  0]LogConsoleResponse: Display: 
[2023.02.07-01.29.20:358][  0]LogCook: Display: Max memory allowance for cook 16384mb min free memory 0mb
[2023.02.07-01.29.20:358][  0]LogCook: Display: Mobile HDR setting 1
[2023.02.07-01.29.20:358][  0]LogGameplayTags: Display: UGameplayTagsManager::DoneAddingNativeTags. DelegateIsBound: 0
[2023.02.07-01.29.20:684][  0]LogFileCache: Scanning file cache for directory 'C:/Users/kbc12006038/Documents/Team_Unreal/MyProject2/Content/' took 0.02s
[2023.02.07-01.29.21:227][  0]LogPackageName: Warning: String asset reference "S_ClothTarps_03.SM.Mesh.S_ClothTarps_03" is in short form, which is unsupported and -- even if valid -- resolving it will be really slow.
[2023.02.07-01.29.21:227][  0]LogPackageName: Warning: Please consider resaving package in order to speed-up loading.
[2023.02.07-01.29.21:227][  0]LogPackageName: SearchForPackageOnDisk took   0.060s, but failed to resolve S_ClothTarps_03.
[2023.02.07-01.29.21:228][  0]LogPackageName: Warning: String asset reference "S_ClothTarps_03.SM.Mesh.S_ClothTarps_03" could not be resolved.
[2023.02.07-01.29.21:228][  0]SourceControl: ソースコントロールは無効です
[2023.02.07-01.29.21:228][  0]Cmd: MAP LOAD FILE="../../../Engine/Content/Maps/Templates/Template_Default.umap" TEMPLATE=1 SHOWPROGRESS=1 FEATURELEVEL=3
[2023.02.07-01.29.21:228][  0]LightingResults: New page: ライティングのビルド
[2023.02.07-01.29.21:263][  0]MapCheck: New page: マップをチェック
[2023.02.07-01.29.21:263][  0]LightingResults: New page: <何も選択されていません>
[2023.02.07-01.29.21:411][  0]LogAIModule: Creating AISystem for world Untitled_1
[2023.02.07-01.29.21:416][  0]LogEditorServer: Finished looking for orphan Actors (0.000 secs)
[2023.02.07-01.29.21:431][  0]Cmd: MAP CHECKDEP NOCLEARLOG
[2023.02.07-01.29.21:467][  0]MapCheck: マップチェックが完了: 0 エラー、 0 警告、完了に 35.38ミリ秒かかりました。
[2023.02.07-01.29.21:467][  0]LogFileHelpers: Loading map 'Template_Default' took 0.238
[2023.02.07-01.29.21:527][  0]LogWindowsTextInputMethodSystem: Display: IME system now activated using TSF (Microsoft IME).
[2023.02.07-01.29.21:560][  0]LogCollectionManager: Loaded 0 collections in 0.001112 seconds
[2023.02.07-01.29.21:634][  0]LogFileCache: Scanning file cache for directory 'C:/Users/kbc12006038/Documents/Team_Unreal/MyProject2/Saved/Collections/' took 0.01s
[2023.02.07-01.29.21:634][  0]LogFileCache: Scanning file cache for directory 'C:/Users/kbc12006038/Documents/Team_Unreal/MyProject2/Content/Developers/kbc12006038/Collections/' took 0.01s
[2023.02.07-01.29.21:634][  0]LogFileCache: Scanning file cache for directory 'C:/Users/kbc12006038/Documents/Team_Unreal/MyProject2/Content/Collections/' took 0.01s
[2023.02.07-01.29.21:634][  0]LogCollectionManager: Rebuilt the GUID cache for 0 collections in 0.000001 seconds
[2023.02.07-01.29.21:641][  0]LogContentBrowser: Native class hierarchy populated in 0.0068 seconds. Added 2386 classes and 500 folders.
[2023.02.07-01.29.21:695][  0]LogContentBrowser: Native class hierarchy updated for 'WidgetCarousel' in 0.0005 seconds. Added 0 classes and 0 folders.
[2023.02.07-01.29.21:723][  0]LogContentBrowser: Native class hierarchy updated for 'AddContentDialog' in 0.0005 seconds. Added 0 classes and 0 folders.
[2023.02.07-01.29.21:810][  0]LogContentBrowser: Native class hierarchy updated for 'SceneOutliner' in 0.0005 seconds. Added 1 classes and 2 folders.
[2023.02.07-01.29.21:851][  0]LogSlate: Took 0.000248 seconds to synchronously load lazily loaded font '../../../Engine/Content/Slate/Fonts/Roboto-Regular.ttf' (155K)
[2023.02.07-01.29.21:855][  0]LogSlate: Took 0.001989 seconds to synchronously load lazily loaded font '../../../Engine/Content/Slate/Fonts/DroidSansFallback.ttf' (3848K)
[2023.02.07-01.29.21:855][  0]LogSlate: Took 0.000152 seconds to synchronously load lazily loaded font '../../../Engine/Content/Slate/Fonts/Roboto-Bold.ttf' (160K)
[2023.02.07-01.29.21:859][  0]LogSlate: Took 0.000191 seconds to synchronously load lazily loaded font '../../../Engine/Content/Editor/Slate/Fonts/FontAwesome.ttf' (139K)
[2023.02.07-01.29.21:939][  0]LogRenderer: Reallocating scene render targets to support 868x380 Format 10 NumSamples 1 (Frame:1).
[2023.02.07-01.29.22:091][  0]LogContentBrowser: Native class hierarchy updated for 'HierarchicalLODOutliner' in 0.0005 seconds. Added 1 classes and 2 folders.
[2023.02.07-01.29.22:091][  0]LogLoad: (Engine Initialization) Total time: 14.55 seconds
[2023.02.07-01.29.22:091][  0]LogLoad: (Engine Initialization) Total Blueprint compile time: 0.00 seconds
[2023.02.07-01.29.22:091][  0]LogExternalProfiler: No external profilers were discovered.  External profiling features will not be available.
[2023.02.07-01.29.22:146][  0]LogContentStreaming: Texture pool size now 1000 MB
[2023.02.07-01.29.22:194][  1]LogAssetRegistry: Asset discovery search completed in 9.7775 seconds
[2023.02.07-01.29.22:197][  1]LogCollectionManager: Rebuilt the object cache for 0 collections in 0.000000 seconds (found 0 objects)
[2023.02.07-01.29.22:197][  1]LogCollectionManager: Fixed up redirectors for 0 collections in 0.000046 seconds (updated 0 objects)
[2023.02.07-01.29.23:119][ 56]LogSlate: Took 0.000164 seconds to synchronously load lazily loaded font '../../../Engine/Content/Slate/Fonts/Roboto-Light.ttf' (159K)
[2023.02.07-01.29.27:200][301]LogFileCache: Retrieving MD5 hashes for directory 'C:/Users/kbc12006038/Documents/Team_Unreal/MyProject2/Content/' took 5.07s
[2023.02.07-01.29.30:874][517]LogSlate: Took 0.000200 seconds to synchronously load lazily loaded font '../../../Engine/Content/Slate/Fonts/Roboto-Light.ttf' (159K)
[2023.02.07-01.29.31:298][517]LogAIModule: Creating AISystem for world Title
[2023.02.07-01.29.31:344][517]Cmd: MAP LOAD FILE="C:/Users/kbc12006038/Documents/Team_Unreal/MyProject2/Content/Maps/Title.umap" TEMPLATE=0 SHOWPROGRESS=1 FEATURELEVEL=3
[2023.02.07-01.29.31:344][517]LightingResults: New page: ライティングのビルド
[2023.02.07-01.29.31:344][517]LoadErrors: New page: マップをロード中: Title.umap
[2023.02.07-01.29.31:345][517]MapCheck: New page: マップをチェック
[2023.02.07-01.29.31:345][517]LightingResults: New page: <何も選択されていません>
[2023.02.07-01.29.31:443][517]LogEditorServer: Finished looking for orphan Actors (0.000 secs)
[2023.02.07-01.29.31:473][517]Cmd: MAP CHECKDEP NOCLEARLOG
[2023.02.07-01.29.31:523][517]MapCheck: マップチェックが完了: 0 エラー、 0 警告、完了に 49.373ミリ秒かかりました。
[2023.02.07-01.29.31:523][517]LogFileHelpers: Loading map 'Title' took 0.180
[2023.02.07-01.29.34:724][708]LogTemp: Repeating last play command: 選択ビューポート
[2023.02.07-01.29.34:771][708]LogPackageName: Warning: String asset reference "S_ClothTarps_03.SM.Mesh.S_ClothTarps_03" is in short form, which is unsupported and -- even if valid -- resolving it will be really slow.
[2023.02.07-01.29.34:771][708]LogPackageName: Warning: Please consider resaving package in order to speed-up loading.
[2023.02.07-01.29.34:825][708]LogPackageName: SearchForPackageOnDisk took   0.055s, but failed to resolve S_ClothTarps_03.
[2023.02.07-01.29.34:825][708]LogPackageName: Warning: String asset reference "S_ClothTarps_03.SM.Mesh.S_ClothTarps_03" could not be resolved.
[2023.02.07-01.29.34:959][708]LogBlueprintUserMessages: Early PlayInEditor Detection: Level '/Game/Maps/Title.Title:PersistentLevel' has LevelScriptBlueprint '/Game/Maps/Title.Title:PersistentLevel.Title' with GeneratedClass '/Game/Maps/Title.Title_C' with ClassGeneratedBy '/Game/Maps/Title.Title:PersistentLevel.Title'
[2023.02.07-01.29.34:959][708]LogPlayLevel: PlayLevel: No blueprints needed recompiling
[2023.02.07-01.29.34:959][708]PIE: New page: PIEセッション: Title (2023/02/07 19:29:34)
[2023.02.07-01.29.34:959][708]LogPlayLevel: Creating play world package: /Game/Maps/UEDPIE_0_Title
[2023.02.07-01.29.34:971][708]LogPlayLevel: PIE: StaticDuplicateObject took: (0.011056s)
[2023.02.07-01.29.34:971][708]LogAIModule: Creating AISystem for world Title
[2023.02.07-01.29.34:971][708]LogPlayLevel: PIE: World Init took: (0.000484s)
[2023.02.07-01.29.34:971][708]LogPlayLevel: PIE: Created PIE world by copying editor world from /Game/Maps/Title.Title to /Game/Maps/UEDPIE_0_Title.Title (0.011961s)
[2023.02.07-01.29.34:988][708]LogInit: XAudio2 using 'スピーカー (Realtek(R) Audio)' : 2 channels at 48 kHz using 32 bits per sample (channel mask 0x3)
[2023.02.07-01.29.34:995][708]LogInit: FAudioDevice initialized.
[2023.02.07-01.29.35:046][708]LogLoad: Game class is 'MyGameMode_C'
[2023.02.07-01.29.35:058][708]LogWorld: Bringing World /Game/Maps/UEDPIE_0_Title.Title up for play (max tick rate 60) at 2023.02.07-10.29.35
[2023.02.07-01.29.35:061][708]LogWorld: Bringing up level for play took: 0.012419
[2023.02.07-01.29.35:095][708]LogContentBrowser: Native class hierarchy updated for 'MovieSceneCapture' in 0.0005 seconds. Added 11 classes and 0 folders.
[2023.02.07-01.29.35:098][708]PIE: /Game/Maps/UEDPIE_0_Title 0.852のプレイ イン エディタの開始時間
[2023.02.07-01.29.35:098][708]LogBlueprintUserMessages: Late PlayInEditor Detection: Level '/Game/Maps/Title.Title:PersistentLevel' has LevelScriptBlueprint '/Game/Maps/Title.Title:PersistentLevel.Title' with GeneratedClass '/Game/Maps/Title.Title_C' with ClassGeneratedBy '/Game/Maps/Title.Title:PersistentLevel.Title'
[2023.02.07-01.29.36:006][759]LogNet: Browse: /Game/Maps/NewMap
[2023.02.07-01.29.36:006][759]LogLoad: LoadMap: /Game/Maps/NewMap
[2023.02.07-01.29.36:023][759]Cmd: MEM
[2023.02.07-01.29.36:034][759]LogMemory: Platform Memory Stats for Windows
[2023.02.07-01.29.36:034][759]LogMemory: Process Physical Memory: 1180.66 MB used, 1212.14 MB peak
[2023.02.07-01.29.36:034][759]LogMemory: Process Virtual Memory: 1613.44 MB used, 1641.23 MB peak
[2023.02.07-01.29.36:034][759]LogMemory: Physical Memory: 8348.73 MB used,  7881.19 MB free, 16229.92 MB total
[2023.02.07-01.29.36:034][759]LogMemory: Virtual Memory: 6754.21 MB used,  7881.19 MB free, 134217728.00 MB total
[2023.02.07-01.29.36:034][759]LogMemory: 
[2023.02.07-01.29.36:034][759]Allocator Stats for TBB: (not implemented)
[2023.02.07-01.29.36:736][759]LogAIModule: Creating AISystem for world NewMap
[2023.02.07-01.29.36:737][759]LogLoad: Game class is 'MyGameMode_C'
[2023.02.07-01.29.36:843][759]LogWorld: Bringing World /Game/Maps/UEDPIE_0_NewMap.NewMap up for play (max tick rate 60) at 2023.02.07-10.29.36
[2023.02.07-01.29.36:849][759]LogWorld: Bringing up level for play took: 0.110443
[2023.02.07-01.29.36:850][759]LogLoad: Took 0.844090 seconds to LoadMap(/Game/Maps/NewMap)
[2023.02.07-01.29.46:762][339]Cmd: RestartLevel
[2023.02.07-01.29.46:799][340]LogNet: Browse: /Game/Maps/NewMap?restart
[2023.02.07-01.29.46:800][340]LogLoad: LoadMap: /Game/Maps/NewMap
[2023.02.07-01.29.46:823][340]Cmd: MEM
[2023.02.07-01.29.46:835][340]LogMemory: Platform Memory Stats for Windows
[2023.02.07-01.29.46:835][340]LogMemory: Process Physical Memory: 1488.30 MB used, 1612.74 MB peak
[2023.02.07-01.29.46:835][340]LogMemory: Process Virtual Memory: 1951.63 MB used, 2166.13 MB peak
[2023.02.07-01.29.46:835][340]LogMemory: Physical Memory: 8569.64 MB used,  7660.27 MB free, 16229.92 MB total
[2023.02.07-01.29.46:835][340]LogMemory: Virtual Memory: 7188.58 MB used,  7660.27 MB free, 134217728.00 MB total
[2023.02.07-01.29.46:835][340]LogMemory: 
[2023.02.07-01.29.46:835][340]Allocator Stats for TBB: (not implemented)
[2023.02.07-01.29.47:130][340]LogAIModule: Creating AISystem for world NewMap
[2023.02.07-01.29.47:131][340]LogLoad: Game class is 'MyGameMode_C'
[2023.02.07-01.29.47:231][340]LogWorld: Bringing World /Game/Maps/UEDPIE_0_NewMap.NewMap up for play (max tick rate 60) at 2023.02.07-10.29.47
[2023.02.07-01.29.47:236][340]LogWorld: Bringing up level for play took: 0.105502
[2023.02.07-01.29.47:238][340]LogLoad: Took 0.439030 seconds to LoadMap(/Game/Maps/NewMap)
[2023.02.07-01.29.56:369][887]Cmd: RestartLevel
[2023.02.07-01.29.56:386][888]LogNet: Browse: /Game/Maps/NewMap?restart
[2023.02.07-01.29.56:386][888]LogLoad: LoadMap: /Game/Maps/NewMap
[2023.02.07-01.29.56:409][888]Cmd: MEM
[2023.02.07-01.29.56:420][888]LogMemory: Platform Memory Stats for Windows
[2023.02.07-01.29.56:421][888]LogMemory: Process Physical Memory: 1519.04 MB used, 1612.74 MB peak
[2023.02.07-01.29.56:421][888]LogMemory: Process Virtual Memory: 1986.45 MB used, 2166.13 MB peak
[2023.02.07-01.29.56:421][888]LogMemory: Physical Memory: 8667.59 MB used,  7562.32 MB free, 16229.92 MB total
[2023.02.07-01.29.56:421][888]LogMemory: Virtual Memory: 7196.33 MB used,  7562.32 MB free, 134217728.00 MB total
[2023.02.07-01.29.56:421][888]LogMemory: 
[2023.02.07-01.29.56:421][888]Allocator Stats for TBB: (not implemented)
[2023.02.07-01.29.56:720][888]LogAIModule: Creating AISystem for world NewMap
[2023.02.07-01.29.56:721][888]LogLoad: Game class is 'MyGameMode_C'
[2023.02.07-01.29.56:822][888]LogWorld: Bringing World /Game/Maps/UEDPIE_0_NewMap.NewMap up for play (max tick rate 60) at 2023.02.07-10.29.56
[2023.02.07-01.29.56:827][888]LogWorld: Bringing up level for play took: 0.106275
[2023.02.07-01.29.56:829][888]LogLoad: Took 0.443707 seconds to LoadMap(/Game/Maps/NewMap)
[2023.02.07-01.30.17:253][112]LogBlueprintUserMessages: Early EndPlayMap Detection: Level '/Game/Maps/Title.Title:PersistentLevel' has LevelScriptBlueprint '/Game/Maps/Title.Title:PersistentLevel.Title' with GeneratedClass '/Game/Maps/Title.Title_C' with ClassGeneratedBy '/Game/Maps/Title.Title:PersistentLevel.Title'
[2023.02.07-01.30.17:288][112]LogBlueprintUserMessages: Late EndPlayMap Detection: Level '/Game/Maps/Title.Title:PersistentLevel' has LevelScriptBlueprint '/Game/Maps/Title.Title:PersistentLevel.Title' with GeneratedClass '/Game/Maps/Title.Title_C' with ClassGeneratedBy '/Game/Maps/Title.Title:PersistentLevel.Title'
