Log file open, 01/30/23 13:30:00
LogWindows: Failed to load 'aqProf.dll' (GetLastError=126)
LogWindows: File 'aqProf.dll' does not exist
LogWindows: Failed to load 'VSPerf140.dll' (GetLastError=126)
LogWindows: File 'VSPerf140.dll' does not exist
LogWindows: Failed to load 'VtuneApi.dll' (GetLastError=126)
LogWindows: File 'VtuneApi.dll' does not exist
LogWindows: Failed to load 'VtuneApi32e.dll' (GetLastError=126)
LogWindows: File 'VtuneApi32e.dll' does not exist
LogInit: Display: Running engine for game: MyProject2
LogPlatformFile: Not using cached read wrapper
LogInit: Display: RandInit(-1168970431) SRandInit(-1168970431).
LogTaskGraph: Started task graph with 5 named threads and 20 total threads with 3 sets of task threads.
LogStats: Stats thread started at 0.308840
LogD3D11RHI: Aftermath initialized
LogPluginManager: Mounting plugin Paper2D
LogPluginManager: Mounting plugin LightPropagationVolume
LogPluginManager: Mounting plugin CodeLiteSourceCodeAccess
LogPluginManager: Mounting plugin GitSourceControl
LogPluginManager: Mounting plugin KDevelopSourceCodeAccess
LogPluginManager: Mounting plugin NullSourceCodeAccess
LogPluginManager: Mounting plugin PerforceSourceControl
LogPluginManager: Mounting plugin SubversionSourceControl
LogPluginManager: Mounting plugin UObjectPlugin
LogPluginManager: Mounting plugin VisualStudioSourceCodeAccess
LogPluginManager: Mounting plugin XCodeSourceCodeAccess
LogPluginManager: Mounting plugin AssetManagerEditor
LogPluginManager: Mounting plugin AudioCapture
LogPluginManager: Mounting plugin FacialAnimation
LogPluginManager: Mounting plugin GameplayTagsEditor
LogPluginManager: Mounting plugin MobileLauncherProfileWizard
LogPluginManager: Mounting plugin PluginBrowser
LogPluginManager: Mounting plugin SpeedTreeImporter
LogPluginManager: Mounting plugin AlembicImporter
LogPluginManager: Mounting plugin CharacterAI
LogPluginManager: Mounting plugin HTML5Networking
LogPluginManager: Mounting plugin AndroidMedia
LogPluginManager: Mounting plugin AvfMedia
LogPluginManager: Mounting plugin MediaPlayerEditor
LogPluginManager: Mounting plugin WmfMedia
LogPluginManager: Mounting plugin TcpMessaging
LogPluginManager: Mounting plugin UdpMessaging
LogPluginManager: Mounting plugin LevelSequenceEditor
LogPluginManager: Mounting plugin MatineeToLevelSequence
LogPluginManager: Mounting plugin OnlineSubsystemGooglePlay
LogPluginManager: Mounting plugin OnlineSubsystemIOS
LogPluginManager: Mounting plugin OnlineSubsystem
LogPluginManager: Mounting plugin OnlineSubsystemNull
LogPluginManager: Mounting plugin OnlineSubsystemUtils
LogPluginManager: Mounting plugin AndroidDeviceProfileSelector
LogPluginManager: Mounting plugin AndroidMoviePlayer
LogPluginManager: Mounting plugin AndroidPermission
LogPluginManager: Mounting plugin AppleMoviePlayer
LogPluginManager: Mounting plugin ArchVisCharacter
LogPluginManager: Mounting plugin CableComponent
LogPluginManager: Mounting plugin CustomMeshComponent
LogPluginManager: Mounting plugin ExampleDeviceProfileSelector
LogPluginManager: Mounting plugin GoogleCloudMessaging
LogPluginManager: Mounting plugin ImmediatePhysics
LogPluginManager: Mounting plugin IOSDeviceProfileSelector
LogPluginManager: Mounting plugin LinuxDeviceProfileSelector
LogPluginManager: Mounting plugin LocationServicesBPLibrary
LogPluginManager: Mounting plugin MobilePatchingUtils
LogPluginManager: Mounting plugin OculusVR
LogPluginManager: Mounting plugin PhysXVehicles
LogPluginManager: Mounting plugin ProceduralMeshComponent
LogPluginManager: Mounting plugin RuntimePhysXCooking
LogPluginManager: Mounting plugin SteamVR
LogPluginManager: Mounting plugin WindowsMoviePlayer
LogInit: Using libcurl 7.47.1
LogInit:  - built for x86_64-pc-win32
LogInit:  - supports SSL with OpenSSL/1.0.2g
LogInit:  - supports HTTP deflate (compression) using libz 1.2.8
LogInit:  - other features:
LogInit:      CURL_VERSION_SSL
LogInit:      CURL_VERSION_LIBZ
LogInit:      CURL_VERSION_IPV6
LogInit:      CURL_VERSION_ASYNCHDNS
LogInit:      CURL_VERSION_LARGEFILE
LogInit:      CURL_VERSION_IDN
LogInit:  CurlRequestOptions (configurable via config and command line):
LogInit:  - bVerifyPeer = false  - Libcurl will NOT verify peer certificate
LogInit:  - bUseHttpProxy = false  - Libcurl will NOT use HTTP proxy
LogInit:  - bDontReuseConnections = false  - Libcurl will reuse connections
LogInit:  - CertBundlePath = nullptr  - Libcurl will use whatever was configured at build time.
LogInit: Build: ++UE4+Release-4.17-CL-3658906
LogInit: Engine Version: 4.17.2-3658906+++UE4+Release-4.17
LogInit: Compatible Engine Version: 4.17.0-3573198+++UE4+Release-4.17
LogInit: Net CL: 3573198
LogDevObjectVersion: Number of dev versions registered: 16
LogDevObjectVersion:   Dev-Blueprints (B0D832E4-1F89-4F0D-ACCF-7EB736FD4AA2): 10
LogDevObjectVersion:   Dev-Build (E1C64328-A22C-4D53-A36C-8E866417BD8C): 0
LogDevObjectVersion:   Dev-Core (375EC13C-06E4-48FB-B500-84F0262A717E): 2
LogDevObjectVersion:   Dev-Editor (E4B068ED-F494-42E9-A231-DA0B2E46BB41): 20
LogDevObjectVersion:   Dev-Framework (CFFC743F-43B0-4480-9391-14DF171D2073): 28
LogDevObjectVersion:   Dev-Mobile (B02B49B5-BB20-44E9-A304-32B752E40360): 0
LogDevObjectVersion:   Dev-Networking (A4E4105C-59A1-49B5-A7C5-40C4547EDFEE): 0
LogDevObjectVersion:   Dev-Online (39C831C9-5AE6-47DC-9A44-9C173E1C8E7C): 0
LogDevObjectVersion:   Dev-Physics (78F01B33-EBEA-4F98-B9B4-84EACCB95AA2): 0
LogDevObjectVersion:   Dev-Platform (6631380F-2D4D-43E0-8009-CF276956A95A): 0
LogDevObjectVersion:   Dev-Rendering (12F88B9F-8875-4AFC-A67C-D90C383ABD29): 19
LogDevObjectVersion:   Dev-Sequencer (7B5AE74C-D270-4C10-A958-57980B212A5A): 4
LogDevObjectVersion:   Dev-VR (D7296918-1DD6-4BDD-9DE2-64A83CC13884): 0
LogDevObjectVersion:   Dev-LoadTimes (C2A15278-BFE7-4AFE-6C17-90FF531DF755): 1
LogDevObjectVersion:   Private-Geometry (6EACA3D4-40EC-4CC1-B786-8BED09428FC5): 1
LogDevObjectVersion:   Dev-AnimPhys (29E575DD-E0A3-4627-9D10-D276232CDCEA): 7
LogInit: Compiled (64-bit): Sep 22 2017 13:47:16
LogInit: Compiled with Visual C++: 19.00.24215.01
LogInit: Build Configuration: Development
LogInit: Branch Name: ++UE4+Release-4.17
LogInit: Command line:  
LogInit: Base directory: D:/UE_4.17/Engine/Binaries/Win64/
LogInit: Installed Engine Build: 1
LogInit: Presizing for max 8388607 objects, including 0 objects not considered by GC, pre-allocating 0 bytes for permanent pool.
LogInit: Object subsystem initialized
[2023.01.30-04.30.00:843][  0]LogInit: Selected Device Profile: [Windows]
[2023.01.30-04.30.00:843][  0]LogInit: Applying CVar settings loaded from the selected device profile: [Windows]
[2023.01.30-04.30.00:850][  0]LogInit: Computer: KBC12006034
[2023.01.30-04.30.00:850][  0]LogInit: User: kbc12006034
[2023.01.30-04.30.00:850][  0]LogInit: CPU Page size=4096, Cores=6
[2023.01.30-04.30.00:850][  0]LogInit: High frequency timer resolution =10.000000 MHz
[2023.01.30-04.30.00:850][  0]LogMemory: Memory total: Physical=15.8GB (16GB approx)
[2023.01.30-04.30.00:850][  0]LogMemory: Platform Memory Stats for Windows
[2023.01.30-04.30.00:850][  0]LogMemory: Process Physical Memory: 280.95 MB used, 280.95 MB peak
[2023.01.30-04.30.00:850][  0]LogMemory: Process Virtual Memory: 280.80 MB used, 280.80 MB peak
[2023.01.30-04.30.00:850][  0]LogMemory: Physical Memory: 8775.55 MB used,  7454.37 MB free, 16229.92 MB total
[2023.01.30-04.30.00:850][  0]LogMemory: Virtual Memory: 4799.80 MB used,  7454.37 MB free, 134217728.00 MB total
[2023.01.30-04.30.01:058][  0]LogInit: Using OS detected language (ja-JP).
[2023.01.30-04.30.01:058][  0]LogInit: Using OS detected locale (ja-JP).
[2023.01.30-04.30.01:156][  0]LogTextLocalizationManager: No specific localization for 'ja-JP' exists, so the 'ja' localization will be used.
[2023.01.30-04.30.02:309][  0]LogD3D11RHI: D3D11 adapters:
[2023.01.30-04.30.02:442][  0]LogD3D11RHI:    0. 'NVIDIA GeForce GTX 1650 with Max-Q Design' (Feature Level 11_0)
[2023.01.30-04.30.02:442][  0]LogD3D11RHI:       3949/0/8114 MB DedicatedVideo/DedicatedSystem/SharedSystem, Outputs:1, VendorId:0x10de
[2023.01.30-04.30.03:106][  0]LogD3D11RHI:    1. 'Intel(R) UHD Graphics 630' (Feature Level 11_0)
[2023.01.30-04.30.03:106][  0]LogD3D11RHI:       128/0/8114 MB DedicatedVideo/DedicatedSystem/SharedSystem, Outputs:0, VendorId:0x8086
[2023.01.30-04.30.03:108][  0]LogD3D11RHI:    2. 'Microsoft Basic Render Driver' (Feature Level 11_0)
[2023.01.30-04.30.03:108][  0]LogD3D11RHI:       0/0/8114 MB DedicatedVideo/DedicatedSystem/SharedSystem, Outputs:0, VendorId:0x1414
[2023.01.30-04.30.03:108][  0]LogD3D11RHI: Chosen D3D11 Adapter: 0
[2023.01.30-04.30.03:114][  0]LogD3D11RHI: Creating new Direct3DDevice
[2023.01.30-04.30.03:114][  0]LogD3D11RHI:     GPU DeviceId: 0x1f91 (for the marketing name, search the web for "GPU Device Id")
[2023.01.30-04.30.03:114][  0]LogWindows: EnumDisplayDevices:
[2023.01.30-04.30.03:114][  0]LogWindows:    0. 'Intel(R) UHD Graphics 630' (P:1 D:1)
[2023.01.30-04.30.03:115][  0]LogWindows:    1. 'Intel(R) UHD Graphics 630' (P:0 D:0)
[2023.01.30-04.30.03:115][  0]LogWindows:    2. 'Intel(R) UHD Graphics 630' (P:0 D:0)
[2023.01.30-04.30.03:115][  0]LogWindows: DebugString: GetVideoDriverDetailsInvalid PrimaryIsNotTheChoosenAdapter GetVideoDriverDetailsInvalid PrimaryIsNotTheChoosenAdapter GetVideoDriverDetailsInvalid PrimaryIsNotTheChoosenAdapter FoundDriverCount:0 
[2023.01.30-04.30.03:115][  0]LogD3D11RHI:     Adapter Name: NVIDIA GeForce GTX 1650 with Max-Q Design
[2023.01.30-04.30.03:115][  0]LogD3D11RHI:   Driver Version: Unknown (internal:Unknown, unified:Unknown)
[2023.01.30-04.30.03:115][  0]LogD3D11RHI:      Driver Date: Unknown
[2023.01.30-04.30.03:115][  0]LogRHI: Texture pool is 1361 MB (70% of 1945 MB)
[2023.01.30-04.30.03:185][  0]LogD3D11RHI: Async texture creation enabled
[2023.01.30-04.30.03:201][  0]LogD3D11RHI: GPU Timing Frequency: 1000.000000 (Debug: 2 1)
[2023.01.30-04.30.03:202][  0]LogShaderCompilers: Guid format shader working directory is -2 characters bigger than the processId version (C:/Users/kbc12006034/Documents/Team_Unreal/MyProject2/Intermediate/Shaders/WorkingDirectory/18516/).
[2023.01.30-04.30.03:202][  0]LogShaderCompilers: Cleaned the shader compiler working directory 'C:/Users/kbc12006034/AppData/Local/Temp/UnrealShaderWorkingDir/40535F874DF734AACB9B38865EA30679/'.
[2023.01.30-04.30.03:202][  0]LogShaderCompilers: Display: Using Local Shader Compiler.
[2023.01.30-04.30.04:069][  0]LogTemp: Display: Loaded TP AllDesktopTargetPlatform
[2023.01.30-04.30.04:111][  0]LogTemp: Display: Loaded TP MacClientTargetPlatform
[2023.01.30-04.30.04:152][  0]LogTemp: Display: Loaded TP MacNoEditorTargetPlatform
[2023.01.30-04.30.04:195][  0]LogTemp: Display: Loaded TP MacServerTargetPlatform
[2023.01.30-04.30.04:241][  0]LogTemp: Display: Loaded TP MacTargetPlatform
[2023.01.30-04.30.04:283][  0]LogTemp: Display: Loaded TP WindowsClientTargetPlatform
[2023.01.30-04.30.04:324][  0]LogTemp: Display: Loaded TP WindowsNoEditorTargetPlatform
[2023.01.30-04.30.04:364][  0]LogTemp: Display: Loaded TP WindowsServerTargetPlatform
[2023.01.30-04.30.04:400][  0]LogTemp: Display: Loaded TP WindowsTargetPlatform
[2023.01.30-04.30.04:444][  0]LogTemp: Display: Loaded TP AndroidTargetPlatform
[2023.01.30-04.30.04:484][  0]LogTemp: Display: Loaded TP Android_ASTCTargetPlatform
[2023.01.30-04.30.04:523][  0]LogTemp: Display: Loaded TP Android_ATCTargetPlatform
[2023.01.30-04.30.04:563][  0]LogTemp: Display: Loaded TP Android_DXTTargetPlatform
[2023.01.30-04.30.04:604][  0]LogTemp: Display: Loaded TP Android_ETC1TargetPlatform
[2023.01.30-04.30.04:645][  0]LogTemp: Display: Loaded TP Android_ETC2TargetPlatform
[2023.01.30-04.30.04:725][  0]LogTemp: Display: Loaded TP Android_MultiTargetPlatform
[2023.01.30-04.30.04:725][  0]LogTemp: Display: Loaded TP Android_PVRTCTargetPlatform
[2023.01.30-04.30.04:757][  0]LogTemp: Display: Loaded TP HTML5TargetPlatform
[2023.01.30-04.30.04:839][  0]LogTemp: Display: Loaded TP IOSTargetPlatform
[2023.01.30-04.30.04:863][  0]LogTemp: Display: Loaded TP TVOSTargetPlatform
[2023.01.30-04.30.04:908][  0]LogTemp: Display: Loaded TP LinuxClientTargetPlatform
[2023.01.30-04.30.04:949][  0]LogTemp: Display: Loaded TP LinuxNoEditorTargetPlatform
[2023.01.30-04.30.04:990][  0]LogTemp: Display: Loaded TP LinuxServerTargetPlatform
[2023.01.30-04.30.05:034][  0]LogTemp: Display: Loaded TP LinuxTargetPlatform
[2023.01.30-04.30.05:034][  0]LogTargetPlatformManager: Display: Building Assets For Windows
[2023.01.30-04.30.05:418][  0]LogDerivedDataCache: Display: Max Cache Size: 512 MB
[2023.01.30-04.30.05:481][  0]LogDerivedDataCache: Loaded boot cache 0.06s 93MB C:/Users/kbc12006034/AppData/Local/UnrealEngine/4.17/DerivedDataCache/Boot.ddc.
[2023.01.30-04.30.05:481][  0]LogDerivedDataCache: Display: Loaded Boot cache: C:/Users/kbc12006034/AppData/Local/UnrealEngine/4.17/DerivedDataCache/Boot.ddc
[2023.01.30-04.30.05:481][  0]LogDerivedDataCache: FDerivedDataBackendGraph:  Pak pak cache file C:/Users/kbc12006034/Documents/Team_Unreal/MyProject2/DerivedDataCache/DDC.ddp not found, will not use a pak cache.
[2023.01.30-04.30.05:481][  0]LogDerivedDataCache: Unable to find inner node Pak for hierarchical cache Hierarchy.
[2023.01.30-04.30.05:481][  0]LogDerivedDataCache: FDerivedDataBackendGraph:  CompressedPak pak cache file C:/Users/kbc12006034/Documents/Team_Unreal/MyProject2/DerivedDataCache/Compressed.ddp not found, will not use a pak cache.
[2023.01.30-04.30.05:481][  0]LogDerivedDataCache: Unable to find inner node CompressedPak for hierarchical cache Hierarchy.
[2023.01.30-04.30.05:493][  0]LogDerivedDataCache: Display: Pak cache opened for reading ../../../Engine/DerivedDataCache/Compressed.ddp.
[2023.01.30-04.30.05:506][  0]LogDerivedDataCache: Using Local data cache path C:/Users/kbc12006034/AppData/Local/UnrealEngine/Common/DerivedDataCache: Writable
[2023.01.30-04.30.05:513][  0]LogMaterial: Verifying Global Shaders for PCD3D_SM5
[2023.01.30-04.30.05:513][  0]LogSlate: Using Freetype 2.6.0
[2023.01.30-04.30.05:519][  0]LogSlate: SlateFontCache - WITH_FREETYPE: 1, WITH_HARFBUZZ: 1
[2023.01.30-04.30.05:519][  0]LogSlate: SlateFontCache - WITH_FREETYPE: 1, WITH_HARFBUZZ: 1
[2023.01.30-04.30.05:721][  0]LogAssetRegistry: FAssetRegistry took 0.0251 seconds to start up
[2023.01.30-04.30.05:834][  0]LogInit: Selected Device Profile: [Windows]
[2023.01.30-04.30.05:945][  0]LogContentStreaming: Texture pool size is 0.00 MB
[2023.01.30-04.30.06:177][  0]LogSimplygon: Simplygon DLL not present - disabling.
[2023.01.30-04.30.06:211][  0]LogMeshReduction: Using SimplygonSwarm for distributed automatic mesh merging
[2023.01.30-04.30.06:211][  0]LogMeshReduction: Using QuadricMeshReduction for automatic static mesh reduction
[2023.01.30-04.30.06:211][  0]LogMeshReduction: No automatic skeletal mesh reduction module available
[2023.01.30-04.30.06:211][  0]LogMeshReduction: No automatic mesh merging module available
[2023.01.30-04.30.06:211][  0]LogMeshMerging: No automatic mesh merging module available
[2023.01.30-04.30.06:477][  0]LogNetVersion: MyProject2 , NetCL: 3573198, EngineNetVer: 2, GameNetVer: 0 (Checksum: 237949846)
[2023.01.30-04.30.06:641][  0]LogPackageLocalizationCache: Processed 5 localized package path(s) for 2 prioritized culture(s) in 0.032518 seconds
[2023.01.30-04.30.06:645][  0]LogUObjectArray: 35825 objects as part of root set at end of initial load.
[2023.01.30-04.30.06:645][  0]LogUObjectAllocator: 7529104 out of 0 bytes used by permanent object pool.
[2023.01.30-04.30.06:645][  0]LogUObjectArray: CloseDisregardForGC: 0/0 objects in disregard for GC pool
[2023.01.30-04.30.06:698][  0]LogInit: WinSock: version 1.1 (2.2), MaxSocks=32767, MaxUdp=65467
[2023.01.30-04.30.08:750][  0]LogTcpMessaging: Initializing TcpMessaging bridge
[2023.01.30-04.30.08:783][  0]LogUdpMessaging: Initializing bridge on interface 0.0.0.0:0 to multicast group 230.0.0.1:6666.
[2023.01.30-04.30.09:299][  0]LogMaterial: Uniform references updated for custom material expression Custom.
[2023.01.30-04.30.09:619][  0]SourceControl: ソースコントロールは無効です
[2023.01.30-04.30.09:619][  0]SourceControl: ソースコントロールは無効です
[2023.01.30-04.30.09:657][  0]SourceControl: ソースコントロールは無効です
[2023.01.30-04.30.09:694][  0]SourceControl: ソースコントロールは無効です
[2023.01.30-04.30.10:146][  0]LogAndroidPermission: UAndroidPermissionCallbackProxy::GetInstance
[2023.01.30-04.30.10:334][  0]LogOcInput: OculusInput pre-init called
[2023.01.30-04.30.10:533][  0]LogEngine: Initializing Engine...
[2023.01.30-04.30.10:535][  0]LogHMD: Failed to initialize OpenVR with code 110
[2023.01.30-04.30.10:692][  0]LogStats: UGameplayTagsManager::ConstructGameplayTagTree: Construct from data asset -  0.000 s
[2023.01.30-04.30.10:692][  0]LogStats: UGameplayTagsManager::ConstructGameplayTagTree: GameplayTagTreeChangedEvent.Broadcast -  0.000 s
[2023.01.30-04.30.10:792][  0]LogAIModule: Creating AISystem for world Untitled
[2023.01.30-04.30.10:851][  0]LogInit: XAudio2 using 'スピーカー (Realtek(R) Audio)' : 2 channels at 48 kHz using 32 bits per sample (channel mask 0x3)
[2023.01.30-04.30.11:013][  0]LogInit: FAudioDevice initialized.
[2023.01.30-04.30.11:058][  0]LogDerivedDataCache: Saved boot cache 0.04s 93MB C:/Users/kbc12006034/AppData/Local/UnrealEngine/4.17/DerivedDataCache/Boot.ddc.
[2023.01.30-04.30.11:064][  0]LogInit: Texture streaming: Enabled
[2023.01.30-04.30.11:159][  0]LogEngineSessionManager: EngineSessionManager initialized
[2023.01.30-04.30.11:333][  0]LogInit: Transaction tracking system initialized
[2023.01.30-04.30.11:585][  0]BlueprintLog: New page: エディタの読み込み
[2023.01.30-04.30.12:356][  0]LocalizationService: ローカライズのサービスが無効になりました
[2023.01.30-04.30.12:900][  0]LogConsoleResponse: Display: 
[2023.01.30-04.30.13:047][  0]LogCook: Display: Max memory allowance for cook 16384mb min free memory 0mb
[2023.01.30-04.30.13:047][  0]LogCook: Display: Mobile HDR setting 1
[2023.01.30-04.30.13:047][  0]LogGameplayTags: Display: UGameplayTagsManager::DoneAddingNativeTags. DelegateIsBound: 0
[2023.01.30-04.30.13:162][  0]LogFileCache: Scanning file cache for directory 'C:/Users/kbc12006034/Documents/Team_Unreal/MyProject2/Content/' took 0.02s
[2023.01.30-04.30.13:859][  0]SourceControl: ソースコントロールは無効です
[2023.01.30-04.30.13:859][  0]Cmd: MAP LOAD FILE="../../../Engine/Content/Maps/Templates/Template_Default.umap" TEMPLATE=1 SHOWPROGRESS=1 FEATURELEVEL=3
[2023.01.30-04.30.13:859][  0]LightingResults: New page: ライティングのビルド
[2023.01.30-04.30.13:892][  0]MapCheck: New page: マップをチェック
[2023.01.30-04.30.13:892][  0]LightingResults: New page: <何も選択されていません>
[2023.01.30-04.30.14:033][  0]LogAIModule: Creating AISystem for world Untitled_1
[2023.01.30-04.30.14:038][  0]LogEditorServer: Finished looking for orphan Actors (0.000 secs)
[2023.01.30-04.30.14:050][  0]Cmd: MAP CHECKDEP NOCLEARLOG
[2023.01.30-04.30.14:089][  0]MapCheck: マップチェックが完了: 0 エラー、 0 警告、完了に 37.989ミリ秒かかりました。
[2023.01.30-04.30.14:089][  0]LogFileHelpers: Loading map 'Template_Default' took 0.230
[2023.01.30-04.30.14:154][  0]LogWindowsTextInputMethodSystem: Display: IME system now activated using TSF (Microsoft IME).
[2023.01.30-04.30.14:183][  0]LogCollectionManager: Loaded 0 collections in 0.000759 seconds
[2023.01.30-04.30.14:255][  0]LogFileCache: Scanning file cache for directory 'C:/Users/kbc12006034/Documents/Team_Unreal/MyProject2/Saved/Collections/' took 0.01s
[2023.01.30-04.30.14:255][  0]LogFileCache: Scanning file cache for directory 'C:/Users/kbc12006034/Documents/Team_Unreal/MyProject2/Content/Developers/kbc12006034/Collections/' took 0.01s
[2023.01.30-04.30.14:255][  0]LogFileCache: Scanning file cache for directory 'C:/Users/kbc12006034/Documents/Team_Unreal/MyProject2/Content/Collections/' took 0.01s
[2023.01.30-04.30.14:255][  0]LogCollectionManager: Rebuilt the GUID cache for 0 collections in 0.000000 seconds
[2023.01.30-04.30.14:263][  0]LogContentBrowser: Native class hierarchy populated in 0.0079 seconds. Added 2386 classes and 500 folders.
[2023.01.30-04.30.14:316][  0]LogContentBrowser: Native class hierarchy updated for 'WidgetCarousel' in 0.0009 seconds. Added 0 classes and 0 folders.
[2023.01.30-04.30.14:346][  0]LogContentBrowser: Native class hierarchy updated for 'AddContentDialog' in 0.0005 seconds. Added 0 classes and 0 folders.
[2023.01.30-04.30.14:421][  0]LogContentBrowser: Native class hierarchy updated for 'SceneOutliner' in 0.0005 seconds. Added 1 classes and 2 folders.
[2023.01.30-04.30.14:475][  0]LogSlate: Took 0.000289 seconds to synchronously load lazily loaded font '../../../Engine/Content/Slate/Fonts/Roboto-Regular.ttf' (155K)
[2023.01.30-04.30.14:478][  0]LogSlate: Took 0.002356 seconds to synchronously load lazily loaded font '../../../Engine/Content/Slate/Fonts/DroidSansFallback.ttf' (3848K)
[2023.01.30-04.30.14:478][  0]LogSlate: Took 0.000133 seconds to synchronously load lazily loaded font '../../../Engine/Content/Slate/Fonts/Roboto-Bold.ttf' (160K)
[2023.01.30-04.30.14:481][  0]LogSlate: Took 0.000204 seconds to synchronously load lazily loaded font '../../../Engine/Content/Editor/Slate/Fonts/FontAwesome.ttf' (139K)
[2023.01.30-04.30.14:557][  0]LogRenderer: Reallocating scene render targets to support 968x404 Format 10 NumSamples 1 (Frame:1).
[2023.01.30-04.30.14:721][  0]LogContentBrowser: Native class hierarchy updated for 'HierarchicalLODOutliner' in 0.0005 seconds. Added 1 classes and 2 folders.
[2023.01.30-04.30.14:721][  0]LogLoad: (Engine Initialization) Total time: 15.85 seconds
[2023.01.30-04.30.14:721][  0]LogLoad: (Engine Initialization) Total Blueprint compile time: 0.00 seconds
[2023.01.30-04.30.14:721][  0]LogExternalProfiler: No external profilers were discovered.  External profiling features will not be available.
[2023.01.30-04.30.14:759][  0]LogContentStreaming: Texture pool size now 1000 MB
[2023.01.30-04.30.14:849][  1]LogAssetRegistry: Asset discovery search completed in 9.1505 seconds
[2023.01.30-04.30.14:851][  1]LogCollectionManager: Rebuilt the object cache for 0 collections in 0.000000 seconds (found 0 objects)
[2023.01.30-04.30.14:851][  1]LogCollectionManager: Fixed up redirectors for 0 collections in 0.000041 seconds (updated 0 objects)
[2023.01.30-04.30.15:773][ 46]LogSlate: Took 0.000542 seconds to synchronously load lazily loaded font '../../../Engine/Content/Slate/Fonts/Roboto-Light.ttf' (159K)
[2023.01.30-04.30.19:084][244]LogSlate: Took 0.000152 seconds to synchronously load lazily loaded font '../../../Engine/Content/Slate/Fonts/Roboto-Light.ttf' (159K)
[2023.01.30-04.30.19:555][244]LogAIModule: Creating AISystem for world NewMap
[2023.01.30-04.30.19:591][244]Cmd: MAP LOAD FILE="C:/Users/kbc12006034/Documents/Team_Unreal/MyProject2/Content/Maps/NewMap.umap" TEMPLATE=0 SHOWPROGRESS=1 FEATURELEVEL=3
[2023.01.30-04.30.19:591][244]LightingResults: New page: ライティングのビルド
[2023.01.30-04.30.19:592][244]LoadErrors: New page: マップをロード中: NewMap.umap
[2023.01.30-04.30.19:609][244]MapCheck: New page: マップをチェック
[2023.01.30-04.30.19:609][244]LightingResults: New page: <何も選択されていません>
[2023.01.30-04.30.19:682][244]LogEditorServer: Finished looking for orphan Actors (0.000 secs)
[2023.01.30-04.30.19:712][244]Cmd: MAP CHECKDEP NOCLEARLOG
[2023.01.30-04.30.19:762][244]MapCheck: マップチェックが完了: 0 エラー、 0 警告、完了に 49.411ミリ秒かかりました。
[2023.01.30-04.30.19:762][244]LogFileHelpers: Loading map 'NewMap' took 0.171
[2023.01.30-04.31.38:998][506]LogTexture: Display: Building textures: Circle_normal (BC5, 256X256)
[2023.01.30-04.31.38:998][506]LogTexture: Display: Building textures: Flame (AutoDXT, 128X128)
[2023.01.30-04.31.38:998][506]LogTexture: Display: Building textures: EmberNoise3 (AutoDXT, 600X600)
[2023.01.30-04.31.38:998][506]LogTexture: Display: Building textures: bigfire_single (AutoDXT, 256X256)
[2023.01.30-04.31.38:998][506]LogTexture: Display: Building textures: blowingFireB_fwd (AutoDXT, 2048X1024)
[2023.01.30-04.31.38:998][506]LogTexture: Display: Building textures: disort_test2 (AutoDXT, 512X512)
[2023.01.30-04.31.38:998][506]LogTexture: Display: Building textures: 0_6_smoke (AutoDXT, 2048X2048)
[2023.01.30-04.31.38:998][506]LogTexture: Display: Building textures: 1_6_smoke2_vg2 (AutoDXT, 4096X4096)
[2023.01.30-04.31.38:998][506]LogTexture: Display: Building textures: CandleFire_D (AutoDXT, 2048X1024)
[2023.01.30-04.31.38:998][506]LogTexture: Display: Building textures: bigfire2 (AutoDXT, 2048X2048)
[2023.01.30-04.31.39:000][506]LogMaterial: Missing cached shader map for material Smoke1_Mat, compiling. 
[2023.01.30-04.31.39:118][506]LogMaterial: Missing cached shader map for material Sequence_Mat, compiling. 
[2023.01.30-04.31.39:162][506]LogMaterial: Missing cached shader map for material Basic_Emi_Mat, compiling. 
[2023.01.30-04.31.39:200][506]LogMaterial: Missing cached shader map for material Distortion_Mat, compiling. 
[2023.01.30-04.31.39:291][506]LogContentBrowser: Native class hierarchy updated for 'Cascade' in 0.0006 seconds. Added 2 classes and 2 folders.
[2023.01.30-04.31.39:521][507]LogRenderer: Reallocating scene render targets to support 1076x404 Format 10 NumSamples 1 (Frame:6).
[2023.01.30-04.32.01:778][774]LogTemp: Repeating last play command: 選択ビューポート
[2023.01.30-04.32.01:889][774]LogPlayLevel: PlayLevel: No blueprints needed recompiling
[2023.01.30-04.32.01:890][774]PIE: New page: PIEセッション: NewMap (2023/01/30 22:32:01)
[2023.01.30-04.32.01:897][774]LogPlayLevel: Creating play world package: /Game/Maps/UEDPIE_0_NewMap
[2023.01.30-04.32.01:917][774]LogPlayLevel: PIE: StaticDuplicateObject took: (0.019548s)
[2023.01.30-04.32.01:917][774]LogAIModule: Creating AISystem for world NewMap
[2023.01.30-04.32.01:917][774]LogPlayLevel: PIE: World Init took: (0.000608s)
[2023.01.30-04.32.01:918][774]LogPlayLevel: PIE: Created PIE world by copying editor world from /Game/Maps/NewMap.NewMap to /Game/Maps/UEDPIE_0_NewMap.NewMap (0.020524s)
[2023.01.30-04.32.01:940][774]LogInit: XAudio2 using 'スピーカー (Realtek(R) Audio)' : 2 channels at 48 kHz using 32 bits per sample (channel mask 0x3)
[2023.01.30-04.32.01:973][774]LogInit: FAudioDevice initialized.
[2023.01.30-04.32.02:016][774]LogLoad: Game class is 'MyGameMode_C'
[2023.01.30-04.32.02:026][774]LogWorld: Bringing World /Game/Maps/UEDPIE_0_NewMap.NewMap up for play (max tick rate 60) at 2023.01.30-13.32.02
[2023.01.30-04.32.02:026][774]LogWorld: Bringing up level for play took: 0.009670
[2023.01.30-04.32.02:061][774]LogContentBrowser: Native class hierarchy updated for 'MovieSceneCapture' in 0.0005 seconds. Added 11 classes and 0 folders.
[2023.01.30-04.32.02:063][774]PIE: /Game/Maps/UEDPIE_0_NewMap -0.385のプレイ イン エディタの開始時間
[2023.01.30-04.32.18:128][726]LogTemp: Repeating last play command: 選択ビューポート
[2023.01.30-04.32.18:142][726]LogPlayLevel: PlayLevel: No blueprints needed recompiling
[2023.01.30-04.32.18:142][726]PIE: New page: PIEセッション: NewMap (2023/01/30 22:32:18)
[2023.01.30-04.32.18:143][726]LogPlayLevel: Creating play world package: /Game/Maps/UEDPIE_0_NewMap
[2023.01.30-04.32.18:161][726]LogPlayLevel: PIE: StaticDuplicateObject took: (0.017385s)
[2023.01.30-04.32.18:162][726]LogAIModule: Creating AISystem for world NewMap
[2023.01.30-04.32.18:162][726]LogPlayLevel: PIE: World Init took: (0.001161s)
[2023.01.30-04.32.18:162][726]LogPlayLevel: PIE: Created PIE world by copying editor world from /Game/Maps/NewMap.NewMap to /Game/Maps/UEDPIE_0_NewMap.NewMap (0.018911s)
[2023.01.30-04.32.18:183][726]LogInit: XAudio2 using 'スピーカー (Realtek(R) Audio)' : 2 channels at 48 kHz using 32 bits per sample (channel mask 0x3)
[2023.01.30-04.32.18:214][726]LogInit: FAudioDevice initialized.
[2023.01.30-04.32.18:247][726]LogLoad: Game class is 'MyGameMode_C'
[2023.01.30-04.32.18:261][726]LogWorld: Bringing World /Game/Maps/UEDPIE_0_NewMap.NewMap up for play (max tick rate 60) at 2023.01.30-13.32.18
[2023.01.30-04.32.18:262][726]LogWorld: Bringing up level for play took: 0.013781
[2023.01.30-04.32.18:265][726]PIE: /Game/Maps/UEDPIE_0_NewMap -0.184のプレイ イン エディタの開始時間
[2023.01.30-04.32.26:902][233]LogEditorViewport: Clicking on Actor (LMB): Emitter (Fire_BP_04)
[2023.01.30-04.32.28:378][318]Cmd: DELETE
[2023.01.30-04.32.28:378][318]Cmd: ACTOR DELETE
[2023.01.30-04.32.28:379][318]LogEditorActor: Deleted Actor: Emitter
[2023.01.30-04.32.28:394][318]LogEditorActor: Deleted 1 Actors (0.016 secs)
[2023.01.30-04.33.42:610][393]LogMetaData: Removing '/Game/BP/Fire.Fire:UserConstructionScript.K2Node_FunctionEntry_0' ref from Metadata '/Game/BP/NewBlueprint.PackageMetaData'
[2023.01.30-04.33.42:610][393]LogMetaData: Removing '/Game/BP/Fire.SKEL_Fire_C' ref from Metadata '/Game/BP/NewBlueprint.PackageMetaData'
[2023.01.30-04.33.42:610][393]LogMetaData: Removing '/Game/BP/Fire.Fire_C' ref from Metadata '/Game/BP/NewBlueprint.PackageMetaData'
[2023.01.30-04.33.42:610][393]LogMetaData: Removing '/Game/BP/Fire.Fire:EventGraph.K2Node_Event_0' ref from Metadata '/Game/BP/NewBlueprint.PackageMetaData'
[2023.01.30-04.33.42:610][393]LogMetaData: Removing '/Game/BP/Fire.Fire:EventGraph.K2Node_Event_1' ref from Metadata '/Game/BP/NewBlueprint.PackageMetaData'
[2023.01.30-04.33.42:610][393]LogMetaData: Removing '/Game/BP/Fire.Fire:EventGraph.K2Node_Event_2' ref from Metadata '/Game/BP/NewBlueprint.PackageMetaData'
[2023.01.30-04.33.42:691][393]Cmd: OBJ SAVEPACKAGE PACKAGE="/Game/BP/Fire" FILE="C:/Users/kbc12006034/Documents/Team_Unreal/MyProject2/Content/BP/Fire.uasset" SILENT=true
[2023.01.30-04.33.42:715][393]LogSavePackage: Save=23.00ms
[2023.01.30-04.33.42:715][393]LogSavePackage: Moving 'C:/Users/kbc12006034/Documents/Team_Unreal/MyProject2/Saved/FireE93890274C88A21737E24E8DA329CE87.tmp' to 'C:/Users/kbc12006034/Documents/Team_Unreal/MyProject2/Content/BP/Fire.uasset'
[2023.01.30-04.33.42:719][393]LogSavePackage: Display: Finished SavePackage C:/Users/kbc12006034/Documents/Team_Unreal/MyProject2/Content/BP/Fire.uasset
[2023.01.30-04.33.44:644][485]LogContentBrowser: Native class hierarchy updated for 'BlueprintGraph' in 0.0007 seconds. Added 113 classes and 0 folders.
[2023.01.30-04.33.45:129][485]LogSlate: Took 0.000129 seconds to synchronously load lazily loaded font '../../../Engine/Content/Slate/Fonts/Roboto-Regular.ttf' (155K)
[2023.01.30-04.33.45:259][486]LogRenderer: Reallocating scene render targets to support 1076x540 Format 10 NumSamples 1 (Frame:1).
[2023.01.30-04.33.55:687][107]LogSlate: Took 0.000167 seconds to synchronously load lazily loaded font '../../../Engine/Content/Editor/Slate/Fonts/Roboto-Italic.ttf' (157K)
[2023.01.30-04.36.12:567][977]LogSlate: Took 0.000183 seconds to synchronously load lazily loaded font '../../../Engine/Content/Editor/Slate/Fonts/Roboto-BoldCondensed.ttf' (158K)
[2023.01.30-04.40.27:428][108]Cmd: OBJ SAVEPACKAGE PACKAGE="/Game/BP/Fire" FILE="C:/Users/kbc12006034/Documents/Team_Unreal/MyProject2/Content/BP/Fire.uasset" SILENT=true
[2023.01.30-04.40.27:451][108]LogSavePackage: Save=12.35ms
[2023.01.30-04.40.27:451][108]LogSavePackage: Moving 'C:/Users/kbc12006034/Documents/Team_Unreal/MyProject2/Saved/FireDAEA300E45C3F4760ABF47A07C0A0174.tmp' to 'C:/Users/kbc12006034/Documents/Team_Unreal/MyProject2/Content/BP/Fire.uasset'
[2023.01.30-04.40.27:454][108]LogSavePackage: Display: Finished SavePackage C:/Users/kbc12006034/Documents/Team_Unreal/MyProject2/Content/BP/Fire.uasset
[2023.01.30-04.40.28:212][132]BlueprintLog: New page: Fire をコンパイル
[2023.01.30-04.40.32:596][383]LogCascade: Quitting Cascade. FXSystem=0x000001880391A3E0
[2023.01.30-04.40.35:460][548]Cmd: OBJ SAVEPACKAGE PACKAGE="/Game/Maps/NewMap" FILE="C:/Users/kbc12006034/Documents/Team_Unreal/MyProject2/Content/Maps/NewMap.umap" SILENT=true AUTOSAVING=false KEEPDIRTY=false
[2023.01.30-04.40.35:979][548]LogSavePackage: Save=488.63ms
[2023.01.30-04.40.35:979][548]LogSavePackage: Moving 'C:/Users/kbc12006034/Documents/Team_Unreal/MyProject2/Saved/NewMapFF2A295546FC2CB35D2DCDB94DF8E859.tmp' to 'C:/Users/kbc12006034/Documents/Team_Unreal/MyProject2/Content/Maps/NewMap.umap'
[2023.01.30-04.40.35:982][548]LogSavePackage: Display: Finished SavePackage C:/Users/kbc12006034/Documents/Team_Unreal/MyProject2/Content/Maps/NewMap.umap
[2023.01.30-04.41.06:667][380]LogEditorViewport: Clicking on Actor (LMB): StaticMeshActor (SM_Plains_Floors_Flat348)
[2023.01.30-04.41.08:926][512]Cmd: TRANSACTION UNDO
[2023.01.30-04.41.08:926][512]LogEditorTransaction: Undo アクタ を移動
[2023.01.30-04.41.20:100][181]Cmd: TRANSACTION UNDO
[2023.01.30-04.41.20:100][181]LogEditorTransaction: Undo アクタ を移動
[2023.01.30-04.41.20:923][230]Cmd: TRANSACTION UNDO
[2023.01.30-04.41.20:923][230]LogEditorTransaction: Undo アクタをクリック
[2023.01.30-04.41.24:910][467]LogEditorViewport: Clicking on Actor (LMB): StaticMeshActor (SM_Plains_Floors_Flat310)
[2023.01.30-04.41.53:608][183]LogEditorViewport: Clicking on Actor (LMB): BP_Sky_Sphere_C (Sky Sphere2)
[2023.01.30-04.41.59:088][489]LogEditorActor: Deleted Actor: Fire_C
[2023.01.30-04.41.59:112][489]LogEditorActor: Deleted 1 Actors (0.025 secs)
[2023.01.30-04.42.30:121][340]LogEditorViewport: Clicking on Actor (LMB): Fire_C (Fire)
[2023.01.30-04.42.30:370][354]LogEditorViewport: Clicking on Actor (LMB): Fire_C (Fire)
[2023.01.30-04.42.40:827][975]LogTemp: Repeating last play command: 選択ビューポート
[2023.01.30-04.42.40:841][975]LogPlayLevel: PlayLevel: No blueprints needed recompiling
[2023.01.30-04.42.40:842][975]PIE: New page: PIEセッション: NewMap (2023/01/30 22:42:40)
[2023.01.30-04.42.40:842][975]LogPlayLevel: Creating play world package: /Game/Maps/UEDPIE_0_NewMap
[2023.01.30-04.42.40:860][975]LogPlayLevel: PIE: StaticDuplicateObject took: (0.017922s)
[2023.01.30-04.42.40:861][975]LogAIModule: Creating AISystem for world NewMap
[2023.01.30-04.42.40:862][975]LogPlayLevel: PIE: World Init took: (0.001201s)
[2023.01.30-04.42.40:862][975]LogPlayLevel: PIE: Created PIE world by copying editor world from /Game/Maps/NewMap.NewMap to /Game/Maps/UEDPIE_0_NewMap.NewMap (0.019594s)
[2023.01.30-04.42.40:895][975]LogInit: XAudio2 using 'スピーカー (Realtek(R) Audio)' : 2 channels at 48 kHz using 32 bits per sample (channel mask 0x3)
[2023.01.30-04.42.40:931][975]LogInit: FAudioDevice initialized.
[2023.01.30-04.42.40:963][975]LogLoad: Game class is 'MyGameMode_C'
[2023.01.30-04.42.40:973][975]LogWorld: Bringing World /Game/Maps/UEDPIE_0_NewMap.NewMap up for play (max tick rate 60) at 2023.01.30-13.42.40
[2023.01.30-04.42.40:974][975]LogWorld: Bringing up level for play took: 0.009472
[2023.01.30-04.42.40:976][975]PIE: /Game/Maps/UEDPIE_0_NewMap 0.526のプレイ イン エディタの開始時間
[2023.01.30-04.43.17:066][104]LogEditorViewport: Clicking on Actor (LMB): Fire_C (Fire)
[2023.01.30-04.43.37:279][286]LogTemp: Repeating last play command: 選択ビューポート
[2023.01.30-04.43.37:291][286]LogPlayLevel: PlayLevel: No blueprints needed recompiling
[2023.01.30-04.43.37:291][286]PIE: New page: PIEセッション: NewMap (2023/01/30 22:43:37)
[2023.01.30-04.43.37:292][286]LogPlayLevel: Creating play world package: /Game/Maps/UEDPIE_0_NewMap
[2023.01.30-04.43.37:310][286]LogPlayLevel: PIE: StaticDuplicateObject took: (0.017392s)
[2023.01.30-04.43.37:310][286]LogAIModule: Creating AISystem for world NewMap
[2023.01.30-04.43.37:311][286]LogPlayLevel: PIE: World Init took: (0.000773s)
[2023.01.30-04.43.37:311][286]LogPlayLevel: PIE: Created PIE world by copying editor world from /Game/Maps/NewMap.NewMap to /Game/Maps/UEDPIE_0_NewMap.NewMap (0.018555s)
[2023.01.30-04.43.37:337][286]LogInit: XAudio2 using 'スピーカー (Realtek(R) Audio)' : 2 channels at 48 kHz using 32 bits per sample (channel mask 0x3)
[2023.01.30-04.43.37:368][286]LogInit: FAudioDevice initialized.
[2023.01.30-04.43.37:398][286]LogLoad: Game class is 'MyGameMode_C'
[2023.01.30-04.43.37:408][286]LogWorld: Bringing World /Game/Maps/UEDPIE_0_NewMap.NewMap up for play (max tick rate 60) at 2023.01.30-13.43.37
[2023.01.30-04.43.37:409][286]LogWorld: Bringing up level for play took: 0.009402
[2023.01.30-04.43.37:411][286]PIE: /Game/Maps/UEDPIE_0_NewMap 0.962のプレイ イン エディタの開始時間
[2023.01.30-04.43.58:638][547]LogEditorViewport: Clicking on Actor (LMB): Fire_C (Fire)
[2023.01.30-04.44.03:509][837]LogTemp: Repeating last play command: 選択ビューポート
[2023.01.30-04.44.03:520][837]LogPlayLevel: PlayLevel: No blueprints needed recompiling
[2023.01.30-04.44.03:520][837]PIE: New page: PIEセッション: NewMap (2023/01/30 22:44:03)
[2023.01.30-04.44.03:521][837]LogPlayLevel: Creating play world package: /Game/Maps/UEDPIE_0_NewMap
[2023.01.30-04.44.03:538][837]LogPlayLevel: PIE: StaticDuplicateObject took: (0.017136s)
[2023.01.30-04.44.03:539][837]LogAIModule: Creating AISystem for world NewMap
[2023.01.30-04.44.03:539][837]LogPlayLevel: PIE: World Init took: (0.000916s)
[2023.01.30-04.44.03:539][837]LogPlayLevel: PIE: Created PIE world by copying editor world from /Game/Maps/NewMap.NewMap to /Game/Maps/UEDPIE_0_NewMap.NewMap (0.018392s)
[2023.01.30-04.44.03:566][837]LogInit: XAudio2 using 'スピーカー (Realtek(R) Audio)' : 2 channels at 48 kHz using 32 bits per sample (channel mask 0x3)
[2023.01.30-04.44.03:596][837]LogInit: FAudioDevice initialized.
[2023.01.30-04.44.03:625][837]LogLoad: Game class is 'MyGameMode_C'
[2023.01.30-04.44.03:634][837]LogWorld: Bringing World /Game/Maps/UEDPIE_0_NewMap.NewMap up for play (max tick rate 60) at 2023.01.30-13.44.03
[2023.01.30-04.44.03:635][837]LogWorld: Bringing up level for play took: 0.009694
[2023.01.30-04.44.03:637][837]PIE: /Game/Maps/UEDPIE_0_NewMap -0.812のプレイ イン エディタの開始時間
[2023.01.30-04.44.13:825][436]LogEditorViewport: Clicking on Actor (LMB): Fire_C (Fire)
[2023.01.30-04.44.19:248][759]LogTemp: Repeating last play command: 選択ビューポート
[2023.01.30-04.44.19:260][759]LogPlayLevel: PlayLevel: No blueprints needed recompiling
[2023.01.30-04.44.19:260][759]PIE: New page: PIEセッション: NewMap (2023/01/30 22:44:19)
[2023.01.30-04.44.19:261][759]LogPlayLevel: Creating play world package: /Game/Maps/UEDPIE_0_NewMap
[2023.01.30-04.44.19:278][759]LogPlayLevel: PIE: StaticDuplicateObject took: (0.016891s)
[2023.01.30-04.44.19:278][759]LogAIModule: Creating AISystem for world NewMap
[2023.01.30-04.44.19:278][759]LogPlayLevel: PIE: World Init took: (0.000651s)
[2023.01.30-04.44.19:279][759]LogPlayLevel: PIE: Created PIE world by copying editor world from /Game/Maps/NewMap.NewMap to /Game/Maps/UEDPIE_0_NewMap.NewMap (0.017927s)
[2023.01.30-04.44.19:306][759]LogInit: XAudio2 using 'スピーカー (Realtek(R) Audio)' : 2 channels at 48 kHz using 32 bits per sample (channel mask 0x3)
[2023.01.30-04.44.19:337][759]LogInit: FAudioDevice initialized.
[2023.01.30-04.44.19:368][759]LogLoad: Game class is 'MyGameMode_C'
[2023.01.30-04.44.19:378][759]LogWorld: Bringing World /Game/Maps/UEDPIE_0_NewMap.NewMap up for play (max tick rate 60) at 2023.01.30-13.44.19
[2023.01.30-04.44.19:378][759]LogWorld: Bringing up level for play took: 0.009289
[2023.01.30-04.44.19:380][759]PIE: /Game/Maps/UEDPIE_0_NewMap 0.931のプレイ イン エディタの開始時間
[2023.01.30-04.46.29:091][385]Cmd: OBJ SAVEPACKAGE PACKAGE="/Game/BP/Fire" FILE="C:/Users/kbc12006034/Documents/Team_Unreal/MyProject2/Content/BP/Fire.uasset" SILENT=true
[2023.01.30-04.46.29:114][385]LogSavePackage: Save=13.16ms
[2023.01.30-04.46.29:114][385]LogSavePackage: Moving 'C:/Users/kbc12006034/Documents/Team_Unreal/MyProject2/Saved/Fire89B8249D43EC553761B545A3D30083CD.tmp' to 'C:/Users/kbc12006034/Documents/Team_Unreal/MyProject2/Content/BP/Fire.uasset'
[2023.01.30-04.46.29:117][385]LogSavePackage: Display: Finished SavePackage C:/Users/kbc12006034/Documents/Team_Unreal/MyProject2/Content/BP/Fire.uasset
[2023.01.30-04.46.33:698][577]Cmd: OBJ SAVEPACKAGE PACKAGE="/Game/Maps/NewMap" FILE="C:/Users/kbc12006034/Documents/Team_Unreal/MyProject2/Content/Maps/NewMap.umap" SILENT=true AUTOSAVING=false KEEPDIRTY=false
[2023.01.30-04.46.34:218][577]LogSavePackage: Save=489.07ms
[2023.01.30-04.46.34:218][577]LogSavePackage: Moving 'C:/Users/kbc12006034/Documents/Team_Unreal/MyProject2/Saved/NewMap8A25E50D4F00AB88B87D40A9B34430D8.tmp' to 'C:/Users/kbc12006034/Documents/Team_Unreal/MyProject2/Content/Maps/NewMap.umap'
[2023.01.30-04.46.34:222][577]LogSavePackage: Display: Finished SavePackage C:/Users/kbc12006034/Documents/Team_Unreal/MyProject2/Content/Maps/NewMap.umap
[2023.01.30-04.46.35:628][660]Cmd: OBJ SAVEPACKAGE PACKAGE="/Game/Maps/NewMap" FILE="C:/Users/kbc12006034/Documents/Team_Unreal/MyProject2/Content/Maps/NewMap.umap" SILENT=true AUTOSAVING=false KEEPDIRTY=false
[2023.01.30-04.46.36:145][660]LogSavePackage: Save=489.60ms
[2023.01.30-04.46.36:145][660]LogSavePackage: Moving 'C:/Users/kbc12006034/Documents/Team_Unreal/MyProject2/Saved/NewMap2E5041AF42D4116385DA21973FA89FFD.tmp' to 'C:/Users/kbc12006034/Documents/Team_Unreal/MyProject2/Content/Maps/NewMap.umap'
[2023.01.30-04.46.36:149][660]LogSavePackage: Display: Finished SavePackage C:/Users/kbc12006034/Documents/Team_Unreal/MyProject2/Content/Maps/NewMap.umap
[2023.01.30-04.46.49:272][446]LogEditorViewport: Clicking on Actor (LMB): Fire_C (Fire)
[2023.01.30-04.54.26:266][389]Cmd: OBJ SAVEPACKAGE PACKAGE="/Game/Maps/NewMap" FILE="C:/Users/kbc12006034/Documents/Team_Unreal/MyProject2/Content/Maps/NewMap.umap" SILENT=true AUTOSAVING=false KEEPDIRTY=false
[2023.01.30-04.54.26:806][389]LogSavePackage: Save=494.76ms
[2023.01.30-04.54.26:806][389]LogSavePackage: Moving 'C:/Users/kbc12006034/Documents/Team_Unreal/MyProject2/Saved/NewMap0E674A4D43E7E59A0AC1E59180294B60.tmp' to 'C:/Users/kbc12006034/Documents/Team_Unreal/MyProject2/Content/Maps/NewMap.umap'
[2023.01.30-04.54.26:809][389]LogSavePackage: Display: Finished SavePackage C:/Users/kbc12006034/Documents/Team_Unreal/MyProject2/Content/Maps/NewMap.umap
[2023.01.30-04.54.43:952][827]Cmd: OBJ SAVEPACKAGE PACKAGE="/Game/Maps/NewMap" FILE="C:/Users/kbc12006034/Documents/Team_Unreal/MyProject2/Content/Maps/NewMap.umap" SILENT=true AUTOSAVING=false KEEPDIRTY=false
[2023.01.30-04.54.44:481][827]LogSavePackage: Save=501.30ms
[2023.01.30-04.54.44:481][827]LogSavePackage: Moving 'C:/Users/kbc12006034/Documents/Team_Unreal/MyProject2/Saved/NewMap93A5CA1540E807A4683AEE9717025803.tmp' to 'C:/Users/kbc12006034/Documents/Team_Unreal/MyProject2/Content/Maps/NewMap.umap'
[2023.01.30-04.54.44:484][827]LogSavePackage: Display: Finished SavePackage C:/Users/kbc12006034/Documents/Team_Unreal/MyProject2/Content/Maps/NewMap.umap
[2023.01.30-04.54.55:537][313]Cmd: OBJ SAVEPACKAGE PACKAGE="/Game/Maps/NewMap" FILE="C:/Users/kbc12006034/Documents/Team_Unreal/MyProject2/Content/Maps/NewMap.umap" SILENT=true AUTOSAVING=false KEEPDIRTY=false
[2023.01.30-04.54.56:060][313]LogSavePackage: Save=494.75ms
[2023.01.30-04.54.56:061][313]LogSavePackage: Moving 'C:/Users/kbc12006034/Documents/Team_Unreal/MyProject2/Saved/NewMap3E69A330454F778BF0FFA88DD249AAD4.tmp' to 'C:/Users/kbc12006034/Documents/Team_Unreal/MyProject2/Content/Maps/NewMap.umap'
[2023.01.30-04.54.56:064][313]LogSavePackage: Display: Finished SavePackage C:/Users/kbc12006034/Documents/Team_Unreal/MyProject2/Content/Maps/NewMap.umap
[2023.01.30-04.54.56:079][313]LogFileHelpers: Saving map 'NewMap' took 0.604
[2023.01.30-04.54.56:343][314]Cmd: QUIT_EDITOR
[2023.01.30-04.54.56:501][314]LogWindowsTextInputMethodSystem: Display: IME system now activated using TSF (Microsoft IME).
[2023.01.30-04.54.56:520][314]LogExit: Preparing to exit.
[2023.01.30-04.54.56:872][314]LogExit: Editor shut down
[2023.01.30-04.54.56:883][314]LogExit: Transaction tracking system shut down
[2023.01.30-04.54.57:095][314]LogDirectoryWatcher: A directory notification for '../../../Engine/Content/' was aborted.
[2023.01.30-04.54.57:095][314]LogDirectoryWatcher: A directory notification for 'C:/Users/kbc12006034/Documents/Team_Unreal/MyProject2/Content/' was aborted.
[2023.01.30-04.54.57:095][314]LogDirectoryWatcher: A directory notification for '../../../Engine/Plugins/2D/Paper2D/Content/' was aborted.
[2023.01.30-04.54.57:095][314]LogDirectoryWatcher: A directory notification for '../../../Engine/Plugins/Runtime/Oculus/OculusVR/Content/' was aborted.
[2023.01.30-04.54.57:095][314]LogDirectoryWatcher: A directory notification for '../../../Engine/Plugins/Runtime/Steam/SteamVR/Content/' was aborted.
[2023.01.30-04.54.57:165][314]LogExit: Object subsystem successfully closed.
[2023.01.30-04.54.57:183][314]LogD3D11RHI: Shutdown
[2023.01.30-04.54.57:183][314]LogD3D11RHI: CleanupD3DDevice
[2023.01.30-04.54.57:308][314]LogD3D11RHI: ~FD3D11DynamicRHI
[2023.01.30-04.54.57:314][314]LogModuleManager: Shutting down and abandoning module BlueprintGraph (540)
[2023.01.30-04.54.57:314][314]LogModuleManager: Shutting down and abandoning module BlueprintProfiler (538)
[2023.01.30-04.54.57:314][314]LogModuleManager: Shutting down and abandoning module MovieSceneCapture (536)
[2023.01.30-04.54.57:314][314]LogModuleManager: Shutting down and abandoning module DistCurveEditor (534)
[2023.01.30-04.54.57:314][314]LogModuleManager: Shutting down and abandoning module Cascade (532)
[2023.01.30-04.54.57:314][314]LogModuleManager: Shutting down and abandoning module HierarchicalLODOutliner (530)
[2023.01.30-04.54.57:315][314]LogModuleManager: Shutting down and abandoning module SceneOutliner (528)
[2023.01.30-04.54.57:315][314]LogModuleManager: Shutting down and abandoning module AddContentDialog (526)
[2023.01.30-04.54.57:315][314]LogDirectoryWatcher: A directory notification for 'D:/UE_4.17/FeaturePacks/' was aborted.
[2023.01.30-04.54.57:322][314]LogModuleManager: Shutting down and abandoning module WidgetCarousel (525)
[2023.01.30-04.54.57:322][314]LogModuleManager: Shutting down and abandoning module EditorWidgets (522)
[2023.01.30-04.54.57:322][314]LogModuleManager: Shutting down and abandoning module CollectionManager (520)
[2023.01.30-04.54.57:322][314]LogDirectoryWatcher: A directory notification for 'C:/Users/kbc12006034/Documents/Team_Unreal/MyProject2/Content/Collections/' was aborted.
[2023.01.30-04.54.57:322][314]LogDirectoryWatcher: A directory notification for 'C:/Users/kbc12006034/Documents/Team_Unreal/MyProject2/Content/Developers/kbc12006034/Collections/' was aborted.
[2023.01.30-04.54.57:323][314]LogDirectoryWatcher: A directory notification for 'C:/Users/kbc12006034/Documents/Team_Unreal/MyProject2/Saved/Collections/' was aborted.
[2023.01.30-04.54.57:323][314]LogModuleManager: Shutting down and abandoning module StatsViewer (518)
[2023.01.30-04.54.57:323][314]LogModuleManager: Shutting down and abandoning module FoliageEdit (516)
[2023.01.30-04.54.57:323][314]LogModuleManager: Shutting down and abandoning module LandscapeEditor (514)
[2023.01.30-04.54.57:323][314]LogModuleManager: Shutting down and abandoning module MeshPaintMode (512)
[2023.01.30-04.54.57:323][314]LogModuleManager: Shutting down and abandoning module SceneDepthPickerMode (510)
[2023.01.30-04.54.57:323][314]LogModuleManager: Shutting down and abandoning module ActorPickerMode (508)
[2023.01.30-04.54.57:323][314]LogModuleManager: Shutting down and abandoning module GeometryMode (506)
[2023.01.30-04.54.57:323][314]LogModuleManager: Shutting down and abandoning module TextureAlignMode (504)
[2023.01.30-04.54.57:323][314]LogModuleManager: Shutting down and abandoning module BspMode (502)
[2023.01.30-04.54.57:323][314]LogModuleManager: Shutting down and abandoning module PIEPreviewDeviceProfileSelector (500)
[2023.01.30-04.54.57:323][314]LogModuleManager: Shutting down and abandoning module HardwareSurvey (498)
[2023.01.30-04.54.57:323][314]LogModuleManager: Shutting down and abandoning module SequenceRecorderSections (496)
[2023.01.30-04.54.57:323][314]LogModuleManager: Shutting down and abandoning module AutomationWorker (494)
[2023.01.30-04.54.57:323][314]LogModuleManager: Shutting down and abandoning module MatineeToLevelSequence (492)
[2023.01.30-04.54.57:323][314]LogModuleManager: Shutting down and abandoning module LevelSequenceEditor (490)
[2023.01.30-04.54.57:323][314]LogModuleManager: Shutting down and abandoning module PlacementMode (489)
[2023.01.30-04.54.57:323][314]LogModuleManager: Shutting down and abandoning module WmfMediaFactory (486)
[2023.01.30-04.54.57:323][314]LogModuleManager: Shutting down and abandoning module WmfMediaEditor (484)
[2023.01.30-04.54.57:323][314]LogModuleManager: Shutting down and abandoning module AvfMediaFactory (482)
[2023.01.30-04.54.57:323][314]LogModuleManager: Shutting down and abandoning module AvfMediaEditor (480)
[2023.01.30-04.54.57:323][314]LogModuleManager: Shutting down and abandoning module AndroidMediaFactory (478)
[2023.01.30-04.54.57:323][314]LogModuleManager: Shutting down and abandoning module Media (477)
[2023.01.30-04.54.57:323][314]LogModuleManager: Shutting down and abandoning module AndroidMediaEditor (474)
[2023.01.30-04.54.57:323][314]LogModuleManager: Shutting down and abandoning module CharacterAI (472)
[2023.01.30-04.54.57:323][314]LogModuleManager: Shutting down and abandoning module AudioCapture (470)
[2023.01.30-04.54.57:323][314]LogModuleManager: Shutting down and abandoning module SequenceRecorder (469)
[2023.01.30-04.54.57:323][314]LogModuleManager: Shutting down and abandoning module SmartSnapping (466)
[2023.01.30-04.54.57:324][314]LogModuleManager: Shutting down and abandoning module SessionServices (464)
[2023.01.30-04.54.57:324][314]LogModuleManager: Shutting down and abandoning module ViewportSnapping (462)
[2023.01.30-04.54.57:324][314]LogModuleManager: Shutting down and abandoning module ViewportInteraction (460)
[2023.01.30-04.54.57:324][314]LogModuleManager: Shutting down and abandoning module ClothPainter (458)
[2023.01.30-04.54.57:324][314]LogModuleManager: Shutting down and abandoning module LogVisualizer (456)
[2023.01.30-04.54.57:324][314]LogModuleManager: Shutting down and abandoning module IntroTutorials (454)
[2023.01.30-04.54.57:324][314]LogModuleManager: Shutting down and abandoning module GameProjectGeneration (453)
[2023.01.30-04.54.57:324][314]LogModuleManager: Shutting down and abandoning module IOSPlatformEditor (450)
[2023.01.30-04.54.57:324][314]LogModuleManager: Shutting down and abandoning module HTML5PlatformEditor (448)
[2023.01.30-04.54.57:324][314]LogModuleManager: Shutting down and abandoning module AndroidPlatformEditor (446)
[2023.01.30-04.54.57:324][314]LogModuleManager: Shutting down and abandoning module AndroidDeviceDetection (445)
[2023.01.30-04.54.57:568][314]LogModuleManager: Shutting down and abandoning module WindowsPlatformEditor (442)
[2023.01.30-04.54.57:568][314]LogModuleManager: Shutting down and abandoning module IOSRuntimeSettings (440)
[2023.01.30-04.54.57:568][314]LogModuleManager: Shutting down and abandoning module AndroidRuntimeSettings (438)
[2023.01.30-04.54.57:568][314]LogModuleManager: Shutting down and abandoning module InputBindingEditor (436)
[2023.01.30-04.54.57:568][314]LogModuleManager: Shutting down and abandoning module MergeActors (434)
[2023.01.30-04.54.57:568][314]LogModuleManager: Shutting down and abandoning module SizeMap (432)
[2023.01.30-04.54.57:568][314]LogModuleManager: Shutting down and abandoning module TreeMap (430)
[2023.01.30-04.54.57:568][314]LogModuleManager: Shutting down and abandoning module ReferenceViewer (428)
[2023.01.30-04.54.57:568][314]LogModuleManager: Shutting down and abandoning module LocalizationDashboard (426)
[2023.01.30-04.54.57:568][314]LogModuleManager: Shutting down and abandoning module LocalizationService (425)
[2023.01.30-04.54.57:568][314]LogModuleManager: Shutting down and abandoning module HardwareTargeting (422)
[2023.01.30-04.54.57:568][314]LogModuleManager: Shutting down and abandoning module DeviceProfileEditor (420)
[2023.01.30-04.54.57:568][314]LogModuleManager: Shutting down and abandoning module UndoHistory (418)
[2023.01.30-04.54.57:568][314]LogModuleManager: Shutting down and abandoning module XmlParser (416)
[2023.01.30-04.54.57:568][314]LogModuleManager: Shutting down and abandoning module Blutility (414)
[2023.01.30-04.54.57:568][314]LogModuleManager: Shutting down and abandoning module ProjectSettingsViewer (412)
[2023.01.30-04.54.57:568][314]LogModuleManager: Shutting down and abandoning module ProjectTargetPlatformEditor (411)
[2023.01.30-04.54.57:569][314]LogModuleManager: Shutting down and abandoning module EditorSettingsViewer (408)
[2023.01.30-04.54.57:569][314]LogModuleManager: Shutting down and abandoning module SettingsEditor (406)
[2023.01.30-04.54.57:569][314]LogModuleManager: Shutting down and abandoning module ProjectLauncher (404)
[2023.01.30-04.54.57:569][314]LogModuleManager: Shutting down and abandoning module SessionFrontend (402)
[2023.01.30-04.54.57:569][314]LogModuleManager: Shutting down and abandoning module ProfilerClient (400)
[2023.01.30-04.54.57:569][314]LogModuleManager: Shutting down and abandoning module DeviceManager (398)
[2023.01.30-04.54.57:569][314]LogModuleManager: Shutting down and abandoning module TargetDeviceServices (397)
[2023.01.30-04.54.57:613][314]LogModuleManager: Shutting down and abandoning module AutomationController (394)
[2023.01.30-04.54.57:613][314]LogModuleManager: Shutting down and abandoning module AutomationWindow (392)
[2023.01.30-04.54.57:613][314]LogModuleManager: Shutting down and abandoning module Layers (390)
[2023.01.30-04.54.57:613][314]LogModuleManager: Shutting down and abandoning module ComponentVisualizers (388)
[2023.01.30-04.54.57:613][314]LogModuleManager: Shutting down and abandoning module DetailCustomizations (386)
[2023.01.30-04.54.57:613][314]LogModuleManager: Shutting down and abandoning module PackagesDialog (384)
[2023.01.30-04.54.57:613][314]LogModuleManager: Shutting down and abandoning module Persona (382)
[2023.01.30-04.54.57:613][314]LogModuleManager: Shutting down and abandoning module AdvancedPreviewScene (381)
[2023.01.30-04.54.57:613][314]LogModuleManager: Shutting down and abandoning module AnimGraph (379)
[2023.01.30-04.54.57:613][314]LogModuleManager: Shutting down and abandoning module Kismet (376)
[2023.01.30-04.54.57:618][314]LogModuleManager: Shutting down and abandoning module ClassViewer (374)
[2023.01.30-04.54.57:619][314]LogModuleManager: Shutting down and abandoning module Toolbox (372)
[2023.01.30-04.54.57:619][314]LogModuleManager: Shutting down and abandoning module ModuleUI (370)
[2023.01.30-04.54.57:620][314]LogModuleManager: Shutting down and abandoning module MovieSceneTools (368)
[2023.01.30-04.54.57:620][314]LogModuleManager: Shutting down and abandoning module OutputLog (366)
[2023.01.30-04.54.57:620][314]LogModuleManager: Shutting down and abandoning module GammaUI (364)
[2023.01.30-04.54.57:620][314]LogModuleManager: Shutting down and abandoning module Documentation (362)
[2023.01.30-04.54.57:620][314]LogModuleManager: Shutting down and abandoning module MovieSceneTracks (360)
[2023.01.30-04.54.57:620][314]LogModuleManager: Shutting down and abandoning module MovieScene (358)
[2023.01.30-04.54.57:620][314]LogModuleManager: Shutting down and abandoning module Niagara (356)
[2023.01.30-04.54.57:620][314]LogModuleManager: Shutting down and abandoning module NiagaraEditor (355)
[2023.01.30-04.54.57:620][314]LogModuleManager: Shutting down and abandoning module StreamingPauseRendering (352)
[2023.01.30-04.54.57:620][314]LogModuleManager: Shutting down and abandoning module LauncherPlatform (350)
[2023.01.30-04.54.57:620][314]LogModuleManager: Shutting down and abandoning module AnalyticsET (348)
[2023.01.30-04.54.57:620][314]LogModuleManager: Shutting down and abandoning module PortalServices (346)
[2023.01.30-04.54.57:620][314]LogModuleManager: Shutting down and abandoning module PortalRpc (344)
[2023.01.30-04.54.57:620][314]LogModuleManager: Shutting down and abandoning module MessagingRpc (342)
[2023.01.30-04.54.57:620][314]LogModuleManager: Shutting down and abandoning module AIModule (340)
[2023.01.30-04.54.57:620][314]LogModuleManager: Shutting down and abandoning module GameplayDebugger (339)
[2023.01.30-04.54.57:620][314]LogModuleManager: Shutting down and abandoning module AITestSuite (337)
[2023.01.30-04.54.57:620][314]LogModuleManager: Shutting down and abandoning module ProfilerService (334)
[2023.01.30-04.54.57:806][314]LogModuleManager: Shutting down and abandoning module TaskGraph (332)
[2023.01.30-04.54.57:806][314]LogModuleManager: Shutting down and abandoning module SteamVRController (330)
[2023.01.30-04.54.57:806][314]LogModuleManager: Shutting down and abandoning module ProceduralMeshComponentEditor (328)
[2023.01.30-04.54.57:806][314]LogModuleManager: Shutting down and abandoning module ProceduralMeshComponent (326)
[2023.01.30-04.54.57:806][314]LogModuleManager: Shutting down and abandoning module OculusInput (324)
[2023.01.30-04.54.57:807][314]LogModuleManager: Shutting down and abandoning module MobilePatchingUtils (322)
[2023.01.30-04.54.57:807][314]LogModuleManager: Shutting down and abandoning module CustomMeshComponent (320)
[2023.01.30-04.54.57:807][314]LogModuleManager: Shutting down and abandoning module CableComponent (318)
[2023.01.30-04.54.57:807][314]LogModuleManager: Shutting down and abandoning module ArchVisCharacter (316)
[2023.01.30-04.54.57:807][314]LogModuleManager: Shutting down and abandoning module AndroidPermission (314)
[2023.01.30-04.54.57:807][314]LogModuleManager: Shutting down and abandoning module MediaPlayerEditor (310)
[2023.01.30-04.54.57:807][314]LogModuleManager: Shutting down and abandoning module HTML5Networking (308)
[2023.01.30-04.54.57:807][314]LogModuleManager: Shutting down and abandoning module AlembicImporter (306)
[2023.01.30-04.54.57:807][314]LogModuleManager: Shutting down and abandoning module AlembicLibrary (305)
[2023.01.30-04.54.57:807][314]LogModuleManager: Shutting down and abandoning module GeometryCache (304)
[2023.01.30-04.54.57:807][314]LogModuleManager: Shutting down and abandoning module GeometryCacheEd (303)
[2023.01.30-04.54.57:807][314]LogModuleManager: Shutting down and abandoning module SpeedTreeImporter (298)
[2023.01.30-04.54.57:807][314]LogModuleManager: Shutting down and abandoning module PluginBrowser (296)
[2023.01.30-04.54.57:807][314]LogModuleManager: Shutting down and abandoning module MobileLauncherProfileWizard (294)
[2023.01.30-04.54.57:807][314]LogModuleManager: Shutting down and abandoning module VisualStudioSourceCodeAccess (292)
[2023.01.30-04.54.57:807][314]LogModuleManager: Shutting down and abandoning module DesktopPlatform (291)
[2023.01.30-04.54.57:807][314]LogModuleManager: Shutting down and abandoning module UObjectPlugin (288)
[2023.01.30-04.54.57:807][314]LogModuleManager: Shutting down and abandoning module SubversionSourceControl (286)
[2023.01.30-04.54.57:807][314]LogModuleManager: Shutting down and abandoning module PerforceSourceControl (284)
[2023.01.30-04.54.57:807][314]LogModuleManager: Shutting down and abandoning module GitSourceControl (282)
[2023.01.30-04.54.57:807][314]LogModuleManager: Shutting down and abandoning module SourceControl (281)
[2023.01.30-04.54.57:807][314]LogModuleManager: Shutting down and abandoning module LightPropagationVolumeEditor (278)
[2023.01.30-04.54.57:807][314]LogModuleManager: Shutting down and abandoning module PaperTiledImporter (276)
[2023.01.30-04.54.57:807][314]LogModuleManager: Shutting down and abandoning module PaperSpriteSheetImporter (274)
[2023.01.30-04.54.57:807][314]LogModuleManager: Shutting down and abandoning module Paper2DEditor (272)
[2023.01.30-04.54.57:807][314]LogModuleManager: Shutting down and abandoning module MeshPaint (271)
[2023.01.30-04.54.57:807][314]LogModuleManager: Shutting down and abandoning module LevelEditor (269)
[2023.01.30-04.54.57:808][314]LogModuleManager: Shutting down and abandoning module PixelInspectorModule (268)
[2023.01.30-04.54.57:808][314]LogModuleManager: Shutting down and abandoning module MainFrame (266)
[2023.01.30-04.54.57:808][314]LogModuleManager: Shutting down and abandoning module HotReload (265)
[2023.01.30-04.54.57:808][314]LogModuleManager: Shutting down and abandoning module RuntimePhysXCooking (260)
[2023.01.30-04.54.57:808][314]LogModuleManager: Shutting down and abandoning module PhysXVehiclesEditor (258)
[2023.01.30-04.54.57:808][314]LogModuleManager: Shutting down and abandoning module PhysXVehicles (256)
[2023.01.30-04.54.57:808][314]LogModuleManager: Shutting down and abandoning module OculusEditor (254)
[2023.01.30-04.54.57:808][314]LogModuleManager: Shutting down and abandoning module LocationServicesBPLibrary (252)
[2023.01.30-04.54.57:808][314]LogModuleManager: Shutting down and abandoning module ImmediatePhysicsEditor (250)
[2023.01.30-04.54.57:808][314]LogModuleManager: Shutting down and abandoning module ImmediatePhysics (248)
[2023.01.30-04.54.57:808][314]LogModuleManager: Shutting down and abandoning module UdpMessaging (246)
[2023.01.30-04.54.57:909][314]LogModuleManager: Shutting down and abandoning module TcpMessaging (244)
[2023.01.30-04.54.58:010][314]LogModuleManager: Shutting down and abandoning module GameplayTagsEditor (242)
[2023.01.30-04.54.58:010][314]LogModuleManager: Shutting down and abandoning module FacialAnimationEditor (240)
[2023.01.30-04.54.58:010][314]LogModuleManager: Shutting down and abandoning module FacialAnimation (238)
[2023.01.30-04.54.58:010][314]LogModuleManager: Shutting down and abandoning module AssetManagerEditor (236)
[2023.01.30-04.54.58:010][314]LogModuleManager: Shutting down and abandoning module GraphEditor (235)
[2023.01.30-04.54.58:010][314]LogModuleManager: Shutting down and abandoning module ContentBrowser (233)
[2023.01.30-04.54.58:010][314]LogModuleManager: Shutting down and abandoning module LightPropagationVolumeRuntime (230)
[2023.01.30-04.54.58:010][314]LogModuleManager: Shutting down and abandoning module Paper2D (228)
[2023.01.30-04.54.58:010][314]LogModuleManager: Shutting down and abandoning module WindowsMoviePlayer (226)
[2023.01.30-04.54.58:010][314]LogModuleManager: Shutting down and abandoning module WmfMedia (224)
[2023.01.30-04.54.58:013][314]LogModuleManager: Shutting down and abandoning module PacketHandler (222)
[2023.01.30-04.54.58:013][314]LogModuleManager: Shutting down and abandoning module ClothingSystemEditor (220)
[2023.01.30-04.54.58:013][314]LogModuleManager: Shutting down and abandoning module ClothingSystemRuntime (218)
[2023.01.30-04.54.58:013][314]LogModuleManager: Shutting down and abandoning module Overlay (216)
[2023.01.30-04.54.58:013][314]LogModuleManager: Shutting down and abandoning module OverlayEditor (215)
[2023.01.30-04.54.58:013][314]LogModuleManager: Shutting down and abandoning module MediaAssets (212)
[2023.01.30-04.54.58:013][314]LogModuleManager: Shutting down and abandoning module VREditor (210)
[2023.01.30-04.54.58:013][314]LogModuleManager: Shutting down and abandoning module StringTableEditor (208)
[2023.01.30-04.54.58:013][314]LogModuleManager: Shutting down and abandoning module GameplayTasksEditor (206)
[2023.01.30-04.54.58:013][314]LogModuleManager: Shutting down and abandoning module BehaviorTreeEditor (204)
[2023.01.30-04.54.58:013][314]LogModuleManager: Shutting down and abandoning module FunctionalTesting (202)
[2023.01.30-04.54.58:013][314]LogModuleManager: Shutting down and abandoning module CollisionAnalyzer (200)
[2023.01.30-04.54.58:013][314]LogModuleManager: Shutting down and abandoning module WorkspaceMenuStructure (199)
[2023.01.30-04.54.58:013][314]LogModuleManager: Shutting down and abandoning module UMG (196)
[2023.01.30-04.54.58:013][314]LogModuleManager: Shutting down and abandoning module UMGEditor (195)
[2023.01.30-04.54.58:013][314]LogModuleManager: Shutting down and abandoning module Sequencer (194)
[2023.01.30-04.54.58:013][314]LogModuleManager: Shutting down and abandoning module MessageLog (191)
[2023.01.30-04.54.58:013][314]LogModuleManager: Shutting down and abandoning module SlateReflector (186)
[2023.01.30-04.54.58:013][314]LogModuleManager: Shutting down and abandoning module Slate (184)
[2023.01.30-04.54.58:013][314]LogModuleManager: Shutting down and abandoning module EditorStyle (182)
[2023.01.30-04.54.58:014][314]LogModuleManager: Shutting down and abandoning module MRMesh (180)
[2023.01.30-04.54.58:014][314]LogModuleManager: Shutting down and abandoning module SourceCodeAccess (178)
[2023.01.30-04.54.58:015][314]LogModuleManager: Shutting down and abandoning module HeadMountedDisplay (176)
[2023.01.30-04.54.58:015][314]LogModuleManager: Shutting down and abandoning module XAudio2 (174)
[2023.01.30-04.54.58:015][314]LogModuleManager: Shutting down and abandoning module Networking (172)
[2023.01.30-04.54.58:015][314]LogModuleManager: Shutting down and abandoning module Core (168)
[2023.01.30-04.54.58:015][314]LogModuleManager: Shutting down and abandoning module KismetCompiler (164)
[2023.01.30-04.54.58:015][314]LogModuleManager: Shutting down and abandoning module LevelSequence (162)
[2023.01.30-04.54.58:015][314]LogModuleManager: Shutting down and abandoning module MeshUtilities (160)
[2023.01.30-04.54.58:015][314]LogModuleManager: Shutting down and abandoning module MeshMergeUtilities (159)
[2023.01.30-04.54.58:015][314]LogModuleManager: Shutting down and abandoning module MeshReductionInterface (158)
[2023.01.30-04.54.58:015][314]LogModuleManager: Shutting down and abandoning module SimplygonSwarm (157)
[2023.01.30-04.54.58:015][314]LogModuleManager: Shutting down and abandoning module SimplygonMeshReduction (155)
[2023.01.30-04.54.58:015][314]LogModuleManager: Shutting down and abandoning module QuadricMeshReduction (153)
[2023.01.30-04.54.58:015][314]LogModuleManager: Shutting down and abandoning module MaterialBaking (149)
[2023.01.30-04.54.58:015][314]LogModuleManager: Shutting down and abandoning module DirectoryWatcher (146)
[2023.01.30-04.54.58:017][314]LogModuleManager: Shutting down and abandoning module DerivedDataCache (144)
[2023.01.30-04.54.58:042][314]LogDerivedDataCache: Shutdown
[2023.01.30-04.54.58:042][314]LogModuleManager: Shutting down and abandoning module TargetPlatform (142)
[2023.01.30-04.54.58:042][314]LogModuleManager: Shutting down and abandoning module VulkanShaderFormat (141)
[2023.01.30-04.54.58:042][314]LogModuleManager: Shutting down and abandoning module ShaderFormatVectorVM (139)
[2023.01.30-04.54.58:042][314]LogModuleManager: Shutting down and abandoning module ShaderFormatOpenGL (137)
[2023.01.30-04.54.58:042][314]LogModuleManager: Shutting down and abandoning module ShaderFormatD3D (135)
[2023.01.30-04.54.58:042][314]LogModuleManager: Shutting down and abandoning module MetalShaderFormat (133)
[2023.01.30-04.54.58:042][314]LogModuleManager: Shutting down and abandoning module TextureFormatUncompressed (131)
[2023.01.30-04.54.58:042][314]LogModuleManager: Shutting down and abandoning module TextureFormatPVR (129)
[2023.01.30-04.54.58:042][314]LogModuleManager: Shutting down and abandoning module TextureFormatDXT (127)
[2023.01.30-04.54.58:042][314]LogModuleManager: Shutting down and abandoning module TextureFormatIntelISPCTexComp (125)
[2023.01.30-04.54.58:042][314]LogModuleManager: Shutting down and abandoning module TextureFormatASTC (123)
[2023.01.30-04.54.58:042][314]LogModuleManager: Shutting down and abandoning module ImageWrapper (122)
[2023.01.30-04.54.58:042][314]LogModuleManager: Shutting down and abandoning module TextureFormatAndroid (119)
[2023.01.30-04.54.58:042][314]LogModuleManager: Shutting down and abandoning module AudioFormatOpus (117)
[2023.01.30-04.54.58:042][314]LogModuleManager: Shutting down and abandoning module AudioFormatOgg (115)
[2023.01.30-04.54.58:042][314]LogModuleManager: Shutting down and abandoning module AudioFormatADPCM (113)
[2023.01.30-04.54.58:042][314]LogModuleManager: Shutting down and abandoning module LinuxTargetPlatform (111)
[2023.01.30-04.54.58:042][314]LogModuleManager: Shutting down and abandoning module LinuxServerTargetPlatform (109)
[2023.01.30-04.54.58:042][314]LogModuleManager: Shutting down and abandoning module LinuxNoEditorTargetPlatform (107)
[2023.01.30-04.54.58:042][314]LogModuleManager: Shutting down and abandoning module LinuxClientTargetPlatform (105)
[2023.01.30-04.54.58:042][314]LogModuleManager: Shutting down and abandoning module TVOSTargetPlatform (103)
[2023.01.30-04.54.58:043][314]LogModuleManager: Shutting down and abandoning module Messaging (101)
[2023.01.30-04.54.58:043][314]LogModuleManager: Shutting down and abandoning module IOSTargetPlatform (99)
[2023.01.30-04.54.58:043][314]LogModuleManager: Shutting down and abandoning module HTML5TargetPlatform (97)
[2023.01.30-04.54.58:043][314]LogModuleManager: Shutting down and abandoning module Android_PVRTCTargetPlatform (95)
[2023.01.30-04.54.58:043][314]LogModuleManager: Shutting down and abandoning module Android_MultiTargetPlatform (93)
[2023.01.30-04.54.58:043][314]LogModuleManager: Shutting down and abandoning module Android_ETC2TargetPlatform (91)
[2023.01.30-04.54.58:043][314]LogModuleManager: Shutting down and abandoning module Android_ETC1TargetPlatform (89)
[2023.01.30-04.54.58:043][314]LogModuleManager: Shutting down and abandoning module Android_DXTTargetPlatform (87)
[2023.01.30-04.54.58:043][314]LogModuleManager: Shutting down and abandoning module Android_ATCTargetPlatform (85)
[2023.01.30-04.54.58:043][314]LogModuleManager: Shutting down and abandoning module Android_ASTCTargetPlatform (83)
[2023.01.30-04.54.58:043][314]LogModuleManager: Shutting down and abandoning module AndroidTargetPlatform (81)
[2023.01.30-04.54.58:043][314]LogModuleManager: Shutting down and abandoning module WindowsTargetPlatform (79)
[2023.01.30-04.54.58:043][314]LogModuleManager: Shutting down and abandoning module WindowsServerTargetPlatform (77)
[2023.01.30-04.54.58:043][314]LogModuleManager: Shutting down and abandoning module WindowsNoEditorTargetPlatform (75)
[2023.01.30-04.54.58:043][314]LogModuleManager: Shutting down and abandoning module WindowsClientTargetPlatform (73)
[2023.01.30-04.54.58:043][314]LogModuleManager: Shutting down and abandoning module MacTargetPlatform (71)
[2023.01.30-04.54.58:043][314]LogModuleManager: Shutting down and abandoning module MacServerTargetPlatform (69)
[2023.01.30-04.54.58:043][314]LogModuleManager: Shutting down and abandoning module MacNoEditorTargetPlatform (67)
[2023.01.30-04.54.58:043][314]LogModuleManager: Shutting down and abandoning module MacClientTargetPlatform (65)
[2023.01.30-04.54.58:043][314]LogModuleManager: Shutting down and abandoning module AllDesktopTargetPlatform (63)
[2023.01.30-04.54.58:043][314]LogModuleManager: Shutting down and abandoning module InputCore (60)
[2023.01.30-04.54.58:043][314]LogModuleManager: Shutting down and abandoning module Settings (58)
[2023.01.30-04.54.58:043][314]LogModuleManager: Shutting down and abandoning module PhysXCooking (56)
[2023.01.30-04.54.58:043][314]LogModuleManager: Shutting down and abandoning module SteamVR (54)
[2023.01.30-04.54.58:043][314]LogModuleManager: Shutting down and abandoning module OculusHMD (52)
[2023.01.30-04.54.58:043][314]LogModuleManager: Shutting down and abandoning module ExampleDeviceProfileSelector (50)
[2023.01.30-04.54.58:043][314]LogModuleManager: Shutting down and abandoning module OnlineBlueprintSupport (48)
[2023.01.30-04.54.58:043][314]LogModuleManager: Shutting down and abandoning module OnlineSubsystem (44)
[2023.01.30-04.54.58:043][314]LogOnline: Display: Unloading online subsystem: NULL
[2023.01.30-04.54.58:043][314]LogModuleManager: Shutting down and abandoning module XMPP (43)
[2023.01.30-04.54.58:043][314]LogModuleManager: Shutting down and abandoning module HTTP (41)
[2023.01.30-04.54.58:043][314]LogHttp: Display: Http module shutting down, but needs to wait on 1 outstanding Http requests:
[2023.01.30-04.54.58:043][314]LogHttp: Display: 	verb=[POST] url=[https://datarouter.ol.epicgames.com/datarouter/api/v1/public/data?SessionID=%7B51FF90AD-469F-9782-D4FA-29AEB803F5E7%7D&AppID=UEEditor.Rocket.Release&AppVersion=4.17.2-3658906%2B%2B%2BUE4%2BRelease-4.17&UserID=fa24a18a48a876eaf6b355955fc8aa67%7Ce8b3fdf15aca489e9e785367966abd62%7Cbf50e6b5-b8ad-4e2d-9277-7f0a6487721a&AppEnvironment=datacollector-binary&UploadType=eteventstream] status=Processing
[2023.01.30-04.54.58:055][314]LogModuleManager: Shutting down and abandoning module SSL (40)
[2023.01.30-04.54.58:056][314]LogModuleManager: Shutting down and abandoning module AnimationModifiers (36)
[2023.01.30-04.54.58:056][314]LogModuleManager: Shutting down and abandoning module PropertyEditor (35)
[2023.01.30-04.54.58:056][314]LogModuleManager: Shutting down and abandoning module AudioEditor (32)
[2023.01.30-04.54.58:056][314]LogModuleManager: Shutting down and abandoning module TextureCompressor (30)
[2023.01.30-04.54.58:056][314]LogModuleManager: Shutting down and abandoning module ShaderCore (28)
[2023.01.30-04.54.58:056][314]LogModuleManager: Shutting down and abandoning module Landscape (26)
[2023.01.30-04.54.58:056][314]LogModuleManager: Shutting down and abandoning module SlateRHIRenderer (24)
[2023.01.30-04.54.58:058][314]LogModuleManager: Shutting down and abandoning module OpenGLDrv (22)
[2023.01.30-04.54.58:058][314]LogModuleManager: Shutting down and abandoning module D3D11RHI (20)
[2023.01.30-04.54.58:058][314]LogModuleManager: Shutting down and abandoning module AnimGraphRuntime (18)
[2023.01.30-04.54.58:058][314]LogModuleManager: Shutting down and abandoning module Renderer (16)
[2023.01.30-04.54.58:058][314]LogModuleManager: Shutting down and abandoning module Engine (14)
[2023.01.30-04.54.58:058][314]LogModuleManager: Shutting down and abandoning module CoreUObject (12)
[2023.01.30-04.54.58:059][314]LogModuleManager: Shutting down and abandoning module NetworkFile (10)
[2023.01.30-04.54.58:059][314]LogModuleManager: Shutting down and abandoning module CookedIterativeFile (8)
[2023.01.30-04.54.58:059][314]LogModuleManager: Shutting down and abandoning module StreamingFile (6)
[2023.01.30-04.54.58:059][314]LogModuleManager: Shutting down and abandoning module SandboxFile (4)
[2023.01.30-04.54.58:059][314]LogModuleManager: Shutting down and abandoning module PakFile (2)
[2023.01.30-04.54.58:063][314]LogExit: Exiting.
[2023.01.30-04.54.58:072][314]Log file closed, 01/30/23 13:54:58
