Log file open, 01/18/23 09:27:12
LogWindows: Failed to load 'aqProf.dll' (GetLastError=126)
LogWindows: File 'aqProf.dll' does not exist
LogWindows: Failed to load 'VSPerf140.dll' (GetLastError=126)
LogWindows: File 'VSPerf140.dll' does not exist
LogWindows: Failed to load 'VtuneApi.dll' (GetLastError=126)
LogWindows: File 'VtuneApi.dll' does not exist
LogWindows: Failed to load 'VtuneApi32e.dll' (GetLastError=126)
LogWindows: File 'VtuneApi32e.dll' does not exist
LogInit: Display: Running engine for game: MyProject2
LogPlatformFile: Not using cached read wrapper
LogInit: Display: RandInit(1911393648) SRandInit(1911393648).
LogTaskGraph: Started task graph with 5 named threads and 20 total threads with 3 sets of task threads.
LogStats: Stats thread started at 10.001252
LogD3D11RHI: Aftermath initialized
LogPluginManager: Mounting plugin Paper2D
LogPluginManager: Mounting plugin LightPropagationVolume
LogPluginManager: Mounting plugin CodeLiteSourceCodeAccess
LogPluginManager: Mounting plugin GitSourceControl
LogPluginManager: Mounting plugin KDevelopSourceCodeAccess
LogPluginManager: Mounting plugin NullSourceCodeAccess
LogPluginManager: Mounting plugin PerforceSourceControl
LogPluginManager: Mounting plugin SubversionSourceControl
LogPluginManager: Mounting plugin UObjectPlugin
LogPluginManager: Mounting plugin VisualStudioSourceCodeAccess
LogPluginManager: Mounting plugin XCodeSourceCodeAccess
LogPluginManager: Mounting plugin AssetManagerEditor
LogPluginManager: Mounting plugin AudioCapture
LogPluginManager: Mounting plugin FacialAnimation
LogPluginManager: Mounting plugin GameplayTagsEditor
LogPluginManager: Mounting plugin MobileLauncherProfileWizard
LogPluginManager: Mounting plugin PluginBrowser
LogPluginManager: Mounting plugin SpeedTreeImporter
LogPluginManager: Mounting plugin AlembicImporter
LogPluginManager: Mounting plugin CharacterAI
LogPluginManager: Mounting plugin HTML5Networking
LogPluginManager: Mounting plugin AndroidMedia
LogPluginManager: Mounting plugin AvfMedia
LogPluginManager: Mounting plugin MediaPlayerEditor
LogPluginManager: Mounting plugin WmfMedia
LogPluginManager: Mounting plugin TcpMessaging
LogPluginManager: Mounting plugin UdpMessaging
LogPluginManager: Mounting plugin LevelSequenceEditor
LogPluginManager: Mounting plugin MatineeToLevelSequence
LogPluginManager: Mounting plugin OnlineSubsystemGooglePlay
LogPluginManager: Mounting plugin OnlineSubsystemIOS
LogPluginManager: Mounting plugin OnlineSubsystem
LogPluginManager: Mounting plugin OnlineSubsystemNull
LogPluginManager: Mounting plugin OnlineSubsystemUtils
LogPluginManager: Mounting plugin AndroidDeviceProfileSelector
LogPluginManager: Mounting plugin AndroidMoviePlayer
LogPluginManager: Mounting plugin AndroidPermission
LogPluginManager: Mounting plugin AppleMoviePlayer
LogPluginManager: Mounting plugin ArchVisCharacter
LogPluginManager: Mounting plugin CableComponent
LogPluginManager: Mounting plugin CustomMeshComponent
LogPluginManager: Mounting plugin ExampleDeviceProfileSelector
LogPluginManager: Mounting plugin GoogleCloudMessaging
LogPluginManager: Mounting plugin ImmediatePhysics
LogPluginManager: Mounting plugin IOSDeviceProfileSelector
LogPluginManager: Mounting plugin LinuxDeviceProfileSelector
LogPluginManager: Mounting plugin LocationServicesBPLibrary
LogPluginManager: Mounting plugin MobilePatchingUtils
LogPluginManager: Mounting plugin OculusVR
LogPluginManager: Mounting plugin PhysXVehicles
LogPluginManager: Mounting plugin ProceduralMeshComponent
LogPluginManager: Mounting plugin RuntimePhysXCooking
LogPluginManager: Mounting plugin SteamVR
LogPluginManager: Mounting plugin WindowsMoviePlayer
LogInit: Using libcurl 7.47.1
LogInit:  - built for x86_64-pc-win32
LogInit:  - supports SSL with OpenSSL/1.0.2g
LogInit:  - supports HTTP deflate (compression) using libz 1.2.8
LogInit:  - other features:
LogInit:      CURL_VERSION_SSL
LogInit:      CURL_VERSION_LIBZ
LogInit:      CURL_VERSION_IPV6
LogInit:      CURL_VERSION_ASYNCHDNS
LogInit:      CURL_VERSION_LARGEFILE
LogInit:      CURL_VERSION_IDN
LogInit:  CurlRequestOptions (configurable via config and command line):
LogInit:  - bVerifyPeer = false  - Libcurl will NOT verify peer certificate
LogInit:  - bUseHttpProxy = false  - Libcurl will NOT use HTTP proxy
LogInit:  - bDontReuseConnections = false  - Libcurl will reuse connections
LogInit:  - CertBundlePath = nullptr  - Libcurl will use whatever was configured at build time.
LogInit: Build: ++UE4+Release-4.17-CL-3658906
LogInit: Engine Version: 4.17.2-3658906+++UE4+Release-4.17
LogInit: Compatible Engine Version: 4.17.0-3573198+++UE4+Release-4.17
LogInit: Net CL: 3573198
LogDevObjectVersion: Number of dev versions registered: 16
LogDevObjectVersion:   Dev-Blueprints (B0D832E4-1F89-4F0D-ACCF-7EB736FD4AA2): 10
LogDevObjectVersion:   Dev-Build (E1C64328-A22C-4D53-A36C-8E866417BD8C): 0
LogDevObjectVersion:   Dev-Core (375EC13C-06E4-48FB-B500-84F0262A717E): 2
LogDevObjectVersion:   Dev-Editor (E4B068ED-F494-42E9-A231-DA0B2E46BB41): 20
LogDevObjectVersion:   Dev-Framework (CFFC743F-43B0-4480-9391-14DF171D2073): 28
LogDevObjectVersion:   Dev-Mobile (B02B49B5-BB20-44E9-A304-32B752E40360): 0
LogDevObjectVersion:   Dev-Networking (A4E4105C-59A1-49B5-A7C5-40C4547EDFEE): 0
LogDevObjectVersion:   Dev-Online (39C831C9-5AE6-47DC-9A44-9C173E1C8E7C): 0
LogDevObjectVersion:   Dev-Physics (78F01B33-EBEA-4F98-B9B4-84EACCB95AA2): 0
LogDevObjectVersion:   Dev-Platform (6631380F-2D4D-43E0-8009-CF276956A95A): 0
LogDevObjectVersion:   Dev-Rendering (12F88B9F-8875-4AFC-A67C-D90C383ABD29): 19
LogDevObjectVersion:   Dev-Sequencer (7B5AE74C-D270-4C10-A958-57980B212A5A): 4
LogDevObjectVersion:   Dev-VR (D7296918-1DD6-4BDD-9DE2-64A83CC13884): 0
LogDevObjectVersion:   Dev-LoadTimes (C2A15278-BFE7-4AFE-6C17-90FF531DF755): 1
LogDevObjectVersion:   Private-Geometry (6EACA3D4-40EC-4CC1-B786-8BED09428FC5): 1
LogDevObjectVersion:   Dev-AnimPhys (29E575DD-E0A3-4627-9D10-D276232CDCEA): 7
LogInit: Compiled (64-bit): Sep 22 2017 13:47:16
LogInit: Compiled with Visual C++: 19.00.24215.01
LogInit: Build Configuration: Development
LogInit: Branch Name: ++UE4+Release-4.17
LogInit: Command line:  
LogInit: Base directory: D:/school/Unreal/UE_4.17/Engine/Binaries/Win64/
LogInit: Installed Engine Build: 1
LogInit: Presizing for max 8388607 objects, including 0 objects not considered by GC, pre-allocating 0 bytes for permanent pool.
LogInit: Object subsystem initialized
[2023.01.18-00.27.15:286][  0]LogInit: Selected Device Profile: [Windows]
[2023.01.18-00.27.15:286][  0]LogInit: Applying CVar settings loaded from the selected device profile: [Windows]
[2023.01.18-00.27.15:295][  0]LogInit: Computer: KBC12006040
[2023.01.18-00.27.15:295][  0]LogInit: User: kbc12006040
[2023.01.18-00.27.15:295][  0]LogInit: CPU Page size=4096, Cores=6
[2023.01.18-00.27.15:295][  0]LogInit: High frequency timer resolution =10.000000 MHz
[2023.01.18-00.27.15:295][  0]LogMemory: Memory total: Physical=15.8GB (16GB approx)
[2023.01.18-00.27.15:295][  0]LogMemory: Platform Memory Stats for Windows
[2023.01.18-00.27.15:295][  0]LogMemory: Process Physical Memory: 280.72 MB used, 280.72 MB peak
[2023.01.18-00.27.15:295][  0]LogMemory: Process Virtual Memory: 282.72 MB used, 282.72 MB peak
[2023.01.18-00.27.15:295][  0]LogMemory: Physical Memory: 6459.95 MB used,  9769.97 MB free, 16229.91 MB total
[2023.01.18-00.27.15:295][  0]LogMemory: Virtual Memory: 4801.86 MB used,  9769.97 MB free, 134217728.00 MB total
[2023.01.18-00.27.16:339][  0]LogInit: Using OS detected language (ja-JP).
[2023.01.18-00.27.16:339][  0]LogInit: Using OS detected locale (ja-JP).
[2023.01.18-00.27.17:070][  0]LogTextLocalizationManager: No specific localization for 'ja-JP' exists, so the 'ja' localization will be used.
[2023.01.18-00.27.22:115][  0]LogD3D11RHI: D3D11 adapters:
[2023.01.18-00.27.23:101][  0]LogD3D11RHI:    0. 'NVIDIA GeForce GTX 1650 with Max-Q Design' (Feature Level 11_0)
[2023.01.18-00.27.23:101][  0]LogD3D11RHI:       3949/0/8114 MB DedicatedVideo/DedicatedSystem/SharedSystem, Outputs:1, VendorId:0x10de
[2023.01.18-00.27.23:153][  0]LogD3D11RHI:    1. 'Intel(R) UHD Graphics 630' (Feature Level 11_0)
[2023.01.18-00.27.23:153][  0]LogD3D11RHI:       128/0/8114 MB DedicatedVideo/DedicatedSystem/SharedSystem, Outputs:0, VendorId:0x8086
[2023.01.18-00.27.23:155][  0]LogD3D11RHI:    2. 'Microsoft Basic Render Driver' (Feature Level 11_0)
[2023.01.18-00.27.23:155][  0]LogD3D11RHI:       0/0/8114 MB DedicatedVideo/DedicatedSystem/SharedSystem, Outputs:0, VendorId:0x1414
[2023.01.18-00.27.23:155][  0]LogD3D11RHI: Chosen D3D11 Adapter: 0
[2023.01.18-00.27.23:160][  0]LogD3D11RHI: Creating new Direct3DDevice
[2023.01.18-00.27.23:160][  0]LogD3D11RHI:     GPU DeviceId: 0x1f91 (for the marketing name, search the web for "GPU Device Id")
[2023.01.18-00.27.23:161][  0]LogWindows: EnumDisplayDevices:
[2023.01.18-00.27.23:161][  0]LogWindows:    0. 'Intel(R) UHD Graphics 630' (P:1 D:1)
[2023.01.18-00.27.23:161][  0]LogWindows:    1. 'Intel(R) UHD Graphics 630' (P:0 D:0)
[2023.01.18-00.27.23:161][  0]LogWindows:    2. 'Intel(R) UHD Graphics 630' (P:0 D:0)
[2023.01.18-00.27.23:161][  0]LogWindows: DebugString: GetVideoDriverDetailsInvalid PrimaryIsNotTheChoosenAdapter GetVideoDriverDetailsInvalid PrimaryIsNotTheChoosenAdapter GetVideoDriverDetailsInvalid PrimaryIsNotTheChoosenAdapter FoundDriverCount:0 
[2023.01.18-00.27.23:161][  0]LogD3D11RHI:     Adapter Name: NVIDIA GeForce GTX 1650 with Max-Q Design
[2023.01.18-00.27.23:161][  0]LogD3D11RHI:   Driver Version: Unknown (internal:Unknown, unified:Unknown)
[2023.01.18-00.27.23:161][  0]LogD3D11RHI:      Driver Date: Unknown
[2023.01.18-00.27.23:161][  0]LogRHI: Texture pool is 1361 MB (70% of 1945 MB)
[2023.01.18-00.27.23:228][  0]LogD3D11RHI: Async texture creation enabled
[2023.01.18-00.27.23:419][  0]LogD3D11RHI: GPU Timing Frequency: 1000.000000 (Debug: 2 1)
[2023.01.18-00.27.23:443][  0]LogShaderCompilers: Guid format shader working directory is 17 characters bigger than the processId version (../../../../Team_Unreal/MyProject2/Intermediate/Shaders/WorkingDirectory/30712/).
[2023.01.18-00.27.23:443][  0]LogShaderCompilers: Cleaned the shader compiler working directory 'C:/Users/kbc12006040/AppData/Local/Temp/UnrealShaderWorkingDir/3A3596C645EBFAD2521658984E0905C5/'.
[2023.01.18-00.27.23:444][  0]LogShaderCompilers: Display: Using Local Shader Compiler.
[2023.01.18-00.27.26:026][  0]LogTemp: Display: Loaded TP AllDesktopTargetPlatform
[2023.01.18-00.27.26:074][  0]LogTemp: Display: Loaded TP MacClientTargetPlatform
[2023.01.18-00.27.26:125][  0]LogTemp: Display: Loaded TP MacNoEditorTargetPlatform
[2023.01.18-00.27.26:187][  0]LogTemp: Display: Loaded TP MacServerTargetPlatform
[2023.01.18-00.27.26:384][  0]LogTemp: Display: Loaded TP MacTargetPlatform
[2023.01.18-00.27.26:437][  0]LogTemp: Display: Loaded TP WindowsClientTargetPlatform
[2023.01.18-00.27.26:510][  0]LogTemp: Display: Loaded TP WindowsNoEditorTargetPlatform
[2023.01.18-00.27.26:559][  0]LogTemp: Display: Loaded TP WindowsServerTargetPlatform
[2023.01.18-00.27.26:607][  0]LogTemp: Display: Loaded TP WindowsTargetPlatform
[2023.01.18-00.27.26:682][  0]LogTemp: Display: Loaded TP AndroidTargetPlatform
[2023.01.18-00.27.26:732][  0]LogTemp: Display: Loaded TP Android_ASTCTargetPlatform
[2023.01.18-00.27.26:781][  0]LogTemp: Display: Loaded TP Android_ATCTargetPlatform
[2023.01.18-00.27.26:828][  0]LogTemp: Display: Loaded TP Android_DXTTargetPlatform
[2023.01.18-00.27.26:879][  0]LogTemp: Display: Loaded TP Android_ETC1TargetPlatform
[2023.01.18-00.27.26:930][  0]LogTemp: Display: Loaded TP Android_ETC2TargetPlatform
[2023.01.18-00.27.27:031][  0]LogTemp: Display: Loaded TP Android_MultiTargetPlatform
[2023.01.18-00.27.27:031][  0]LogTemp: Display: Loaded TP Android_PVRTCTargetPlatform
[2023.01.18-00.27.27:076][  0]LogTemp: Display: Loaded TP HTML5TargetPlatform
[2023.01.18-00.27.27:248][  0]LogTemp: Display: Loaded TP IOSTargetPlatform
[2023.01.18-00.27.27:286][  0]LogTemp: Display: Loaded TP TVOSTargetPlatform
[2023.01.18-00.27.27:337][  0]LogTemp: Display: Loaded TP LinuxClientTargetPlatform
[2023.01.18-00.27.27:386][  0]LogTemp: Display: Loaded TP LinuxNoEditorTargetPlatform
[2023.01.18-00.27.27:434][  0]LogTemp: Display: Loaded TP LinuxServerTargetPlatform
[2023.01.18-00.27.27:529][  0]LogTemp: Display: Loaded TP LinuxTargetPlatform
[2023.01.18-00.27.27:529][  0]LogTargetPlatformManager: Display: Building Assets For Windows
[2023.01.18-00.27.29:384][  0]LogDerivedDataCache: Display: Max Cache Size: 512 MB
[2023.01.18-00.27.29:554][  0]LogDerivedDataCache: Loaded boot cache 0.17s 93MB C:/Users/kbc12006040/AppData/Local/UnrealEngine/4.17/DerivedDataCache/Boot.ddc.
[2023.01.18-00.27.29:554][  0]LogDerivedDataCache: Display: Loaded Boot cache: C:/Users/kbc12006040/AppData/Local/UnrealEngine/4.17/DerivedDataCache/Boot.ddc
[2023.01.18-00.27.29:554][  0]LogDerivedDataCache: FDerivedDataBackendGraph:  Pak pak cache file ../../../../Team_Unreal/MyProject2/DerivedDataCache/DDC.ddp not found, will not use a pak cache.
[2023.01.18-00.27.29:554][  0]LogDerivedDataCache: Unable to find inner node Pak for hierarchical cache Hierarchy.
[2023.01.18-00.27.29:554][  0]LogDerivedDataCache: FDerivedDataBackendGraph:  CompressedPak pak cache file ../../../../Team_Unreal/MyProject2/DerivedDataCache/Compressed.ddp not found, will not use a pak cache.
[2023.01.18-00.27.29:554][  0]LogDerivedDataCache: Unable to find inner node CompressedPak for hierarchical cache Hierarchy.
[2023.01.18-00.27.29:652][  0]LogDerivedDataCache: Display: Pak cache opened for reading ../../../Engine/DerivedDataCache/Compressed.ddp.
[2023.01.18-00.27.29:666][  0]LogDerivedDataCache: Using Local data cache path C:/Users/kbc12006040/AppData/Local/UnrealEngine/Common/DerivedDataCache: Writable
[2023.01.18-00.27.29:688][  0]LogMaterial: Verifying Global Shaders for PCD3D_SM5
[2023.01.18-00.27.29:732][  0]LogSlate: Using Freetype 2.6.0
[2023.01.18-00.27.29:846][  0]LogSlate: SlateFontCache - WITH_FREETYPE: 1, WITH_HARFBUZZ: 1
[2023.01.18-00.27.29:859][  0]LogSlate: SlateFontCache - WITH_FREETYPE: 1, WITH_HARFBUZZ: 1
[2023.01.18-00.27.35:369][  0]LogAssetRegistry: FAssetRegistry took 0.0291 seconds to start up
[2023.01.18-00.27.35:803][  0]LogInit: Selected Device Profile: [Windows]
[2023.01.18-00.27.39:336][  0]LogContentStreaming: Texture pool size is 0.00 MB
[2023.01.18-00.27.40:226][  0]LogSimplygon: Simplygon DLL not present - disabling.
[2023.01.18-00.27.40:279][  0]LogMeshReduction: Using SimplygonSwarm for distributed automatic mesh merging
[2023.01.18-00.27.40:279][  0]LogMeshReduction: Using QuadricMeshReduction for automatic static mesh reduction
[2023.01.18-00.27.40:279][  0]LogMeshReduction: No automatic skeletal mesh reduction module available
[2023.01.18-00.27.40:279][  0]LogMeshReduction: No automatic mesh merging module available
[2023.01.18-00.27.40:279][  0]LogMeshMerging: No automatic mesh merging module available
[2023.01.18-00.27.42:707][  0]LogNetVersion: MyProject2 , NetCL: 3573198, EngineNetVer: 2, GameNetVer: 0 (Checksum: 237949846)
[2023.01.18-00.27.43:445][  0]LogPackageLocalizationCache: Processed 5 localized package path(s) for 2 prioritized culture(s) in 0.048920 seconds
[2023.01.18-00.27.43:449][  0]LogUObjectArray: 35825 objects as part of root set at end of initial load.
[2023.01.18-00.27.43:449][  0]LogUObjectAllocator: 7529112 out of 0 bytes used by permanent object pool.
[2023.01.18-00.27.43:449][  0]LogUObjectArray: CloseDisregardForGC: 0/0 objects in disregard for GC pool
[2023.01.18-00.27.43:517][  0]LogInit: WinSock: version 1.1 (2.2), MaxSocks=32767, MaxUdp=65467
[2023.01.18-00.27.53:157][  0]LogTcpMessaging: Initializing TcpMessaging bridge
[2023.01.18-00.27.53:212][  0]LogUdpMessaging: Initializing bridge on interface 0.0.0.0:0 to multicast group 230.0.0.1:6666.
[2023.01.18-00.27.55:015][  0]LogMaterial: Uniform references updated for custom material expression Custom.
[2023.01.18-00.27.55:676][  0]SourceControl: ソースコントロールは無効です
[2023.01.18-00.27.55:676][  0]SourceControl: ソースコントロールは無効です
[2023.01.18-00.27.55:729][  0]SourceControl: ソースコントロールは無効です
[2023.01.18-00.27.55:812][  0]SourceControl: ソースコントロールは無効です
[2023.01.18-00.27.56:956][  0]LogAndroidPermission: UAndroidPermissionCallbackProxy::GetInstance
[2023.01.18-00.27.57:305][  0]LogOcInput: OculusInput pre-init called
[2023.01.18-00.27.57:955][  0]LogEngine: Initializing Engine...
[2023.01.18-00.27.57:970][  0]LogHMD: Failed to initialize OpenVR with code 110
[2023.01.18-00.27.59:044][  0]LogStats: UGameplayTagsManager::ConstructGameplayTagTree: Construct from data asset -  0.000 s
[2023.01.18-00.27.59:044][  0]LogStats: UGameplayTagsManager::ConstructGameplayTagTree: GameplayTagTreeChangedEvent.Broadcast -  0.000 s
[2023.01.18-00.27.59:443][  0]LogAIModule: Creating AISystem for world Untitled
[2023.01.18-00.27.59:534][  0]LogInit: XAudio2 using 'スピーカー (Realtek(R) Audio)' : 2 channels at 48 kHz using 32 bits per sample (channel mask 0x3)
[2023.01.18-00.27.59:617][  0]LogInit: FAudioDevice initialized.
[2023.01.18-00.27.59:762][  0]LogDerivedDataCache: Saved boot cache 0.14s 93MB C:/Users/kbc12006040/AppData/Local/UnrealEngine/4.17/DerivedDataCache/Boot.ddc.
[2023.01.18-00.27.59:773][  0]LogInit: Texture streaming: Enabled
[2023.01.18-00.27.59:972][  0]LogEngineSessionManager: EngineSessionManager initialized
[2023.01.18-00.28.00:953][  0]LogInit: Transaction tracking system initialized
[2023.01.18-00.28.01:692][  0]BlueprintLog: New page: エディタの読み込み
[2023.01.18-00.28.04:363][  0]LocalizationService: ローカライズのサービスが無効になりました
[2023.01.18-00.28.06:408][  0]LogConsoleResponse: Display: 
[2023.01.18-00.28.09:651][  0]LogFileCache: Scanning file cache for directory 'D:/school/Unreal/Team_Unreal/MyProject2/Content/' took 0.03s
[2023.01.18-00.28.09:651][  0]LogCook: Display: Max memory allowance for cook 16384mb min free memory 0mb
[2023.01.18-00.28.09:651][  0]LogCook: Display: Mobile HDR setting 1
[2023.01.18-00.28.09:707][  0]LogGameplayTags: Display: UGameplayTagsManager::DoneAddingNativeTags. DelegateIsBound: 0
[2023.01.18-00.28.16:453][  0]SourceControl: ソースコントロールは無効です
[2023.01.18-00.28.16:585][  0]Cmd: MAP LOAD FILE="../../../Engine/Content/Maps/Templates/Template_Default.umap" TEMPLATE=1 SHOWPROGRESS=1 FEATURELEVEL=3
[2023.01.18-00.28.16:662][  0]LightingResults: New page: ライティングのビルド
[2023.01.18-00.28.16:859][  0]MapCheck: New page: マップをチェック
[2023.01.18-00.28.16:859][  0]LightingResults: New page: <何も選択されていません>
[2023.01.18-00.28.19:245][  0]LogAIModule: Creating AISystem for world Untitled_1
[2023.01.18-00.28.19:734][  0]LogEditorServer: Finished looking for orphan Actors (0.000 secs)
[2023.01.18-00.28.19:816][  0]Cmd: MAP CHECKDEP NOCLEARLOG
[2023.01.18-00.28.19:946][  0]MapCheck: マップチェックが完了: 0 エラー、 0 警告、完了に 131.692ミリ秒かかりました。
[2023.01.18-00.28.19:946][  0]LogFileHelpers: Loading map 'Template_Default' took 3.433
[2023.01.18-00.28.22:078][  0]LogCollectionManager: Loaded 0 collections in 0.001502 seconds
[2023.01.18-00.28.22:471][  0]LogFileCache: Scanning file cache for directory 'D:/school/Unreal/Team_Unreal/MyProject2/Saved/Collections/' took 0.01s
[2023.01.18-00.28.22:471][  0]LogFileCache: Scanning file cache for directory 'D:/school/Unreal/Team_Unreal/MyProject2/Content/Developers/kbc12006040/Collections/' took 0.01s
[2023.01.18-00.28.22:471][  0]LogFileCache: Scanning file cache for directory 'D:/school/Unreal/Team_Unreal/MyProject2/Content/Collections/' took 0.01s
[2023.01.18-00.28.22:471][  0]LogCollectionManager: Rebuilt the GUID cache for 0 collections in 0.000001 seconds
[2023.01.18-00.28.22:546][  0]LogContentBrowser: Native class hierarchy populated in 0.0739 seconds. Added 2386 classes and 500 folders.
[2023.01.18-00.28.22:658][  0]LogContentBrowser: Native class hierarchy updated for 'WidgetCarousel' in 0.0011 seconds. Added 0 classes and 0 folders.
[2023.01.18-00.28.26:225][  0]LogContentBrowser: Native class hierarchy updated for 'AddContentDialog' in 0.0010 seconds. Added 0 classes and 0 folders.
[2023.01.18-00.28.27:160][  0]LogContentBrowser: Native class hierarchy updated for 'SceneOutliner' in 0.0012 seconds. Added 1 classes and 2 folders.
[2023.01.18-00.28.33:102][  0]LogTemp: Executing iPhonePackager certificates Engine -bundlename com.YourCompany.MyProject2
[2023.01.18-00.28.33:102][  0]LogTemp: CWD: D:\school\Unreal\UE_4.17\Engine\Binaries\DotNET\IOS
[2023.01.18-00.28.33:102][  0]LogTemp: Initial Dir: D:\school\Unreal\UE_4.17
[2023.01.18-00.28.33:102][  0]LogTemp: Env CWD: D:\school\Unreal\UE_4.17\Engine\Binaries\DotNET\IOS
[2023.01.18-00.28.33:102][  0]LogTemp: BranchPath = KBC12006040/D/school/Unreal/UE_4.17/Engine/Binaries --- GameBranchPath = KBC12006040/D/school/Unreal/UE_4.17/Engine/Binaries
[2023.01.18-00.28.33:102][  0]LogTemp: IPP ERROR: Could not find provision directory 'C:\Users\kbc12006040\AppData\Local/Apple Computer/MobileDevice/Provisioning Profiles/'.
[2023.01.18-00.28.33:102][  0]LogSlate: Took 0.033792 seconds to synchronously load lazily loaded font '../../../Engine/Content/Slate/Fonts/Roboto-Regular.ttf' (155K)
[2023.01.18-00.28.33:358][  0]LogSlate: Took 0.255119 seconds to synchronously load lazily loaded font '../../../Engine/Content/Slate/Fonts/DroidSansFallback.ttf' (3848K)
[2023.01.18-00.28.33:411][  0]LogSlate: Took 0.010430 seconds to synchronously load lazily loaded font '../../../Engine/Content/Slate/Fonts/Roboto-Bold.ttf' (160K)
[2023.01.18-00.28.33:485][  0]LogSlate: Took 0.035439 seconds to synchronously load lazily loaded font '../../../Engine/Content/Editor/Slate/Fonts/FontAwesome.ttf' (139K)
[2023.01.18-00.28.34:112][  0]LogRenderer: Reallocating scene render targets to support 736x348 Format 10 NumSamples 1 (Frame:1).
[2023.01.18-00.28.35:233][  0]LogContentBrowser: Native class hierarchy updated for 'HierarchicalLODOutliner' in 0.0011 seconds. Added 1 classes and 2 folders.
[2023.01.18-00.28.35:233][  0]LogLoad: (Engine Initialization) Total time: 112.31 seconds
[2023.01.18-00.28.35:233][  0]LogLoad: (Engine Initialization) Total Blueprint compile time: 0.00 seconds
[2023.01.18-00.28.35:233][  0]LogExternalProfiler: No external profilers were discovered.  External profiling features will not be available.
[2023.01.18-00.28.35:763][  0]LogContentStreaming: Texture pool size now 1000 MB
[2023.01.18-00.28.36:224][  1]LogAssetRegistry: Asset discovery search completed in 60.8780 seconds
[2023.01.18-00.28.36:226][  1]LogCollectionManager: Rebuilt the object cache for 0 collections in 0.000001 seconds (found 0 objects)
[2023.01.18-00.28.36:226][  1]LogCollectionManager: Fixed up redirectors for 0 collections in 0.000048 seconds (updated 0 objects)
[2023.01.18-00.28.36:968][  3]LogSlate: Took 0.088877 seconds to synchronously load lazily loaded font '../../../Engine/Content/Slate/Fonts/Roboto-Light.ttf' (159K)
[2023.01.18-00.28.52:665][276]LogSlate: Took 0.000215 seconds to synchronously load lazily loaded font '../../../Engine/Content/Slate/Fonts/Roboto-Light.ttf' (159K)
[2023.01.18-00.28.53:586][276]LogSlate: Took 0.000347 seconds to synchronously load lazily loaded font '../../../Engine/Content/Slate/Fonts/Roboto-Regular.ttf' (155K)
[2023.01.18-00.28.55:317][276]LogAIModule: Creating AISystem for world NewMap
[2023.01.18-00.28.55:397][276]Cmd: MAP LOAD FILE="../../../../Team_Unreal/MyProject2/Content/Maps/NewMap.umap" TEMPLATE=0 SHOWPROGRESS=1 FEATURELEVEL=3
[2023.01.18-00.28.55:397][276]LightingResults: New page: ライティングのビルド
[2023.01.18-00.28.55:397][276]LoadErrors: New page: マップをロード中: NewMap.umap
[2023.01.18-00.28.55:398][276]MapCheck: New page: マップをチェック
[2023.01.18-00.28.55:398][276]LightingResults: New page: <何も選択されていません>
[2023.01.18-00.28.55:537][276]LogEditorServer: Finished looking for orphan Actors (0.000 secs)
[2023.01.18-00.28.55:569][276]Cmd: MAP CHECKDEP NOCLEARLOG
[2023.01.18-00.28.55:639][276]MapCheck: マップチェックが完了: 0 エラー、 0 警告、完了に 68.755ミリ秒かかりました。
[2023.01.18-00.28.55:639][276]LogFileHelpers: Loading map 'NewMap' took 0.243
[2023.01.18-00.30.45:025][669]LogWindowsTextInputMethodSystem: Display: IME system now activated using TSF (Microsoft IME).
[2023.01.18-00.30.45:744][669]LogContentBrowser: Native class hierarchy updated for 'BlueprintGraph' in 0.0009 seconds. Added 113 classes and 0 folders.
[2023.01.18-00.30.46:820][669]LogSlate: Took 0.011380 seconds to synchronously load lazily loaded font '../../../Engine/Content/Editor/Slate/Fonts/Roboto-BoldCondensed.ttf' (158K)
[2023.01.18-00.30.47:128][670]LogSlate: Took 0.014769 seconds to synchronously load lazily loaded font '../../../Engine/Content/Editor/Slate/Fonts/Roboto-Italic.ttf' (157K)
[2023.01.18-00.36.50:621][374]LogSlate: Took 0.016928 seconds to synchronously load lazily loaded font '../../../Engine/Content/Editor/Slate/Fonts/Roboto-BoldCondensedItalic.ttf' (160K)
[2023.01.18-00.40.51:607][189]Cmd: OBJ SAVEPACKAGE PACKAGE="/Game/Maps/NewMap" FILE="../../../../Team_Unreal/MyProject2/Saved/Autosaves/Game/Maps/NewMap_Auto1.umap" SILENT=true AUTOSAVING=true KEEPDIRTY=false
[2023.01.18-00.40.52:185][189]LogSavePackage: Save=510.47ms
[2023.01.18-00.40.52:186][189]LogSavePackage: Moving '../../../../Team_Unreal/MyProject2/Saved/NewMap_Auto1106B48B94E8315F73F1DF88FD5369407.tmp' to '../../../../Team_Unreal/MyProject2/Saved/Autosaves/Game/Maps/NewMap_Auto1.umap'
[2023.01.18-00.40.52:208][189]LogSavePackage: Display: Finished SavePackage ../../../../Team_Unreal/MyProject2/Saved/Autosaves/Game/Maps/NewMap_Auto1.umap
[2023.01.18-00.40.52:219][189]LogFileHelpers: Editor autosave (incl. sublevels) for '/Game/Maps/NewMap' took 0.729
[2023.01.18-00.40.52:219][189]LogFileHelpers: Editor autosave (incl. sublevels) for all levels took 0.729
[2023.01.18-00.52.57:554][953]Cmd: OBJ SAVEPACKAGE PACKAGE="/Game/Maps/NewMap" FILE="../../../../Team_Unreal/MyProject2/Saved/Autosaves/Game/Maps/NewMap_Auto2.umap" SILENT=true AUTOSAVING=true KEEPDIRTY=false
[2023.01.18-00.52.58:138][953]LogSavePackage: Save=578.08ms
[2023.01.18-00.52.58:139][953]LogSavePackage: Moving '../../../../Team_Unreal/MyProject2/Saved/NewMap_Auto2B444A9664973735C7B73CABA0EF54CA4.tmp' to '../../../../Team_Unreal/MyProject2/Saved/Autosaves/Game/Maps/NewMap_Auto2.umap'
[2023.01.18-00.52.58:145][953]LogSavePackage: Display: Finished SavePackage ../../../../Team_Unreal/MyProject2/Saved/Autosaves/Game/Maps/NewMap_Auto2.umap
[2023.01.18-00.52.58:148][953]LogFileHelpers: Editor autosave (incl. sublevels) for '/Game/Maps/NewMap' took 0.615
[2023.01.18-00.52.58:148][953]LogFileHelpers: Editor autosave (incl. sublevels) for all levels took 0.615
[2023.01.18-00.58.02:001][981]BlueprintLog: New page: NewMap をコンパイル
[2023.01.18-00.58.34:182][885]BlueprintLog: New page: NewMap をコンパイル
[2023.01.18-00.58.38:246][124]Cmd: OBJ SAVEPACKAGE PACKAGE="/Game/Maps/NewMap" FILE="../../../../Team_Unreal/MyProject2/Content/Maps/NewMap.umap" SILENT=true AUTOSAVING=false KEEPDIRTY=false
[2023.01.18-00.58.38:750][124]LogSavePackage: Save=481.48ms
[2023.01.18-00.58.38:751][124]LogSavePackage: Moving '../../../../Team_Unreal/MyProject2/Saved/NewMap12212D5043AEC11ADE44219AF16D339A.tmp' to '../../../../Team_Unreal/MyProject2/Content/Maps/NewMap.umap'
[2023.01.18-00.58.38:770][124]LogSavePackage: Display: Finished SavePackage ../../../../Team_Unreal/MyProject2/Content/Maps/NewMap.umap
[2023.01.18-00.58.38:790][124]Cmd: OBJ SAVEPACKAGE PACKAGE="/Game/Maps/NewMap_BuiltData" FILE="../../../../Team_Unreal/MyProject2/Content/Maps/NewMap_BuiltData.uasset" SILENT=true
[2023.01.18-00.58.39:111][124]LogSavePackage: Save=270.50ms
[2023.01.18-00.58.39:112][124]LogSavePackage: Moving '../../../../Team_Unreal/MyProject2/Saved/NewMap_BuiltData92AD0599402B9E35755F5787AB397754.tmp' to '../../../../Team_Unreal/MyProject2/Content/Maps/NewMap_BuiltData.uasset'
[2023.01.18-00.58.39:115][124]LogSavePackage: Display: Finished SavePackage ../../../../Team_Unreal/MyProject2/Content/Maps/NewMap_BuiltData.uasset
[2023.01.18-00.58.42:768][343]LogTemp: Repeating last play command: 選択ビューポート
[2023.01.18-00.58.42:972][343]LogBlueprintUserMessages: Early PlayInEditor Detection: Level '/Game/Maps/NewMap.NewMap:PersistentLevel' has LevelScriptBlueprint '/Game/Maps/NewMap.NewMap:PersistentLevel.NewMap' with GeneratedClass '/Game/Maps/NewMap.NewMap_C' with ClassGeneratedBy '/Game/Maps/NewMap.NewMap:PersistentLevel.NewMap'
[2023.01.18-00.58.42:972][343]LogPlayLevel: PlayLevel: No blueprints needed recompiling
[2023.01.18-00.58.43:004][343]PIE: New page: PIEセッション: NewMap (2023/01/18 18:58:42)
[2023.01.18-00.58.43:005][343]LogPlayLevel: Creating play world package: /Game/Maps/UEDPIE_0_NewMap
[2023.01.18-00.58.43:032][343]LogPlayLevel: PIE: StaticDuplicateObject took: (0.027455s)
[2023.01.18-00.58.43:033][343]LogAIModule: Creating AISystem for world NewMap
[2023.01.18-00.58.43:033][343]LogPlayLevel: PIE: World Init took: (0.000953s)
[2023.01.18-00.58.43:033][343]LogPlayLevel: PIE: Created PIE world by copying editor world from /Game/Maps/NewMap.NewMap to /Game/Maps/UEDPIE_0_NewMap.NewMap (0.028806s)
[2023.01.18-00.58.43:062][343]LogInit: XAudio2 using 'スピーカー (Realtek(R) Audio)' : 2 channels at 48 kHz using 32 bits per sample (channel mask 0x3)
[2023.01.18-00.58.43:070][343]LogInit: FAudioDevice initialized.
[2023.01.18-00.58.43:117][343]LogLoad: Game class is 'MyGameMode_C'
[2023.01.18-00.58.43:156][343]LogWorld: Bringing World /Game/Maps/UEDPIE_0_NewMap.NewMap up for play (max tick rate 60) at 2023.01.18-09.58.43
[2023.01.18-00.58.43:172][343]LogWorld: Bringing up level for play took: 0.023634
[2023.01.18-00.58.43:351][343]LogContentBrowser: Native class hierarchy updated for 'MovieSceneCapture' in 0.0011 seconds. Added 11 classes and 0 folders.
[2023.01.18-00.58.43:405][343]PIE: /Game/Maps/UEDPIE_0_NewMap 0.495のプレイ イン エディタの開始時間
[2023.01.18-00.58.43:405][343]LogBlueprintUserMessages: Late PlayInEditor Detection: Level '/Game/Maps/NewMap.NewMap:PersistentLevel' has LevelScriptBlueprint '/Game/Maps/NewMap.NewMap:PersistentLevel.NewMap' with GeneratedClass '/Game/Maps/NewMap.NewMap_C' with ClassGeneratedBy '/Game/Maps/NewMap.NewMap:PersistentLevel.NewMap'
[2023.01.18-00.58.44:545][408]LogBlueprintUserMessages: [NewMap_C_1] true
[2023.01.18-00.58.44:545][408]LogBlueprintUserMessages: [NewInstans_C_0] Hello
[2023.01.18-00.58.45:095][441]LogBlueprintUserMessages: [NewMap_C_1] true
[2023.01.18-00.58.45:095][441]LogBlueprintUserMessages: [NewInstans_C_0] Hello
[2023.01.18-00.58.45:561][469]LogBlueprintUserMessages: [NewMap_C_1] true
[2023.01.18-00.58.45:562][469]LogBlueprintUserMessages: [NewInstans_C_0] Hello
[2023.01.18-00.58.45:911][490]LogBlueprintUserMessages: [NewMap_C_1] true
[2023.01.18-00.58.45:911][490]LogBlueprintUserMessages: [NewInstans_C_0] Hello
[2023.01.18-00.58.46:880][548]LogBlueprintUserMessages: Early EndPlayMap Detection: Level '/Game/Maps/NewMap.NewMap:PersistentLevel' has LevelScriptBlueprint '/Game/Maps/NewMap.NewMap:PersistentLevel.NewMap' with GeneratedClass '/Game/Maps/NewMap.NewMap_C' with ClassGeneratedBy '/Game/Maps/NewMap.NewMap:PersistentLevel.NewMap'
[2023.01.18-00.58.46:933][548]LogBlueprintUserMessages: Late EndPlayMap Detection: Level '/Game/Maps/NewMap.NewMap:PersistentLevel' has LevelScriptBlueprint '/Game/Maps/NewMap.NewMap:PersistentLevel.NewMap' with GeneratedClass '/Game/Maps/NewMap.NewMap_C' with ClassGeneratedBy '/Game/Maps/NewMap.NewMap:PersistentLevel.NewMap'
[2023.01.18-01.02.57:263][277]LogTemp: Repeating last play command: 選択ビューポート
[2023.01.18-01.02.57:281][277]LogBlueprintUserMessages: Early PlayInEditor Detection: Level '/Game/Maps/NewMap.NewMap:PersistentLevel' has LevelScriptBlueprint '/Game/Maps/NewMap.NewMap:PersistentLevel.NewMap' with GeneratedClass '/Game/Maps/NewMap.NewMap_C' with ClassGeneratedBy '/Game/Maps/NewMap.NewMap:PersistentLevel.NewMap'
[2023.01.18-01.02.57:282][277]LogPlayLevel: PlayLevel: No blueprints needed recompiling
[2023.01.18-01.02.57:282][277]PIE: New page: PIEセッション: NewMap (2023/01/18 19:02:57)
[2023.01.18-01.02.57:282][277]LogPlayLevel: Creating play world package: /Game/Maps/UEDPIE_0_NewMap
[2023.01.18-01.02.57:300][277]LogPlayLevel: PIE: StaticDuplicateObject took: (0.017325s)
[2023.01.18-01.02.57:301][277]LogAIModule: Creating AISystem for world NewMap
[2023.01.18-01.02.57:301][277]LogPlayLevel: PIE: World Init took: (0.000868s)
[2023.01.18-01.02.57:301][277]LogPlayLevel: PIE: Created PIE world by copying editor world from /Game/Maps/NewMap.NewMap to /Game/Maps/UEDPIE_0_NewMap.NewMap (0.018568s)
[2023.01.18-01.02.57:334][277]LogInit: XAudio2 using 'スピーカー (Realtek(R) Audio)' : 2 channels at 48 kHz using 32 bits per sample (channel mask 0x3)
[2023.01.18-01.02.57:342][277]LogInit: FAudioDevice initialized.
[2023.01.18-01.02.57:373][277]LogLoad: Game class is 'MyGameMode_C'
[2023.01.18-01.02.57:381][277]LogWorld: Bringing World /Game/Maps/UEDPIE_0_NewMap.NewMap up for play (max tick rate 60) at 2023.01.18-10.02.57
[2023.01.18-01.02.57:382][277]LogWorld: Bringing up level for play took: 0.007601
[2023.01.18-01.02.57:384][277]PIE: /Game/Maps/UEDPIE_0_NewMap 0.475のプレイ イン エディタの開始時間
[2023.01.18-01.02.57:384][277]LogBlueprintUserMessages: Late PlayInEditor Detection: Level '/Game/Maps/NewMap.NewMap:PersistentLevel' has LevelScriptBlueprint '/Game/Maps/NewMap.NewMap:PersistentLevel.NewMap' with GeneratedClass '/Game/Maps/NewMap.NewMap_C' with ClassGeneratedBy '/Game/Maps/NewMap.NewMap:PersistentLevel.NewMap'
[2023.01.18-01.02.58:663][352]LogBlueprintUserMessages: [NewMap_C_1] true
[2023.01.18-01.02.58:663][352]LogBlueprintUserMessages: [NewInstans_C_1] Hello
[2023.01.18-01.02.59:347][393]LogBlueprintUserMessages: [NewMap_C_1] true
[2023.01.18-01.02.59:347][393]LogBlueprintUserMessages: [NewInstans_C_1] Hello
[2023.01.18-01.03.00:331][452]LogBlueprintUserMessages: Early EndPlayMap Detection: Level '/Game/Maps/NewMap.NewMap:PersistentLevel' has LevelScriptBlueprint '/Game/Maps/NewMap.NewMap:PersistentLevel.NewMap' with GeneratedClass '/Game/Maps/NewMap.NewMap_C' with ClassGeneratedBy '/Game/Maps/NewMap.NewMap:PersistentLevel.NewMap'
[2023.01.18-01.03.00:366][452]LogBlueprintUserMessages: Late EndPlayMap Detection: Level '/Game/Maps/NewMap.NewMap:PersistentLevel' has LevelScriptBlueprint '/Game/Maps/NewMap.NewMap:PersistentLevel.NewMap' with GeneratedClass '/Game/Maps/NewMap.NewMap_C' with ClassGeneratedBy '/Game/Maps/NewMap.NewMap:PersistentLevel.NewMap'
[2023.01.18-01.08.15:877][232]LogClass: Warning: Type mismatch in widget of SKEL_NewInstans_C - Previous (StructProperty) Current(ObjectProperty) for package:  FObjectReader
[2023.01.18-01.09.13:021][879]Cmd: OBJ SAVEPACKAGE PACKAGE="/Game/Maps/NewMap" FILE="../../../../Team_Unreal/MyProject2/Saved/Autosaves/Game/Maps/NewMap_Auto3.umap" SILENT=true AUTOSAVING=true KEEPDIRTY=false
[2023.01.18-01.09.13:385][879]LogBlueprint: Error: [Compiler PersistentLevel.NewMap] このブループリントは WidgetComponent ではありません。 ' Target ' に接続が必要です。
[2023.01.18-01.09.13:423][879]LogBlueprint: Warning: [Compiler PersistentLevel.NewMap] [2550.50] Compile of PersistentLevel.NewMap failed. 1 Fatal Issue(s) 0 Warning(s) [in 392 ms] (/Game/Maps/NewMap.NewMap:PersistentLevel.NewMap)
[2023.01.18-01.09.13:893][879]LogSavePackage: Save=865.37ms
[2023.01.18-01.09.13:893][879]LogSavePackage: Moving '../../../../Team_Unreal/MyProject2/Saved/NewMap_Auto3A098BF5B49A2D101DA516E801611B3CB.tmp' to '../../../../Team_Unreal/MyProject2/Saved/Autosaves/Game/Maps/NewMap_Auto3.umap'
[2023.01.18-01.09.13:904][879]LogSavePackage: Display: Finished SavePackage ../../../../Team_Unreal/MyProject2/Saved/Autosaves/Game/Maps/NewMap_Auto3.umap
[2023.01.18-01.09.13:908][879]LogFileHelpers: Editor autosave (incl. sublevels) for '/Game/Maps/NewMap' took 0.911
[2023.01.18-01.09.13:909][879]LogFileHelpers: Editor autosave (incl. sublevels) for all levels took 0.911
[2023.01.18-01.09.13:926][879]OBJ SavePackage: Generating thumbnails for [0] asset(s) in package [/Game/BP/NewInstans] ([1] browsable assets)...
[2023.01.18-01.09.13:926][879]OBJ SavePackage: Finished generating thumbnails for package [/Game/BP/NewInstans]
[2023.01.18-01.09.13:926][879]Cmd: OBJ SAVEPACKAGE PACKAGE="/Game/BP/NewInstans" FILE="../../../../Team_Unreal/MyProject2/Saved/Autosaves/Game/BP/NewInstans_Auto3.uasset" SILENT=false AUTOSAVING=true
[2023.01.18-01.09.13:937][879]LogSavePackage: Save=6.15ms
[2023.01.18-01.09.13:937][879]LogSavePackage: Moving '../../../../Team_Unreal/MyProject2/Saved/NewInstans_Auto3AD90BD0B41CB5A81758368B8980939DE.tmp' to '../../../../Team_Unreal/MyProject2/Saved/Autosaves/Game/BP/NewInstans_Auto3.uasset'
[2023.01.18-01.09.13:939][879]LogSavePackage: Display: Finished SavePackage ../../../../Team_Unreal/MyProject2/Saved/Autosaves/Game/BP/NewInstans_Auto3.uasset
[2023.01.18-01.09.13:940][879]OBJ SavePackage: Generating thumbnails for [1] asset(s) in package [/Game/ThirdPersonBP/Blueprints/ThirdPersonCharacter] ([1] browsable assets)...
[2023.01.18-01.09.13:970][879]OBJ SavePackage:     Rendered thumbnail for [Blueprint /Game/ThirdPersonBP/Blueprints/ThirdPersonCharacter.ThirdPersonCharacter]
[2023.01.18-01.09.13:970][879]OBJ SavePackage: Finished generating thumbnails for package [/Game/ThirdPersonBP/Blueprints/ThirdPersonCharacter]
[2023.01.18-01.09.14:073][879]LogSavePackage: Save=97.06ms
[2023.01.18-01.09.14:073][879]LogSavePackage: Moving '../../../../Team_Unreal/MyProject2/Saved/ThirdPersonCharacter_Auto3B7F4462E4648A14248168485DAE51E61.tmp' to '../../../../Team_Unreal/MyProject2/Saved/Autosaves/Game/ThirdPersonBP/Blueprints/ThirdPersonCharacter_Auto3.uasset'
[2023.01.18-01.09.14:090][879]LogSavePackage: Display: Finished SavePackage ../../../../Team_Unreal/MyProject2/Saved/Autosaves/Game/ThirdPersonBP/Blueprints/ThirdPersonCharacter_Auto3.uasset
[2023.01.18-01.09.14:090][879]LogFileHelpers: Auto-saving content packages took 0.177
[2023.01.18-01.16.39:731][616]BlueprintLog: New page: NewMap をコンパイル
[2023.01.18-01.16.39:739][616]LogBlueprint: Error: [Compiler PersistentLevel.NewMap] このブループリントは WidgetComponent ではありません。 ' Target ' に接続が必要です。
[2023.01.18-01.16.39:763][616]LogBlueprint: Warning: [Compiler PersistentLevel.NewMap] [2996.84] Compile of PersistentLevel.NewMap failed. 1 Fatal Issue(s) 0 Warning(s) [in 32 ms] (/Game/Maps/NewMap.NewMap:PersistentLevel.NewMap)
[2023.01.18-01.18.55:917][759]BlueprintLog: New page: NewInstans をコンパイル
[2023.01.18-01.18.55:940][759]LogBlueprint: Error: [Compiler PersistentLevel.NewMap] このブループリントは WidgetComponent ではありません。 ' Target ' に接続が必要です。
[2023.01.18-01.18.55:954][759]LogBlueprint: Warning: [Compiler PersistentLevel.NewMap] [3133.03] Compile of PersistentLevel.NewMap failed. 1 Fatal Issue(s) 0 Warning(s) [in 35 ms] (/Game/Maps/NewMap.NewMap:PersistentLevel.NewMap)
[2023.01.18-01.19.27:931][398]Cmd: OBJ SAVEPACKAGE PACKAGE="/Game/Maps/NewMap" FILE="../../../../Team_Unreal/MyProject2/Saved/Autosaves/Game/Maps/NewMap_Auto4.umap" SILENT=true AUTOSAVING=true KEEPDIRTY=false
[2023.01.18-01.19.27:947][398]LogBlueprint: Error: [Compiler PersistentLevel.NewMap] このブループリントは WidgetComponent ではありません。 ' Target ' に接続が必要です。
[2023.01.18-01.19.27:948][398]LogBlueprint: Warning: [Compiler PersistentLevel.NewMap] [3165.03] Compile of PersistentLevel.NewMap failed. 1 Fatal Issue(s) 0 Warning(s) [in 5 ms] (/Game/Maps/NewMap.NewMap:PersistentLevel.NewMap)
[2023.01.18-01.19.28:457][398]LogSavePackage: Save=517.20ms
[2023.01.18-01.19.28:457][398]LogSavePackage: Moving '../../../../Team_Unreal/MyProject2/Saved/NewMap_Auto422FA31FF4D873A3EDD68908BDA7F78BA.tmp' to '../../../../Team_Unreal/MyProject2/Saved/Autosaves/Game/Maps/NewMap_Auto4.umap'
[2023.01.18-01.19.28:460][398]LogSavePackage: Display: Finished SavePackage ../../../../Team_Unreal/MyProject2/Saved/Autosaves/Game/Maps/NewMap_Auto4.umap
[2023.01.18-01.19.28:462][398]LogFileHelpers: Editor autosave (incl. sublevels) for '/Game/Maps/NewMap' took 0.917
[2023.01.18-01.19.28:462][398]LogFileHelpers: Editor autosave (incl. sublevels) for all levels took 0.917
[2023.01.18-01.19.28:467][398]OBJ SavePackage: Generating thumbnails for [0] asset(s) in package [/Game/BP/NewInstans] ([1] browsable assets)...
[2023.01.18-01.19.28:467][398]OBJ SavePackage: Finished generating thumbnails for package [/Game/BP/NewInstans]
[2023.01.18-01.19.28:467][398]Cmd: OBJ SAVEPACKAGE PACKAGE="/Game/BP/NewInstans" FILE="../../../../Team_Unreal/MyProject2/Saved/Autosaves/Game/BP/NewInstans_Auto4.uasset" SILENT=false AUTOSAVING=true
[2023.01.18-01.19.28:478][398]LogSavePackage: Save=6.34ms
[2023.01.18-01.19.28:478][398]LogSavePackage: Moving '../../../../Team_Unreal/MyProject2/Saved/NewInstans_Auto470CD340B4416027C9724998BD26DE9CD.tmp' to '../../../../Team_Unreal/MyProject2/Saved/Autosaves/Game/BP/NewInstans_Auto4.uasset'
[2023.01.18-01.19.28:480][398]LogSavePackage: Display: Finished SavePackage ../../../../Team_Unreal/MyProject2/Saved/Autosaves/Game/BP/NewInstans_Auto4.uasset
[2023.01.18-01.19.28:480][398]LogFileHelpers: Auto-saving content packages took 0.016
[2023.01.18-01.29.29:088][163]Cmd: OBJ SAVEPACKAGE PACKAGE="/Game/Maps/NewMap" FILE="../../../../Team_Unreal/MyProject2/Saved/Autosaves/Game/Maps/NewMap_Auto5.umap" SILENT=true AUTOSAVING=true KEEPDIRTY=false
[2023.01.18-01.29.29:102][163]LogBlueprint: Error: [Compiler PersistentLevel.NewMap] このブループリントは WidgetComponent ではありません。 ' Target ' に接続が必要です。
[2023.01.18-01.29.29:103][163]LogBlueprint: Warning: [Compiler PersistentLevel.NewMap] [3766.18] Compile of PersistentLevel.NewMap failed. 1 Fatal Issue(s) 0 Warning(s) [in 5 ms] (/Game/Maps/NewMap.NewMap:PersistentLevel.NewMap)
[2023.01.18-01.29.29:936][163]LogSavePackage: Save=840.87ms
[2023.01.18-01.29.29:936][163]LogSavePackage: Moving '../../../../Team_Unreal/MyProject2/Saved/NewMap_Auto54CF9CAE6468799A278C00F9BE6D54035.tmp' to '../../../../Team_Unreal/MyProject2/Saved/Autosaves/Game/Maps/NewMap_Auto5.umap'
[2023.01.18-01.29.29:938][163]LogSavePackage: Display: Finished SavePackage ../../../../Team_Unreal/MyProject2/Saved/Autosaves/Game/Maps/NewMap_Auto5.umap
[2023.01.18-01.29.29:941][163]LogFileHelpers: Editor autosave (incl. sublevels) for '/Game/Maps/NewMap' took 0.876
[2023.01.18-01.29.29:941][163]LogFileHelpers: Editor autosave (incl. sublevels) for all levels took 0.876
[2023.01.18-01.39.53:259][919]BlueprintLog: New page: NewInstans をコンパイル
[2023.01.18-01.40.08:179][639]BlueprintLog: New page: NewInstans をコンパイル
[2023.01.18-01.40.13:633][964]LogTemp: Repeating last play command: 選択ビューポート
[2023.01.18-01.40.13:648][964]LogBlueprintUserMessages: Early PlayInEditor Detection: Level '/Game/Maps/NewMap.NewMap:PersistentLevel' has LevelScriptBlueprint '/Game/Maps/NewMap.NewMap:PersistentLevel.NewMap' with GeneratedClass '/Game/Maps/NewMap.NewMap_C' with ClassGeneratedBy '/Game/Maps/NewMap.NewMap:PersistentLevel.NewMap'
[2023.01.18-01.40.13:648][964]LogPlayLevel: PlayLevel: No blueprints needed recompiling
[2023.01.18-01.40.13:648][964]PIE: New page: PIEセッション: NewMap (2023/01/18 19:40:13)
[2023.01.18-01.40.13:651][964]LogPlayLevel: Creating play world package: /Game/Maps/UEDPIE_0_NewMap
[2023.01.18-01.40.13:669][964]LogPlayLevel: PIE: StaticDuplicateObject took: (0.018028s)
[2023.01.18-01.40.13:670][964]LogAIModule: Creating AISystem for world NewMap
[2023.01.18-01.40.13:671][964]LogPlayLevel: PIE: World Init took: (0.001907s)
[2023.01.18-01.40.13:671][964]LogPlayLevel: PIE: Created PIE world by copying editor world from /Game/Maps/NewMap.NewMap to /Game/Maps/UEDPIE_0_NewMap.NewMap (0.020406s)
[2023.01.18-01.40.13:700][964]LogInit: XAudio2 using 'スピーカー (Realtek(R) Audio)' : 2 channels at 48 kHz using 32 bits per sample (channel mask 0x3)
[2023.01.18-01.40.13:708][964]LogInit: FAudioDevice initialized.
[2023.01.18-01.40.13:738][964]LogLoad: Game class is 'MyGameMode_C'
[2023.01.18-01.40.13:750][964]LogWorld: Bringing World /Game/Maps/UEDPIE_0_NewMap.NewMap up for play (max tick rate 60) at 2023.01.18-10.40.13
[2023.01.18-01.40.13:751][964]LogWorld: Bringing up level for play took: 0.011847
[2023.01.18-01.40.13:753][964]PIE: /Game/Maps/UEDPIE_0_NewMap 0.844のプレイ イン エディタの開始時間
[2023.01.18-01.40.13:754][964]LogBlueprintUserMessages: Late PlayInEditor Detection: Level '/Game/Maps/NewMap.NewMap:PersistentLevel' has LevelScriptBlueprint '/Game/Maps/NewMap.NewMap:PersistentLevel.NewMap' with GeneratedClass '/Game/Maps/NewMap.NewMap_C' with ClassGeneratedBy '/Game/Maps/NewMap.NewMap:PersistentLevel.NewMap'
[2023.01.18-01.40.15:724][ 80]LogBlueprintUserMessages: [NewMap_C_0] true
[2023.01.18-01.40.15:724][ 80]LogBlueprintUserMessages: [NewInstans_C_0] 3
[2023.01.18-01.40.16:290][114]LogBlueprintUserMessages: [NewMap_C_0] true
[2023.01.18-01.40.16:290][114]LogBlueprintUserMessages: [NewInstans_C_0] 3
[2023.01.18-01.40.17:592][192]LogBlueprintUserMessages: Early EndPlayMap Detection: Level '/Game/Maps/NewMap.NewMap:PersistentLevel' has LevelScriptBlueprint '/Game/Maps/NewMap.NewMap:PersistentLevel.NewMap' with GeneratedClass '/Game/Maps/NewMap.NewMap_C' with ClassGeneratedBy '/Game/Maps/NewMap.NewMap:PersistentLevel.NewMap'
[2023.01.18-01.40.17:628][192]LogBlueprintUserMessages: Late EndPlayMap Detection: Level '/Game/Maps/NewMap.NewMap:PersistentLevel' has LevelScriptBlueprint '/Game/Maps/NewMap.NewMap:PersistentLevel.NewMap' with GeneratedClass '/Game/Maps/NewMap.NewMap_C' with ClassGeneratedBy '/Game/Maps/NewMap.NewMap:PersistentLevel.NewMap'
[2023.01.18-01.41.24:208][453]Cmd: OBJ SAVEPACKAGE PACKAGE="/Game/Maps/NewMap" FILE="../../../../Team_Unreal/MyProject2/Saved/Autosaves/Game/Maps/NewMap_Auto6.umap" SILENT=true AUTOSAVING=true KEEPDIRTY=false
[2023.01.18-01.41.24:697][453]LogSavePackage: Save=481.73ms
[2023.01.18-01.41.24:697][453]LogSavePackage: Moving '../../../../Team_Unreal/MyProject2/Saved/NewMap_Auto6531989F3460956128E0B16983EB47DB8.tmp' to '../../../../Team_Unreal/MyProject2/Saved/Autosaves/Game/Maps/NewMap_Auto6.umap'
[2023.01.18-01.41.24:699][453]LogSavePackage: Display: Finished SavePackage ../../../../Team_Unreal/MyProject2/Saved/Autosaves/Game/Maps/NewMap_Auto6.umap
[2023.01.18-01.41.24:701][453]LogFileHelpers: Editor autosave (incl. sublevels) for '/Game/Maps/NewMap' took 0.513
[2023.01.18-01.41.24:701][453]LogFileHelpers: Editor autosave (incl. sublevels) for all levels took 0.513
[2023.01.18-01.41.24:704][453]OBJ SavePackage: Generating thumbnails for [0] asset(s) in package [/Game/BP/NewInstans] ([1] browsable assets)...
[2023.01.18-01.41.24:704][453]OBJ SavePackage: Finished generating thumbnails for package [/Game/BP/NewInstans]
[2023.01.18-01.41.24:704][453]Cmd: OBJ SAVEPACKAGE PACKAGE="/Game/BP/NewInstans" FILE="../../../../Team_Unreal/MyProject2/Saved/Autosaves/Game/BP/NewInstans_Auto6.uasset" SILENT=false AUTOSAVING=true
[2023.01.18-01.41.24:769][453]LogSavePackage: Save=60.18ms
[2023.01.18-01.41.24:769][453]LogSavePackage: Moving '../../../../Team_Unreal/MyProject2/Saved/NewInstans_Auto6B6C30EF94F35572DF0B404BA255C9A03.tmp' to '../../../../Team_Unreal/MyProject2/Saved/Autosaves/Game/BP/NewInstans_Auto6.uasset'
[2023.01.18-01.41.24:773][453]LogSavePackage: Display: Finished SavePackage ../../../../Team_Unreal/MyProject2/Saved/Autosaves/Game/BP/NewInstans_Auto6.uasset
[2023.01.18-01.41.24:773][453]LogFileHelpers: Auto-saving content packages took 0.071
[2023.01.18-01.48.15:291][394]BlueprintLog: New page: NewInstans をコンパイル
[2023.01.18-01.48.21:558][768]BlueprintLog: New page: NewMap をコンパイル
[2023.01.18-01.50.05:956][908]BlueprintLog: New page: ThirdPersonCharacter をコンパイル
[2023.01.18-01.50.09:121][ 69]BlueprintLog: New page: NewInstans をコンパイル
[2023.01.18-01.51.25:439][672]Cmd: OBJ SAVEPACKAGE PACKAGE="/Game/Maps/NewMap" FILE="../../../../Team_Unreal/MyProject2/Saved/Autosaves/Game/Maps/NewMap_Auto7.umap" SILENT=true AUTOSAVING=true KEEPDIRTY=false
[2023.01.18-01.51.25:944][672]LogSavePackage: Save=498.45ms
[2023.01.18-01.51.25:944][672]LogSavePackage: Moving '../../../../Team_Unreal/MyProject2/Saved/NewMap_Auto7D7D88DCD4F88425E5B0F1F90AB2ACBA2.tmp' to '../../../../Team_Unreal/MyProject2/Saved/Autosaves/Game/Maps/NewMap_Auto7.umap'
[2023.01.18-01.51.25:945][672]LogSavePackage: Display: Finished SavePackage ../../../../Team_Unreal/MyProject2/Saved/Autosaves/Game/Maps/NewMap_Auto7.umap
[2023.01.18-01.51.25:948][672]LogFileHelpers: Editor autosave (incl. sublevels) for '/Game/Maps/NewMap' took 0.530
[2023.01.18-01.51.25:948][672]LogFileHelpers: Editor autosave (incl. sublevels) for all levels took 0.530
[2023.01.18-01.51.25:951][672]OBJ SavePackage: Generating thumbnails for [0] asset(s) in package [/Game/BP/NewInstans] ([1] browsable assets)...
[2023.01.18-01.51.25:951][672]OBJ SavePackage: Finished generating thumbnails for package [/Game/BP/NewInstans]
[2023.01.18-01.51.25:951][672]Cmd: OBJ SAVEPACKAGE PACKAGE="/Game/BP/NewInstans" FILE="../../../../Team_Unreal/MyProject2/Saved/Autosaves/Game/BP/NewInstans_Auto7.uasset" SILENT=false AUTOSAVING=true
[2023.01.18-01.51.25:967][672]LogSavePackage: Save=10.57ms
[2023.01.18-01.51.25:967][672]LogSavePackage: Moving '../../../../Team_Unreal/MyProject2/Saved/NewInstans_Auto78181DA844F94F56545F7529054993AEC.tmp' to '../../../../Team_Unreal/MyProject2/Saved/Autosaves/Game/BP/NewInstans_Auto7.uasset'
[2023.01.18-01.51.25:969][672]LogSavePackage: Display: Finished SavePackage ../../../../Team_Unreal/MyProject2/Saved/Autosaves/Game/BP/NewInstans_Auto7.uasset
[2023.01.18-01.51.25:970][672]OBJ SavePackage: Generating thumbnails for [1] asset(s) in package [/Game/ThirdPersonBP/Blueprints/ThirdPersonCharacter] ([1] browsable assets)...
[2023.01.18-01.51.25:994][672]OBJ SavePackage:     Rendered thumbnail for [Blueprint /Game/ThirdPersonBP/Blueprints/ThirdPersonCharacter.ThirdPersonCharacter]
[2023.01.18-01.51.25:994][672]OBJ SavePackage: Finished generating thumbnails for package [/Game/ThirdPersonBP/Blueprints/ThirdPersonCharacter]
[2023.01.18-01.51.26:317][672]LogSavePackage: Save=316.44ms
[2023.01.18-01.51.26:317][672]LogSavePackage: Moving '../../../../Team_Unreal/MyProject2/Saved/ThirdPersonCharacter_Auto73C77FB0C47681CC0443ADA8C022BDB12.tmp' to '../../../../Team_Unreal/MyProject2/Saved/Autosaves/Game/ThirdPersonBP/Blueprints/ThirdPersonCharacter_Auto7.uasset'
[2023.01.18-01.51.26:333][672]LogSavePackage: Display: Finished SavePackage ../../../../Team_Unreal/MyProject2/Saved/Autosaves/Game/ThirdPersonBP/Blueprints/ThirdPersonCharacter_Auto7.uasset
[2023.01.18-01.51.26:333][672]LogFileHelpers: Auto-saving content packages took 0.383
[2023.01.18-01.52.54:416][ 66]BlueprintLog: New page: NewInstans をコンパイル
[2023.01.18-02.01.27:068][114]Cmd: OBJ SAVEPACKAGE PACKAGE="/Game/Maps/NewMap" FILE="../../../../Team_Unreal/MyProject2/Saved/Autosaves/Game/Maps/NewMap_Auto8.umap" SILENT=true AUTOSAVING=true KEEPDIRTY=false
[2023.01.18-02.01.27:901][114]LogSavePackage: Save=826.27ms
[2023.01.18-02.01.27:901][114]LogSavePackage: Moving '../../../../Team_Unreal/MyProject2/Saved/NewMap_Auto85A3B02E24738556A5C420189257AA5BC.tmp' to '../../../../Team_Unreal/MyProject2/Saved/Autosaves/Game/Maps/NewMap_Auto8.umap'
[2023.01.18-02.01.27:903][114]LogSavePackage: Display: Finished SavePackage ../../../../Team_Unreal/MyProject2/Saved/Autosaves/Game/Maps/NewMap_Auto8.umap
[2023.01.18-02.01.27:912][114]LogFileHelpers: Editor autosave (incl. sublevels) for '/Game/Maps/NewMap' took 0.867
[2023.01.18-02.01.27:912][114]LogFileHelpers: Editor autosave (incl. sublevels) for all levels took 0.867
[2023.01.18-02.01.27:915][114]OBJ SavePackage: Generating thumbnails for [0] asset(s) in package [/Game/BP/NewInstans] ([1] browsable assets)...
[2023.01.18-02.01.27:915][114]OBJ SavePackage: Finished generating thumbnails for package [/Game/BP/NewInstans]
[2023.01.18-02.01.27:915][114]Cmd: OBJ SAVEPACKAGE PACKAGE="/Game/BP/NewInstans" FILE="../../../../Team_Unreal/MyProject2/Saved/Autosaves/Game/BP/NewInstans_Auto8.uasset" SILENT=false AUTOSAVING=true
[2023.01.18-02.01.27:943][114]LogSavePackage: Save=11.56ms
[2023.01.18-02.01.27:943][114]LogSavePackage: Moving '../../../../Team_Unreal/MyProject2/Saved/NewInstans_Auto8440405634143E7FAE3C3968FE6C4A56C.tmp' to '../../../../Team_Unreal/MyProject2/Saved/Autosaves/Game/BP/NewInstans_Auto8.uasset'
[2023.01.18-02.01.27:945][114]LogSavePackage: Display: Finished SavePackage ../../../../Team_Unreal/MyProject2/Saved/Autosaves/Game/BP/NewInstans_Auto8.uasset
[2023.01.18-02.01.27:946][114]OBJ SavePackage: Generating thumbnails for [1] asset(s) in package [/Game/ThirdPersonBP/Blueprints/ThirdPersonCharacter] ([1] browsable assets)...
[2023.01.18-02.01.27:970][114]OBJ SavePackage:     Rendered thumbnail for [Blueprint /Game/ThirdPersonBP/Blueprints/ThirdPersonCharacter.ThirdPersonCharacter]
[2023.01.18-02.01.27:970][114]OBJ SavePackage: Finished generating thumbnails for package [/Game/ThirdPersonBP/Blueprints/ThirdPersonCharacter]
[2023.01.18-02.01.28:047][114]LogSavePackage: Save=70.57ms
[2023.01.18-02.01.28:047][114]LogSavePackage: Moving '../../../../Team_Unreal/MyProject2/Saved/ThirdPersonCharacter_Auto8EBC0EAB443E2C0807DEFFC8B038FB063.tmp' to '../../../../Team_Unreal/MyProject2/Saved/Autosaves/Game/ThirdPersonBP/Blueprints/ThirdPersonCharacter_Auto8.uasset'
[2023.01.18-02.01.28:049][114]LogSavePackage: Display: Finished SavePackage ../../../../Team_Unreal/MyProject2/Saved/Autosaves/Game/ThirdPersonBP/Blueprints/ThirdPersonCharacter_Auto8.uasset
[2023.01.18-02.01.28:049][114]LogFileHelpers: Auto-saving content packages took 0.136
[2023.01.18-02.09.48:640][370]BlueprintLog: New page: ThirdPersonCharacter をコンパイル
[2023.01.18-02.11.28:153][405]Cmd: OBJ SAVEPACKAGE PACKAGE="/Game/Maps/NewMap" FILE="../../../../Team_Unreal/MyProject2/Saved/Autosaves/Game/Maps/NewMap_Auto9.umap" SILENT=true AUTOSAVING=true KEEPDIRTY=false
[2023.01.18-02.11.28:632][405]LogSavePackage: Save=472.54ms
[2023.01.18-02.11.28:632][405]LogSavePackage: Moving '../../../../Team_Unreal/MyProject2/Saved/NewMap_Auto9983BF21E471836D379D362BBD7D70225.tmp' to '../../../../Team_Unreal/MyProject2/Saved/Autosaves/Game/Maps/NewMap_Auto9.umap'
[2023.01.18-02.11.28:634][405]LogSavePackage: Display: Finished SavePackage ../../../../Team_Unreal/MyProject2/Saved/Autosaves/Game/Maps/NewMap_Auto9.umap
[2023.01.18-02.11.28:636][405]LogFileHelpers: Editor autosave (incl. sublevels) for '/Game/Maps/NewMap' took 0.503
[2023.01.18-02.11.28:636][405]LogFileHelpers: Editor autosave (incl. sublevels) for all levels took 0.503
[2023.01.18-02.11.28:639][405]OBJ SavePackage: Generating thumbnails for [1] asset(s) in package [/Game/ThirdPersonBP/Blueprints/ThirdPersonCharacter] ([1] browsable assets)...
[2023.01.18-02.11.28:663][405]OBJ SavePackage:     Rendered thumbnail for [Blueprint /Game/ThirdPersonBP/Blueprints/ThirdPersonCharacter.ThirdPersonCharacter]
[2023.01.18-02.11.28:663][405]OBJ SavePackage: Finished generating thumbnails for package [/Game/ThirdPersonBP/Blueprints/ThirdPersonCharacter]
[2023.01.18-02.11.29:093][405]LogSavePackage: Save=64.70ms
[2023.01.18-02.11.29:093][405]LogSavePackage: Moving '../../../../Team_Unreal/MyProject2/Saved/ThirdPersonCharacter_Auto95DF1A30E44EC6A5F9BC06B948F1A8BF6.tmp' to '../../../../Team_Unreal/MyProject2/Saved/Autosaves/Game/ThirdPersonBP/Blueprints/ThirdPersonCharacter_Auto9.uasset'
[2023.01.18-02.11.29:095][405]LogSavePackage: Display: Finished SavePackage ../../../../Team_Unreal/MyProject2/Saved/Autosaves/Game/ThirdPersonBP/Blueprints/ThirdPersonCharacter_Auto9.uasset
[2023.01.18-02.11.29:095][405]LogFileHelpers: Auto-saving content packages took 0.458
[2023.01.18-02.18.51:857][705]Cmd: OBJ SAVEPACKAGE PACKAGE="/Game/BP/NewInstans" FILE="../../../../Team_Unreal/MyProject2/Content/BP/NewInstans.uasset" SILENT=true
[2023.01.18-02.18.51:981][705]LogSavePackage: Save=16.70ms
[2023.01.18-02.18.51:981][705]LogSavePackage: Moving '../../../../Team_Unreal/MyProject2/Saved/NewInstansDD811E714221BBFACE7CEC82B76A0DF2.tmp' to '../../../../Team_Unreal/MyProject2/Content/BP/NewInstans.uasset'
[2023.01.18-02.18.51:983][705]LogSavePackage: Display: Finished SavePackage ../../../../Team_Unreal/MyProject2/Content/BP/NewInstans.uasset
[2023.01.18-02.18.52:072][705]Cmd: OBJ SAVEPACKAGE PACKAGE="/Game/Maps/NewMap" FILE="../../../../Team_Unreal/MyProject2/Content/Maps/NewMap.umap" SILENT=true AUTOSAVING=false KEEPDIRTY=false
[2023.01.18-02.18.52:588][705]LogSavePackage: Save=490.50ms
[2023.01.18-02.18.52:588][705]LogSavePackage: Moving '../../../../Team_Unreal/MyProject2/Saved/NewMap00A15FD34AB8894EC3A02DB8F790A787.tmp' to '../../../../Team_Unreal/MyProject2/Content/Maps/NewMap.umap'
[2023.01.18-02.18.52:591][705]LogSavePackage: Display: Finished SavePackage ../../../../Team_Unreal/MyProject2/Content/Maps/NewMap.umap
[2023.01.18-02.18.52:610][705]LogFileHelpers: Saving map 'NewMap' took 0.623
[2023.01.18-02.18.52:614][705]Cmd: OBJ SAVEPACKAGE PACKAGE="/Game/ThirdPersonBP/Blueprints/ThirdPersonCharacter" FILE="../../../../Team_Unreal/MyProject2/Content/ThirdPersonBP/Blueprints/ThirdPersonCharacter.uasset" SILENT=true
[2023.01.18-02.18.52:682][705]LogSavePackage: Save=61.00ms
[2023.01.18-02.18.52:682][705]LogSavePackage: Moving '../../../../Team_Unreal/MyProject2/Saved/ThirdPersonCharacter56758F6146C0A9EB79638F91FA6B197F.tmp' to '../../../../Team_Unreal/MyProject2/Content/ThirdPersonBP/Blueprints/ThirdPersonCharacter.uasset'
[2023.01.18-02.18.52:694][705]LogSavePackage: Display: Finished SavePackage ../../../../Team_Unreal/MyProject2/Content/ThirdPersonBP/Blueprints/ThirdPersonCharacter.uasset
[2023.01.18-02.18.53:519][706]Cmd: QUIT_EDITOR
[2023.01.18-02.18.54:230][706]LogWindowsTextInputMethodSystem: Display: IME system now activated using TSF (Microsoft IME).
[2023.01.18-02.18.54:346][706]LogExit: Preparing to exit.
[2023.01.18-02.18.54:923][706]LogDirectoryWatcher: A directory notification for 'D:/school/Unreal/Team_Unreal/MyProject2/Content/' was aborted.
[2023.01.18-02.18.55:103][706]LogExit: Editor shut down
[2023.01.18-02.18.55:130][706]LogExit: Transaction tracking system shut down
[2023.01.18-02.18.55:373][706]LogDirectoryWatcher: A directory notification for '../../../Engine/Content/' was aborted.
[2023.01.18-02.18.55:374][706]LogDirectoryWatcher: A directory notification for '../../../../Team_Unreal/MyProject2/Content/' was aborted.
[2023.01.18-02.18.55:374][706]LogDirectoryWatcher: A directory notification for '../../../Engine/Plugins/2D/Paper2D/Content/' was aborted.
[2023.01.18-02.18.55:374][706]LogDirectoryWatcher: A directory notification for '../../../Engine/Plugins/Runtime/Oculus/OculusVR/Content/' was aborted.
[2023.01.18-02.18.55:374][706]LogDirectoryWatcher: A directory notification for '../../../Engine/Plugins/Runtime/Steam/SteamVR/Content/' was aborted.
[2023.01.18-02.18.56:667][706]LogExit: Object subsystem successfully closed.
[2023.01.18-02.18.56:851][706]LogD3D11RHI: Shutdown
[2023.01.18-02.18.56:851][706]LogD3D11RHI: CleanupD3DDevice
[2023.01.18-02.18.56:988][706]LogD3D11RHI: ~FD3D11DynamicRHI
[2023.01.18-02.18.57:521][706]LogModuleManager: Shutting down and abandoning module MovieSceneCapture (538)
[2023.01.18-02.18.57:521][706]LogModuleManager: Shutting down and abandoning module BlueprintGraph (536)
[2023.01.18-02.18.57:521][706]LogModuleManager: Shutting down and abandoning module BlueprintProfiler (534)
[2023.01.18-02.18.57:547][706]LogModuleManager: Shutting down and abandoning module HierarchicalLODOutliner (532)
[2023.01.18-02.18.57:547][706]LogModuleManager: Shutting down and abandoning module ExternalImagePicker (530)
[2023.01.18-02.18.57:547][706]LogModuleManager: Shutting down and abandoning module SceneOutliner (528)
[2023.01.18-02.18.57:563][706]LogModuleManager: Shutting down and abandoning module AddContentDialog (526)
[2023.01.18-02.18.57:563][706]LogDirectoryWatcher: A directory notification for 'D:/school/Unreal/UE_4.17/FeaturePacks/' was aborted.
[2023.01.18-02.18.57:569][706]LogModuleManager: Shutting down and abandoning module WidgetCarousel (525)
[2023.01.18-02.18.57:569][706]LogModuleManager: Shutting down and abandoning module EditorWidgets (522)
[2023.01.18-02.18.57:569][706]LogModuleManager: Shutting down and abandoning module CollectionManager (520)
[2023.01.18-02.18.57:581][706]LogDirectoryWatcher: A directory notification for 'D:/school/Unreal/Team_Unreal/MyProject2/Content/Collections/' was aborted.
[2023.01.18-02.18.57:581][706]LogDirectoryWatcher: A directory notification for 'D:/school/Unreal/Team_Unreal/MyProject2/Content/Developers/kbc12006040/Collections/' was aborted.
[2023.01.18-02.18.57:581][706]LogDirectoryWatcher: A directory notification for 'D:/school/Unreal/Team_Unreal/MyProject2/Saved/Collections/' was aborted.
[2023.01.18-02.18.57:581][706]LogModuleManager: Shutting down and abandoning module StatsViewer (518)
[2023.01.18-02.18.57:608][706]LogModuleManager: Shutting down and abandoning module FoliageEdit (516)
[2023.01.18-02.18.57:608][706]LogModuleManager: Shutting down and abandoning module LandscapeEditor (514)
[2023.01.18-02.18.57:620][706]LogModuleManager: Shutting down and abandoning module MeshPaintMode (512)
[2023.01.18-02.18.57:620][706]LogModuleManager: Shutting down and abandoning module SceneDepthPickerMode (510)
[2023.01.18-02.18.57:620][706]LogModuleManager: Shutting down and abandoning module ActorPickerMode (508)
[2023.01.18-02.18.57:620][706]LogModuleManager: Shutting down and abandoning module GeometryMode (506)
[2023.01.18-02.18.57:620][706]LogModuleManager: Shutting down and abandoning module TextureAlignMode (504)
[2023.01.18-02.18.57:620][706]LogModuleManager: Shutting down and abandoning module BspMode (502)
[2023.01.18-02.18.57:629][706]LogModuleManager: Shutting down and abandoning module PIEPreviewDeviceProfileSelector (500)
[2023.01.18-02.18.57:629][706]LogModuleManager: Shutting down and abandoning module HardwareSurvey (498)
[2023.01.18-02.18.57:629][706]LogModuleManager: Shutting down and abandoning module SequenceRecorderSections (496)
[2023.01.18-02.18.57:638][706]LogModuleManager: Shutting down and abandoning module AutomationWorker (494)
[2023.01.18-02.18.57:647][706]LogModuleManager: Shutting down and abandoning module MatineeToLevelSequence (492)
[2023.01.18-02.18.57:654][706]LogModuleManager: Shutting down and abandoning module LevelSequenceEditor (490)
[2023.01.18-02.18.57:682][706]LogModuleManager: Shutting down and abandoning module PlacementMode (489)
[2023.01.18-02.18.57:682][706]LogModuleManager: Shutting down and abandoning module WmfMediaFactory (486)
[2023.01.18-02.18.57:682][706]LogModuleManager: Shutting down and abandoning module WmfMediaEditor (484)
[2023.01.18-02.18.57:682][706]LogModuleManager: Shutting down and abandoning module AvfMediaFactory (482)
[2023.01.18-02.18.57:682][706]LogModuleManager: Shutting down and abandoning module AvfMediaEditor (480)
[2023.01.18-02.18.57:682][706]LogModuleManager: Shutting down and abandoning module AndroidMediaFactory (478)
[2023.01.18-02.18.57:682][706]LogModuleManager: Shutting down and abandoning module Media (477)
[2023.01.18-02.18.57:682][706]LogModuleManager: Shutting down and abandoning module AndroidMediaEditor (474)
[2023.01.18-02.18.57:682][706]LogModuleManager: Shutting down and abandoning module CharacterAI (472)
[2023.01.18-02.18.57:682][706]LogModuleManager: Shutting down and abandoning module AudioCapture (470)
[2023.01.18-02.18.57:682][706]LogModuleManager: Shutting down and abandoning module SequenceRecorder (469)
[2023.01.18-02.18.57:682][706]LogModuleManager: Shutting down and abandoning module SmartSnapping (466)
[2023.01.18-02.18.57:682][706]LogModuleManager: Shutting down and abandoning module SessionServices (464)
[2023.01.18-02.18.57:682][706]LogModuleManager: Shutting down and abandoning module ViewportSnapping (462)
[2023.01.18-02.18.57:682][706]LogModuleManager: Shutting down and abandoning module ViewportInteraction (460)
[2023.01.18-02.18.57:682][706]LogModuleManager: Shutting down and abandoning module ClothPainter (458)
[2023.01.18-02.18.57:712][706]LogModuleManager: Shutting down and abandoning module LogVisualizer (456)
[2023.01.18-02.18.57:714][706]LogModuleManager: Shutting down and abandoning module IntroTutorials (454)
[2023.01.18-02.18.57:734][706]LogModuleManager: Shutting down and abandoning module GameProjectGeneration (453)
[2023.01.18-02.18.57:734][706]LogModuleManager: Shutting down and abandoning module IOSPlatformEditor (450)
[2023.01.18-02.18.57:734][706]LogModuleManager: Shutting down and abandoning module HTML5PlatformEditor (448)
[2023.01.18-02.18.57:735][706]LogModuleManager: Shutting down and abandoning module AndroidPlatformEditor (446)
[2023.01.18-02.18.57:735][706]LogModuleManager: Shutting down and abandoning module AndroidDeviceDetection (445)
[2023.01.18-02.18.58:738][706]LogModuleManager: Shutting down and abandoning module WindowsPlatformEditor (442)
[2023.01.18-02.18.58:738][706]LogModuleManager: Shutting down and abandoning module IOSRuntimeSettings (440)
[2023.01.18-02.18.58:738][706]LogModuleManager: Shutting down and abandoning module AndroidRuntimeSettings (438)
[2023.01.18-02.18.58:738][706]LogModuleManager: Shutting down and abandoning module InputBindingEditor (436)
[2023.01.18-02.18.58:751][706]LogModuleManager: Shutting down and abandoning module MergeActors (434)
[2023.01.18-02.18.58:767][706]LogModuleManager: Shutting down and abandoning module SizeMap (432)
[2023.01.18-02.18.58:767][706]LogModuleManager: Shutting down and abandoning module TreeMap (430)
[2023.01.18-02.18.58:783][706]LogModuleManager: Shutting down and abandoning module ReferenceViewer (428)
[2023.01.18-02.18.58:783][706]LogModuleManager: Shutting down and abandoning module LocalizationDashboard (426)
[2023.01.18-02.18.58:791][706]LogModuleManager: Shutting down and abandoning module LocalizationService (425)
[2023.01.18-02.18.58:806][706]LogModuleManager: Shutting down and abandoning module HardwareTargeting (422)
[2023.01.18-02.18.58:806][706]LogModuleManager: Shutting down and abandoning module DeviceProfileEditor (420)
[2023.01.18-02.18.58:806][706]LogModuleManager: Shutting down and abandoning module UndoHistory (418)
[2023.01.18-02.18.58:806][706]LogModuleManager: Shutting down and abandoning module XmlParser (416)
[2023.01.18-02.18.58:826][706]LogModuleManager: Shutting down and abandoning module Blutility (414)
[2023.01.18-02.18.58:826][706]LogModuleManager: Shutting down and abandoning module ProjectSettingsViewer (412)
[2023.01.18-02.18.58:826][706]LogModuleManager: Shutting down and abandoning module ProjectTargetPlatformEditor (411)
[2023.01.18-02.18.58:826][706]LogModuleManager: Shutting down and abandoning module EditorSettingsViewer (408)
[2023.01.18-02.18.58:826][706]LogModuleManager: Shutting down and abandoning module SettingsEditor (406)
[2023.01.18-02.18.58:826][706]LogModuleManager: Shutting down and abandoning module ProjectLauncher (404)
[2023.01.18-02.18.58:832][706]LogModuleManager: Shutting down and abandoning module SessionFrontend (402)
[2023.01.18-02.18.58:832][706]LogModuleManager: Shutting down and abandoning module ProfilerClient (400)
[2023.01.18-02.18.58:843][706]LogModuleManager: Shutting down and abandoning module DeviceManager (398)
[2023.01.18-02.18.58:861][706]LogModuleManager: Shutting down and abandoning module TargetDeviceServices (397)
[2023.01.18-02.18.58:923][706]LogModuleManager: Shutting down and abandoning module AutomationController (394)
[2023.01.18-02.18.58:923][706]LogModuleManager: Shutting down and abandoning module AutomationWindow (392)
[2023.01.18-02.18.58:933][706]LogModuleManager: Shutting down and abandoning module Layers (390)
[2023.01.18-02.18.58:953][706]LogModuleManager: Shutting down and abandoning module ComponentVisualizers (388)
[2023.01.18-02.18.58:953][706]LogModuleManager: Shutting down and abandoning module DetailCustomizations (386)
[2023.01.18-02.18.58:968][706]LogModuleManager: Shutting down and abandoning module PackagesDialog (384)
[2023.01.18-02.18.58:968][706]LogModuleManager: Shutting down and abandoning module Persona (382)
[2023.01.18-02.18.58:982][706]LogModuleManager: Shutting down and abandoning module AdvancedPreviewScene (381)
[2023.01.18-02.18.58:982][706]LogModuleManager: Shutting down and abandoning module AnimGraph (379)
[2023.01.18-02.18.58:986][706]LogModuleManager: Shutting down and abandoning module Kismet (376)
[2023.01.18-02.18.58:995][706]LogModuleManager: Shutting down and abandoning module ClassViewer (374)
[2023.01.18-02.18.58:995][706]LogModuleManager: Shutting down and abandoning module Toolbox (372)
[2023.01.18-02.18.58:995][706]LogModuleManager: Shutting down and abandoning module ModuleUI (370)
[2023.01.18-02.18.58:996][706]LogModuleManager: Shutting down and abandoning module MovieSceneTools (368)
[2023.01.18-02.18.59:006][706]LogModuleManager: Shutting down and abandoning module OutputLog (366)
[2023.01.18-02.18.59:006][706]LogModuleManager: Shutting down and abandoning module GammaUI (364)
[2023.01.18-02.18.59:006][706]LogModuleManager: Shutting down and abandoning module Documentation (362)
[2023.01.18-02.18.59:009][706]LogModuleManager: Shutting down and abandoning module MovieSceneTracks (360)
[2023.01.18-02.18.59:009][706]LogModuleManager: Shutting down and abandoning module MovieScene (358)
[2023.01.18-02.18.59:009][706]LogModuleManager: Shutting down and abandoning module Niagara (356)
[2023.01.18-02.18.59:009][706]LogModuleManager: Shutting down and abandoning module NiagaraEditor (355)
[2023.01.18-02.18.59:009][706]LogModuleManager: Shutting down and abandoning module StreamingPauseRendering (352)
[2023.01.18-02.18.59:009][706]LogModuleManager: Shutting down and abandoning module LauncherPlatform (350)
[2023.01.18-02.18.59:009][706]LogModuleManager: Shutting down and abandoning module AnalyticsET (348)
[2023.01.18-02.18.59:009][706]LogModuleManager: Shutting down and abandoning module PortalServices (346)
[2023.01.18-02.18.59:009][706]LogModuleManager: Shutting down and abandoning module PortalRpc (344)
[2023.01.18-02.18.59:010][706]LogModuleManager: Shutting down and abandoning module MessagingRpc (342)
[2023.01.18-02.18.59:010][706]LogModuleManager: Shutting down and abandoning module AIModule (340)
[2023.01.18-02.18.59:010][706]LogModuleManager: Shutting down and abandoning module GameplayDebugger (339)
[2023.01.18-02.18.59:010][706]LogModuleManager: Shutting down and abandoning module AITestSuite (337)
[2023.01.18-02.18.59:010][706]LogModuleManager: Shutting down and abandoning module ProfilerService (334)
[2023.01.18-02.18.59:199][706]LogModuleManager: Shutting down and abandoning module TaskGraph (332)
[2023.01.18-02.18.59:219][706]LogModuleManager: Shutting down and abandoning module SteamVRController (330)
[2023.01.18-02.18.59:219][706]LogModuleManager: Shutting down and abandoning module ProceduralMeshComponentEditor (328)
[2023.01.18-02.18.59:219][706]LogModuleManager: Shutting down and abandoning module ProceduralMeshComponent (326)
[2023.01.18-02.18.59:219][706]LogModuleManager: Shutting down and abandoning module OculusInput (324)
[2023.01.18-02.18.59:224][706]LogModuleManager: Shutting down and abandoning module MobilePatchingUtils (322)
[2023.01.18-02.18.59:224][706]LogModuleManager: Shutting down and abandoning module CustomMeshComponent (320)
[2023.01.18-02.18.59:224][706]LogModuleManager: Shutting down and abandoning module CableComponent (318)
[2023.01.18-02.18.59:231][706]LogModuleManager: Shutting down and abandoning module ArchVisCharacter (316)
[2023.01.18-02.18.59:231][706]LogModuleManager: Shutting down and abandoning module AndroidPermission (314)
[2023.01.18-02.18.59:231][706]LogModuleManager: Shutting down and abandoning module MediaPlayerEditor (310)
[2023.01.18-02.18.59:231][706]LogModuleManager: Shutting down and abandoning module HTML5Networking (308)
[2023.01.18-02.18.59:231][706]LogModuleManager: Shutting down and abandoning module AlembicImporter (306)
[2023.01.18-02.18.59:231][706]LogModuleManager: Shutting down and abandoning module AlembicLibrary (305)
[2023.01.18-02.18.59:231][706]LogModuleManager: Shutting down and abandoning module GeometryCache (304)
[2023.01.18-02.18.59:231][706]LogModuleManager: Shutting down and abandoning module GeometryCacheEd (303)
[2023.01.18-02.18.59:231][706]LogModuleManager: Shutting down and abandoning module SpeedTreeImporter (298)
[2023.01.18-02.18.59:232][706]LogModuleManager: Shutting down and abandoning module PluginBrowser (296)
[2023.01.18-02.18.59:232][706]LogModuleManager: Shutting down and abandoning module MobileLauncherProfileWizard (294)
[2023.01.18-02.18.59:232][706]LogModuleManager: Shutting down and abandoning module VisualStudioSourceCodeAccess (292)
[2023.01.18-02.18.59:236][706]LogModuleManager: Shutting down and abandoning module DesktopPlatform (291)
[2023.01.18-02.18.59:236][706]LogModuleManager: Shutting down and abandoning module UObjectPlugin (288)
[2023.01.18-02.18.59:236][706]LogModuleManager: Shutting down and abandoning module SubversionSourceControl (286)
[2023.01.18-02.18.59:261][706]LogModuleManager: Shutting down and abandoning module PerforceSourceControl (284)
[2023.01.18-02.18.59:261][706]LogModuleManager: Shutting down and abandoning module GitSourceControl (282)
[2023.01.18-02.18.59:269][706]LogModuleManager: Shutting down and abandoning module SourceControl (281)
[2023.01.18-02.18.59:283][706]LogModuleManager: Shutting down and abandoning module LightPropagationVolumeEditor (278)
[2023.01.18-02.18.59:283][706]LogModuleManager: Shutting down and abandoning module PaperTiledImporter (276)
[2023.01.18-02.18.59:283][706]LogModuleManager: Shutting down and abandoning module PaperSpriteSheetImporter (274)
[2023.01.18-02.18.59:283][706]LogModuleManager: Shutting down and abandoning module Paper2DEditor (272)
[2023.01.18-02.18.59:296][706]LogModuleManager: Shutting down and abandoning module MeshPaint (271)
[2023.01.18-02.18.59:296][706]LogModuleManager: Shutting down and abandoning module LevelEditor (269)
[2023.01.18-02.18.59:311][706]LogModuleManager: Shutting down and abandoning module PixelInspectorModule (268)
[2023.01.18-02.18.59:311][706]LogModuleManager: Shutting down and abandoning module MainFrame (266)
[2023.01.18-02.18.59:311][706]LogModuleManager: Shutting down and abandoning module HotReload (265)
[2023.01.18-02.18.59:312][706]LogModuleManager: Shutting down and abandoning module RuntimePhysXCooking (260)
[2023.01.18-02.18.59:312][706]LogModuleManager: Shutting down and abandoning module PhysXVehiclesEditor (258)
[2023.01.18-02.18.59:312][706]LogModuleManager: Shutting down and abandoning module PhysXVehicles (256)
[2023.01.18-02.18.59:312][706]LogModuleManager: Shutting down and abandoning module OculusEditor (254)
[2023.01.18-02.18.59:312][706]LogModuleManager: Shutting down and abandoning module LocationServicesBPLibrary (252)
[2023.01.18-02.18.59:312][706]LogModuleManager: Shutting down and abandoning module ImmediatePhysicsEditor (250)
[2023.01.18-02.18.59:312][706]LogModuleManager: Shutting down and abandoning module ImmediatePhysics (248)
[2023.01.18-02.18.59:312][706]LogModuleManager: Shutting down and abandoning module UdpMessaging (246)
[2023.01.18-02.18.59:413][706]LogModuleManager: Shutting down and abandoning module TcpMessaging (244)
[2023.01.18-02.18.59:524][706]LogModuleManager: Shutting down and abandoning module GameplayTagsEditor (242)
[2023.01.18-02.18.59:530][706]LogModuleManager: Shutting down and abandoning module FacialAnimationEditor (240)
[2023.01.18-02.18.59:530][706]LogModuleManager: Shutting down and abandoning module FacialAnimation (238)
[2023.01.18-02.18.59:530][706]LogModuleManager: Shutting down and abandoning module AssetManagerEditor (236)
[2023.01.18-02.18.59:553][706]LogModuleManager: Shutting down and abandoning module GraphEditor (235)
[2023.01.18-02.18.59:553][706]LogModuleManager: Shutting down and abandoning module ContentBrowser (233)
[2023.01.18-02.18.59:555][706]LogModuleManager: Shutting down and abandoning module LightPropagationVolumeRuntime (230)
[2023.01.18-02.18.59:555][706]LogModuleManager: Shutting down and abandoning module Paper2D (228)
[2023.01.18-02.18.59:564][706]LogModuleManager: Shutting down and abandoning module WindowsMoviePlayer (226)
[2023.01.18-02.18.59:578][706]LogModuleManager: Shutting down and abandoning module WmfMedia (224)
[2023.01.18-02.18.59:579][706]LogModuleManager: Shutting down and abandoning module PacketHandler (222)
[2023.01.18-02.18.59:579][706]LogModuleManager: Shutting down and abandoning module ClothingSystemEditor (220)
[2023.01.18-02.18.59:592][706]LogModuleManager: Shutting down and abandoning module ClothingSystemRuntime (218)
[2023.01.18-02.18.59:623][706]LogModuleManager: Shutting down and abandoning module Overlay (216)
[2023.01.18-02.18.59:623][706]LogModuleManager: Shutting down and abandoning module OverlayEditor (215)
[2023.01.18-02.18.59:623][706]LogModuleManager: Shutting down and abandoning module MediaAssets (212)
[2023.01.18-02.18.59:623][706]LogModuleManager: Shutting down and abandoning module VREditor (210)
[2023.01.18-02.18.59:623][706]LogModuleManager: Shutting down and abandoning module StringTableEditor (208)
[2023.01.18-02.18.59:623][706]LogModuleManager: Shutting down and abandoning module GameplayTasksEditor (206)
[2023.01.18-02.18.59:623][706]LogModuleManager: Shutting down and abandoning module BehaviorTreeEditor (204)
[2023.01.18-02.18.59:661][706]LogModuleManager: Shutting down and abandoning module FunctionalTesting (202)
[2023.01.18-02.18.59:661][706]LogModuleManager: Shutting down and abandoning module CollisionAnalyzer (200)
[2023.01.18-02.18.59:676][706]LogModuleManager: Shutting down and abandoning module WorkspaceMenuStructure (199)
[2023.01.18-02.18.59:676][706]LogModuleManager: Shutting down and abandoning module UMG (196)
[2023.01.18-02.18.59:692][706]LogModuleManager: Shutting down and abandoning module UMGEditor (195)
[2023.01.18-02.18.59:692][706]LogModuleManager: Shutting down and abandoning module Sequencer (194)
[2023.01.18-02.18.59:706][706]LogModuleManager: Shutting down and abandoning module MessageLog (191)
[2023.01.18-02.18.59:706][706]LogModuleManager: Shutting down and abandoning module SlateReflector (186)
[2023.01.18-02.18.59:734][706]LogModuleManager: Shutting down and abandoning module Slate (184)
[2023.01.18-02.18.59:734][706]LogModuleManager: Shutting down and abandoning module EditorStyle (182)
[2023.01.18-02.18.59:737][706]LogModuleManager: Shutting down and abandoning module MRMesh (180)
[2023.01.18-02.18.59:737][706]LogModuleManager: Shutting down and abandoning module SourceCodeAccess (178)
[2023.01.18-02.18.59:737][706]LogModuleManager: Shutting down and abandoning module HeadMountedDisplay (176)
[2023.01.18-02.18.59:737][706]LogModuleManager: Shutting down and abandoning module XAudio2 (174)
[2023.01.18-02.18.59:737][706]LogModuleManager: Shutting down and abandoning module Networking (172)
[2023.01.18-02.18.59:737][706]LogModuleManager: Shutting down and abandoning module Core (168)
[2023.01.18-02.18.59:737][706]LogModuleManager: Shutting down and abandoning module KismetCompiler (164)
[2023.01.18-02.18.59:737][706]LogModuleManager: Shutting down and abandoning module LevelSequence (162)
[2023.01.18-02.18.59:737][706]LogModuleManager: Shutting down and abandoning module MeshUtilities (160)
[2023.01.18-02.18.59:767][706]LogModuleManager: Shutting down and abandoning module MeshMergeUtilities (159)
[2023.01.18-02.18.59:767][706]LogModuleManager: Shutting down and abandoning module MeshReductionInterface (158)
[2023.01.18-02.18.59:767][706]LogModuleManager: Shutting down and abandoning module SimplygonSwarm (157)
[2023.01.18-02.18.59:767][706]LogModuleManager: Shutting down and abandoning module SimplygonMeshReduction (155)
[2023.01.18-02.18.59:767][706]LogModuleManager: Shutting down and abandoning module QuadricMeshReduction (153)
[2023.01.18-02.18.59:767][706]LogModuleManager: Shutting down and abandoning module MaterialBaking (149)
[2023.01.18-02.18.59:767][706]LogModuleManager: Shutting down and abandoning module DirectoryWatcher (146)
[2023.01.18-02.18.59:774][706]LogModuleManager: Shutting down and abandoning module DerivedDataCache (144)
[2023.01.18-02.18.59:811][706]LogDerivedDataCache: Shutdown
[2023.01.18-02.18.59:822][706]LogModuleManager: Shutting down and abandoning module TargetPlatform (142)
[2023.01.18-02.18.59:822][706]LogModuleManager: Shutting down and abandoning module VulkanShaderFormat (141)
[2023.01.18-02.18.59:849][706]LogModuleManager: Shutting down and abandoning module ShaderFormatVectorVM (139)
[2023.01.18-02.18.59:864][706]LogModuleManager: Shutting down and abandoning module ShaderFormatOpenGL (137)
[2023.01.18-02.18.59:872][706]LogModuleManager: Shutting down and abandoning module ShaderFormatD3D (135)
[2023.01.18-02.18.59:889][706]LogModuleManager: Shutting down and abandoning module MetalShaderFormat (133)
[2023.01.18-02.18.59:890][706]LogModuleManager: Shutting down and abandoning module TextureFormatUncompressed (131)
[2023.01.18-02.18.59:890][706]LogModuleManager: Shutting down and abandoning module TextureFormatPVR (129)
[2023.01.18-02.18.59:890][706]LogModuleManager: Shutting down and abandoning module TextureFormatDXT (127)
[2023.01.18-02.18.59:893][706]LogModuleManager: Shutting down and abandoning module TextureFormatIntelISPCTexComp (125)
[2023.01.18-02.18.59:902][706]LogModuleManager: Shutting down and abandoning module TextureFormatASTC (123)
[2023.01.18-02.18.59:902][706]LogModuleManager: Shutting down and abandoning module ImageWrapper (122)
[2023.01.18-02.18.59:902][706]LogModuleManager: Shutting down and abandoning module TextureFormatAndroid (119)
[2023.01.18-02.18.59:902][706]LogModuleManager: Shutting down and abandoning module AudioFormatOpus (117)
[2023.01.18-02.18.59:902][706]LogModuleManager: Shutting down and abandoning module AudioFormatOgg (115)
[2023.01.18-02.18.59:902][706]LogModuleManager: Shutting down and abandoning module AudioFormatADPCM (113)
[2023.01.18-02.18.59:902][706]LogModuleManager: Shutting down and abandoning module LinuxTargetPlatform (111)
[2023.01.18-02.18.59:903][706]LogModuleManager: Shutting down and abandoning module LinuxServerTargetPlatform (109)
[2023.01.18-02.18.59:903][706]LogModuleManager: Shutting down and abandoning module LinuxNoEditorTargetPlatform (107)
[2023.01.18-02.18.59:903][706]LogModuleManager: Shutting down and abandoning module LinuxClientTargetPlatform (105)
[2023.01.18-02.18.59:903][706]LogModuleManager: Shutting down and abandoning module TVOSTargetPlatform (103)
[2023.01.18-02.18.59:903][706]LogModuleManager: Shutting down and abandoning module Messaging (101)
[2023.01.18-02.18.59:903][706]LogModuleManager: Shutting down and abandoning module IOSTargetPlatform (99)
[2023.01.18-02.18.59:903][706]LogModuleManager: Shutting down and abandoning module HTML5TargetPlatform (97)
[2023.01.18-02.18.59:903][706]LogModuleManager: Shutting down and abandoning module Android_PVRTCTargetPlatform (95)
[2023.01.18-02.18.59:903][706]LogModuleManager: Shutting down and abandoning module Android_MultiTargetPlatform (93)
[2023.01.18-02.18.59:903][706]LogModuleManager: Shutting down and abandoning module Android_ETC2TargetPlatform (91)
[2023.01.18-02.18.59:903][706]LogModuleManager: Shutting down and abandoning module Android_ETC1TargetPlatform (89)
[2023.01.18-02.18.59:903][706]LogModuleManager: Shutting down and abandoning module Android_DXTTargetPlatform (87)
[2023.01.18-02.18.59:903][706]LogModuleManager: Shutting down and abandoning module Android_ATCTargetPlatform (85)
[2023.01.18-02.18.59:903][706]LogModuleManager: Shutting down and abandoning module Android_ASTCTargetPlatform (83)
[2023.01.18-02.18.59:903][706]LogModuleManager: Shutting down and abandoning module AndroidTargetPlatform (81)
[2023.01.18-02.18.59:903][706]LogModuleManager: Shutting down and abandoning module WindowsTargetPlatform (79)
[2023.01.18-02.18.59:903][706]LogModuleManager: Shutting down and abandoning module WindowsServerTargetPlatform (77)
[2023.01.18-02.18.59:903][706]LogModuleManager: Shutting down and abandoning module WindowsNoEditorTargetPlatform (75)
[2023.01.18-02.18.59:903][706]LogModuleManager: Shutting down and abandoning module WindowsClientTargetPlatform (73)
[2023.01.18-02.18.59:903][706]LogModuleManager: Shutting down and abandoning module MacTargetPlatform (71)
[2023.01.18-02.18.59:903][706]LogModuleManager: Shutting down and abandoning module MacServerTargetPlatform (69)
[2023.01.18-02.18.59:903][706]LogModuleManager: Shutting down and abandoning module MacNoEditorTargetPlatform (67)
[2023.01.18-02.18.59:903][706]LogModuleManager: Shutting down and abandoning module MacClientTargetPlatform (65)
[2023.01.18-02.18.59:903][706]LogModuleManager: Shutting down and abandoning module AllDesktopTargetPlatform (63)
[2023.01.18-02.18.59:903][706]LogModuleManager: Shutting down and abandoning module InputCore (60)
[2023.01.18-02.18.59:903][706]LogModuleManager: Shutting down and abandoning module Settings (58)
[2023.01.18-02.18.59:904][706]LogModuleManager: Shutting down and abandoning module PhysXCooking (56)
[2023.01.18-02.18.59:904][706]LogModuleManager: Shutting down and abandoning module SteamVR (54)
[2023.01.18-02.18.59:904][706]LogModuleManager: Shutting down and abandoning module OculusHMD (52)
[2023.01.18-02.18.59:911][706]LogModuleManager: Shutting down and abandoning module ExampleDeviceProfileSelector (50)
[2023.01.18-02.18.59:911][706]LogModuleManager: Shutting down and abandoning module OnlineBlueprintSupport (48)
[2023.01.18-02.18.59:911][706]LogModuleManager: Shutting down and abandoning module OnlineSubsystem (44)
[2023.01.18-02.18.59:911][706]LogOnline: Display: Unloading online subsystem: NULL
[2023.01.18-02.18.59:933][706]LogModuleManager: Shutting down and abandoning module XMPP (43)
[2023.01.18-02.18.59:959][706]LogModuleManager: Shutting down and abandoning module HTTP (41)
[2023.01.18-02.18.59:959][706]LogHttp: Display: Http module shutting down, but needs to wait on 2 outstanding Http requests:
[2023.01.18-02.18.59:974][706]LogHttp: Display: 	verb=[POST] url=[https://datarouter.ol.epicgames.com/datarouter/api/v1/public/data?SessionID=%7B1917316F-4F38-E391-BADD-4AAE558BD607%7D&AppID=UEEditor.Rocket.Release&AppVersion=4.17.2-3658906%2B%2B%2BUE4%2BRelease-4.17&UserID=ea2c3102465571ac8674c18b46ca9428%7C13a763a1247c43cabf4d5e0d482ef43a%7Cd03405d0-8f5c-42d6-b8cb-ef9b49d4cc7f&AppEnvironment=datacollector-binary&UploadType=eteventstream] status=Processing
[2023.01.18-02.18.59:975][706]LogHttp: Display: 	verb=[POST] url=[https://datarouter.ol.epicgames.com/datarouter/api/v1/public/data?SessionID=%7B1917316F-4F38-E391-BADD-4AAE558BD607%7D&AppID=UEEditor.Rocket.Release&AppVersion=4.17.2-3658906%2B%2B%2BUE4%2BRelease-4.17&UserID=ea2c3102465571ac8674c18b46ca9428%7C13a763a1247c43cabf4d5e0d482ef43a%7Cd03405d0-8f5c-42d6-b8cb-ef9b49d4cc7f&AppEnvironment=datacollector-binary&UploadType=eteventstream] status=Processing
[2023.01.18-02.19.00:003][706]LogModuleManager: Shutting down and abandoning module SSL (40)
[2023.01.18-02.19.00:006][706]LogModuleManager: Shutting down and abandoning module AnimationModifiers (36)
[2023.01.18-02.19.00:007][706]LogModuleManager: Shutting down and abandoning module PropertyEditor (35)
[2023.01.18-02.19.00:007][706]LogModuleManager: Shutting down and abandoning module AudioEditor (32)
[2023.01.18-02.19.00:061][706]LogModuleManager: Shutting down and abandoning module TextureCompressor (30)
[2023.01.18-02.19.00:061][706]LogModuleManager: Shutting down and abandoning module ShaderCore (28)
[2023.01.18-02.19.00:061][706]LogModuleManager: Shutting down and abandoning module Landscape (26)
[2023.01.18-02.19.00:061][706]LogModuleManager: Shutting down and abandoning module SlateRHIRenderer (24)
[2023.01.18-02.19.00:090][706]LogModuleManager: Shutting down and abandoning module OpenGLDrv (22)
[2023.01.18-02.19.00:090][706]LogModuleManager: Shutting down and abandoning module D3D11RHI (20)
[2023.01.18-02.19.00:090][706]LogModuleManager: Shutting down and abandoning module AnimGraphRuntime (18)
[2023.01.18-02.19.00:090][706]LogModuleManager: Shutting down and abandoning module Renderer (16)
[2023.01.18-02.19.00:090][706]LogModuleManager: Shutting down and abandoning module Engine (14)
[2023.01.18-02.19.00:090][706]LogModuleManager: Shutting down and abandoning module CoreUObject (12)
[2023.01.18-02.19.00:090][706]LogModuleManager: Shutting down and abandoning module NetworkFile (10)
[2023.01.18-02.19.00:101][706]LogModuleManager: Shutting down and abandoning module CookedIterativeFile (8)
[2023.01.18-02.19.00:101][706]LogModuleManager: Shutting down and abandoning module StreamingFile (6)
[2023.01.18-02.19.00:110][706]LogModuleManager: Shutting down and abandoning module SandboxFile (4)
[2023.01.18-02.19.00:120][706]LogModuleManager: Shutting down and abandoning module PakFile (2)
[2023.01.18-02.19.00:130][706]LogExit: Exiting.
[2023.01.18-02.19.00:146][706]Log file closed, 01/18/23 11:19:00
